

================================================================
== Vitis HLS Report for 'AXIVideo2BayerMat_0_4320_3848_2_3_Pipeline_loop_start_hunt'
================================================================
* Date:           Sun Sep  4 22:40:29 2022

* Version:        2022.1 (Build 3526262 on Mon Apr 18 15:47:01 MDT 2022)
* Project:        hud3.prj
* Solution:       sol1 (Vivado IP Flow Target)
* Product family: zynq
* Target device:  xc7z045-ffg900-2


================================================================
== Performance Estimates
================================================================
+ Timing: 
    * Summary: 
    +--------+---------+----------+------------+
    |  Clock |  Target | Estimated| Uncertainty|
    +--------+---------+----------+------------+
    |ap_clk  |  3.30 ns|  1.298 ns|     0.89 ns|
    +--------+---------+----------+------------+

+ Latency: 
    * Summary: 
    +---------+---------+----------+----------+-----+-----+---------+
    |  Latency (cycles) |  Latency (absolute) |  Interval | Pipeline|
    |   min   |   max   |    min   |    max   | min | max |   Type  |
    +---------+---------+----------+----------+-----+-----+---------+
    |        2|        2|  6.600 ns|  6.600 ns|    2|    2|       no|
    +---------+---------+----------+----------+-----+-----+---------+

    + Detail: 
        * Instance: 
        N/A

        * Loop: 
        +-------------------+---------+---------+----------+-----------+-----------+------+----------+
        |                   |  Latency (cycles) | Iteration|  Initiation Interval  | Trip |          |
        |     Loop Name     |   min   |   max   |  Latency |  achieved |   target  | Count| Pipelined|
        +-------------------+---------+---------+----------+-----------+-----------+------+----------+
        |- loop_start_hunt  |        0|        0|         1|          1|          1|     0|       yes|
        +-------------------+---------+---------+----------+-----------+-----------+------+----------+



================================================================
== Utilization Estimates
================================================================
* Summary: 
+-----------------+---------+-----+--------+--------+-----+
|       Name      | BRAM_18K| DSP |   FF   |   LUT  | URAM|
+-----------------+---------+-----+--------+--------+-----+
|DSP              |        -|    -|       -|       -|    -|
|Expression       |        -|    -|       0|       1|    -|
|FIFO             |        -|    -|       -|       -|    -|
|Instance         |        -|    -|       -|       -|    -|
|Memory           |        -|    -|       -|       -|    -|
|Multiplexer      |        -|    -|       -|      31|    -|
|Register         |        -|    -|       3|       -|    -|
+-----------------+---------+-----+--------+--------+-----+
|Total            |        0|    0|       3|      32|    0|
+-----------------+---------+-----+--------+--------+-----+
|Available        |     1090|  900|  437200|  218600|    0|
+-----------------+---------+-----+--------+--------+-----+
|Utilization (%)  |        0|    0|      ~0|      ~0|    0|
+-----------------+---------+-----+--------+--------+-----+

+ Detail: 
    * Instance: 
    N/A

    * DSP: 
    N/A

    * Memory: 
    N/A

    * FIFO: 
    N/A

    * Expression: 
    +----------------------------------+----------+----+---+----+------------+------------+
    |           Variable Name          | Operation| DSP| FF| LUT| Bitwidth P0| Bitwidth P1|
    +----------------------------------+----------+----+---+----+------------+------------+
    |ap_block_state1_pp0_stage0_iter0  |        or|   0|  0|   1|           1|           1|
    +----------------------------------+----------+----+---+----+------------+------------+
    |Total                             |          |   0|  0|   1|           1|           1|
    +----------------------------------+----------+----+---+----+------------+------------+

    * Multiplexer: 
    +--------------------+----+-----------+-----+-----------+
    |        Name        | LUT| Input Size| Bits| Total Bits|
    +--------------------+----+-----------+-----+-----------+
    |ap_done_int         |   9|          2|    1|          2|
    |axi_data_V_out      |  13|          3|   16|         48|
    |in_ptr_TDATA_blk_n  |   9|          2|    1|          2|
    +--------------------+----+-----------+-----+-----------+
    |Total               |  31|          7|   18|         52|
    +--------------------+----+-----------+-----+-----------+

    * Register: 
    +------------------+---+----+-----+-----------+
    |       Name       | FF| LUT| Bits| Const Bits|
    +------------------+---+----+-----+-----------+
    |ap_CS_fsm         |  1|   0|    1|          0|
    |ap_done_reg       |  1|   0|    1|          0|
    |axi_last_V_fu_48  |  1|   0|    1|          0|
    +------------------+---+----+-----+-----------+
    |Total             |  3|   0|    3|          0|
    +------------------+---+----+-----+-----------+



================================================================
== Interface
================================================================
* Summary: 
+-----------------------+-----+-----+------------+-----------------------------------------------------------------+--------------+
|       RTL Ports       | Dir | Bits|  Protocol  |                          Source Object                          |    C Type    |
+-----------------------+-----+-----+------------+-----------------------------------------------------------------+--------------+
|ap_clk                 |   in|    1|  ap_ctrl_hs|  AXIVideo2BayerMat<0, 4320, 3848, 2, 3>_Pipeline_loop_start_hunt|  return value|
|ap_rst                 |   in|    1|  ap_ctrl_hs|  AXIVideo2BayerMat<0, 4320, 3848, 2, 3>_Pipeline_loop_start_hunt|  return value|
|ap_start               |   in|    1|  ap_ctrl_hs|  AXIVideo2BayerMat<0, 4320, 3848, 2, 3>_Pipeline_loop_start_hunt|  return value|
|ap_done                |  out|    1|  ap_ctrl_hs|  AXIVideo2BayerMat<0, 4320, 3848, 2, 3>_Pipeline_loop_start_hunt|  return value|
|ap_idle                |  out|    1|  ap_ctrl_hs|  AXIVideo2BayerMat<0, 4320, 3848, 2, 3>_Pipeline_loop_start_hunt|  return value|
|ap_ready               |  out|    1|  ap_ctrl_hs|  AXIVideo2BayerMat<0, 4320, 3848, 2, 3>_Pipeline_loop_start_hunt|  return value|
|in_ptr_TVALID          |   in|    1|        axis|                                                  in_ptr_V_data_V|       pointer|
|in_ptr_TDATA           |   in|   16|        axis|                                                  in_ptr_V_data_V|       pointer|
|in_ptr_TREADY          |  out|    1|        axis|                                                  in_ptr_V_dest_V|       pointer|
|in_ptr_TDEST           |   in|    1|        axis|                                                  in_ptr_V_dest_V|       pointer|
|in_ptr_TKEEP           |   in|    2|        axis|                                                  in_ptr_V_keep_V|       pointer|
|in_ptr_TSTRB           |   in|    2|        axis|                                                  in_ptr_V_strb_V|       pointer|
|in_ptr_TUSER           |   in|    1|        axis|                                                  in_ptr_V_user_V|       pointer|
|in_ptr_TLAST           |   in|    1|        axis|                                                  in_ptr_V_last_V|       pointer|
|in_ptr_TID             |   in|    1|        axis|                                                    in_ptr_V_id_V|       pointer|
|axi_last_V_out         |  out|    1|      ap_vld|                                                   axi_last_V_out|       pointer|
|axi_last_V_out_ap_vld  |  out|    1|      ap_vld|                                                   axi_last_V_out|       pointer|
|axi_data_V_out         |  out|   16|      ap_vld|                                                   axi_data_V_out|       pointer|
|axi_data_V_out_ap_vld  |  out|    1|      ap_vld|                                                   axi_data_V_out|       pointer|
+-----------------------+-----+-----+------------+-----------------------------------------------------------------+--------------+

