

================================================================
== Vitis HLS Report for 'AXIVideo2BayerMat_0_4320_3848_2_3_Pipeline_loop_last_hunt'
================================================================
* Date:           Sun Sep  4 20:23:19 2022

* Version:        2022.1 (Build 3526262 on Mon Apr 18 15:47:01 MDT 2022)
* Project:        hud3.prj
* Solution:       sol1 (Vivado IP Flow Target)
* Product family: zynq
* Target device:  xc7z045-ffg900-2


================================================================
== Performance Estimates
================================================================
+ Timing: 
    * Summary: 
    +--------+---------+----------+------------+
    |  Clock |  Target | Estimated| Uncertainty|
    +--------+---------+----------+------------+
    |ap_clk  |  3.30 ns|  2.596 ns|     0.89 ns|
    +--------+---------+----------+------------+

+ Latency: 
    * Summary: 
    +---------+---------+----------+----------+-----+-----+---------+
    |  Latency (cycles) |  Latency (absolute) |  Interval | Pipeline|
    |   min   |   max   |    min   |    max   | min | max |   Type  |
    +---------+---------+----------+----------+-----+-----+---------+
    |        2|        2|  6.600 ns|  6.600 ns|    2|    2|       no|
    +---------+---------+----------+----------+-----+-----+---------+

    + Detail: 
        * Instance: 
        N/A

        * Loop: 
        +------------------+---------+---------+----------+-----------+-----------+------+----------+
        |                  |  Latency (cycles) | Iteration|  Initiation Interval  | Trip |          |
        |     Loop Name    |   min   |   max   |  Latency |  achieved |   target  | Count| Pipelined|
        +------------------+---------+---------+----------+-----------+-----------+------+----------+
        |- loop_last_hunt  |        0|        0|         1|          1|          1|     0|       yes|
        +------------------+---------+---------+----------+-----------+-----------+------+----------+



================================================================
== Utilization Estimates
================================================================
* Summary: 
+-----------------+---------+-----+--------+--------+-----+
|       Name      | BRAM_18K| DSP |   FF   |   LUT  | URAM|
+-----------------+---------+-----+--------+--------+-----+
|DSP              |        -|    -|       -|       -|    -|
|Expression       |        -|    -|       0|       1|    -|
|FIFO             |        -|    -|       -|       -|    -|
|Instance         |        -|    -|       -|       -|    -|
|Memory           |        -|    -|       -|       -|    -|
|Multiplexer      |        -|    -|       -|      49|    -|
|Register         |        -|    -|       4|       -|    -|
+-----------------+---------+-----+--------+--------+-----+
|Total            |        0|    0|       4|      50|    0|
+-----------------+---------+-----+--------+--------+-----+
|Available        |     1090|  900|  437200|  218600|    0|
+-----------------+---------+-----+--------+--------+-----+
|Utilization (%)  |        0|    0|      ~0|      ~0|    0|
+-----------------+---------+-----+--------+--------+-----+

+ Detail: 
    * Instance: 
    N/A

    * DSP: 
    N/A

    * Memory: 
    N/A

    * FIFO: 
    N/A

    * Expression: 
    +----------------------------------+----------+----+---+----+------------+------------+
    |           Variable Name          | Operation| DSP| FF| LUT| Bitwidth P0| Bitwidth P1|
    +----------------------------------+----------+----+---+----+------------+------------+
    |ap_block_state1_pp0_stage0_iter0  |        or|   0|  0|   1|           1|           1|
    +----------------------------------+----------+----+---+----+------------+------------+
    |Total                             |          |   0|  0|   1|           1|           1|
    +----------------------------------+----------+----+---+----+------------+------------+

    * Multiplexer: 
    +-------------------------------------+----+-----------+-----+-----------+
    |                 Name                | LUT| Input Size| Bits| Total Bits|
    +-------------------------------------+----+-----------+-----+-----------+
    |ap_done_int                          |   9|          2|    1|          2|
    |ap_phi_mux_axi_last_V_phi_fu_102_p4  |   9|          2|    1|          2|
    |ap_phi_mux_last_phi_fu_113_p4        |   9|          2|    1|          2|
    |axi_data_V_4_out                     |  13|          3|   16|         48|
    |s_axi_video_TDATA_blk_n              |   9|          2|    1|          2|
    +-------------------------------------+----+-----------+-----+-----------+
    |Total                                |  49|         11|   20|         56|
    +-------------------------------------+----+-----------+-----+-----------+

    * Register: 
    +-------------------+---+----+-----+-----------+
    |        Name       | FF| LUT| Bits| Const Bits|
    +-------------------+---+----+-----+-----------+
    |ap_CS_fsm          |  1|   0|    1|          0|
    |ap_done_reg        |  1|   0|    1|          0|
    |axi_last_V_reg_99  |  1|   0|    1|          0|
    |last_reg_110       |  1|   0|    1|          0|
    +-------------------+---+----+-----+-----------+
    |Total              |  4|   0|    4|          0|
    +-------------------+---+----+-----+-----------+



================================================================
== Interface
================================================================
* Summary: 
+-------------------------+-----+-----+------------+----------------------------------------------------------------+--------------+
|        RTL Ports        | Dir | Bits|  Protocol  |                          Source Object                         |    C Type    |
+-------------------------+-----+-----+------------+----------------------------------------------------------------+--------------+
|ap_clk                   |   in|    1|  ap_ctrl_hs|  AXIVideo2BayerMat<0, 4320, 3848, 2, 3>_Pipeline_loop_last_hunt|  return value|
|ap_rst                   |   in|    1|  ap_ctrl_hs|  AXIVideo2BayerMat<0, 4320, 3848, 2, 3>_Pipeline_loop_last_hunt|  return value|
|ap_start                 |   in|    1|  ap_ctrl_hs|  AXIVideo2BayerMat<0, 4320, 3848, 2, 3>_Pipeline_loop_last_hunt|  return value|
|ap_done                  |  out|    1|  ap_ctrl_hs|  AXIVideo2BayerMat<0, 4320, 3848, 2, 3>_Pipeline_loop_last_hunt|  return value|
|ap_idle                  |  out|    1|  ap_ctrl_hs|  AXIVideo2BayerMat<0, 4320, 3848, 2, 3>_Pipeline_loop_last_hunt|  return value|
|ap_ready                 |  out|    1|  ap_ctrl_hs|  AXIVideo2BayerMat<0, 4320, 3848, 2, 3>_Pipeline_loop_last_hunt|  return value|
|s_axi_video_TVALID       |   in|    1|        axis|                                            s_axi_video_V_data_V|       pointer|
|s_axi_video_TDATA        |   in|   16|        axis|                                            s_axi_video_V_data_V|       pointer|
|axi_last_2_lcssa         |   in|    1|     ap_none|                                                axi_last_2_lcssa|        scalar|
|axi_data_2_lcssa         |   in|   16|     ap_none|                                                axi_data_2_lcssa|        scalar|
|last_0_lcssa             |   in|    1|     ap_none|                                                    last_0_lcssa|        scalar|
|s_axi_video_TREADY       |  out|    1|        axis|                                            s_axi_video_V_dest_V|       pointer|
|s_axi_video_TDEST        |   in|    1|        axis|                                            s_axi_video_V_dest_V|       pointer|
|s_axi_video_TKEEP        |   in|    2|        axis|                                            s_axi_video_V_keep_V|       pointer|
|s_axi_video_TSTRB        |   in|    2|        axis|                                            s_axi_video_V_strb_V|       pointer|
|s_axi_video_TUSER        |   in|    1|        axis|                                            s_axi_video_V_user_V|       pointer|
|s_axi_video_TLAST        |   in|    1|        axis|                                            s_axi_video_V_last_V|       pointer|
|s_axi_video_TID          |   in|    1|        axis|                                              s_axi_video_V_id_V|       pointer|
|axi_last_V_4_out         |  out|    1|      ap_vld|                                                axi_last_V_4_out|       pointer|
|axi_last_V_4_out_ap_vld  |  out|    1|      ap_vld|                                                axi_last_V_4_out|       pointer|
|axi_data_V_4_out         |  out|   16|      ap_vld|                                                axi_data_V_4_out|       pointer|
|axi_data_V_4_out_ap_vld  |  out|    1|      ap_vld|                                                axi_data_V_4_out|       pointer|
+-------------------------+-----+-----+------------+----------------------------------------------------------------+--------------+

