

================================================================
== Vitis HLS Report for 'Block_entry5_proc'
================================================================
* Date:           Sun Sep  4 18:21:49 2022

* Version:        2022.1 (Build 3526262 on Mon Apr 18 15:47:01 MDT 2022)
* Project:        hud3.prj
* Solution:       sol1 (Vivado IP Flow Target)
* Product family: artix7
* Target device:  xc7a200t-fbg676-2


================================================================
== Performance Estimates
================================================================
+ Timing: 
    * Summary: 
    +--------+---------+----------+------------+
    |  Clock |  Target | Estimated| Uncertainty|
    +--------+---------+----------+------------+
    |ap_clk  |  3.30 ns|  1.780 ns|     0.89 ns|
    +--------+---------+----------+------------+

+ Latency: 
    * Summary: 
    +---------+---------+----------+----------+-----+-----+---------+
    |  Latency (cycles) |  Latency (absolute) |  Interval | Pipeline|
    |   min   |   max   |    min   |    max   | min | max |   Type  |
    +---------+---------+----------+----------+-----+-----+---------+
    |        0|        0|      0 ns|      0 ns|    0|    0|       no|
    +---------+---------+----------+----------+-----+-----+---------+

    + Detail: 
        * Instance: 
        N/A

        * Loop: 
        N/A



================================================================
== Utilization Estimates
================================================================
* Summary: 
+-----------------+---------+-----+--------+--------+-----+
|       Name      | BRAM_18K| DSP |   FF   |   LUT  | URAM|
+-----------------+---------+-----+--------+--------+-----+
|DSP              |        -|    -|       -|       -|    -|
|Expression       |        -|    -|       0|      21|    -|
|FIFO             |        -|    -|       -|       -|    -|
|Instance         |        -|    -|       -|       -|    -|
|Memory           |        -|    -|       -|       -|    -|
|Multiplexer      |        -|    -|       -|      63|    -|
|Register         |        -|    -|      74|       -|    -|
+-----------------+---------+-----+--------+--------+-----+
|Total            |        0|    0|      74|      84|    0|
+-----------------+---------+-----+--------+--------+-----+
|Available        |      730|  740|  269200|  134600|    0|
+-----------------+---------+-----+--------+--------+-----+
|Utilization (%)  |        0|    0|      ~0|      ~0|    0|
+-----------------+---------+-----+--------+--------+-----+

+ Detail: 
    * Instance: 
    N/A

    * DSP: 
    N/A

    * Memory: 
    N/A

    * FIFO: 
    N/A

    * Expression: 
    +---------------------+----------+----+---+----+------------+------------+
    |    Variable Name    | Operation| DSP| FF| LUT| Bitwidth P0| Bitwidth P1|
    +---------------------+----------+----+---+----+------------+------------+
    |InImg_cols_fu_42_p2  |         +|   0|  0|  19|          12|           4|
    |ap_block_state1      |        or|   0|  0|   2|           1|           1|
    +---------------------+----------+----+---+----+------------+------------+
    |Total                |          |   0|  0|  21|          13|           5|
    +---------------------+----------+----+---+----+------------+------------+

    * Multiplexer: 
    +-------------+----+-----------+-----+-----------+
    |     Name    | LUT| Input Size| Bits| Total Bits|
    +-------------+----+-----------+-----+-----------+
    |ap_done      |   9|          2|    1|          2|
    |ap_return_0  |   9|          2|   12|         24|
    |ap_return_1  |   9|          2|   12|         24|
    |ap_return_2  |   9|          2|   12|         24|
    |ap_return_3  |   9|          2|   12|         24|
    |ap_return_4  |   9|          2|   12|         24|
    |ap_return_5  |   9|          2|   12|         24|
    +-------------+----+-----------+-----+-----------+
    |Total        |  63|         14|   73|        146|
    +-------------+----+-----------+-----+-----------+

    * Register: 
    +------------------+----+----+-----+-----------+
    |       Name       | FF | LUT| Bits| Const Bits|
    +------------------+----+----+-----+-----------+
    |ap_CS_fsm         |   1|   0|    1|          0|
    |ap_done_reg       |   1|   0|    1|          0|
    |ap_return_0_preg  |  12|   0|   13|          1|
    |ap_return_1_preg  |  12|   0|   12|          0|
    |ap_return_2_preg  |  12|   0|   12|          0|
    |ap_return_3_preg  |  12|   0|   12|          0|
    |ap_return_4_preg  |  12|   0|   12|          0|
    |ap_return_5_preg  |  12|   0|   12|          0|
    +------------------+----+----+-----+-----------+
    |Total             |  74|   0|   75|          1|
    +------------------+----+----+-----+-----------+



================================================================
== Interface
================================================================
* Summary: 
+-------------+-----+-----+------------+-------------------+--------------+
|  RTL Ports  | Dir | Bits|  Protocol  |   Source Object   |    C Type    |
+-------------+-----+-----+------------+-------------------+--------------+
|ap_clk       |   in|    1|  ap_ctrl_hs|  Block_entry5_proc|  return value|
|ap_rst       |   in|    1|  ap_ctrl_hs|  Block_entry5_proc|  return value|
|ap_start     |   in|    1|  ap_ctrl_hs|  Block_entry5_proc|  return value|
|ap_done      |  out|    1|  ap_ctrl_hs|  Block_entry5_proc|  return value|
|ap_continue  |   in|    1|  ap_ctrl_hs|  Block_entry5_proc|  return value|
|ap_idle      |  out|    1|  ap_ctrl_hs|  Block_entry5_proc|  return value|
|ap_ready     |  out|    1|  ap_ctrl_hs|  Block_entry5_proc|  return value|
|ap_return_0  |  out|   13|  ap_ctrl_hs|  Block_entry5_proc|  return value|
|ap_return_1  |  out|   12|  ap_ctrl_hs|  Block_entry5_proc|  return value|
|ap_return_2  |  out|   12|  ap_ctrl_hs|  Block_entry5_proc|  return value|
|ap_return_3  |  out|   12|  ap_ctrl_hs|  Block_entry5_proc|  return value|
|ap_return_4  |  out|   12|  ap_ctrl_hs|  Block_entry5_proc|  return value|
|ap_return_5  |  out|   12|  ap_ctrl_hs|  Block_entry5_proc|  return value|
|height       |   in|   16|     ap_none|             height|        scalar|
|width        |   in|   16|     ap_none|              width|        scalar|
+-------------+-----+-----+------------+-------------------+--------------+

