

================================================================
== Synthesis Summary Report of 'hud_accel'
================================================================
+ General Information: 
    * Date:           Mon Sep  5 21:55:19 2022
    * Version:        2022.1 (Build 3526262 on Mon Apr 18 15:47:01 MDT 2022)
    * Project:        hud3.prj
    * Solution:       sol1 (Vivado IP Flow Target)
    * Product family: zynq
    * Target device:  xc7z045-ffg900-2
    

+ Performance & Resource Estimates: 
    
    PS: '+' for module; 'o' for loop; '*' for dataflow
    +-------------------------------------------------------------------+--------+-------+---------+-----------+----------+---------+------+----------+---------+----+------------+------------+-----+
    |                              Modules                              |  Issue |       | Latency |  Latency  | Iteration|         | Trip |          |         |    |            |            |     |
    |                              & Loops                              |  Type  | Slack | (cycles)|    (ns)   |  Latency | Interval| Count| Pipelined|  BRAM   | DSP|     FF     |     LUT    | URAM|
    +-------------------------------------------------------------------+--------+-------+---------+-----------+----------+---------+------+----------+---------+----+------------+------------+-----+
    |+ hud_accel*                                                       |  Timing|  -3.04|        -|          -|         -|        -|     -|  dataflow|  16 (1%)|   -|  2175 (~0%)|   3332 (1%)|    -|
    | + Block_entry5_proc                                               |       -|   0.86|        0|      0.000|         -|        0|     -|        no|        -|   -|    74 (~0%)|    76 (~0%)|    -|
    | + AXIVideo2BayerMat_0_4320_3848_2_3_s                             |  Timing|  -1.79|  8363527|  3.509e+07|         -|  8363527|     -|        no|        -|   -|   151 (~0%)|   379 (~0%)|    -|
    |  + AXIVideo2BayerMat_0_4320_3848_2_3_Pipeline_loop_start_hunt     |       -|   1.11|        2|      6.600|         -|        2|     -|        no|        -|   -|     3 (~0%)|    32 (~0%)|    -|
    |   o loop_start_hunt                                               |       -|   2.41|        0|      0.000|         1|        1|     0|       yes|        -|   -|           -|           -|    -|
    |  o loop_row_axi2mat                                               |       -|   2.41|  8363521|  3.509e+07|      1936|        -|  4320|        no|        -|   -|           -|           -|    -|
    |   + AXIVideo2BayerMat_0_4320_3848_2_3_Pipeline_loop_col_zxi2mat   |  Timing|  -1.79|     1927|  8.086e+03|         -|     1927|     -|        no|        -|   -|    53 (~0%)|   126 (~0%)|    -|
    |    o loop_col_zxi2mat                                             |       -|   2.41|     1925|  8.077e+03|         3|        1|  1924|       yes|        -|   -|           -|           -|    -|
    |   + AXIVideo2BayerMat_0_4320_3848_2_3_Pipeline_loop_last_hunt     |  Timing|  -0.19|        2|      6.600|         -|        2|     -|        no|        -|   -|     4 (~0%)|    50 (~0%)|    -|
    |    o loop_last_hunt                                               |       -|   2.41|        0|      0.000|         1|        1|     0|       yes|        -|   -|           -|           -|    -|
    | + extractExposureFrames_0_8_8_2160_3840_2_3_3_3_0_s               |  Timing|  -3.04|        -|          -|         -|        -|     -|        no|  16 (1%)|   -|   613 (~0%)|  1577 (~0%)|    -|
    |  + extract                                                        |  Timing|  -3.04|        -|          -|         -|        -|     -|        no|        -|   -|   596 (~0%)|  1505 (~0%)|    -|
    |   + extract_Pipeline_LAST_LINES_VITIS_LOOP_177_4                  |  Timing|  -3.04|       52|    283.634|         -|       52|     -|        no|        -|   -|    98 (~0%)|   286 (~0%)|    -|
    |    o LAST_LINES_VITIS_LOOP_177_4                                  |       -|   2.41|       50|    272.725|         3|        1|    49|       yes|        -|   -|           -|           -|    -|
    |   o BUFFER_LINES                                                  |       -|   2.41|       84|    458.178|        12|        -|     7|        no|        -|   -|           -|           -|    -|
    |    + extract_Pipeline_VITIS_LOOP_113_1                            |  Timing|  -0.77|        9|     29.700|         -|        9|     -|        no|        -|   -|    25 (~0%)|    64 (~0%)|    -|
    |     o VITIS_LOOP_113_1                                            |       -|   2.41|        7|     23.100|         2|        1|     7|       yes|        -|   -|           -|           -|    -|
    |   o SPLIT_LINES                                                   |       -|   2.41|        -|          -|      4316|        -|     -|        no|        -|   -|           -|           -|    -|
    |    + extract_Pipeline_VITIS_LOOP_133_2                            |  Timing|  -0.77|     2154|  7.108e+03|         -|     2154|     -|        no|        -|   -|    25 (~0%)|    64 (~0%)|    -|
    |     o VITIS_LOOP_133_2                                            |       -|   2.41|     2152|  7.102e+03|         2|        1|  2152|       yes|        -|   -|           -|           -|    -|
    |    + extract_Pipeline_VITIS_LOOP_145_3                            |  Timing|  -0.77|     2156|  7.115e+03|         -|     2156|     -|        no|        -|   -|   211 (~0%)|   152 (~0%)|    -|
    |     o VITIS_LOOP_145_3                                            |       -|   2.41|     2154|  7.108e+03|         4|        1|  2152|       yes|        -|   -|           -|           -|    -|
    | + GRAYMat2AXIvideo_0_2160_3840_2_3_s                              |  Timing|  -0.77|  4160163|  1.373e+07|         -|  4160163|     -|        no|        -|   -|    87 (~0%)|   193 (~0%)|    -|
    |  o loop_row_mat2axi                                               |       -|   2.41|  4160160|  1.373e+07|      1926|        -|  2160|        no|        -|   -|           -|           -|    -|
    |   + GRAYMat2AXIvideo_0_2160_3840_2_3_Pipeline_loop_col_mat2axi    |  Timing|  -0.77|     1923|  6.346e+03|         -|     1923|     -|        no|        -|   -|    18 (~0%)|    91 (~0%)|    -|
    |    o loop_col_mat2axi                                             |       -|   2.41|     1921|  6.339e+03|         2|        1|  1920|       yes|        -|   -|           -|           -|    -|
    | + GRAYMat2AXIvideo_0_2160_3840_2_3_1                              |  Timing|  -0.77|  4160163|  1.373e+07|         -|  4160163|     -|        no|        -|   -|    75 (~0%)|   184 (~0%)|    -|
    |  o loop_row_mat2axi                                               |       -|   2.41|  4160160|  1.373e+07|      1926|        -|  2160|        no|        -|   -|           -|           -|    -|
    |   + GRAYMat2AXIvideo_0_2160_3840_2_3_1_Pipeline_loop_col_mat2axi  |  Timing|  -0.77|     1923|  6.346e+03|         -|     1923|     -|        no|        -|   -|    18 (~0%)|    91 (~0%)|    -|
    |    o loop_col_mat2axi                                             |       -|   2.41|     1921|  6.339e+03|         2|        1|  1920|       yes|        -|   -|           -|           -|    -|
    +-------------------------------------------------------------------+--------+-------+---------+-----------+----------+---------+------+----------+---------+----+------------+------------+-----+


================================================================
== HW Interfaces
================================================================
* S_AXILITE Interfaces
+---------------+------------+---------------+--------+----------+
| Interface     | Data Width | Address Width | Offset | Register |
+---------------+------------+---------------+--------+----------+
| s_axi_control | 32         | 5             | 16     | 0        |
+---------------+------------+---------------+--------+----------+

* S_AXILITE Registers
+---------------+----------+--------+-------+--------+----------------------------------+----------------------------------------------------------------------+
| Interface     | Register | Offset | Width | Access | Description                      | Bit Fields                                                           |
+---------------+----------+--------+-------+--------+----------------------------------+----------------------------------------------------------------------+
| s_axi_control | CTRL     | 0x00   | 32    | RW     | Control signals                  | 0=AP_START 1=AP_DONE 2=AP_IDLE 3=AP_READY 7=AUTO_RESTART 9=INTERRUPT |
| s_axi_control | GIER     | 0x04   | 32    | RW     | Global Interrupt Enable Register | 0=Enable                                                             |
| s_axi_control | IP_IER   | 0x08   | 32    | RW     | IP Interrupt Enable Register     | 0=CHAN0_INT_EN 1=CHAN1_INT_EN                                        |
| s_axi_control | IP_ISR   | 0x0c   | 32    | RW     | IP Interrupt Status Register     | 0=CHAN0_INT_ST 1=CHAN1_INT_ST                                        |
| s_axi_control | height   | 0x10   | 32    | W      | Data signal of height            |                                                                      |
| s_axi_control | width    | 0x18   | 32    | W      | Data signal of width             |                                                                      |
+---------------+----------+--------+-------+--------+----------------------------------+----------------------------------------------------------------------+

* AXIS
+-----------+---------------+-------+-------+-----+-------+-------+--------+-------+-------+--------+
| Interface | Register Mode | TDATA | TDEST | TID | TKEEP | TLAST | TREADY | TSTRB | TUSER | TVALID |
+-----------+---------------+-------+-------+-----+-------+-------+--------+-------+-------+--------+
| in_ptr    | both          | 16    | 1     | 1   | 2     | 1     | 1      | 2     | 1     | 1      |
| lef_ptr   | both          | 16    | 1     | 1   | 2     | 1     | 1      | 2     | 1     | 1      |
| sef_ptr   | both          | 16    | 1     | 1   | 2     | 1     | 1      | 2     | 1     | 1      |
+-----------+---------------+-------+-------+-----+-------+-------+--------+-------+-------+--------+

* TOP LEVEL CONTROL
+-----------+------------+-----------+
| Interface | Type       | Ports     |
+-----------+------------+-----------+
| ap_clk    | clock      | ap_clk    |
| ap_rst_n  | reset      | ap_rst_n  |
| interrupt | interrupt  | interrupt |
| ap_ctrl   | ap_ctrl_hs |           |
+-----------+------------+-----------+


================================================================
== SW I/O Information
================================================================
* Top Function Arguments
+----------+-----------+---------------------------------------------+
| Argument | Direction | Datatype                                    |
+----------+-----------+---------------------------------------------+
| in_ptr   | in        | stream<hls::axis<ap_uint<16>, 1, 1, 1>, 0>& |
| lef_ptr  | out       | stream<hls::axis<ap_uint<16>, 1, 1, 1>, 0>& |
| sef_ptr  | out       | stream<hls::axis<ap_uint<16>, 1, 1, 1>, 0>& |
| height   | in        | ap_uint<16>                                 |
| width    | in        | ap_uint<16>                                 |
+----------+-----------+---------------------------------------------+

* SW-to-HW Mapping
+----------+---------------+-----------+----------------------------------+
| Argument | HW Interface  | HW Type   | HW Info                          |
+----------+---------------+-----------+----------------------------------+
| in_ptr   | in_ptr        | interface |                                  |
| lef_ptr  | lef_ptr       | interface |                                  |
| sef_ptr  | sef_ptr       | interface |                                  |
| height   | s_axi_control | register  | name=height offset=0x10 range=32 |
| width    | s_axi_control | register  | name=width offset=0x18 range=32  |
+----------+---------------+-----------+----------------------------------+


================================================================
== M_AXI Burst Information
================================================================
 Note: All burst requests might be further partitioned into multiple requests during RTL generation based on max_read_burst_length or max_write_burst_length settings.

  No burst in design

================================================================
== Bind Op Report
================================================================
+------------------------------------------------------------------+-----+--------+--------------------------+------+--------+---------+
| Name                                                             | DSP | Pragma | Variable                 | Op   | Impl   | Latency |
+------------------------------------------------------------------+-----+--------+--------------------------+------+--------+---------+
| + hud_accel                                                      | 0   |        |                          |      |        |         |
|   InImg_rows_channel_U                                           | -   |        | InImg_rows_channel       | fifo | srl    | 0       |
|   LEF_Img_cols_channel_U                                         | -   |        | LEF_Img_cols_channel     | fifo | srl    | 0       |
|   SEF_Img_rows_channel_U                                         | -   |        | SEF_Img_rows_channel     | fifo | srl    | 0       |
|   SEF_Img_cols_channel_U                                         | -   |        | SEF_Img_cols_channel     | fifo | srl    | 0       |
|   InImg_cols_c15_channel_U                                       | -   |        | InImg_cols_c15_channel   | fifo | srl    | 0       |
|   LEF_Img_rows_c16_channel_U                                     | -   |        | LEF_Img_rows_c16_channel | fifo | srl    | 0       |
|  + Block_entry5_proc                                             | 0   |        |                          |      |        |         |
|    InImg_cols_fu_42_p2                                           | -   |        | InImg_cols               | add  | fabric | 0       |
|  + AXIVideo2BayerMat_0_4320_3848_2_3_s                           | 0   |        |                          |      |        |         |
|    i_6_fu_288_p2                                                 | -   |        | i_6                      | add  | fabric | 0       |
|   + AXIVideo2BayerMat_0_4320_3848_2_3_Pipeline_loop_col_zxi2mat  | 0   |        |                          |      |        |         |
|     j_6_fu_198_p2                                                | -   |        | j_6                      | add  | fabric | 0       |
|  + extractExposureFrames_0_8_8_2160_3840_2_3_3_3_0_s             | 0   |        |                          |      |        |         |
|   + extract                                                      | 0   |        |                          |      |        |         |
|     add_ln125_fu_263_p2                                          | -   |        | add_ln125                | add  | fabric | 0       |
|     add_ln165_fu_323_p2                                          | -   |        | add_ln165                | add  | fabric | 0       |
|     add_ln170_fu_346_p2                                          | -   |        | add_ln170                | add  | fabric | 0       |
|     row_3_fu_329_p2                                              | -   |        | row_3                    | add  | fabric | 0       |
|     sub_ln176_fu_306_p2                                          | -   |        | sub_ln176                | sub  | fabric | 0       |
|    + extract_Pipeline_VITIS_LOOP_113_1                           | 0   |        |                          |      |        |         |
|      add_ln113_fu_236_p2                                         | -   |        | add_ln113                | add  | fabric | 0       |
|    + extract_Pipeline_VITIS_LOOP_133_2                           | 0   |        |                          |      |        |         |
|      add_ln133_fu_262_p2                                         | -   |        | add_ln133                | add  | fabric | 0       |
|    + extract_Pipeline_VITIS_LOOP_145_3                           | 0   |        |                          |      |        |         |
|      add_ln145_fu_239_p2                                         | -   |        | add_ln145                | add  | fabric | 0       |
|    + extract_Pipeline_LAST_LINES_VITIS_LOOP_177_4                | 0   |        |                          |      |        |         |
|      add_ln197_fu_347_p2                                         | -   |        | add_ln197                | add  | fabric | 0       |
|      add_ln176_fu_271_p2                                         | -   |        | add_ln176                | add  | fabric | 0       |
|      add_ln177_fu_322_p2                                         | -   |        | add_ln177                | add  | fabric | 0       |
|  + GRAYMat2AXIvideo_0_2160_3840_2_3_s                            | 0   |        |                          |      |        |         |
|    sub_fu_146_p2                                                 | -   |        | sub                      | add  | fabric | 0       |
|    i_4_fu_165_p2                                                 | -   |        | i_4                      | add  | fabric | 0       |
|   + GRAYMat2AXIvideo_0_2160_3840_2_3_Pipeline_loop_col_mat2axi   | 0   |        |                          |      |        |         |
|     j_2_fu_160_p2                                                | -   |        | j_2                      | add  | fabric | 0       |
|  + GRAYMat2AXIvideo_0_2160_3840_2_3_1                            | 0   |        |                          |      |        |         |
|    sub_fu_134_p2                                                 | -   |        | sub                      | add  | fabric | 0       |
|    i_2_fu_153_p2                                                 | -   |        | i_2                      | add  | fabric | 0       |
|   + GRAYMat2AXIvideo_0_2160_3840_2_3_1_Pipeline_loop_col_mat2axi | 0   |        |                          |      |        |         |
|     j_4_fu_160_p2                                                | -   |        | j_4                      | add  | fabric | 0       |
+------------------------------------------------------------------+-----+--------+--------------------------+------+--------+---------+


================================================================
== Bind Storage Report
================================================================
+------------------------------------------------------+------+------+--------+------------------+---------+------+---------+
| Name                                                 | BRAM | URAM | Pragma | Variable         | Storage | Impl | Latency |
+------------------------------------------------------+------+------+--------+------------------+---------+------+---------+
| + hud_accel                                          | 16   | 0    |        |                  |         |      |         |
|   LEF_Img_rows_c_U                                   | -    | -    |        | LEF_Img_rows_c   | fifo    | srl  | 0       |
|   InImg_cols_c_U                                     | -    | -    |        | InImg_cols_c     | fifo    | srl  | 0       |
|   InImg_data_U                                       | -    | -    |        | InImg_data       | fifo    | srl  | 0       |
|   LEF_Img_data_U                                     | -    | -    |        | LEF_Img_data     | fifo    | srl  | 0       |
|   SEF_Img_data_U                                     | -    | -    |        | SEF_Img_data     | fifo    | srl  | 0       |
|  + extractExposureFrames_0_8_8_2160_3840_2_3_3_3_0_s | 16   | 0    |        |                  |         |      |         |
|    extractor_buff_0_U                                | 2    | -    | yes    | extractor_buff_0 | ram_s2p | bram | 1       |
|    extractor_buff_1_U                                | 2    | -    | yes    | extractor_buff_1 | ram_s2p | bram | 1       |
|    extractor_buff_2_U                                | 2    | -    | yes    | extractor_buff_2 | ram_s2p | bram | 1       |
|    extractor_buff_3_U                                | 2    | -    | yes    | extractor_buff_3 | ram_s2p | bram | 1       |
|    extractor_buff_4_U                                | 2    | -    | yes    | extractor_buff_4 | ram_s2p | bram | 1       |
|    extractor_buff_5_U                                | 2    | -    | yes    | extractor_buff_5 | ram_s2p | bram | 1       |
|    extractor_buff_6_U                                | 2    | -    | yes    | extractor_buff_6 | ram_s2p | bram | 1       |
|    extractor_buff_7_U                                | 2    | -    | yes    | extractor_buff_7 | ram_s2p | bram | 1       |
+------------------------------------------------------+------+------+--------+------------------+---------+------+---------+


================================================================
== Pragma Report
================================================================
* Ignored Pragmas
+----------+--------------------------------+-----------------------------------------------------------------------------------------------------------------------------------------------+------------------------------------------------------------------------------------------------------------+
| Type     | Options                        | Location                                                                                                                                      | Messages                                                                                                   |
+----------+--------------------------------+-----------------------------------------------------------------------------------------------------------------------------------------------+------------------------------------------------------------------------------------------------------------+
| resource | variable=val core=RAM_1P_URAM  | ../../../../../repo/Vitis_Libraries/vision/L1/include/common/xf_video_mem.hpp:716 in linebuffer<rows, cols, t, mem_type, reshape_factor>, val | 'Resource pragma' is deprecated, use 'bind_op/bind_storage pragma' instead                                 |
|          |                                |                                                                                                                                               | Resource with core_name: RAM_1P_URAM pragma is ignored, because current platform doesn't support the core  |
| resource | variable=val core=RAM_2P_URAM  | ../../../../../repo/Vitis_Libraries/vision/L1/include/common/xf_video_mem.hpp:726 in linebuffer<rows, cols, t, mem_type, reshape_factor>, val | 'Resource pragma' is deprecated, use 'bind_op/bind_storage pragma' instead                                 |
|          |                                |                                                                                                                                               | Resource with core_name: RAM_2P_URAM pragma is ignored, because current platform doesn't support the core  |
| resource | variable=val core=RAM_S2P_URAM | ../../../../../repo/Vitis_Libraries/vision/L1/include/common/xf_video_mem.hpp:736 in linebuffer<rows, cols, t, mem_type, reshape_factor>, val | 'Resource pragma' is deprecated, use 'bind_op/bind_storage pragma' instead                                 |
|          |                                |                                                                                                                                               | Resource with core_name: RAM_S2P_URAM pragma is ignored, because current platform doesn't support the core |
| resource | variable=val core=RAM_T2P_URAM | ../../../../../repo/Vitis_Libraries/vision/L1/include/common/xf_video_mem.hpp:746 in linebuffer<rows, cols, t, mem_type, reshape_factor>, val | 'Resource pragma' is deprecated, use 'bind_op/bind_storage pragma' instead                                 |
|          |                                |                                                                                                                                               | Resource with core_name: RAM_T2P_URAM pragma is ignored, because current platform doesn't support the core |
+----------+--------------------------------+-----------------------------------------------------------------------------------------------------------------------------------------------+------------------------------------------------------------------------------------------------------------+

* Pragmas with Warnings
+---------------+------------------------------------------+-----------------------------------------------------------------------------------------------------------------------------------------------+----------------------------------------------------------------------------+
| Type          | Options                                  | Location                                                                                                                                      | Messages                                                                   |
+---------------+------------------------------------------+-----------------------------------------------------------------------------------------------------------------------------------------------+----------------------------------------------------------------------------+
| resource      | variable=val core=RAM_1P_BRAM            | ../../../../../repo/Vitis_Libraries/vision/L1/include/common/xf_video_mem.hpp:711 in linebuffer<rows, cols, t, mem_type, reshape_factor>, val | 'Resource pragma' is deprecated, use 'bind_op/bind_storage pragma' instead |
| resource      | variable=val core=RAM_2P_BRAM            | ../../../../../repo/Vitis_Libraries/vision/L1/include/common/xf_video_mem.hpp:721 in linebuffer<rows, cols, t, mem_type, reshape_factor>, val | 'Resource pragma' is deprecated, use 'bind_op/bind_storage pragma' instead |
| resource      | variable=val core=RAM_S2P_BRAM           | ../../../../../repo/Vitis_Libraries/vision/L1/include/common/xf_video_mem.hpp:731 in linebuffer<rows, cols, t, mem_type, reshape_factor>, val | 'Resource pragma' is deprecated, use 'bind_op/bind_storage pragma' instead |
| resource      | variable=val core=RAM_T2P_BRAM           | ../../../../../repo/Vitis_Libraries/vision/L1/include/common/xf_video_mem.hpp:741 in linebuffer<rows, cols, t, mem_type, reshape_factor>, val | 'Resource pragma' is deprecated, use 'bind_op/bind_storage pragma' instead |
| array_reshape | variable=val factor=RESHAPE_FACTOR dim=1 | ../../../../../repo/Vitis_Libraries/vision/L1/include/common/xf_video_mem.hpp:759 in linebuffer<rows, cols, t, mem_type, reshape_factor>, val | 'factor' in '#pragma HLS array_reshape' is ignored                         |
| interface     | axis port=&in_ptr register               | xf_hud_accel.cpp:178 in hud_accel, &in_ptr                                                                                                    | extra token before variable expression is ignored                          |
| interface     | axis port=&lef_ptr register              | xf_hud_accel.cpp:179 in hud_accel, &lef_ptr                                                                                                   | extra token before variable expression is ignored                          |
| interface     | axis port=&sef_ptr register              | xf_hud_accel.cpp:180 in hud_accel, &sef_ptr                                                                                                   | extra token before variable expression is ignored                          |
+---------------+------------------------------------------+-----------------------------------------------------------------------------------------------------------------------------------------------+----------------------------------------------------------------------------+

* Valid Pragma Syntax
+-----------------+--------------------------------------------------+---------------------------------------------------------------------------------------------------------------------------------------------------------------------------------------------------------------------------+
| Type            | Options                                          | Location                                                                                                                                                                                                                  |
+-----------------+--------------------------------------------------+---------------------------------------------------------------------------------------------------------------------------------------------------------------------------------------------------------------------------+
| inline          |                                                  | ../../../../../repo/Vitis_Libraries/vision/L1/include/common/xf_axi_io.hpp:28 in axigetbitfields                                                                                                                          |
| inline          |                                                  | ../../../../../repo/Vitis_Libraries/vision/L1/include/common/xf_axi_io.hpp:37 in axigetbitfields                                                                                                                          |
| inline          |                                                  | ../../../../../repo/Vitis_Libraries/vision/L1/include/common/xf_axi_io.hpp:47 in axigetbitfields                                                                                                                          |
| inline          |                                                  | ../../../../../repo/Vitis_Libraries/vision/L1/include/common/xf_axi_io.hpp:57 in axigetbitfields                                                                                                                          |
| inline          |                                                  | ../../../../../repo/Vitis_Libraries/vision/L1/include/common/xf_axi_io.hpp:65 in axisetbitfields                                                                                                                          |
| inline          |                                                  | ../../../../../repo/Vitis_Libraries/vision/L1/include/common/xf_axi_io.hpp:74 in axisetbitfields                                                                                                                          |
| inline          |                                                  | ../../../../../repo/Vitis_Libraries/vision/L1/include/common/xf_axi_io.hpp:84 in axisetbitfields                                                                                                                          |
| inline          |                                                  | ../../../../../repo/Vitis_Libraries/vision/L1/include/common/xf_axi_io.hpp:94 in axisetbitfields                                                                                                                          |
| inline          |                                                  | ../../../../../repo/Vitis_Libraries/vision/L1/include/common/xf_structs.hpp:245 in scalar<n, t>                                                                                                                           |
| array_partition | variable=val dim=1 complete                      | ../../../../../repo/Vitis_Libraries/vision/L1/include/common/xf_structs.hpp:246 in scalar<n, t>, val                                                                                                                      |
| inline          |                                                  | ../../../../../repo/Vitis_Libraries/vision/L1/include/common/xf_structs.hpp:252 in scalar<n, t>                                                                                                                           |
| array_partition | variable=val dim=1 complete                      | ../../../../../repo/Vitis_Libraries/vision/L1/include/common/xf_structs.hpp:253 in scalar<n, t>, val                                                                                                                      |
| array_partition | variable=val dim=1 complete                      | ../../../../../repo/Vitis_Libraries/vision/L1/include/common/xf_structs.hpp:260 in scalar<n, t>, val                                                                                                                      |
| inline          |                                                  | ../../../../../repo/Vitis_Libraries/vision/L1/include/common/xf_structs.hpp:261 in scalar<n, t>                                                                                                                           |
| array_partition | variable=val dim=1 complete                      | ../../../../../repo/Vitis_Libraries/vision/L1/include/common/xf_structs.hpp:269 in scalar<n, t>, val                                                                                                                      |
| inline          |                                                  | ../../../../../repo/Vitis_Libraries/vision/L1/include/common/xf_structs.hpp:270 in scalar<n, t>                                                                                                                           |
| array_partition | variable=val dim=1 complete                      | ../../../../../repo/Vitis_Libraries/vision/L1/include/common/xf_structs.hpp:279 in scalar<n, t>, val                                                                                                                      |
| inline          |                                                  | ../../../../../repo/Vitis_Libraries/vision/L1/include/common/xf_structs.hpp:280 in scalar<n, t>                                                                                                                           |
| inline          |                                                  | ../../../../../repo/Vitis_Libraries/vision/L1/include/common/xf_structs.hpp:305 in operator=                                                                                                                              |
| unroll          |                                                  | ../../../../../repo/Vitis_Libraries/vision/L1/include/common/xf_structs.hpp:309 in operator=                                                                                                                              |
| inline          |                                                  | ../../../../../repo/Vitis_Libraries/vision/L1/include/common/xf_structs.hpp:318 in operator+                                                                                                                              |
| unroll          |                                                  | ../../../../../repo/Vitis_Libraries/vision/L1/include/common/xf_structs.hpp:323 in operator+                                                                                                                              |
| inline          |                                                  | ../../../../../repo/Vitis_Libraries/vision/L1/include/common/xf_structs.hpp:333 in operator+                                                                                                                              |
| unroll          |                                                  | ../../../../../repo/Vitis_Libraries/vision/L1/include/common/xf_structs.hpp:338 in operator+                                                                                                                              |
| inline          |                                                  | ../../../../../repo/Vitis_Libraries/vision/L1/include/common/xf_structs.hpp:348 in operator-                                                                                                                              |
| unroll          |                                                  | ../../../../../repo/Vitis_Libraries/vision/L1/include/common/xf_structs.hpp:353 in operator-                                                                                                                              |
| inline          |                                                  | ../../../../../repo/Vitis_Libraries/vision/L1/include/common/xf_structs.hpp:363 in operator-                                                                                                                              |
| unroll          |                                                  | ../../../../../repo/Vitis_Libraries/vision/L1/include/common/xf_structs.hpp:368 in operator-                                                                                                                              |
| inline          |                                                  | ../../../../../repo/Vitis_Libraries/vision/L1/include/common/xf_structs.hpp:378 in operator*                                                                                                                              |
| unroll          |                                                  | ../../../../../repo/Vitis_Libraries/vision/L1/include/common/xf_structs.hpp:383 in operator*                                                                                                                              |
| inline          |                                                  | ../../../../../repo/Vitis_Libraries/vision/L1/include/common/xf_structs.hpp:393 in operator*                                                                                                                              |
| unroll          |                                                  | ../../../../../repo/Vitis_Libraries/vision/L1/include/common/xf_structs.hpp:398 in operator*                                                                                                                              |
| inline          |                                                  | ../../../../../repo/Vitis_Libraries/vision/L1/include/common/xf_structs.hpp:408 in operator/                                                                                                                              |
| unroll          |                                                  | ../../../../../repo/Vitis_Libraries/vision/L1/include/common/xf_structs.hpp:413 in operator/                                                                                                                              |
| inline          |                                                  | ../../../../../repo/Vitis_Libraries/vision/L1/include/common/xf_structs.hpp:423 in operator/                                                                                                                              |
| unroll          |                                                  | ../../../../../repo/Vitis_Libraries/vision/L1/include/common/xf_structs.hpp:428 in operator/                                                                                                                              |
| inline          |                                                  | ../../../../../repo/Vitis_Libraries/vision/L1/include/common/xf_structs.hpp:584 in type                                                                                                                                   |
| inline          |                                                  | ../../../../../repo/Vitis_Libraries/vision/L1/include/common/xf_structs.hpp:592 in depth                                                                                                                                  |
| inline          |                                                  | ../../../../../repo/Vitis_Libraries/vision/L1/include/common/xf_structs.hpp:599 in channels                                                                                                                               |
| inline          |                                                  | ../../../../../repo/Vitis_Libraries/vision/L1/include/common/xf_structs.hpp:607 in init                                                                                                                                   |
| inline          |                                                  | ../../../../../repo/Vitis_Libraries/vision/L1/include/common/xf_structs.hpp:654 in mat<t, rows, cols, npc, xfcvdepth>                                                                                                     |
| inline          |                                                  | ../../../../../repo/Vitis_Libraries/vision/L1/include/common/xf_structs.hpp:663 in mat<t, rows, cols, npc, xfcvdepth>                                                                                                     |
| inline          |                                                  | ../../../../../repo/Vitis_Libraries/vision/L1/include/common/xf_structs.hpp:672 in mat<t, rows, cols, npc, xfcvdepth>                                                                                                     |
| inline          |                                                  | ../../../../../repo/Vitis_Libraries/vision/L1/include/common/xf_structs.hpp:681 in mat<t, rows, cols, npc, xfcvdepth>                                                                                                     |
| inline          |                                                  | ../../../../../repo/Vitis_Libraries/vision/L1/include/common/xf_structs.hpp:708 in copyto                                                                                                                                 |
| inline          |                                                  | ../../../../../repo/Vitis_Libraries/vision/L1/include/common/xf_structs.hpp:742 in copyfrom                                                                                                                               |
| bind_op         | variable=mul_rows_cols op=mul impl=dsp latency=2 | ../../../../../repo/Vitis_Libraries/vision/L1/include/common/xf_structs.hpp:956 in addrbound, mul_rows_cols                                                                                                               |
| loop_tripcount  | min=1 max=ADDRBOUND                              | ../../../../../repo/Vitis_Libraries/vision/L1/include/common/xf_structs.hpp:991 in axi2axistream                                                                                                                          |
| pipeline        |                                                  | ../../../../../repo/Vitis_Libraries/vision/L1/include/common/xf_structs.hpp:992 in axi2axistream                                                                                                                          |
| loop_tripcount  | min=1 max=ADDRBOUND                              | ../../../../../repo/Vitis_Libraries/vision/L1/include/common/xf_structs.hpp:1005 in axi2axistream                                                                                                                         |
| pipeline        |                                                  | ../../../../../repo/Vitis_Libraries/vision/L1/include/common/xf_structs.hpp:1006 in axi2axistream                                                                                                                         |
| loop_tripcount  | min=1 max=ROWS                                   | ../../../../../repo/Vitis_Libraries/vision/L1/include/common/xf_structs.hpp:1026 in axi2axistream                                                                                                                         |
| loop_tripcount  | min=1 max=COLS_ADDRBOUND                         | ../../../../../repo/Vitis_Libraries/vision/L1/include/common/xf_structs.hpp:1030 in axi2axistream                                                                                                                         |
| pipeline        | II=1                                             | ../../../../../repo/Vitis_Libraries/vision/L1/include/common/xf_structs.hpp:1031 in axi2axistream                                                                                                                         |
| loop_tripcount  | min=1 max=LOOPBOUND                              | ../../../../../repo/Vitis_Libraries/vision/L1/include/common/xf_structs.hpp:1064 in axistream2matstream                                                                                                                   |
| pipeline        |                                                  | ../../../../../repo/Vitis_Libraries/vision/L1/include/common/xf_structs.hpp:1065 in axistream2matstream                                                                                                                   |
| loop_tripcount  | min=1 max=LOOPBOUND                              | ../../../../../repo/Vitis_Libraries/vision/L1/include/common/xf_structs.hpp:1108 in matstream2mat                                                                                                                         |
| pipeline        |                                                  | ../../../../../repo/Vitis_Libraries/vision/L1/include/common/xf_structs.hpp:1109 in matstream2mat                                                                                                                         |
| dataflow        |                                                  | ../../../../../repo/Vitis_Libraries/vision/L1/include/common/xf_structs.hpp:1121 in axistream2mat                                                                                                                         |
| dataflow        |                                                  | ../../../../../repo/Vitis_Libraries/vision/L1/include/common/xf_structs.hpp:1134 in axistream2mat                                                                                                                         |
| dataflow        |                                                  | ../../../../../repo/Vitis_Libraries/vision/L1/include/common/xf_structs.hpp:1149 in axi2mat                                                                                                                               |
| dataflow        |                                                  | ../../../../../repo/Vitis_Libraries/vision/L1/include/common/xf_structs.hpp:1172 in axi2mat                                                                                                                               |
| dataflow        |                                                  | ../../../../../repo/Vitis_Libraries/vision/L1/include/common/xf_structs.hpp:1184 in axi2mat                                                                                                                               |
| dataflow        |                                                  | ../../../../../repo/Vitis_Libraries/vision/L1/include/common/xf_structs.hpp:1207 in axi2mat                                                                                                                               |
| loop_tripcount  | min=1 max=LOOPBOUND                              | ../../../../../repo/Vitis_Libraries/vision/L1/include/common/xf_structs.hpp:1281 in mat2matstream                                                                                                                         |
| pipeline        |                                                  | ../../../../../repo/Vitis_Libraries/vision/L1/include/common/xf_structs.hpp:1282 in mat2matstream                                                                                                                         |
| loop_tripcount  | min=1 max=ROWS                                   | ../../../../../repo/Vitis_Libraries/vision/L1/include/common/xf_structs.hpp:1311 in matstream2axistream                                                                                                                   |
| loop_tripcount  | min=1 max=COLS_BOUND_PER_NPC                     | ../../../../../repo/Vitis_Libraries/vision/L1/include/common/xf_structs.hpp:1316 in matstream2axistream                                                                                                                   |
| pipeline        |                                                  | ../../../../../repo/Vitis_Libraries/vision/L1/include/common/xf_structs.hpp:1317 in matstream2axistream                                                                                                                   |
| dataflow        |                                                  | ../../../../../repo/Vitis_Libraries/vision/L1/include/common/xf_structs.hpp:1359 in mat2axistream                                                                                                                         |
| dataflow        |                                                  | ../../../../../repo/Vitis_Libraries/vision/L1/include/common/xf_structs.hpp:1372 in mat2axistream                                                                                                                         |
| loop_tripcount  | min=1 max=ADDRBOUND                              | ../../../../../repo/Vitis_Libraries/vision/L1/include/common/xf_structs.hpp:1389 in axistream2axi                                                                                                                         |
| pipeline        |                                                  | ../../../../../repo/Vitis_Libraries/vision/L1/include/common/xf_structs.hpp:1390 in axistream2axi                                                                                                                         |
| loop_tripcount  | min=1 max=ADDRBOUND                              | ../../../../../repo/Vitis_Libraries/vision/L1/include/common/xf_structs.hpp:1404 in axistream2axi                                                                                                                         |
| pipeline        |                                                  | ../../../../../repo/Vitis_Libraries/vision/L1/include/common/xf_structs.hpp:1405 in axistream2axi                                                                                                                         |
| dataflow        |                                                  | ../../../../../repo/Vitis_Libraries/vision/L1/include/common/xf_structs.hpp:1419 in mat2axi                                                                                                                               |
| dataflow        |                                                  | ../../../../../repo/Vitis_Libraries/vision/L1/include/common/xf_structs.hpp:1446 in mat2axi                                                                                                                               |
| dataflow        |                                                  | ../../../../../repo/Vitis_Libraries/vision/L1/include/common/xf_structs.hpp:1477 in mat2axi                                                                                                                               |
| dataflow        |                                                  | ../../../../../repo/Vitis_Libraries/vision/L1/include/common/xf_structs.hpp:1507 in mat2axi                                                                                                                               |
| inline          | OFF                                              | ../../../../../repo/Vitis_Libraries/vision/L1/include/common/xf_utility.hpp:34 in ptr2xfmat                                                                                                                               |
| pipeline        | II = 1                                           | ../../../../../repo/Vitis_Libraries/vision/L1/include/common/xf_utility.hpp:39 in ptr2xfmat                                                                                                                               |
| loop_tripcount  | min = c_TRIP_COUNT max = c_TRIP_COUNT            | ../../../../../repo/Vitis_Libraries/vision/L1/include/common/xf_utility.hpp:40 in ptr2xfmat                                                                                                                               |
| inline          | OFF                                              | ../../../../../repo/Vitis_Libraries/vision/L1/include/common/xf_utility.hpp:52 in xfmat2ptr                                                                                                                               |
| pipeline        | II = 1                                           | ../../../../../repo/Vitis_Libraries/vision/L1/include/common/xf_utility.hpp:58 in xfmat2ptr                                                                                                                               |
| loop_tripcount  | min = c_TRIP_COUNT max = c_TRIP_COUNT            | ../../../../../repo/Vitis_Libraries/vision/L1/include/common/xf_utility.hpp:59 in xfmat2ptr                                                                                                                               |
| inline          | OFF                                              | ../../../../../repo/Vitis_Libraries/vision/L1/include/common/xf_utility.hpp:74 in xfduplicatemat_ptrmat                                                                                                                   |
| pipeline        | II = 1                                           | ../../../../../repo/Vitis_Libraries/vision/L1/include/common/xf_utility.hpp:80 in xfduplicatemat_ptrmat                                                                                                                   |
| loop_tripcount  | min = c_TRIP_COUNT max = c_TRIP_COUNT            | ../../../../../repo/Vitis_Libraries/vision/L1/include/common/xf_utility.hpp:81 in xfduplicatemat_ptrmat                                                                                                                   |
| inline          | OFF                                              | ../../../../../repo/Vitis_Libraries/vision/L1/include/common/xf_utility.hpp:100 in xfduplicatemat_ptrmat2                                                                                                                 |
| pipeline        | II = 1                                           | ../../../../../repo/Vitis_Libraries/vision/L1/include/common/xf_utility.hpp:106 in xfduplicatemat_ptrmat2                                                                                                                 |
| loop_tripcount  | min = c_TRIP_COUNT max = c_TRIP_COUNT            | ../../../../../repo/Vitis_Libraries/vision/L1/include/common/xf_utility.hpp:107 in xfduplicatemat_ptrmat2                                                                                                                 |
| inline          | OFF                                              | ../../../../../repo/Vitis_Libraries/vision/L1/include/common/xf_utility.hpp:128 in xfduplicatemat_ptr_mat_axi                                                                                                             |
| pipeline        | II = 1                                           | ../../../../../repo/Vitis_Libraries/vision/L1/include/common/xf_utility.hpp:134 in xfduplicatemat_ptr_mat_axi                                                                                                             |
| loop_tripcount  | min = c_TRIP_COUNT max = c_TRIP_COUNT            | ../../../../../repo/Vitis_Libraries/vision/L1/include/common/xf_utility.hpp:135 in xfduplicatemat_ptr_mat_axi                                                                                                             |
| inline          | OFF                                              | ../../../../../repo/Vitis_Libraries/vision/L1/include/common/xf_utility.hpp:155 in xfmat2axi_strm                                                                                                                         |
| pipeline        | II = 1                                           | ../../../../../repo/Vitis_Libraries/vision/L1/include/common/xf_utility.hpp:161 in xfmat2axi_strm                                                                                                                         |
| loop_tripcount  | min = c_TRIP_COUNT max = c_TRIP_COUNT            | ../../../../../repo/Vitis_Libraries/vision/L1/include/common/xf_utility.hpp:162 in xfmat2axi_strm                                                                                                                         |
| inline          | OFF                                              | ../../../../../repo/Vitis_Libraries/vision/L1/include/common/xf_utility.hpp:178 in axi_strm2xfmat                                                                                                                         |
| pipeline        | II = 1                                           | ../../../../../repo/Vitis_Libraries/vision/L1/include/common/xf_utility.hpp:184 in axi_strm2xfmat                                                                                                                         |
| loop_tripcount  | min = c_TRIP_COUNT max = c_TRIP_COUNT            | ../../../../../repo/Vitis_Libraries/vision/L1/include/common/xf_utility.hpp:185 in axi_strm2xfmat                                                                                                                         |
| inline          | OFF                                              | ../../../../../repo/Vitis_Libraries/vision/L1/include/common/xf_utility.hpp:201 in xfduplicatemat_ptr_axi                                                                                                                 |
| pipeline        | II = 1                                           | ../../../../../repo/Vitis_Libraries/vision/L1/include/common/xf_utility.hpp:207 in xfduplicatemat_ptr_axi                                                                                                                 |
| loop_tripcount  | min = c_TRIP_COUNT max = c_TRIP_COUNT            | ../../../../../repo/Vitis_Libraries/vision/L1/include/common/xf_utility.hpp:208 in xfduplicatemat_ptr_axi                                                                                                                 |
| inline          | OFF                                              | ../../../../../repo/Vitis_Libraries/vision/L1/include/common/xf_utility.hpp:230 in xfsetborder                                                                                                                            |
| unroll          |                                                  | ../../../../../repo/Vitis_Libraries/vision/L1/include/common/xf_utility.hpp:242 in xfsetborder                                                                                                                            |
| unroll          |                                                  | ../../../../../repo/Vitis_Libraries/vision/L1/include/common/xf_utility.hpp:244 in xfsetborder                                                                                                                            |
| inline          |                                                  | ../../../../../repo/Vitis_Libraries/vision/L1/include/common/xf_utility.hpp:299 in xfpackpixels                                                                                                                           |
| unroll          |                                                  | ../../../../../repo/Vitis_Libraries/vision/L1/include/common/xf_utility.hpp:305 in xfpackpixels                                                                                                                           |
| inline          | off                                              | ../../../../../repo/Vitis_Libraries/vision/L1/include/common/xf_utility.hpp:317 in xfextractpixels                                                                                                                        |
| unroll          |                                                  | ../../../../../repo/Vitis_Libraries/vision/L1/include/common/xf_utility.hpp:326 in xfextractpixels                                                                                                                        |
| inline          |                                                  | ../../../../../repo/Vitis_Libraries/vision/L1/include/common/xf_utility.hpp:349 in xfextractdata                                                                                                                          |
| inline          |                                                  | ../../../../../repo/Vitis_Libraries/vision/L1/include/common/xf_utility.hpp:369 in xfcopydata                                                                                                                             |
| loop_tripcount  | min=6 max=6                                      | ../../../../../repo/Vitis_Libraries/vision/L1/include/common/xf_utility.hpp:377 in xfcopydata                                                                                                                             |
| unroll          |                                                  | ../../../../../repo/Vitis_Libraries/vision/L1/include/common/xf_utility.hpp:378 in xfcopydata                                                                                                                             |
| loop_tripcount  | min=IN_BH max=IN_BH                              | ../../../../../repo/Vitis_Libraries/vision/L1/include/common/xf_utility.hpp:448 in xfduplicatestream                                                                                                                      |
| loop_flatten    | off                                              | ../../../../../repo/Vitis_Libraries/vision/L1/include/common/xf_utility.hpp:449 in xfduplicatestream                                                                                                                      |
| pipeline        |                                                  | ../../../../../repo/Vitis_Libraries/vision/L1/include/common/xf_utility.hpp:453 in xfduplicatestream                                                                                                                      |
| loop_tripcount  | min=IN_BW max=IN_BW                              | ../../../../../repo/Vitis_Libraries/vision/L1/include/common/xf_utility.hpp:454 in xfduplicatestream                                                                                                                      |
| loop_tripcount  | min=1 max=TRIPCOUNT                              | ../../../../../repo/Vitis_Libraries/vision/L1/include/common/xf_utility.hpp:479 in array2hlsstrm                                                                                                                          |
| pipeline        |                                                  | ../../../../../repo/Vitis_Libraries/vision/L1/include/common/xf_utility.hpp:480 in array2hlsstrm                                                                                                                          |
| loop_tripcount  | min=1 max=TRIPCOUNT                              | ../../../../../repo/Vitis_Libraries/vision/L1/include/common/xf_utility.hpp:515 in hlsstrm2xfmat                                                                                                                          |
| pipeline        |                                                  | ../../../../../repo/Vitis_Libraries/vision/L1/include/common/xf_utility.hpp:516 in hlsstrm2xfmat                                                                                                                          |
| loop_tripcount  | min=1 max=TRIPCOUNT                              | ../../../../../repo/Vitis_Libraries/vision/L1/include/common/xf_utility.hpp:596 in axistrm2hlsstrm                                                                                                                        |
| pipeline        |                                                  | ../../../../../repo/Vitis_Libraries/vision/L1/include/common/xf_utility.hpp:597 in axistrm2hlsstrm                                                                                                                        |
| dataflow        |                                                  | ../../../../../repo/Vitis_Libraries/vision/L1/include/common/xf_utility.hpp:607 in axistrm2xfmat                                                                                                                          |
| loop_tripcount  | min=1 max=TRIPCOUNT                              | ../../../../../repo/Vitis_Libraries/vision/L1/include/common/xf_utility.hpp:656 in xfmat2hlsstrm                                                                                                                          |
| pipeline        |                                                  | ../../../../../repo/Vitis_Libraries/vision/L1/include/common/xf_utility.hpp:657 in xfmat2hlsstrm                                                                                                                          |
| loop_tripcount  | min=1 max=TRIPCOUNT                              | ../../../../../repo/Vitis_Libraries/vision/L1/include/common/xf_utility.hpp:702 in hlsstrm2array                                                                                                                          |
| pipeline        |                                                  | ../../../../../repo/Vitis_Libraries/vision/L1/include/common/xf_utility.hpp:703 in hlsstrm2array                                                                                                                          |
| loop_tripcount  | min=1 max=TRIPCOUNT                              | ../../../../../repo/Vitis_Libraries/vision/L1/include/common/xf_utility.hpp:753 in hlsstrm2axistrm                                                                                                                        |
| pipeline        |                                                  | ../../../../../repo/Vitis_Libraries/vision/L1/include/common/xf_utility.hpp:754 in hlsstrm2axistrm                                                                                                                        |
| dataflow        |                                                  | ../../../../../repo/Vitis_Libraries/vision/L1/include/common/xf_utility.hpp:765 in xfmat2axistrm                                                                                                                          |
| inline          |                                                  | ../../../../../repo/Vitis_Libraries/vision/L1/include/common/xf_video_mem.hpp:46 in window<rows, cols, t>                                                                                                                 |
| array_partition | variable=val dim=1 complete                      | ../../../../../repo/Vitis_Libraries/vision/L1/include/common/xf_video_mem.hpp:47 in window<rows, cols, t>, val                                                                                                            |
| array_partition | variable=val dim=2 complete                      | ../../../../../repo/Vitis_Libraries/vision/L1/include/common/xf_video_mem.hpp:48 in window<rows, cols, t>, val                                                                                                            |
| inline          |                                                  | ../../../../../repo/Vitis_Libraries/vision/L1/include/common/xf_video_mem.hpp:112 in shift_pixels_left                                                                                                                    |
| unroll          |                                                  | ../../../../../repo/Vitis_Libraries/vision/L1/include/common/xf_video_mem.hpp:124 in shift_pixels_left                                                                                                                    |
| unroll          |                                                  | ../../../../../repo/Vitis_Libraries/vision/L1/include/common/xf_video_mem.hpp:128 in shift_pixels_left                                                                                                                    |
| inline          |                                                  | ../../../../../repo/Vitis_Libraries/vision/L1/include/common/xf_video_mem.hpp:156 in shift_pixels_right                                                                                                                   |
| unroll          |                                                  | ../../../../../repo/Vitis_Libraries/vision/L1/include/common/xf_video_mem.hpp:168 in shift_pixels_right                                                                                                                   |
| unroll          |                                                  | ../../../../../repo/Vitis_Libraries/vision/L1/include/common/xf_video_mem.hpp:172 in shift_pixels_right                                                                                                                   |
| inline          |                                                  | ../../../../../repo/Vitis_Libraries/vision/L1/include/common/xf_video_mem.hpp:200 in shift_pixels_up                                                                                                                      |
| unroll          |                                                  | ../../../../../repo/Vitis_Libraries/vision/L1/include/common/xf_video_mem.hpp:212 in shift_pixels_up                                                                                                                      |
| unroll          |                                                  | ../../../../../repo/Vitis_Libraries/vision/L1/include/common/xf_video_mem.hpp:216 in shift_pixels_up                                                                                                                      |
| inline          |                                                  | ../../../../../repo/Vitis_Libraries/vision/L1/include/common/xf_video_mem.hpp:244 in shift_pixels_down                                                                                                                    |
| unroll          |                                                  | ../../../../../repo/Vitis_Libraries/vision/L1/include/common/xf_video_mem.hpp:256 in shift_pixels_down                                                                                                                    |
| unroll          |                                                  | ../../../../../repo/Vitis_Libraries/vision/L1/include/common/xf_video_mem.hpp:260 in shift_pixels_down                                                                                                                    |
| inline          |                                                  | ../../../../../repo/Vitis_Libraries/vision/L1/include/common/xf_video_mem.hpp:287 in insert_pixel                                                                                                                         |
| inline          |                                                  | ../../../../../repo/Vitis_Libraries/vision/L1/include/common/xf_video_mem.hpp:320 in insert_row                                                                                                                           |
| unroll          |                                                  | ../../../../../repo/Vitis_Libraries/vision/L1/include/common/xf_video_mem.hpp:332 in insert_row                                                                                                                           |
| inline          |                                                  | ../../../../../repo/Vitis_Libraries/vision/L1/include/common/xf_video_mem.hpp:359 in insert_top_row                                                                                                                       |
| inline          |                                                  | ../../../../../repo/Vitis_Libraries/vision/L1/include/common/xf_video_mem.hpp:392 in insert_bottom_row                                                                                                                    |
| inline          |                                                  | ../../../../../repo/Vitis_Libraries/vision/L1/include/common/xf_video_mem.hpp:425 in insert_col                                                                                                                           |
| unroll          |                                                  | ../../../../../repo/Vitis_Libraries/vision/L1/include/common/xf_video_mem.hpp:437 in insert_col                                                                                                                           |
| inline          |                                                  | ../../../../../repo/Vitis_Libraries/vision/L1/include/common/xf_video_mem.hpp:464 in insert_left_col                                                                                                                      |
| inline          |                                                  | ../../../../../repo/Vitis_Libraries/vision/L1/include/common/xf_video_mem.hpp:497 in insert_right_col                                                                                                                     |
| inline          |                                                  | ../../../../../repo/Vitis_Libraries/vision/L1/include/common/xf_video_mem.hpp:530 in getval                                                                                                                               |
| inline          |                                                  | ../../../../../repo/Vitis_Libraries/vision/L1/include/common/xf_video_mem.hpp:542 in operator()                                                                                                                           |
| inline          |                                                  | ../../../../../repo/Vitis_Libraries/vision/L1/include/common/xf_video_mem.hpp:579 in shift_left                                                                                                                           |
| inline          |                                                  | ../../../../../repo/Vitis_Libraries/vision/L1/include/common/xf_video_mem.hpp:592 in shift_right                                                                                                                          |
| inline          |                                                  | ../../../../../repo/Vitis_Libraries/vision/L1/include/common/xf_video_mem.hpp:605 in shift_up                                                                                                                             |
| inline          |                                                  | ../../../../../repo/Vitis_Libraries/vision/L1/include/common/xf_video_mem.hpp:618 in shift_down                                                                                                                           |
| inline          |                                                  | ../../../../../repo/Vitis_Libraries/vision/L1/include/common/xf_video_mem.hpp:631 in insert                                                                                                                               |
| inline          |                                                  | ../../../../../repo/Vitis_Libraries/vision/L1/include/common/xf_video_mem.hpp:644 in insert_top                                                                                                                           |
| inline          |                                                  | ../../../../../repo/Vitis_Libraries/vision/L1/include/common/xf_video_mem.hpp:657 in insert_bottom                                                                                                                        |
| inline          |                                                  | ../../../../../repo/Vitis_Libraries/vision/L1/include/common/xf_video_mem.hpp:670 in insert_left                                                                                                                          |
| inline          |                                                  | ../../../../../repo/Vitis_Libraries/vision/L1/include/common/xf_video_mem.hpp:683 in insert_right                                                                                                                         |
| inline          |                                                  | ../../../../../repo/Vitis_Libraries/vision/L1/include/common/xf_video_mem.hpp:700 in linebuffer<rows, cols, t, mem_type, reshape_factor>                                                                                  |
| dependence      | variable=val inter false                         | ../../../../../repo/Vitis_Libraries/vision/L1/include/common/xf_video_mem.hpp:701 in linebuffer<rows, cols, t, mem_type, reshape_factor>, val                                                                             |
| dependence      | variable=val intra false                         | ../../../../../repo/Vitis_Libraries/vision/L1/include/common/xf_video_mem.hpp:702 in linebuffer<rows, cols, t, mem_type, reshape_factor>, val                                                                             |
| array_partition | variable=val complete dim=1                      | ../../../../../repo/Vitis_Libraries/vision/L1/include/common/xf_video_mem.hpp:755 in linebuffer<rows, cols, t, mem_type, reshape_factor>, val                                                                             |
| inline          |                                                  | ../../../../../repo/Vitis_Libraries/vision/L1/include/common/xf_video_mem.hpp:813 in shift_pixels_down                                                                                                                    |
| unroll          |                                                  | ../../../../../repo/Vitis_Libraries/vision/L1/include/common/xf_video_mem.hpp:826 in shift_pixels_down                                                                                                                    |
| inline          |                                                  | ../../../../../repo/Vitis_Libraries/vision/L1/include/common/xf_video_mem.hpp:856 in shift_pixels_up                                                                                                                      |
| unroll          |                                                  | ../../../../../repo/Vitis_Libraries/vision/L1/include/common/xf_video_mem.hpp:869 in shift_pixels_up                                                                                                                      |
| inline          |                                                  | ../../../../../repo/Vitis_Libraries/vision/L1/include/common/xf_video_mem.hpp:898 in insert_bottom_row                                                                                                                    |
| inline          |                                                  | ../../../../../repo/Vitis_Libraries/vision/L1/include/common/xf_video_mem.hpp:931 in insert_top_row                                                                                                                       |
| inline          |                                                  | ../../../../../repo/Vitis_Libraries/vision/L1/include/common/xf_video_mem.hpp:964 in get_col                                                                                                                              |
| unroll          |                                                  | ../../../../../repo/Vitis_Libraries/vision/L1/include/common/xf_video_mem.hpp:970 in get_col                                                                                                                              |
| inline          |                                                  | ../../../../../repo/Vitis_Libraries/vision/L1/include/common/xf_video_mem.hpp:981 in getval                                                                                                                               |
| inline          |                                                  | ../../../../../repo/Vitis_Libraries/vision/L1/include/common/xf_video_mem.hpp:992 in operator()                                                                                                                           |
| inline          |                                                  | ../../../../../repo/Vitis_Libraries/vision/L1/include/common/xf_video_mem.hpp:1004 in shift_down                                                                                                                          |
| inline          |                                                  | ../../../../../repo/Vitis_Libraries/vision/L1/include/common/xf_video_mem.hpp:1016 in shift_up                                                                                                                            |
| inline          |                                                  | ../../../../../repo/Vitis_Libraries/vision/L1/include/common/xf_video_mem.hpp:1028 in insert_bottom                                                                                                                       |
| inline          |                                                  | ../../../../../repo/Vitis_Libraries/vision/L1/include/common/xf_video_mem.hpp:1040 in insert_top                                                                                                                          |
| inline          |                                                  | ../../../../../repo/Vitis_Libraries/vision/L1/include/imgproc/xf_extract_eframes.hpp:64 in initialize                                                                                                                     |
| inline          |                                                  | ../../../../../repo/Vitis_Libraries/vision/L1/include/imgproc/xf_extract_eframes.hpp:84 in exposureframesextract<src_t, n_rows, n_cols, max_rows, max_cols, nppc, xfcvdepth_in_1, xfcvdepth_lef, xfcvdepth_sef, use_uram> |
| inline          | OFF                                              | ../../../../../repo/Vitis_Libraries/vision/L1/include/imgproc/xf_extract_eframes.hpp:99 in extract                                                                                                                        |
| pipeline        | II=1                                             | ../../../../../repo/Vitis_Libraries/vision/L1/include/imgproc/xf_extract_eframes.hpp:115 in extract                                                                                                                       |
| loop_tripcount  | min=_TC1 max=_TC1                                | ../../../../../repo/Vitis_Libraries/vision/L1/include/imgproc/xf_extract_eframes.hpp:116 in extract                                                                                                                       |
| pipeline        | II=1                                             | ../../../../../repo/Vitis_Libraries/vision/L1/include/imgproc/xf_extract_eframes.hpp:135 in extract                                                                                                                       |
| loop_tripcount  | min=1 max=_TC2                                   | ../../../../../repo/Vitis_Libraries/vision/L1/include/imgproc/xf_extract_eframes.hpp:136 in extract                                                                                                                       |
| pipeline        | II=1                                             | ../../../../../repo/Vitis_Libraries/vision/L1/include/imgproc/xf_extract_eframes.hpp:147 in extract                                                                                                                       |
| loop_tripcount  | min=1 max=_TC2                                   | ../../../../../repo/Vitis_Libraries/vision/L1/include/imgproc/xf_extract_eframes.hpp:148 in extract                                                                                                                       |
| pipeline        | II=1                                             | ../../../../../repo/Vitis_Libraries/vision/L1/include/imgproc/xf_extract_eframes.hpp:179 in extract                                                                                                                       |
| loop_tripcount  | min=_TC1 max=_TC1                                | ../../../../../repo/Vitis_Libraries/vision/L1/include/imgproc/xf_extract_eframes.hpp:180 in extract                                                                                                                       |
| inline          | OFF                                              | ../../../../../repo/Vitis_Libraries/vision/L1/include/imgproc/xf_extract_eframes.hpp:219 in extractexposureframes                                                                                                         |
| inline          | OFF                                              | xf_hud_accel.cpp:36 in axivideo2bayermat                                                                                                                                                                                  |
| pipeline        | II=1                                             | xf_hud_accel.cpp:52 in axivideo2bayermat                                                                                                                                                                                  |
| loop_tripcount  | avg=0 max=0                                      | xf_hud_accel.cpp:53 in axivideo2bayermat                                                                                                                                                                                  |
| loop_tripcount  | avg=ROWS max=ROWS                                | xf_hud_accel.cpp:64 in axivideo2bayermat                                                                                                                                                                                  |
| loop_flatten    | off                                              | xf_hud_accel.cpp:69 in axivideo2bayermat                                                                                                                                                                                  |
| pipeline        | II=1                                             | xf_hud_accel.cpp:70 in axivideo2bayermat                                                                                                                                                                                  |
| loop_tripcount  | avg=COLS/NPPC max=COLS/NPPC                      | xf_hud_accel.cpp:71 in axivideo2bayermat                                                                                                                                                                                  |
| pipeline        | II=1                                             | xf_hud_accel.cpp:88 in axivideo2bayermat                                                                                                                                                                                  |
| loop_tripcount  | avg=0 max=0                                      | xf_hud_accel.cpp:89 in axivideo2bayermat                                                                                                                                                                                  |
| inline          | OFF                                              | xf_hud_accel.cpp:103 in graymat2axivideo                                                                                                                                                                                  |
| loop_tripcount  | avg=ROWS max=ROWS                                | xf_hud_accel.cpp:123 in graymat2axivideo                                                                                                                                                                                  |
| loop_flatten    | off                                              | xf_hud_accel.cpp:128 in graymat2axivideo                                                                                                                                                                                  |
| pipeline        | II = 1                                           | xf_hud_accel.cpp:129 in graymat2axivideo                                                                                                                                                                                  |
| loop_tripcount  | avg=COLS/NPPC max=COLS/NPPC                      | xf_hud_accel.cpp:130 in graymat2axivideo                                                                                                                                                                                  |
| interface       | s_axilite port=height                            | xf_hud_accel.cpp:182 in hud_accel, height                                                                                                                                                                                 |
| interface       | s_axilite port=width                             | xf_hud_accel.cpp:183 in hud_accel, width                                                                                                                                                                                  |
| interface       | s_axilite port=return                            | xf_hud_accel.cpp:184 in hud_accel, return                                                                                                                                                                                 |
| dataflow        |                                                  | xf_hud_accel.cpp:199 in hud_accel                                                                                                                                                                                         |
+-----------------+--------------------------------------------------+---------------------------------------------------------------------------------------------------------------------------------------------------------------------------------------------------------------------------+


