

================================================================
== Vitis HLS Report for 'extractExposureFrames_0_8_8_2160_3840_2_3_3_3_0_s'
================================================================
* Date:           Sun Sep  4 18:21:50 2022

* Version:        2022.1 (Build 3526262 on Mon Apr 18 15:47:01 MDT 2022)
* Project:        hud3.prj
* Solution:       sol1 (Vivado IP Flow Target)
* Product family: artix7
* Target device:  xc7a200t-fbg676-2


================================================================
== Performance Estimates
================================================================
+ Timing: 
    * Summary: 
    +--------+---------+----------+------------+
    |  Clock |  Target | Estimated| Uncertainty|
    +--------+---------+----------+------------+
    |ap_clk  |  3.30 ns|  5.440 ns|     0.89 ns|
    +--------+---------+----------+------------+

+ Latency: 
    * Summary: 
    +---------+---------+----------+----------+-----+-----+---------+
    |  Latency (cycles) |  Latency (absolute) |  Interval | Pipeline|
    |   min   |   max   |    min   |    max   | min | max |   Type  |
    +---------+---------+----------+----------+-----+-----+---------+
    |        ?|        ?|         ?|         ?|    ?|    ?|       no|
    +---------+---------+----------+----------+-----+-----+---------+

    + Detail: 
        * Instance: 
        +--------------------+---------+---------+---------+----------+----------+-----+-----+---------+
        |                    |         |  Latency (cycles) |  Latency (absolute) |  Interval | Pipeline|
        |      Instance      |  Module |   min   |   max   |    min   |    max   | min | max |   Type  |
        +--------------------+---------+---------+---------+----------+----------+-----+-----+---------+
        |grp_extract_fu_102  |extract  |        ?|        ?|         ?|         ?|    ?|    ?|       no|
        +--------------------+---------+---------+---------+----------+----------+-----+-----+---------+

        * Loop: 
        N/A



================================================================
== Utilization Estimates
================================================================
* Summary: 
+-----------------+---------+-----+--------+--------+-----+
|       Name      | BRAM_18K| DSP |   FF   |   LUT  | URAM|
+-----------------+---------+-----+--------+--------+-----+
|DSP              |        -|    -|       -|       -|    -|
|Expression       |        -|    -|       0|       2|    -|
|FIFO             |        -|    -|       -|       -|    -|
|Instance         |        -|    -|     596|    1670|    -|
|Memory           |       16|    -|       0|       0|    -|
|Multiplexer      |        -|    -|       -|      71|    -|
|Register         |        -|    -|      17|       -|    -|
+-----------------+---------+-----+--------+--------+-----+
|Total            |       16|    0|     613|    1743|    0|
+-----------------+---------+-----+--------+--------+-----+
|Available        |      730|  740|  269200|  134600|    0|
+-----------------+---------+-----+--------+--------+-----+
|Utilization (%)  |        2|    0|      ~0|       1|    0|
+-----------------+---------+-----+--------+--------+-----+

+ Detail: 
    * Instance: 
    +--------------------+---------+---------+----+-----+------+-----+
    |      Instance      |  Module | BRAM_18K| DSP|  FF |  LUT | URAM|
    +--------------------+---------+---------+----+-----+------+-----+
    |grp_extract_fu_102  |extract  |        0|   0|  596|  1670|    0|
    +--------------------+---------+---------+----+-----+------+-----+
    |Total               |         |        0|   0|  596|  1670|    0|
    +--------------------+---------+---------+----+-----+------+-----+

    * DSP: 
    N/A

    * Memory: 
    +--------------------+----------------------------------------------------------------------------------+---------+---+----+-----+------+-----+------+-------------+
    |       Memory       |                                      Module                                      | BRAM_18K| FF| LUT| URAM| Words| Bits| Banks| W*Bits*Banks|
    +--------------------+----------------------------------------------------------------------------------+---------+---+----+-----+------+-----+------+-------------+
    |extractor_buff_0_U  |extractExposureFrames_0_8_8_2160_3840_2_3_3_3_0_s_extractor_buff_0_RAM_S2P_BRbkb  |        2|  0|   0|    0|  1924|   16|     1|        30784|
    |extractor_buff_1_U  |extractExposureFrames_0_8_8_2160_3840_2_3_3_3_0_s_extractor_buff_0_RAM_S2P_BRbkb  |        2|  0|   0|    0|  1924|   16|     1|        30784|
    |extractor_buff_2_U  |extractExposureFrames_0_8_8_2160_3840_2_3_3_3_0_s_extractor_buff_0_RAM_S2P_BRbkb  |        2|  0|   0|    0|  1924|   16|     1|        30784|
    |extractor_buff_3_U  |extractExposureFrames_0_8_8_2160_3840_2_3_3_3_0_s_extractor_buff_0_RAM_S2P_BRbkb  |        2|  0|   0|    0|  1924|   16|     1|        30784|
    |extractor_buff_4_U  |extractExposureFrames_0_8_8_2160_3840_2_3_3_3_0_s_extractor_buff_0_RAM_S2P_BRbkb  |        2|  0|   0|    0|  1924|   16|     1|        30784|
    |extractor_buff_5_U  |extractExposureFrames_0_8_8_2160_3840_2_3_3_3_0_s_extractor_buff_0_RAM_S2P_BRbkb  |        2|  0|   0|    0|  1924|   16|     1|        30784|
    |extractor_buff_6_U  |extractExposureFrames_0_8_8_2160_3840_2_3_3_3_0_s_extractor_buff_0_RAM_S2P_BRbkb  |        2|  0|   0|    0|  1924|   16|     1|        30784|
    |extractor_buff_7_U  |extractExposureFrames_0_8_8_2160_3840_2_3_3_3_0_s_extractor_buff_0_RAM_S2P_BRbkb  |        2|  0|   0|    0|  1924|   16|     1|        30784|
    +--------------------+----------------------------------------------------------------------------------+---------+---+----+-----+------+-----+------+-------------+
    |Total               |                                                                                  |       16|  0|   0|    0| 15392|  128|     8|       246272|
    +--------------------+----------------------------------------------------------------------------------+---------+---+----+-----+------+-----+------+-------------+

    * FIFO: 
    N/A

    * Expression: 
    +-----------------+----------+----+---+----+------------+------------+
    |  Variable Name  | Operation| DSP| FF| LUT| Bitwidth P0| Bitwidth P1|
    +-----------------+----------+----+---+----+------------+------------+
    |ap_block_state1  |        or|   0|  0|   2|           1|           1|
    +-----------------+----------+----+---+----+------------+------------+
    |Total            |          |   0|  0|   2|           1|           1|
    +-----------------+----------+----+---+----+------------+------------+

    * Multiplexer: 
    +-----------------------+----+-----------+-----+-----------+
    |          Name         | LUT| Input Size| Bits| Total Bits|
    +-----------------------+----+-----------+-----+-----------+
    |InImg_data156_read     |   9|          2|    1|          2|
    |LEF_Img_data157_write  |   9|          2|    1|          2|
    |LEF_Img_rows_c_blk_n   |   9|          2|    1|          2|
    |SEF_Img_data158_write  |   9|          2|    1|          2|
    |ap_NS_fsm              |  17|          4|    1|          4|
    |ap_done                |   9|          2|    1|          2|
    |p_hdrSrc_cols_blk_n    |   9|          2|    1|          2|
    +-----------------------+----+-----------+-----+-----------+
    |Total                  |  71|         16|    7|         16|
    +-----------------------+----+-----------+-----+-----------+

    * Register: 
    +---------------------------------+----+----+-----+-----------+
    |               Name              | FF | LUT| Bits| Const Bits|
    +---------------------------------+----+----+-----+-----------+
    |ap_CS_fsm                        |   3|   0|    3|          0|
    |ap_done_reg                      |   1|   0|    1|          0|
    |grp_extract_fu_102_ap_start_reg  |   1|   0|    1|          0|
    |p_hdrSrc_cols_read_reg_127       |  12|   0|   12|          0|
    +---------------------------------+----+----+-----+-----------+
    |Total                            |  17|   0|   17|          0|
    +---------------------------------+----+----+-----+-----------+



================================================================
== Interface
================================================================
* Summary: 
+--------------------------------+-----+-----+------------+-----------------------------------------------------------+--------------+
|            RTL Ports           | Dir | Bits|  Protocol  |                       Source Object                       |    C Type    |
+--------------------------------+-----+-----+------------+-----------------------------------------------------------+--------------+
|ap_clk                          |   in|    1|  ap_ctrl_hs|  extractExposureFrames<0, 8, 8, 2160, 3840, 2, 3, 3, 3, 0>|  return value|
|ap_rst                          |   in|    1|  ap_ctrl_hs|  extractExposureFrames<0, 8, 8, 2160, 3840, 2, 3, 3, 3, 0>|  return value|
|ap_start                        |   in|    1|  ap_ctrl_hs|  extractExposureFrames<0, 8, 8, 2160, 3840, 2, 3, 3, 3, 0>|  return value|
|ap_done                         |  out|    1|  ap_ctrl_hs|  extractExposureFrames<0, 8, 8, 2160, 3840, 2, 3, 3, 3, 0>|  return value|
|ap_continue                     |   in|    1|  ap_ctrl_hs|  extractExposureFrames<0, 8, 8, 2160, 3840, 2, 3, 3, 3, 0>|  return value|
|ap_idle                         |  out|    1|  ap_ctrl_hs|  extractExposureFrames<0, 8, 8, 2160, 3840, 2, 3, 3, 3, 0>|  return value|
|ap_ready                        |  out|    1|  ap_ctrl_hs|  extractExposureFrames<0, 8, 8, 2160, 3840, 2, 3, 3, 3, 0>|  return value|
|p_hdrSrc_cols_dout              |   in|   12|     ap_fifo|                                              p_hdrSrc_cols|       pointer|
|p_hdrSrc_cols_num_data_valid    |   in|    2|     ap_fifo|                                              p_hdrSrc_cols|       pointer|
|p_hdrSrc_cols_fifo_cap          |   in|    2|     ap_fifo|                                              p_hdrSrc_cols|       pointer|
|p_hdrSrc_cols_empty_n           |   in|    1|     ap_fifo|                                              p_hdrSrc_cols|       pointer|
|p_hdrSrc_cols_read              |  out|    1|     ap_fifo|                                              p_hdrSrc_cols|       pointer|
|InImg_data156_dout              |   in|   16|     ap_fifo|                                              InImg_data156|       pointer|
|InImg_data156_num_data_valid    |   in|    3|     ap_fifo|                                              InImg_data156|       pointer|
|InImg_data156_fifo_cap          |   in|    3|     ap_fifo|                                              InImg_data156|       pointer|
|InImg_data156_empty_n           |   in|    1|     ap_fifo|                                              InImg_data156|       pointer|
|InImg_data156_read              |  out|    1|     ap_fifo|                                              InImg_data156|       pointer|
|p_read                          |   in|   12|     ap_none|                                                     p_read|        scalar|
|LEF_Img_data157_din             |  out|   16|     ap_fifo|                                            LEF_Img_data157|       pointer|
|LEF_Img_data157_num_data_valid  |   in|    3|     ap_fifo|                                            LEF_Img_data157|       pointer|
|LEF_Img_data157_fifo_cap        |   in|    3|     ap_fifo|                                            LEF_Img_data157|       pointer|
|LEF_Img_data157_full_n          |   in|    1|     ap_fifo|                                            LEF_Img_data157|       pointer|
|LEF_Img_data157_write           |  out|    1|     ap_fifo|                                            LEF_Img_data157|       pointer|
|SEF_Img_data158_din             |  out|   16|     ap_fifo|                                            SEF_Img_data158|       pointer|
|SEF_Img_data158_num_data_valid  |   in|    3|     ap_fifo|                                            SEF_Img_data158|       pointer|
|SEF_Img_data158_fifo_cap        |   in|    3|     ap_fifo|                                            SEF_Img_data158|       pointer|
|SEF_Img_data158_full_n          |   in|    1|     ap_fifo|                                            SEF_Img_data158|       pointer|
|SEF_Img_data158_write           |  out|    1|     ap_fifo|                                            SEF_Img_data158|       pointer|
|LEF_Img_rows_c_din              |  out|   12|     ap_fifo|                                             LEF_Img_rows_c|       pointer|
|LEF_Img_rows_c_num_data_valid   |   in|    2|     ap_fifo|                                             LEF_Img_rows_c|       pointer|
|LEF_Img_rows_c_fifo_cap         |   in|    2|     ap_fifo|                                             LEF_Img_rows_c|       pointer|
|LEF_Img_rows_c_full_n           |   in|    1|     ap_fifo|                                             LEF_Img_rows_c|       pointer|
|LEF_Img_rows_c_write            |  out|    1|     ap_fifo|                                             LEF_Img_rows_c|       pointer|
+--------------------------------+-----+-----+------------+-----------------------------------------------------------+--------------+

