

================================================================
== Vitis HLS Report for 'GRAYMat2AXIvideo_0_2160_3840_2_3_1'
================================================================
* Date:           Sun Sep  4 22:40:31 2022

* Version:        2022.1 (Build 3526262 on Mon Apr 18 15:47:01 MDT 2022)
* Project:        hud3.prj
* Solution:       sol1 (Vivado IP Flow Target)
* Product family: zynq
* Target device:  xc7z045-ffg900-2


================================================================
== Performance Estimates
================================================================
+ Timing: 
    * Summary: 
    +--------+---------+----------+------------+
    |  Clock |  Target | Estimated| Uncertainty|
    +--------+---------+----------+------------+
    |ap_clk  |  3.30 ns|  3.180 ns|     0.89 ns|
    +--------+---------+----------+------------+

+ Latency: 
    * Summary: 
    +---------+---------+----------+-----------+-----+---------+---------+
    |  Latency (cycles) |  Latency (absolute)  |    Interval   | Pipeline|
    |   min   |   max   |    min   |    max    | min |   max   |   Type  |
    +---------+---------+----------+-----------+-----+---------+---------+
    |        3|  4160163|  9.900 ns|  13.729 ms|    3|  4160163|       no|
    +---------+---------+----------+-----------+-----+---------+---------+

    + Detail: 
        * Instance: 
        +------------------------------------------------------------------------+--------------------------------------------------------------+---------+---------+-----------+----------+-----+------+---------+
        |                                                                        |                                                              |  Latency (cycles) |  Latency (absolute)  |  Interval  | Pipeline|
        |                                Instance                                |                            Module                            |   min   |   max   |    min    |    max   | min |  max |   Type  |
        +------------------------------------------------------------------------+--------------------------------------------------------------+---------+---------+-----------+----------+-----+------+---------+
        |grp_GRAYMat2AXIvideo_0_2160_3840_2_3_1_Pipeline_loop_col_mat2axi_fu_88  |GRAYMat2AXIvideo_0_2160_3840_2_3_1_Pipeline_loop_col_mat2axi  |        4|     1923|  13.200 ns|  6.346 us|    4|  1923|       no|
        +------------------------------------------------------------------------+--------------------------------------------------------------+---------+---------+-----------+----------+-----+------+---------+

        * Loop: 
        +--------------------+---------+---------+----------+-----------+-----------+----------+----------+
        |                    |  Latency (cycles) | Iteration|  Initiation Interval  |   Trip   |          |
        |      Loop Name     |   min   |   max   |  Latency |  achieved |   target  |   Count  | Pipelined|
        +--------------------+---------+---------+----------+-----------+-----------+----------+----------+
        |- loop_row_mat2axi  |        0|  4160160|  2 ~ 1926|          -|          -|  0 ~ 2160|        no|
        +--------------------+---------+---------+----------+-----------+-----------+----------+----------+



================================================================
== Utilization Estimates
================================================================
* Summary: 
+-----------------+---------+-----+--------+--------+-----+
|       Name      | BRAM_18K| DSP |   FF   |   LUT  | URAM|
+-----------------+---------+-----+--------+--------+-----+
|DSP              |        -|    -|       -|       -|    -|
|Expression       |        -|    -|       0|      37|    -|
|FIFO             |        -|    -|       -|       -|    -|
|Instance         |        -|    -|      18|      91|    -|
|Memory           |        -|    -|       -|       -|    -|
|Multiplexer      |        -|    -|       -|      56|    -|
|Register         |        -|    -|      57|       -|    -|
+-----------------+---------+-----+--------+--------+-----+
|Total            |        0|    0|      75|     184|    0|
+-----------------+---------+-----+--------+--------+-----+
|Available        |     1090|  900|  437200|  218600|    0|
+-----------------+---------+-----+--------+--------+-----+
|Utilization (%)  |        0|    0|      ~0|      ~0|    0|
+-----------------+---------+-----+--------+--------+-----+

+ Detail: 
    * Instance: 
    +------------------------------------------------------------------------+--------------------------------------------------------------+---------+----+----+----+-----+
    |                                Instance                                |                            Module                            | BRAM_18K| DSP| FF | LUT| URAM|
    +------------------------------------------------------------------------+--------------------------------------------------------------+---------+----+----+----+-----+
    |grp_GRAYMat2AXIvideo_0_2160_3840_2_3_1_Pipeline_loop_col_mat2axi_fu_88  |GRAYMat2AXIvideo_0_2160_3840_2_3_1_Pipeline_loop_col_mat2axi  |        0|   0|  18|  91|    0|
    +------------------------------------------------------------------------+--------------------------------------------------------------+---------+----+----+----+-----+
    |Total                                                                   |                                                              |        0|   0|  18|  91|    0|
    +------------------------------------------------------------------------+--------------------------------------------------------------+---------+----+----+----+-----+

    * DSP: 
    N/A

    * Memory: 
    N/A

    * FIFO: 
    N/A

    * Expression: 
    +---------------------------------------------------------------------------------------+----------+----+---+----+------------+------------+
    |                                     Variable Name                                     | Operation| DSP| FF| LUT| Bitwidth P0| Bitwidth P1|
    +---------------------------------------------------------------------------------------+----------+----+---+----+------------+------------+
    |i_2_fu_153_p2                                                                          |         +|   0|  0|  12|          12|           1|
    |sub_fu_134_p2                                                                          |         +|   0|  0|  12|          12|           2|
    |ap_block_state5_on_subcall_done                                                        |       and|   0|  0|   1|           1|           1|
    |grp_GRAYMat2AXIvideo_0_2160_3840_2_3_1_Pipeline_loop_col_mat2axi_fu_88_sef_ptr_TREADY  |       and|   0|  0|   1|           1|           1|
    |cmp45_fu_140_p2                                                                        |      icmp|   0|  0|   5|          11|           1|
    |icmp_ln121_fu_148_p2                                                                   |      icmp|   0|  0|   5|          12|          12|
    |ap_block_state1                                                                        |        or|   0|  0|   1|           1|           1|
    +---------------------------------------------------------------------------------------+----------+----+---+----+------------+------------+
    |Total                                                                                  |          |   0|  0|  37|          50|          19|
    +---------------------------------------------------------------------------------------+----------+----+---+----+------------+------------+

    * Multiplexer: 
    +----------------------+----+-----------+-----+-----------+
    |         Name         | LUT| Input Size| Bits| Total Bits|
    +----------------------+----+-----------+-----+-----------+
    |SEF_Img_data158_read  |   9|          2|    1|          2|
    |ap_NS_fsm             |  29|          7|    1|          7|
    |ap_done               |   9|          2|    1|          2|
    |i_fu_68               |   9|          2|   12|         24|
    +----------------------+----+-----------+-----+-----------+
    |Total                 |  56|         13|   15|         35|
    +----------------------+----+-----------+-----+-----------+

    * Register: 
    +-------------------------------------------------------------------------------------+----+----+-----+-----------+
    |                                         Name                                        | FF | LUT| Bits| Const Bits|
    +-------------------------------------------------------------------------------------+----+----+-----+-----------+
    |ap_CS_fsm                                                                            |   6|   0|    6|          0|
    |ap_done_reg                                                                          |   1|   0|    1|          0|
    |cmp45_reg_203                                                                        |   1|   0|    1|          0|
    |cols_reg_186                                                                         |  11|   0|   11|          0|
    |grp_GRAYMat2AXIvideo_0_2160_3840_2_3_1_Pipeline_loop_col_mat2axi_fu_88_ap_start_reg  |   1|   0|    1|          0|
    |i_2_reg_210                                                                          |  12|   0|   12|          0|
    |i_fu_68                                                                              |  12|   0|   12|          0|
    |sof_fu_72                                                                            |   1|   0|    1|          0|
    |sub_reg_198                                                                          |  12|   0|   12|          0|
    +-------------------------------------------------------------------------------------+----+----+-----+-----------+
    |Total                                                                                |  57|   0|   57|          0|
    +-------------------------------------------------------------------------------------+----+----+-----+-----------+



================================================================
== Interface
================================================================
* Summary: 
+--------------------------------+-----+-----+------------+-----------------------------------------+--------------+
|            RTL Ports           | Dir | Bits|  Protocol  |              Source Object              |    C Type    |
+--------------------------------+-----+-----+------------+-----------------------------------------+--------------+
|ap_clk                          |   in|    1|  ap_ctrl_hs|  GRAYMat2AXIvideo<0, 2160, 3840, 2, 3>.1|  return value|
|ap_rst                          |   in|    1|  ap_ctrl_hs|  GRAYMat2AXIvideo<0, 2160, 3840, 2, 3>.1|  return value|
|ap_start                        |   in|    1|  ap_ctrl_hs|  GRAYMat2AXIvideo<0, 2160, 3840, 2, 3>.1|  return value|
|ap_done                         |  out|    1|  ap_ctrl_hs|  GRAYMat2AXIvideo<0, 2160, 3840, 2, 3>.1|  return value|
|ap_continue                     |   in|    1|  ap_ctrl_hs|  GRAYMat2AXIvideo<0, 2160, 3840, 2, 3>.1|  return value|
|ap_idle                         |  out|    1|  ap_ctrl_hs|  GRAYMat2AXIvideo<0, 2160, 3840, 2, 3>.1|  return value|
|ap_ready                        |  out|    1|  ap_ctrl_hs|  GRAYMat2AXIvideo<0, 2160, 3840, 2, 3>.1|  return value|
|p_read                          |   in|   12|     ap_none|                                   p_read|        scalar|
|p_read1                         |   in|   12|     ap_none|                                  p_read1|        scalar|
|SEF_Img_data158_dout            |   in|   16|     ap_fifo|                          SEF_Img_data158|       pointer|
|SEF_Img_data158_num_data_valid  |   in|    3|     ap_fifo|                          SEF_Img_data158|       pointer|
|SEF_Img_data158_fifo_cap        |   in|    3|     ap_fifo|                          SEF_Img_data158|       pointer|
|SEF_Img_data158_empty_n         |   in|    1|     ap_fifo|                          SEF_Img_data158|       pointer|
|SEF_Img_data158_read            |  out|    1|     ap_fifo|                          SEF_Img_data158|       pointer|
|sef_ptr_TDATA                   |  out|   16|        axis|                         sef_ptr_V_data_V|       pointer|
|sef_ptr_TVALID                  |  out|    1|        axis|                         sef_ptr_V_dest_V|       pointer|
|sef_ptr_TREADY                  |   in|    1|        axis|                         sef_ptr_V_dest_V|       pointer|
|sef_ptr_TDEST                   |  out|    1|        axis|                         sef_ptr_V_dest_V|       pointer|
|sef_ptr_TKEEP                   |  out|    2|        axis|                         sef_ptr_V_keep_V|       pointer|
|sef_ptr_TSTRB                   |  out|    2|        axis|                         sef_ptr_V_strb_V|       pointer|
|sef_ptr_TUSER                   |  out|    1|        axis|                         sef_ptr_V_user_V|       pointer|
|sef_ptr_TLAST                   |  out|    1|        axis|                         sef_ptr_V_last_V|       pointer|
|sef_ptr_TID                     |  out|    1|        axis|                           sef_ptr_V_id_V|       pointer|
+--------------------------------+-----+-----+------------+-----------------------------------------+--------------+

