

================================================================
== Vitis HLS Report for 'GRAYMat2AXIvideo_0_2160_3840_2_3_Pipeline_loop_col_mat2axi'
================================================================
* Date:           Mon Sep  5 21:55:17 2022

* Version:        2022.1 (Build 3526262 on Mon Apr 18 15:47:01 MDT 2022)
* Project:        hud3.prj
* Solution:       sol1 (Vivado IP Flow Target)
* Product family: zynq
* Target device:  xc7z045-ffg900-2


================================================================
== Performance Estimates
================================================================
+ Timing: 
    * Summary: 
    +--------+---------+----------+------------+
    |  Clock |  Target | Estimated| Uncertainty|
    +--------+---------+----------+------------+
    |ap_clk  |  3.30 ns|  3.180 ns|     0.89 ns|
    +--------+---------+----------+------------+

+ Latency: 
    * Summary: 
    +---------+---------+-----------+----------+-----+------+---------+
    |  Latency (cycles) |  Latency (absolute)  |  Interval  | Pipeline|
    |   min   |   max   |    min    |    max   | min |  max |   Type  |
    +---------+---------+-----------+----------+-----+------+---------+
    |        4|     1923|  13.200 ns|  6.346 us|    4|  1923|       no|
    +---------+---------+-----------+----------+-----+------+---------+

    + Detail: 
        * Instance: 
        N/A

        * Loop: 
        +--------------------+---------+---------+----------+-----------+-----------+----------+----------+
        |                    |  Latency (cycles) | Iteration|  Initiation Interval  |   Trip   |          |
        |      Loop Name     |   min   |   max   |  Latency |  achieved |   target  |   Count  | Pipelined|
        +--------------------+---------+---------+----------+-----------+-----------+----------+----------+
        |- loop_col_mat2axi  |        2|     1921|         2|          1|          1|  1 ~ 1920|       yes|
        +--------------------+---------+---------+----------+-----------+-----------+----------+----------+



================================================================
== Utilization Estimates
================================================================
* Summary: 
+-----------------+---------+-----+--------+--------+-----+
|       Name      | BRAM_18K| DSP |   FF   |   LUT  | URAM|
+-----------------+---------+-----+--------+--------+-----+
|DSP              |        -|    -|       -|       -|    -|
|Expression       |        -|    -|       0|      28|    -|
|FIFO             |        -|    -|       -|       -|    -|
|Instance         |        -|    -|       -|       -|    -|
|Memory           |        -|    -|       -|       -|    -|
|Multiplexer      |        -|    -|       -|      63|    -|
|Register         |        -|    -|      18|       -|    -|
+-----------------+---------+-----+--------+--------+-----+
|Total            |        0|    0|      18|      91|    0|
+-----------------+---------+-----+--------+--------+-----+
|Available        |     1090|  900|  437200|  218600|    0|
+-----------------+---------+-----+--------+--------+-----+
|Utilization (%)  |        0|    0|      ~0|      ~0|    0|
+-----------------+---------+-----+--------+--------+-----+

+ Detail: 
    * Instance: 
    N/A

    * DSP: 
    N/A

    * Memory: 
    N/A

    * FIFO: 
    N/A

    * Expression: 
    +----------------------------------+----------+----+---+----+------------+------------+
    |           Variable Name          | Operation| DSP| FF| LUT| Bitwidth P0| Bitwidth P1|
    +----------------------------------+----------+----+---+----+------------+------------+
    |j_2_fu_160_p2                     |         +|   0|  0|  11|          11|           1|
    |ap_block_pp0_stage0_01001         |       and|   0|  0|   1|           1|           1|
    |ap_block_pp0_stage0_11001         |       and|   0|  0|   1|           1|           1|
    |ap_block_state2_io                |       and|   0|  0|   1|           1|           1|
    |ap_condition_180                  |       and|   0|  0|   1|           1|           1|
    |axi_last_V_fu_166_p2              |      icmp|   0|  0|   5|          12|          12|
    |icmp_ln126_fu_154_p2              |      icmp|   0|  0|   5|          11|          11|
    |ap_block_state2_pp0_stage0_iter1  |        or|   0|  0|   1|           1|           1|
    |ap_enable_pp0                     |       xor|   0|  0|   2|           1|           2|
    +----------------------------------+----------+----+---+----+------------+------------+
    |Total                             |          |   0|  0|  28|          40|          31|
    +----------------------------------+----------+----+---+----+------------+------------+

    * Multiplexer: 
    +----------------------------------+----+-----------+-----+-----------+
    |               Name               | LUT| Input Size| Bits| Total Bits|
    +----------------------------------+----+-----------+-----+-----------+
    |LEF_Img_data157_blk_n             |   9|          2|    1|          2|
    |ap_done_int                       |   9|          2|    1|          2|
    |ap_loop_exit_ready_pp0_iter1_reg  |   9|          2|    1|          2|
    |ap_sig_allocacmp_j_1              |   9|          2|   11|         22|
    |j_fu_72                           |   9|          2|   11|         22|
    |lef_ptr_TDATA_blk_n               |   9|          2|    1|          2|
    |sof_2_reg_130                     |   9|          2|    1|          2|
    +----------------------------------+----+-----------+-----+-----------+
    |Total                             |  63|         14|   27|         54|
    +----------------------------------+----+-----------+-----+-----------+

    * Register: 
    +----------------------------------+----+----+-----+-----------+
    |               Name               | FF | LUT| Bits| Const Bits|
    +----------------------------------+----+----+-----+-----------+
    |ap_CS_fsm                         |   1|   0|    1|          0|
    |ap_done_reg                       |   1|   0|    1|          0|
    |ap_enable_reg_pp0_iter1           |   1|   0|    1|          0|
    |ap_loop_exit_ready_pp0_iter1_reg  |   1|   0|    1|          0|
    |axi_last_V_reg_193                |   1|   0|    1|          0|
    |icmp_ln126_reg_189                |   1|   0|    1|          0|
    |j_fu_72                           |  11|   0|   11|          0|
    |sof_2_reg_130                     |   1|   0|    1|          0|
    +----------------------------------+----+----+-----+-----------+
    |Total                             |  18|   0|   18|          0|
    +----------------------------------+----+----+-----+-----------+



================================================================
== Interface
================================================================
* Summary: 
+--------------------------------+-----+-----+------------+-----------------------------------------------------------------+--------------+
|            RTL Ports           | Dir | Bits|  Protocol  |                          Source Object                          |    C Type    |
+--------------------------------+-----+-----+------------+-----------------------------------------------------------------+--------------+
|ap_clk                          |   in|    1|  ap_ctrl_hs|  GRAYMat2AXIvideo<0, 2160, 3840, 2, 3>_Pipeline_loop_col_mat2axi|  return value|
|ap_rst                          |   in|    1|  ap_ctrl_hs|  GRAYMat2AXIvideo<0, 2160, 3840, 2, 3>_Pipeline_loop_col_mat2axi|  return value|
|ap_start                        |   in|    1|  ap_ctrl_hs|  GRAYMat2AXIvideo<0, 2160, 3840, 2, 3>_Pipeline_loop_col_mat2axi|  return value|
|ap_done                         |  out|    1|  ap_ctrl_hs|  GRAYMat2AXIvideo<0, 2160, 3840, 2, 3>_Pipeline_loop_col_mat2axi|  return value|
|ap_idle                         |  out|    1|  ap_ctrl_hs|  GRAYMat2AXIvideo<0, 2160, 3840, 2, 3>_Pipeline_loop_col_mat2axi|  return value|
|ap_ready                        |  out|    1|  ap_ctrl_hs|  GRAYMat2AXIvideo<0, 2160, 3840, 2, 3>_Pipeline_loop_col_mat2axi|  return value|
|LEF_Img_data157_dout            |   in|   16|     ap_fifo|                                                  LEF_Img_data157|       pointer|
|LEF_Img_data157_num_data_valid  |   in|    3|     ap_fifo|                                                  LEF_Img_data157|       pointer|
|LEF_Img_data157_fifo_cap        |   in|    3|     ap_fifo|                                                  LEF_Img_data157|       pointer|
|LEF_Img_data157_empty_n         |   in|    1|     ap_fifo|                                                  LEF_Img_data157|       pointer|
|LEF_Img_data157_read            |  out|    1|     ap_fifo|                                                  LEF_Img_data157|       pointer|
|lef_ptr_TREADY                  |   in|    1|        axis|                                                 lef_ptr_V_data_V|       pointer|
|lef_ptr_TDATA                   |  out|   16|        axis|                                                 lef_ptr_V_data_V|       pointer|
|sof                             |   in|    1|     ap_none|                                                              sof|        scalar|
|cols                            |   in|   11|     ap_none|                                                             cols|        scalar|
|sub                             |   in|   12|     ap_none|                                                              sub|        scalar|
|lef_ptr_TVALID                  |  out|    1|        axis|                                                 lef_ptr_V_dest_V|       pointer|
|lef_ptr_TDEST                   |  out|    1|        axis|                                                 lef_ptr_V_dest_V|       pointer|
|lef_ptr_TKEEP                   |  out|    2|        axis|                                                 lef_ptr_V_keep_V|       pointer|
|lef_ptr_TSTRB                   |  out|    2|        axis|                                                 lef_ptr_V_strb_V|       pointer|
|lef_ptr_TUSER                   |  out|    1|        axis|                                                 lef_ptr_V_user_V|       pointer|
|lef_ptr_TLAST                   |  out|    1|        axis|                                                 lef_ptr_V_last_V|       pointer|
|lef_ptr_TID                     |  out|    1|        axis|                                                   lef_ptr_V_id_V|       pointer|
+--------------------------------+-----+-----+------------+-----------------------------------------------------------------+--------------+

