

================================================================
== Vitis HLS Report for 'GRAYMat2AXIvideo_0_2160_3840_2_3_s'
================================================================
* Date:           Sun Sep 11 10:32:33 2022

* Version:        2022.1 (Build 3526262 on Mon Apr 18 15:47:01 MDT 2022)
* Project:        hud3.prj
* Solution:       sol1 (Vivado IP Flow Target)
* Product family: zynq
* Target device:  xc7z045-ffg900-2


================================================================
== Performance Estimates
================================================================
+ Timing: 
    * Summary: 
    +--------+---------+----------+------------+
    |  Clock |  Target | Estimated| Uncertainty|
    +--------+---------+----------+------------+
    |ap_clk  |  3.30 ns|  3.180 ns|     0.89 ns|
    +--------+---------+----------+------------+

+ Latency: 
    * Summary: 
    +---------+---------+----------+-----------+-----+---------+---------+
    |  Latency (cycles) |  Latency (absolute)  |    Interval   | Pipeline|
    |   min   |   max   |    min   |    max    | min |   max   |   Type  |
    +---------+---------+----------+-----------+-----+---------+---------+
    |        3|  4160163|  9.900 ns|  13.729 ms|    3|  4160163|       no|
    +---------+---------+----------+-----------+-----+---------+---------+

    + Detail: 
        * Instance: 
        +-----------------------------------------------------------------------+------------------------------------------------------------+---------+---------+-----------+----------+-----+------+---------+
        |                                                                       |                                                            |  Latency (cycles) |  Latency (absolute)  |  Interval  | Pipeline|
        |                                Instance                               |                           Module                           |   min   |   max   |    min    |    max   | min |  max |   Type  |
        +-----------------------------------------------------------------------+------------------------------------------------------------+---------+---------+-----------+----------+-----+------+---------+
        |grp_GRAYMat2AXIvideo_0_2160_3840_2_3_Pipeline_loop_col_mat2axi_fu_100  |GRAYMat2AXIvideo_0_2160_3840_2_3_Pipeline_loop_col_mat2axi  |        4|     1923|  13.200 ns|  6.346 us|    4|  1923|       no|
        +-----------------------------------------------------------------------+------------------------------------------------------------+---------+---------+-----------+----------+-----+------+---------+

        * Loop: 
        +--------------------+---------+---------+----------+-----------+-----------+----------+----------+
        |                    |  Latency (cycles) | Iteration|  Initiation Interval  |   Trip   |          |
        |      Loop Name     |   min   |   max   |  Latency |  achieved |   target  |   Count  | Pipelined|
        +--------------------+---------+---------+----------+-----------+-----------+----------+----------+
        |- loop_row_mat2axi  |        0|  4160160|  2 ~ 1926|          -|          -|  0 ~ 2160|        no|
        +--------------------+---------+---------+----------+-----------+-----------+----------+----------+



================================================================
== Utilization Estimates
================================================================
* Summary: 
+-----------------+---------+-----+--------+--------+-----+
|       Name      | BRAM_18K| DSP |   FF   |   LUT  | URAM|
+-----------------+---------+-----+--------+--------+-----+
|DSP              |        -|    -|       -|       -|    -|
|Expression       |        -|    -|       0|      37|    -|
|FIFO             |        -|    -|       -|       -|    -|
|Instance         |        -|    -|      18|      91|    -|
|Memory           |        -|    -|       -|       -|    -|
|Multiplexer      |        -|    -|       -|      65|    -|
|Register         |        -|    -|      69|       -|    -|
+-----------------+---------+-----+--------+--------+-----+
|Total            |        0|    0|      87|     193|    0|
+-----------------+---------+-----+--------+--------+-----+
|Available        |     1090|  900|  437200|  218600|    0|
+-----------------+---------+-----+--------+--------+-----+
|Utilization (%)  |        0|    0|      ~0|      ~0|    0|
+-----------------+---------+-----+--------+--------+-----+

+ Detail: 
    * Instance: 
    +-----------------------------------------------------------------------+------------------------------------------------------------+---------+----+----+----+-----+
    |                                Instance                               |                           Module                           | BRAM_18K| DSP| FF | LUT| URAM|
    +-----------------------------------------------------------------------+------------------------------------------------------------+---------+----+----+----+-----+
    |grp_GRAYMat2AXIvideo_0_2160_3840_2_3_Pipeline_loop_col_mat2axi_fu_100  |GRAYMat2AXIvideo_0_2160_3840_2_3_Pipeline_loop_col_mat2axi  |        0|   0|  18|  91|    0|
    +-----------------------------------------------------------------------+------------------------------------------------------------+---------+----+----+----+-----+
    |Total                                                                  |                                                            |        0|   0|  18|  91|    0|
    +-----------------------------------------------------------------------+------------------------------------------------------------+---------+----+----+----+-----+

    * DSP: 
    N/A

    * Memory: 
    N/A

    * FIFO: 
    N/A

    * Expression: 
    +--------------------------------------------------------------------------------------+----------+----+---+----+------------+------------+
    |                                     Variable Name                                    | Operation| DSP| FF| LUT| Bitwidth P0| Bitwidth P1|
    +--------------------------------------------------------------------------------------+----------+----+---+----+------------+------------+
    |i_4_fu_165_p2                                                                         |         +|   0|  0|  12|          12|           1|
    |sub_fu_146_p2                                                                         |         +|   0|  0|  12|          12|           2|
    |ap_block_state5_on_subcall_done                                                       |       and|   0|  0|   1|           1|           1|
    |grp_GRAYMat2AXIvideo_0_2160_3840_2_3_Pipeline_loop_col_mat2axi_fu_100_lef_ptr_TREADY  |       and|   0|  0|   1|           1|           1|
    |cmp45_fu_152_p2                                                                       |      icmp|   0|  0|   5|          11|           1|
    |icmp_ln121_fu_160_p2                                                                  |      icmp|   0|  0|   5|          12|          12|
    |ap_block_state1                                                                       |        or|   0|  0|   1|           1|           1|
    +--------------------------------------------------------------------------------------+----------+----+---+----+------------+------------+
    |Total                                                                                 |          |   0|  0|  37|          50|          19|
    +--------------------------------------------------------------------------------------+----------+----+---+----+------------+------------+

    * Multiplexer: 
    +----------------------+----+-----------+-----+-----------+
    |         Name         | LUT| Input Size| Bits| Total Bits|
    +----------------------+----+-----------+-----+-----------+
    |LEF_Img_data157_read  |   9|          2|    1|          2|
    |ap_NS_fsm             |  29|          7|    1|          7|
    |ap_done               |   9|          2|    1|          2|
    |gray_mat_rows_blk_n   |   9|          2|    1|          2|
    |i_fu_80               |   9|          2|   12|         24|
    +----------------------+----+-----------+-----+-----------+
    |Total                 |  65|         15|   16|         37|
    +----------------------+----+-----------+-----+-----------+

    * Register: 
    +------------------------------------------------------------------------------------+----+----+-----+-----------+
    |                                        Name                                        | FF | LUT| Bits| Const Bits|
    +------------------------------------------------------------------------------------+----+----+-----+-----------+
    |ap_CS_fsm                                                                           |   6|   0|    6|          0|
    |ap_done_reg                                                                         |   1|   0|    1|          0|
    |cmp45_reg_215                                                                       |   1|   0|    1|          0|
    |cols_reg_198                                                                        |  11|   0|   11|          0|
    |grp_GRAYMat2AXIvideo_0_2160_3840_2_3_Pipeline_loop_col_mat2axi_fu_100_ap_start_reg  |   1|   0|    1|          0|
    |i_4_reg_222                                                                         |  12|   0|   12|          0|
    |i_fu_80                                                                             |  12|   0|   12|          0|
    |rows_reg_205                                                                        |  12|   0|   12|          0|
    |sof_fu_84                                                                           |   1|   0|    1|          0|
    |sub_reg_210                                                                         |  12|   0|   12|          0|
    +------------------------------------------------------------------------------------+----+----+-----+-----------+
    |Total                                                                               |  69|   0|   69|          0|
    +------------------------------------------------------------------------------------+----+----+-----+-----------+



================================================================
== Interface
================================================================
* Summary: 
+--------------------------------+-----+-----+------------+---------------------------------------+--------------+
|            RTL Ports           | Dir | Bits|  Protocol  |             Source Object             |    C Type    |
+--------------------------------+-----+-----+------------+---------------------------------------+--------------+
|ap_clk                          |   in|    1|  ap_ctrl_hs|  GRAYMat2AXIvideo<0, 2160, 3840, 2, 3>|  return value|
|ap_rst                          |   in|    1|  ap_ctrl_hs|  GRAYMat2AXIvideo<0, 2160, 3840, 2, 3>|  return value|
|ap_start                        |   in|    1|  ap_ctrl_hs|  GRAYMat2AXIvideo<0, 2160, 3840, 2, 3>|  return value|
|ap_done                         |  out|    1|  ap_ctrl_hs|  GRAYMat2AXIvideo<0, 2160, 3840, 2, 3>|  return value|
|ap_continue                     |   in|    1|  ap_ctrl_hs|  GRAYMat2AXIvideo<0, 2160, 3840, 2, 3>|  return value|
|ap_idle                         |  out|    1|  ap_ctrl_hs|  GRAYMat2AXIvideo<0, 2160, 3840, 2, 3>|  return value|
|ap_ready                        |  out|    1|  ap_ctrl_hs|  GRAYMat2AXIvideo<0, 2160, 3840, 2, 3>|  return value|
|gray_mat_rows_dout              |   in|   12|     ap_fifo|                          gray_mat_rows|       pointer|
|gray_mat_rows_num_data_valid    |   in|    2|     ap_fifo|                          gray_mat_rows|       pointer|
|gray_mat_rows_fifo_cap          |   in|    2|     ap_fifo|                          gray_mat_rows|       pointer|
|gray_mat_rows_empty_n           |   in|    1|     ap_fifo|                          gray_mat_rows|       pointer|
|gray_mat_rows_read              |  out|    1|     ap_fifo|                          gray_mat_rows|       pointer|
|p_read                          |   in|   12|     ap_none|                                 p_read|        scalar|
|LEF_Img_data157_dout            |   in|   16|     ap_fifo|                        LEF_Img_data157|       pointer|
|LEF_Img_data157_num_data_valid  |   in|    3|     ap_fifo|                        LEF_Img_data157|       pointer|
|LEF_Img_data157_fifo_cap        |   in|    3|     ap_fifo|                        LEF_Img_data157|       pointer|
|LEF_Img_data157_empty_n         |   in|    1|     ap_fifo|                        LEF_Img_data157|       pointer|
|LEF_Img_data157_read            |  out|    1|     ap_fifo|                        LEF_Img_data157|       pointer|
|lef_ptr_TDATA                   |  out|   16|        axis|                       lef_ptr_V_data_V|       pointer|
|lef_ptr_TVALID                  |  out|    1|        axis|                       lef_ptr_V_dest_V|       pointer|
|lef_ptr_TREADY                  |   in|    1|        axis|                       lef_ptr_V_dest_V|       pointer|
|lef_ptr_TDEST                   |  out|    1|        axis|                       lef_ptr_V_dest_V|       pointer|
|lef_ptr_TKEEP                   |  out|    2|        axis|                       lef_ptr_V_keep_V|       pointer|
|lef_ptr_TSTRB                   |  out|    2|        axis|                       lef_ptr_V_strb_V|       pointer|
|lef_ptr_TUSER                   |  out|    1|        axis|                       lef_ptr_V_user_V|       pointer|
|lef_ptr_TLAST                   |  out|    1|        axis|                       lef_ptr_V_last_V|       pointer|
|lef_ptr_TID                     |  out|    1|        axis|                         lef_ptr_V_id_V|       pointer|
+--------------------------------+-----+-----+------------+---------------------------------------+--------------+

