

================================================================
== Vitis HLS Report for 'hud_accel'
================================================================
* Date:           Mon Sep  5 21:55:18 2022

* Version:        2022.1 (Build 3526262 on Mon Apr 18 15:47:01 MDT 2022)
* Project:        hud3.prj
* Solution:       sol1 (Vivado IP Flow Target)
* Product family: zynq
* Target device:  xc7z045-ffg900-2


================================================================
== Performance Estimates
================================================================
+ Timing: 
    * Summary: 
    +--------+---------+----------+------------+
    |  Clock |  Target | Estimated| Uncertainty|
    +--------+---------+----------+------------+
    |ap_clk  |  3.30 ns|  5.454 ns|     0.89 ns|
    +--------+---------+----------+------------+

+ Latency: 
    * Summary: 
    +---------+---------+----------+----------+-----+-----+----------+
    |  Latency (cycles) |  Latency (absolute) |  Interval | Pipeline |
    |   min   |   max   |    min   |    max   | min | max |   Type   |
    +---------+---------+----------+----------+-----+-----+----------+
    |        ?|        ?|         ?|         ?|    ?|    ?|  dataflow|
    +---------+---------+----------+----------+-----+-----+----------+

    + Detail: 
        * Instance: 
        +----------------------------------------------------+---------------------------------------------------+---------+---------+-----------+-----------+-----+---------+---------+
        |                                                    |                                                   |  Latency (cycles) |   Latency (absolute)  |    Interval   | Pipeline|
        |                      Instance                      |                       Module                      |   min   |   max   |    min    |    max    | min |   max   |   Type  |
        +----------------------------------------------------+---------------------------------------------------+---------+---------+-----------+-----------+-----+---------+---------+
        |Block_entry5_proc_U0                                |Block_entry5_proc                                  |        0|        0|       0 ns|       0 ns|    0|        0|       no|
        |AXIVideo2BayerMat_0_4320_3848_2_3_U0                |AXIVideo2BayerMat_0_4320_3848_2_3_s                |        7|  8363527|  29.372 ns|  35.093 ms|    7|  8363527|       no|
        |extractExposureFrames_0_8_8_2160_3840_2_3_3_3_0_U0  |extractExposureFrames_0_8_8_2160_3840_2_3_3_3_0_s  |        ?|        ?|          ?|          ?|    ?|        ?|       no|
        |GRAYMat2AXIvideo_0_2160_3840_2_3_U0                 |GRAYMat2AXIvideo_0_2160_3840_2_3_s                 |        3|  4160163|   9.900 ns|  13.729 ms|    3|  4160163|       no|
        |GRAYMat2AXIvideo_0_2160_3840_2_3_1_U0               |GRAYMat2AXIvideo_0_2160_3840_2_3_1                 |        3|  4160163|   9.900 ns|  13.729 ms|    3|  4160163|       no|
        +----------------------------------------------------+---------------------------------------------------+---------+---------+-----------+-----------+-----+---------+---------+

        * Loop: 
        N/A



================================================================
== Utilization Estimates
================================================================
* Summary: 
+-----------------+---------+-----+--------+--------+-----+
|       Name      | BRAM_18K| DSP |   FF   |   LUT  | URAM|
+-----------------+---------+-----+--------+--------+-----+
|DSP              |        -|    -|       -|       -|    -|
|Expression       |        -|    -|       0|      17|    -|
|FIFO             |        -|    -|    1089|     748|    -|
|Instance         |       16|    -|    1080|    2513|    -|
|Memory           |        -|    -|       -|       -|    -|
|Multiplexer      |        -|    -|       -|      54|    -|
|Register         |        -|    -|       6|       -|    -|
+-----------------+---------+-----+--------+--------+-----+
|Total            |       16|    0|    2175|    3332|    0|
+-----------------+---------+-----+--------+--------+-----+
|Available        |     1090|  900|  437200|  218600|    0|
+-----------------+---------+-----+--------+--------+-----+
|Utilization (%)  |        1|    0|      ~0|       1|    0|
+-----------------+---------+-----+--------+--------+-----+

+ Detail: 
    * Instance: 
    +----------------------------------------------------+---------------------------------------------------+---------+----+-----+------+-----+
    |                      Instance                      |                       Module                      | BRAM_18K| DSP|  FF |  LUT | URAM|
    +----------------------------------------------------+---------------------------------------------------+---------+----+-----+------+-----+
    |AXIVideo2BayerMat_0_4320_3848_2_3_U0                |AXIVideo2BayerMat_0_4320_3848_2_3_s                |        0|   0|  151|   379|    0|
    |Block_entry5_proc_U0                                |Block_entry5_proc                                  |        0|   0|   74|    76|    0|
    |GRAYMat2AXIvideo_0_2160_3840_2_3_1_U0               |GRAYMat2AXIvideo_0_2160_3840_2_3_1                 |        0|   0|   75|   184|    0|
    |GRAYMat2AXIvideo_0_2160_3840_2_3_U0                 |GRAYMat2AXIvideo_0_2160_3840_2_3_s                 |        0|   0|   87|   193|    0|
    |control_s_axi_U                                     |control_s_axi                                      |        0|   0|   80|   104|    0|
    |extractExposureFrames_0_8_8_2160_3840_2_3_3_3_0_U0  |extractExposureFrames_0_8_8_2160_3840_2_3_3_3_0_s  |       16|   0|  613|  1577|    0|
    +----------------------------------------------------+---------------------------------------------------+---------+----+-----+------+-----+
    |Total                                               |                                                   |       16|   0| 1080|  2513|    0|
    +----------------------------------------------------+---------------------------------------------------+---------+----+-----+------+-----+

    * DSP: 
    N/A

    * Memory: 
    N/A

    * FIFO: 
    +----------------------------+---------+----+----+-----+------+-----+---------+
    |            Name            | BRAM_18K| FF | LUT| URAM| Depth| Bits| Size:D*B|
    +----------------------------+---------+----+----+-----+------+-----+---------+
    |InImg_cols_c15_channel_U    |        0|  99|   0|    -|     2|   12|       24|
    |InImg_cols_c_U              |        0|  99|   0|    -|     2|   12|       24|
    |InImg_data_U                |        0|  99|   0|    -|     3|   16|       48|
    |InImg_rows_channel_U        |        0|  99|   0|    -|     2|   13|       26|
    |LEF_Img_cols_channel_U      |        0|  99|   0|    -|     4|   12|       48|
    |LEF_Img_data_U              |        0|  99|   0|    -|     3|   16|       48|
    |LEF_Img_rows_c16_channel_U  |        0|  99|   0|    -|     3|   12|       36|
    |LEF_Img_rows_c_U            |        0|  99|   0|    -|     2|   12|       24|
    |SEF_Img_cols_channel_U      |        0|  99|   0|    -|     4|   12|       48|
    |SEF_Img_data_U              |        0|  99|   0|    -|     3|   16|       48|
    |SEF_Img_rows_channel_U      |        0|  99|   0|    -|     4|   12|       48|
    +----------------------------+---------+----+----+-----+------+-----+---------+
    |Total                       |        0|1089|   0|    0|    32|  145|      422|
    +----------------------------+---------+----+----+-----+------+-----+---------+

    * Expression: 
    +------------------------------------------------+----------+----+---+----+------------+------------+
    |                  Variable Name                 | Operation| DSP| FF| LUT| Bitwidth P0| Bitwidth P1|
    +------------------------------------------------+----------+----+---+----+------------+------------+
    |AXIVideo2BayerMat_0_4320_3848_2_3_U0_ap_start   |       and|   0|  0|   1|           1|           1|
    |Block_entry5_proc_U0_ap_continue                |       and|   0|  0|   1|           1|           1|
    |GRAYMat2AXIvideo_0_2160_3840_2_3_1_U0_ap_start  |       and|   0|  0|   1|           1|           1|
    |ap_channel_done_InImg_cols_c15_channel          |       and|   0|  0|   1|           1|           1|
    |ap_channel_done_InImg_rows_channel              |       and|   0|  0|   1|           1|           1|
    |ap_channel_done_LEF_Img_cols_channel            |       and|   0|  0|   1|           1|           1|
    |ap_channel_done_LEF_Img_rows_c16_channel        |       and|   0|  0|   1|           1|           1|
    |ap_channel_done_SEF_Img_cols_channel            |       and|   0|  0|   1|           1|           1|
    |ap_channel_done_SEF_Img_rows_channel            |       and|   0|  0|   1|           1|           1|
    |ap_idle                                         |       and|   0|  0|   1|           1|           1|
    |ap_sync_done                                    |       and|   0|  0|   1|           1|           1|
    |ap_sync_channel_write_InImg_cols_c15_channel    |        or|   0|  0|   1|           1|           1|
    |ap_sync_channel_write_InImg_rows_channel        |        or|   0|  0|   1|           1|           1|
    |ap_sync_channel_write_LEF_Img_cols_channel      |        or|   0|  0|   1|           1|           1|
    |ap_sync_channel_write_LEF_Img_rows_c16_channel  |        or|   0|  0|   1|           1|           1|
    |ap_sync_channel_write_SEF_Img_cols_channel      |        or|   0|  0|   1|           1|           1|
    |ap_sync_channel_write_SEF_Img_rows_channel      |        or|   0|  0|   1|           1|           1|
    +------------------------------------------------+----------+----+---+----+------------+------------+
    |Total                                           |          |   0|  0|  17|          17|          17|
    +------------------------------------------------+----------+----+---+----+------------+------------+

    * Multiplexer: 
    +----------------------------------------------------+----+-----------+-----+-----------+
    |                        Name                        | LUT| Input Size| Bits| Total Bits|
    +----------------------------------------------------+----+-----------+-----+-----------+
    |ap_sync_reg_channel_write_InImg_cols_c15_channel    |   9|          2|    1|          2|
    |ap_sync_reg_channel_write_InImg_rows_channel        |   9|          2|    1|          2|
    |ap_sync_reg_channel_write_LEF_Img_cols_channel      |   9|          2|    1|          2|
    |ap_sync_reg_channel_write_LEF_Img_rows_c16_channel  |   9|          2|    1|          2|
    |ap_sync_reg_channel_write_SEF_Img_cols_channel      |   9|          2|    1|          2|
    |ap_sync_reg_channel_write_SEF_Img_rows_channel      |   9|          2|    1|          2|
    +----------------------------------------------------+----+-----------+-----+-----------+
    |Total                                               |  54|         12|    6|         12|
    +----------------------------------------------------+----+-----------+-----+-----------+

    * Register: 
    +----------------------------------------------------+---+----+-----+-----------+
    |                        Name                        | FF| LUT| Bits| Const Bits|
    +----------------------------------------------------+---+----+-----+-----------+
    |ap_sync_reg_channel_write_InImg_cols_c15_channel    |  1|   0|    1|          0|
    |ap_sync_reg_channel_write_InImg_rows_channel        |  1|   0|    1|          0|
    |ap_sync_reg_channel_write_LEF_Img_cols_channel      |  1|   0|    1|          0|
    |ap_sync_reg_channel_write_LEF_Img_rows_c16_channel  |  1|   0|    1|          0|
    |ap_sync_reg_channel_write_SEF_Img_cols_channel      |  1|   0|    1|          0|
    |ap_sync_reg_channel_write_SEF_Img_rows_channel      |  1|   0|    1|          0|
    +----------------------------------------------------+---+----+-----+-----------+
    |Total                                               |  6|   0|    6|          0|
    +----------------------------------------------------+---+----+-----+-----------+



================================================================
== Interface
================================================================
* Summary: 
+-----------------------+-----+-----+------------+------------------+--------------+
|       RTL Ports       | Dir | Bits|  Protocol  |   Source Object  |    C Type    |
+-----------------------+-----+-----+------------+------------------+--------------+
|s_axi_control_AWVALID  |   in|    1|       s_axi|           control|        scalar|
|s_axi_control_AWREADY  |  out|    1|       s_axi|           control|        scalar|
|s_axi_control_AWADDR   |   in|    5|       s_axi|           control|        scalar|
|s_axi_control_WVALID   |   in|    1|       s_axi|           control|        scalar|
|s_axi_control_WREADY   |  out|    1|       s_axi|           control|        scalar|
|s_axi_control_WDATA    |   in|   32|       s_axi|           control|        scalar|
|s_axi_control_WSTRB    |   in|    4|       s_axi|           control|        scalar|
|s_axi_control_ARVALID  |   in|    1|       s_axi|           control|        scalar|
|s_axi_control_ARREADY  |  out|    1|       s_axi|           control|        scalar|
|s_axi_control_ARADDR   |   in|    5|       s_axi|           control|        scalar|
|s_axi_control_RVALID   |  out|    1|       s_axi|           control|        scalar|
|s_axi_control_RREADY   |   in|    1|       s_axi|           control|        scalar|
|s_axi_control_RDATA    |  out|   32|       s_axi|           control|        scalar|
|s_axi_control_RRESP    |  out|    2|       s_axi|           control|        scalar|
|s_axi_control_BVALID   |  out|    1|       s_axi|           control|        scalar|
|s_axi_control_BREADY   |   in|    1|       s_axi|           control|        scalar|
|s_axi_control_BRESP    |  out|    2|       s_axi|           control|        scalar|
|ap_clk                 |   in|    1|  ap_ctrl_hs|         hud_accel|  return value|
|ap_rst_n               |   in|    1|  ap_ctrl_hs|         hud_accel|  return value|
|interrupt              |  out|    1|  ap_ctrl_hs|         hud_accel|  return value|
|in_ptr_TDATA           |   in|   16|        axis|   in_ptr_V_data_V|       pointer|
|in_ptr_TKEEP           |   in|    2|        axis|   in_ptr_V_keep_V|       pointer|
|in_ptr_TSTRB           |   in|    2|        axis|   in_ptr_V_strb_V|       pointer|
|in_ptr_TUSER           |   in|    1|        axis|   in_ptr_V_user_V|       pointer|
|in_ptr_TLAST           |   in|    1|        axis|   in_ptr_V_last_V|       pointer|
|in_ptr_TID             |   in|    1|        axis|     in_ptr_V_id_V|       pointer|
|in_ptr_TDEST           |   in|    1|        axis|   in_ptr_V_dest_V|       pointer|
|in_ptr_TVALID          |   in|    1|        axis|   in_ptr_V_dest_V|       pointer|
|in_ptr_TREADY          |  out|    1|        axis|   in_ptr_V_dest_V|       pointer|
|lef_ptr_TDATA          |  out|   16|        axis|  lef_ptr_V_data_V|       pointer|
|lef_ptr_TKEEP          |  out|    2|        axis|  lef_ptr_V_keep_V|       pointer|
|lef_ptr_TSTRB          |  out|    2|        axis|  lef_ptr_V_strb_V|       pointer|
|lef_ptr_TUSER          |  out|    1|        axis|  lef_ptr_V_user_V|       pointer|
|lef_ptr_TLAST          |  out|    1|        axis|  lef_ptr_V_last_V|       pointer|
|lef_ptr_TID            |  out|    1|        axis|    lef_ptr_V_id_V|       pointer|
|lef_ptr_TDEST          |  out|    1|        axis|  lef_ptr_V_dest_V|       pointer|
|lef_ptr_TVALID         |  out|    1|        axis|  lef_ptr_V_dest_V|       pointer|
|lef_ptr_TREADY         |   in|    1|        axis|  lef_ptr_V_dest_V|       pointer|
|sef_ptr_TDATA          |  out|   16|        axis|  sef_ptr_V_data_V|       pointer|
|sef_ptr_TKEEP          |  out|    2|        axis|  sef_ptr_V_keep_V|       pointer|
|sef_ptr_TSTRB          |  out|    2|        axis|  sef_ptr_V_strb_V|       pointer|
|sef_ptr_TUSER          |  out|    1|        axis|  sef_ptr_V_user_V|       pointer|
|sef_ptr_TLAST          |  out|    1|        axis|  sef_ptr_V_last_V|       pointer|
|sef_ptr_TID            |  out|    1|        axis|    sef_ptr_V_id_V|       pointer|
|sef_ptr_TDEST          |  out|    1|        axis|  sef_ptr_V_dest_V|       pointer|
|sef_ptr_TVALID         |  out|    1|        axis|  sef_ptr_V_dest_V|       pointer|
|sef_ptr_TREADY         |   in|    1|        axis|  sef_ptr_V_dest_V|       pointer|
+-----------------------+-----+-----+------------+------------------+--------------+

