

================================================================
== Vitis HLS Report for 'tpgPatternCheckerBoard'
================================================================
* Date:           Tue Sep  6 19:51:41 2022

* Version:        2022.1 (Build 3526262 on Mon Apr 18 15:47:01 MDT 2022)
* Project:        prj
* Solution:       sol (Vivado IP Flow Target)
* Product family: artix7
* Target device:  xc7a35t-cpg236-1


================================================================
== Performance Estimates
================================================================
+ Timing: 
    * Summary: 
    +--------+----------+----------+------------+
    |  Clock |  Target  | Estimated| Uncertainty|
    +--------+----------+----------+------------+
    |ap_clk  |  20.00 ns|  9.641 ns|     5.40 ns|
    +--------+----------+----------+------------+

+ Latency: 
    * Summary: 
    +---------+---------+-----------+-----------+-----+-----+---------+
    |  Latency (cycles) |   Latency (absolute)  |  Interval | Pipeline|
    |   min   |   max   |    min    |    max    | min | max |   Type  |
    +---------+---------+-----------+-----------+-----+-----+---------+
    |        2|        2|  40.000 ns|  40.000 ns|    1|    1|      yes|
    +---------+---------+-----------+-----------+-----+-----+---------+

    + Detail: 
        * Instance: 
        N/A

        * Loop: 
        N/A



================================================================
== Utilization Estimates
================================================================
* Summary: 
+-----------------+---------+----+-------+-------+-----+
|       Name      | BRAM_18K| DSP|   FF  |  LUT  | URAM|
+-----------------+---------+----+-------+-------+-----+
|DSP              |        -|   -|      -|      -|    -|
|Expression       |        -|   -|      0|    288|    -|
|FIFO             |        -|   -|      -|      -|    -|
|Instance         |        -|   -|      -|      -|    -|
|Memory           |        0|   -|     32|      7|    -|
|Multiplexer      |        -|   -|      -|     78|    -|
|Register         |        -|   -|     36|      -|    -|
+-----------------+---------+----+-------+-------+-----+
|Total            |        0|   0|     68|    373|    0|
+-----------------+---------+----+-------+-------+-----+
|Available        |      100|  90|  41600|  20800|    0|
+-----------------+---------+----+-------+-------+-----+
|Utilization (%)  |        0|   0|     ~0|      1|    0|
+-----------------+---------+----+-------+-------+-----+

+ Detail: 
    * Instance: 
    N/A

    * DSP: 
    N/A

    * Memory: 
    +------------------------+-----------------------------------------------------------+---------+---+----+-----+------+-----+------+-------------+
    |         Memory         |                           Module                          | BRAM_18K| FF| LUT| URAM| Words| Bits| Banks| W*Bits*Banks|
    +------------------------+-----------------------------------------------------------+---------+---+----+-----+------+-----+------+-------------+
    |tpgBarSelYuv_u17_U      |tpgPatternCheckerBoard_tpgBarSelYuv_u17_ROM_AUTO_1R        |        0|  8|   1|    0|     8|    8|     1|           64|
    |tpgBarSelYuv_v19_U      |tpgPatternCheckerBoard_tpgBarSelYuv_v19_ROM_AUTO_1R        |        0|  8|   1|    0|     8|    8|     1|           64|
    |tpgBarSelYuv_y21_U      |tpgPatternCheckerBoard_tpgBarSelYuv_y21_ROM_AUTO_1R        |        0|  8|   1|    0|     8|    8|     1|           64|
    |tpgCheckerBoardArray_U  |tpgPatternCheckerBoard_tpgCheckerBoardArray_ROM_AUTO_1R    |        0|  2|   1|    0|    32|    2|     1|           64|
    |tpgBarSelRgb_b11_U      |tpgPatternDPColorSquare_DPtpgBarSelRgb_VESA_b_ROM_AUTO_1R  |        0|  2|   1|    0|     8|    2|     1|           16|
    |tpgBarSelRgb_g13_U      |tpgPatternDPColorSquare_DPtpgBarSelRgb_VESA_g_ROM_AUTO_1R  |        0|  2|   1|    0|     8|    2|     1|           16|
    |tpgBarSelRgb_r15_U      |tpgPatternDPColorSquare_DPtpgBarSelRgb_VESA_r_ROM_AUTO_1R  |        0|  2|   1|    0|     8|    2|     1|           16|
    +------------------------+-----------------------------------------------------------+---------+---+----+-----+------+-----+------+-------------+
    |Total                   |                                                           |        0| 32|   7|    0|    80|   32|     7|          304|
    +------------------------+-----------------------------------------------------------+---------+---+----+-----+------+-----+------+-------------+

    * FIFO: 
    N/A

    * Expression: 
    +------------------------------+----------+----+---+----+------------+------------+
    |         Variable Name        | Operation| DSP| FF| LUT| Bitwidth P0| Bitwidth P1|
    +------------------------------+----------+----+---+----+------------+------------+
    |add_ln1510_fu_225_p2          |         +|   0|  0|  21|          14|           4|
    |add_ln1511_fu_247_p2          |         +|   0|  0|  21|          14|           4|
    |add_ln1530_fu_327_p2          |         +|   0|  0|  15|           8|           1|
    |add_ln1548_fu_409_p2          |         +|   0|  0|  11|           3|           1|
    |add_ln886_4_fu_422_p2         |         +|   0|  0|  17|          10|           1|
    |add_ln886_fu_346_p2           |         +|   0|  0|  17|          10|           1|
    |barWidthMinSamples_fu_241_p2  |         +|   0|  0|  17|          10|           2|
    |ret_V_fu_299_p2               |         +|   0|  0|  18|          11|           2|
    |sub_ln887_fu_397_p2           |         -|   0|  0|  17|          10|          10|
    |and_ln1523_fu_315_p2          |       and|   0|  0|   2|           1|           1|
    |and_ln1560_1_fu_473_p2        |       and|   0|  0|   2|           1|           1|
    |and_ln1560_fu_467_p2          |       and|   0|  0|   2|           1|           1|
    |ap_condition_156              |       and|   0|  0|   2|           1|           1|
    |ap_condition_171              |       and|   0|  0|   2|           1|           1|
    |cmp61_fu_370_p2               |      icmp|   0|  0|  11|           8|           1|
    |cmp84_fu_376_p2               |      icmp|   0|  0|  11|           8|           1|
    |icmp_ln1073_3_fu_391_p2       |      icmp|   0|  0|  11|          10|          10|
    |icmp_ln1073_fu_309_p2         |      icmp|   0|  0|  11|          11|          11|
    |icmp_ln1518_1_fu_265_p2       |      icmp|   0|  0|  13|          16|           1|
    |icmp_ln1518_fu_253_p2         |      icmp|   0|  0|  13|          16|           1|
    |or_ln1518_fu_259_p2           |        or|   0|  0|  16|          16|          16|
    |pix_val_V_10_fu_526_p3        |    select|   0|  0|   8|           1|           8|
    |pix_val_V_9_fu_512_p3         |    select|   0|  0|   8|           1|           8|
    |pix_val_V_fu_519_p3           |    select|   0|  0|   8|           1|           8|
    |sel_tmp_fu_505_p3             |    select|   0|  0|   8|           1|           8|
    |ap_enable_pp0                 |       xor|   0|  0|   2|           1|           2|
    |sel_tmp1_fu_461_p2            |       xor|   0|  0|   2|           1|           2|
    |xor_ln1530_fu_333_p2          |       xor|   0|  0|   2|           1|           2|
    +------------------------------+----------+----+---+----+------------+------------+
    |Total                         |          |   0|  0| 288|         187|         110|
    +------------------------------+----------+----+---+----+------------+------------+

    * Multiplexer: 
    +------------------------------------------+----+-----------+-----+-----------+
    |                   Name                   | LUT| Input Size| Bits| Total Bits|
    +------------------------------------------+----+-----------+-----+-----------+
    |ap_phi_mux_hBarSel_3_loc_1_phi_fu_212_p6  |  17|          4|    3|         12|
    |ap_phi_mux_vBarSel_2_loc_2_phi_fu_198_p8  |  17|          4|    1|          4|
    |hBarSel_3                                 |   9|          2|    3|          6|
    |vBarSel_2                                 |   9|          2|    8|         16|
    |xCount_V_3                                |  13|          3|   10|         30|
    |yCount_V_3                                |  13|          3|   10|         30|
    +------------------------------------------+----+-----------+-----+-----------+
    |Total                                     |  78|         18|   35|         98|
    +------------------------------------------+----+-----------+-----+-----------+

    * Register: 
    +------------------------------------+----+----+-----+-----------+
    |                Name                | FF | LUT| Bits| Const Bits|
    +------------------------------------+----+----+-----+-----------+
    |and_ln1560_1_reg_575                |   1|   0|    1|          0|
    |and_ln1560_1_reg_575_pp0_iter1_reg  |   1|   0|    1|          0|
    |ap_CS_fsm                           |   1|   0|    1|          0|
    |ap_enable_reg_pp0_iter1             |   1|   0|    1|          0|
    |ap_enable_reg_pp0_iter2             |   1|   0|    1|          0|
    |hBarSel_3                           |   3|   0|    3|          0|
    |vBarSel_2                           |   8|   0|    8|          0|
    |xCount_V_3                          |  10|   0|   10|          0|
    |yCount_V_3                          |  10|   0|   10|          0|
    +------------------------------------+----+----+-----+-----------+
    |Total                               |  36|   0|   36|          0|
    +------------------------------------+----+----+-----+-----------+



================================================================
== Interface
================================================================
* Summary: 
+-------------+-----+-----+------------+------------------------+--------------+
|  RTL Ports  | Dir | Bits|  Protocol  |      Source Object     |    C Type    |
+-------------+-----+-----+------------+------------------------+--------------+
|ap_clk       |   in|    1|  ap_ctrl_hs|  tpgPatternCheckerBoard|  return value|
|ap_rst       |   in|    1|  ap_ctrl_hs|  tpgPatternCheckerBoard|  return value|
|ap_start     |   in|    1|  ap_ctrl_hs|  tpgPatternCheckerBoard|  return value|
|ap_done      |  out|    1|  ap_ctrl_hs|  tpgPatternCheckerBoard|  return value|
|ap_idle      |  out|    1|  ap_ctrl_hs|  tpgPatternCheckerBoard|  return value|
|ap_ready     |  out|    1|  ap_ctrl_hs|  tpgPatternCheckerBoard|  return value|
|ap_ce        |   in|    1|  ap_ctrl_hs|  tpgPatternCheckerBoard|  return value|
|ap_return_0  |  out|    8|  ap_ctrl_hs|  tpgPatternCheckerBoard|  return value|
|ap_return_1  |  out|    8|  ap_ctrl_hs|  tpgPatternCheckerBoard|  return value|
|ap_return_2  |  out|    8|  ap_ctrl_hs|  tpgPatternCheckerBoard|  return value|
|y            |   in|   16|     ap_none|                       y|        scalar|
|x            |   in|   16|     ap_none|                       x|        scalar|
|width        |   in|   14|   ap_stable|                   width|        scalar|
|height       |   in|   14|   ap_stable|                  height|        scalar|
|color        |   in|    8|   ap_stable|                   color|        scalar|
+-------------+-----+-----+------------+------------------------+--------------+

