

================================================================
== Vitis HLS Report for 'MultiPixStream2AXIvideo_Pipeline_VITIS_LOOP_936_2'
================================================================
* Date:           Tue Sep  6 19:51:37 2022

* Version:        2022.1 (Build 3526262 on Mon Apr 18 15:47:01 MDT 2022)
* Project:        prj
* Solution:       sol (Vivado IP Flow Target)
* Product family: artix7
* Target device:  xc7a35t-cpg236-1


================================================================
== Performance Estimates
================================================================
+ Timing: 
    * Summary: 
    +--------+----------+----------+------------+
    |  Clock |  Target  | Estimated| Uncertainty|
    +--------+----------+----------+------------+
    |ap_clk  |  20.00 ns|  4.759 ns|     5.40 ns|
    +--------+----------+----------+------------+

+ Latency: 
    * Summary: 
    +---------+---------+-----------+-----------+-----+-----+---------+
    |  Latency (cycles) |   Latency (absolute)  |  Interval | Pipeline|
    |   min   |   max   |    min    |    max    | min | max |   Type  |
    +---------+---------+-----------+-----------+-----+-----+---------+
    |        4|      803|  80.000 ns|  16.060 us|    4|  803|       no|
    +---------+---------+-----------+-----------+-----+-----+---------+

    + Detail: 
        * Instance: 
        N/A

        * Loop: 
        +--------------------+---------+---------+----------+-----------+-----------+---------+----------+
        |                    |  Latency (cycles) | Iteration|  Initiation Interval  |   Trip  |          |
        |      Loop Name     |   min   |   max   |  Latency |  achieved |   target  |  Count  | Pipelined|
        +--------------------+---------+---------+----------+-----------+-----------+---------+----------+
        |- VITIS_LOOP_936_2  |        1|      800|         2|          1|          1|  1 ~ 800|       yes|
        +--------------------+---------+---------+----------+-----------+-----------+---------+----------+

============================================================
+ Verbose Summary: Synthesis Manager
============================================================
InlineROM: 1
ExposeGlobal: 0
============================================================
+ Verbose Summary: CDFG Model
============================================================
IsTopModel: 0
ResetActiveHigh: 1
IsCombinational: 0
IsDatapathOnly: 0
HasWiredReturn: 1
HasMFsm: 2
HasVarLatency: 1
IsPipeline: 0
IsRtlPipelined: 0
IsInstanceOverlapped: 0
IsDontTouch: 0
HasImplIP: 0
IsGatedGlobalClock: 0

+ Individual pipeline summary: 
  * Pipeline-0: initiation interval (II) = 1, depth = 2


============================================================
+ Verbose Summary: Schedule
============================================================
* Number of FSM states : 5
* Pipeline : 1
  Pipeline-0 : II = 1, D = 2, States = { 2 3 }
* Dataflow Pipeline: 0

* FSM state transitions: 
1 --> 2 
2 --> 4 3 
3 --> 2 
4 --> 5 
5 --> 

* FSM state operations: 

State 1 <SV = 0> <Delay = 1.61>
ST_1 : Operation 6 [1/1] (0.00ns)   --->   "%j = alloca i32 1"   --->   Operation 6 'alloca' 'j' <Predicate = true> <Delay = 0.00>
ST_1 : Operation 7 [1/1] (0.00ns)   --->   "%specinterface_ln0 = specinterface void @_ssdm_op_SpecInterface, i1 %m_axis_video_V_dest_V, i1 %m_axis_video_V_id_V, i1 %m_axis_video_V_last_V, i1 %m_axis_video_V_user_V, i3 %m_axis_video_V_strb_V, i3 %m_axis_video_V_keep_V, i24 %m_axis_video_V_data_V, void @empty_18, i32 0, i32 0, void @empty_27, i32 0, i32 0, void @empty_16, void @empty_16, void @empty_16, i32 0, i32 0, i32 0, i32 0, void @empty_16, void @empty_16, i32 4294967295, i32 0"   --->   Operation 7 'specinterface' 'specinterface_ln0' <Predicate = true> <Delay = 0.00>
ST_1 : Operation 8 [1/1] (0.00ns)   --->   "%specinterface_ln0 = specinterface void @_ssdm_op_SpecInterface, i24 %ovrlayYUV, void @empty_10, i32 0, i32 0, void @empty_16, i32 0, i32 0, void @empty_16, void @empty_16, void @empty_16, i32 0, i32 0, i32 0, i32 0, void @empty_16, void @empty_16, i32 4294967295, i32 0"   --->   Operation 8 'specinterface' 'specinterface_ln0' <Predicate = true> <Delay = 0.00>
ST_1 : Operation 9 [1/1] (0.00ns)   --->   "%sub_read = read i11 @_ssdm_op_Read.ap_auto.i11, i11 %sub"   --->   Operation 9 'read' 'sub_read' <Predicate = true> <Delay = 0.00>
ST_1 : Operation 10 [1/1] (0.00ns)   --->   "%icmp_ln975_read = read i1 @_ssdm_op_Read.ap_auto.i1, i1 %icmp_ln975"   --->   Operation 10 'read' 'icmp_ln975_read' <Predicate = true> <Delay = 0.00>
ST_1 : Operation 11 [1/1] (0.00ns)   --->   "%width_load_cast1_read = read i10 @_ssdm_op_Read.ap_auto.i10, i10 %width_load_cast1"   --->   Operation 11 'read' 'width_load_cast1_read' <Predicate = true> <Delay = 0.00>
ST_1 : Operation 12 [1/1] (0.00ns)   --->   "%sof_read = read i1 @_ssdm_op_Read.ap_auto.i1, i1 %sof"   --->   Operation 12 'read' 'sof_read' <Predicate = true> <Delay = 0.00>
ST_1 : Operation 13 [1/1] (1.61ns)   --->   "%store_ln0 = store i10 0, i10 %j"   --->   Operation 13 'store' 'store_ln0' <Predicate = true> <Delay = 1.61>
ST_1 : Operation 14 [1/1] (1.61ns)   --->   "%br_ln0 = br void %for.body21"   --->   Operation 14 'br' 'br_ln0' <Predicate = true> <Delay = 1.61>

State 2 <SV = 1> <Delay = 3.73>
ST_2 : Operation 15 [1/1] (0.00ns)   --->   "%tmp_user_V = phi i1 0, void %for.body44_ifconv, i1 %sof_read, void %newFuncRoot"   --->   Operation 15 'phi' 'tmp_user_V' <Predicate = true> <Delay = 0.00>
ST_2 : Operation 16 [1/1] (0.00ns)   --->   "%phi_ln991 = phi i1 %trunc_ln145, void %for.body44_ifconv, i1 0, void %newFuncRoot" [/home/trevor/Documents/xilinx/basys3_pong2/vivado/pong_2/pong_2.runs/design_1_v_tpg_0_0_synth_1/prj/sol/.autopilot/db/v_tpg.cpp:991]   --->   Operation 16 'phi' 'phi_ln991' <Predicate = true> <Delay = 0.00>
ST_2 : Operation 17 [1/1] (0.00ns)   --->   "%j_1 = load i10 %j" [/home/trevor/Documents/xilinx/basys3_pong2/vivado/pong_2/pong_2.runs/design_1_v_tpg_0_0_synth_1/prj/sol/.autopilot/db/v_tpg.cpp:936]   --->   Operation 17 'load' 'j_1' <Predicate = true> <Delay = 0.00>
ST_2 : Operation 18 [1/1] (0.00ns)   --->   "%zext_ln936 = zext i10 %j_1" [/home/trevor/Documents/xilinx/basys3_pong2/vivado/pong_2/pong_2.runs/design_1_v_tpg_0_0_synth_1/prj/sol/.autopilot/db/v_tpg.cpp:936]   --->   Operation 18 'zext' 'zext_ln936' <Predicate = true> <Delay = 0.00>
ST_2 : Operation 19 [1/1] (1.70ns)   --->   "%icmp_ln936 = icmp_eq  i10 %j_1, i10 %width_load_cast1_read" [/home/trevor/Documents/xilinx/basys3_pong2/vivado/pong_2/pong_2.runs/design_1_v_tpg_0_0_synth_1/prj/sol/.autopilot/db/v_tpg.cpp:936]   --->   Operation 19 'icmp' 'icmp_ln936' <Predicate = true> <Delay = 1.70> <CoreInst = "Cmp">   --->   Core 9 'Cmp' <Latency = 0> <II = 1> <Delay = 1.70> <FuncUnit> <Opcode : 'icmp'> <InPorts = 2> <OutPorts = 1>
ST_2 : Operation 20 [1/1] (0.00ns)   --->   "%empty = speclooptripcount i32 @_ssdm_op_SpecLoopTripCount, i64 1, i64 800, i64 0"   --->   Operation 20 'speclooptripcount' 'empty' <Predicate = true> <Delay = 0.00>
ST_2 : Operation 21 [1/1] (2.12ns)   --->   "%j_2 = add i10 %j_1, i10 1" [/home/trevor/Documents/xilinx/basys3_pong2/vivado/pong_2/pong_2.runs/design_1_v_tpg_0_0_synth_1/prj/sol/.autopilot/db/v_tpg.cpp:936]   --->   Operation 21 'add' 'j_2' <Predicate = true> <Delay = 2.12> <CoreInst = "Adder">   --->   Core 1 'Adder' <Latency = 0> <II = 1> <Delay = 2.12> <FuncUnit> <Opcode : 'add' 'sub'> <InPorts = 2> <OutPorts = 1>
ST_2 : Operation 22 [1/1] (0.00ns)   --->   "%br_ln936 = br i1 %icmp_ln936, void %for.body21.split, void %for.inc113.loopexit.exitStub" [/home/trevor/Documents/xilinx/basys3_pong2/vivado/pong_2/pong_2.runs/design_1_v_tpg_0_0_synth_1/prj/sol/.autopilot/db/v_tpg.cpp:936]   --->   Operation 22 'br' 'br_ln936' <Predicate = true> <Delay = 0.00>
ST_2 : Operation 23 [1/1] (0.00ns)   --->   "%specpipeline_ln939 = specpipeline void @_ssdm_op_SpecPipeline, i32 1, i32 0, i32 0, i32 0, void @empty_16" [/home/trevor/Documents/xilinx/basys3_pong2/vivado/pong_2/pong_2.runs/design_1_v_tpg_0_0_synth_1/prj/sol/.autopilot/db/v_tpg.cpp:939]   --->   Operation 23 'specpipeline' 'specpipeline_ln939' <Predicate = (!icmp_ln936)> <Delay = 0.00>
ST_2 : Operation 24 [1/1] (0.00ns)   --->   "%specloopname_ln928 = specloopname void @_ssdm_op_SpecLoopName, void @empty_13" [/home/trevor/Documents/xilinx/basys3_pong2/vivado/pong_2/pong_2.runs/design_1_v_tpg_0_0_synth_1/prj/sol/.autopilot/db/v_tpg.cpp:928]   --->   Operation 24 'specloopname' 'specloopname_ln928' <Predicate = (!icmp_ln936)> <Delay = 0.00>
ST_2 : Operation 25 [1/1] (1.81ns)   --->   "%tmp_last_V = icmp_eq  i11 %zext_ln936, i11 %sub_read" [/home/trevor/Documents/xilinx/basys3_pong2/vivado/pong_2/pong_2.runs/design_1_v_tpg_0_0_synth_1/prj/sol/.autopilot/db/v_tpg.cpp:949]   --->   Operation 25 'icmp' 'tmp_last_V' <Predicate = (!icmp_ln936)> <Delay = 1.81> <CoreInst = "Cmp">   --->   Core 9 'Cmp' <Latency = 0> <II = 1> <Delay = 1.81> <FuncUnit> <Opcode : 'icmp'> <InPorts = 2> <OutPorts = 1>
ST_2 : Operation 26 [1/1] (0.00ns)   --->   "%br_ln958 = br i1 %tmp_user_V, void %for.body44_ifconv, void %if.then34" [/home/trevor/Documents/xilinx/basys3_pong2/vivado/pong_2/pong_2.runs/design_1_v_tpg_0_0_synth_1/prj/sol/.autopilot/db/v_tpg.cpp:958]   --->   Operation 26 'br' 'br_ln958' <Predicate = (!icmp_ln936)> <Delay = 0.00>
ST_2 : Operation 27 [1/1] (0.00ns)   --->   "%counter_loc_1_out_load = load i16 %counter_loc_1_out" [/home/trevor/Documents/xilinx/basys3_pong2/vivado/pong_2/pong_2.runs/design_1_v_tpg_0_0_synth_1/prj/sol/.autopilot/db/v_tpg.cpp:960]   --->   Operation 27 'load' 'counter_loc_1_out_load' <Predicate = (!icmp_ln936 & tmp_user_V)> <Delay = 0.00>
ST_2 : Operation 28 [1/1] (2.14ns)   --->   "%add_ln960 = add i16 %counter_loc_1_out_load, i16 1" [/home/trevor/Documents/xilinx/basys3_pong2/vivado/pong_2/pong_2.runs/design_1_v_tpg_0_0_synth_1/prj/sol/.autopilot/db/v_tpg.cpp:960]   --->   Operation 28 'add' 'add_ln960' <Predicate = (!icmp_ln936 & tmp_user_V)> <Delay = 2.14> <CoreInst = "Adder">   --->   Core 1 'Adder' <Latency = 0> <II = 1> <Delay = 2.14> <FuncUnit> <Opcode : 'add' 'sub'> <InPorts = 2> <OutPorts = 1>
ST_2 : Operation 29 [1/1] (0.00ns)   --->   "%store_ln960 = store i16 %add_ln960, i16 %counter" [/home/trevor/Documents/xilinx/basys3_pong2/vivado/pong_2/pong_2.runs/design_1_v_tpg_0_0_synth_1/prj/sol/.autopilot/db/v_tpg.cpp:960]   --->   Operation 29 'store' 'store_ln960' <Predicate = (!icmp_ln936 & tmp_user_V)> <Delay = 0.00>
ST_2 : Operation 30 [1/1] (0.00ns)   --->   "%store_ln961 = store i16 %add_ln960, i16 %counter_loc_1_out" [/home/trevor/Documents/xilinx/basys3_pong2/vivado/pong_2/pong_2.runs/design_1_v_tpg_0_0_synth_1/prj/sol/.autopilot/db/v_tpg.cpp:961]   --->   Operation 30 'store' 'store_ln961' <Predicate = (!icmp_ln936 & tmp_user_V)> <Delay = 0.00>
ST_2 : Operation 31 [1/1] (0.00ns)   --->   "%br_ln961 = br void %for.body44_ifconv" [/home/trevor/Documents/xilinx/basys3_pong2/vivado/pong_2/pong_2.runs/design_1_v_tpg_0_0_synth_1/prj/sol/.autopilot/db/v_tpg.cpp:961]   --->   Operation 31 'br' 'br_ln961' <Predicate = (!icmp_ln936 & tmp_user_V)> <Delay = 0.00>
ST_2 : Operation 32 [1/1] (1.61ns)   --->   "%store_ln936 = store i10 %j_2, i10 %j" [/home/trevor/Documents/xilinx/basys3_pong2/vivado/pong_2/pong_2.runs/design_1_v_tpg_0_0_synth_1/prj/sol/.autopilot/db/v_tpg.cpp:936]   --->   Operation 32 'store' 'store_ln936' <Predicate = (!icmp_ln936)> <Delay = 1.61>
ST_2 : Operation 33 [1/1] (0.00ns)   --->   "%br_ln936 = br void %for.body21" [/home/trevor/Documents/xilinx/basys3_pong2/vivado/pong_2/pong_2.runs/design_1_v_tpg_0_0_synth_1/prj/sol/.autopilot/db/v_tpg.cpp:936]   --->   Operation 33 'br' 'br_ln936' <Predicate = (!icmp_ln936)> <Delay = 0.00>

State 3 <SV = 2> <Delay = 4.75>
ST_3 : Operation 34 [1/1] (0.00ns)   --->   "%counter_loc_1_out_load_1 = load i16 %counter_loc_1_out" [/opt/Xilinx/Vitis_HLS/2022.1/common/technology/autopilot/hls_stream_39.h:145]   --->   Operation 34 'load' 'counter_loc_1_out_load_1' <Predicate = (!icmp_ln936)> <Delay = 0.00>
ST_3 : Operation 35 [1/1] (0.00ns)   --->   "%trunc_ln145 = trunc i16 %counter_loc_1_out_load_1" [/opt/Xilinx/Vitis_HLS/2022.1/common/technology/autopilot/hls_stream_39.h:145]   --->   Operation 35 'trunc' 'trunc_ln145' <Predicate = (!icmp_ln936)> <Delay = 0.00>
ST_3 : Operation 36 [1/1] (3.67ns)   --->   "%ovrlayYUV_read = read i24 @_ssdm_op_Read.ap_fifo.volatile.i24P0A, i24 %ovrlayYUV" [/opt/Xilinx/Vitis_HLS/2022.1/common/technology/autopilot/hls_stream_39.h:145]   --->   Operation 36 'read' 'ovrlayYUV_read' <Predicate = (!icmp_ln936)> <Delay = 3.67> <CoreInst = "FIFO_SRL">   --->   Core 81 'FIFO_SRL' <Latency = 0> <II = 1> <Delay = 3.67> <Storage> <Opcode : 'read' 'write' 'nbread' 'nbwrite'> <Ports = 0> <Width = 24> <Depth = 16> <FIFO>
ST_3 : Operation 37 [1/1] (0.00ns)   --->   "%pix_444_V = trunc i24 %ovrlayYUV_read" [/opt/Xilinx/Vitis_HLS/2022.1/common/technology/autopilot/hls_stream_39.h:145]   --->   Operation 37 'trunc' 'pix_444_V' <Predicate = (!icmp_ln936)> <Delay = 0.00>
ST_3 : Operation 38 [1/1] (0.00ns)   --->   "%pix_rgb_V_2 = partselect i8 @_ssdm_op_PartSelect.i8.i24.i32.i32, i24 %ovrlayYUV_read, i32 8, i32 15" [/opt/Xilinx/Vitis_HLS/2022.1/common/technology/autopilot/hls_stream_39.h:145]   --->   Operation 38 'partselect' 'pix_rgb_V_2' <Predicate = (!icmp_ln936)> <Delay = 0.00>
ST_3 : Operation 39 [1/1] (0.00ns)   --->   "%pix_rgb_V = partselect i8 @_ssdm_op_PartSelect.i8.i24.i32.i32, i24 %ovrlayYUV_read, i32 16, i32 23" [/opt/Xilinx/Vitis_HLS/2022.1/common/technology/autopilot/hls_stream_39.h:145]   --->   Operation 39 'partselect' 'pix_rgb_V' <Predicate = (!icmp_ln936)> <Delay = 0.00>
ST_3 : Operation 40 [1/1] (0.00ns)   --->   "%p_Result_s = bitconcatenate i9 @_ssdm_op_BitConcatenate.i9.i1.i8, i1 1, i8 %pix_444_V"   --->   Operation 40 'bitconcatenate' 'p_Result_s' <Predicate = (!icmp_ln936 & !icmp_ln975_read)> <Delay = 0.00>
ST_3 : Operation 41 [1/1] (0.00ns)   --->   "%p_Result_1 = bitconcatenate i9 @_ssdm_op_BitConcatenate.i9.i1.i8, i1 1, i8 %pix_rgb_V_2"   --->   Operation 41 'bitconcatenate' 'p_Result_1' <Predicate = (!icmp_ln936 & icmp_ln975_read)> <Delay = 0.00>
ST_3 : Operation 42 [1/1] (1.08ns)   --->   "%axi_data_V = select i1 %icmp_ln975_read, i9 %p_Result_1, i9 %p_Result_s" [/home/trevor/Documents/xilinx/basys3_pong2/vivado/pong_2/pong_2.runs/design_1_v_tpg_0_0_synth_1/prj/sol/.autopilot/db/v_tpg.cpp:975]   --->   Operation 42 'select' 'axi_data_V' <Predicate = (!icmp_ln936)> <Delay = 1.08> <CoreInst = "Sel">   --->   Core 73 'Sel' <Latency = 0> <II = 1> <Delay = 1.08> <FuncUnit> <Opcode : 'select'> <InPorts = 3> <OutPorts = 1>
ST_3 : Operation 43 [1/1] (0.00ns)   --->   "%sext_ln880 = sext i9 %axi_data_V" [/home/trevor/Documents/xilinx/basys3_pong2/vivado/pong_2/pong_2.runs/design_1_v_tpg_0_0_synth_1/prj/sol/.autopilot/db/v_tpg.cpp:880]   --->   Operation 43 'sext' 'sext_ln880' <Predicate = (!icmp_ln936)> <Delay = 0.00>
ST_3 : Operation 44 [1/1] (1.04ns)   --->   "%select_ln975 = select i1 %icmp_ln975_read, i8 %pix_rgb_V, i8 %pix_rgb_V_2" [/home/trevor/Documents/xilinx/basys3_pong2/vivado/pong_2/pong_2.runs/design_1_v_tpg_0_0_synth_1/prj/sol/.autopilot/db/v_tpg.cpp:975]   --->   Operation 44 'select' 'select_ln975' <Predicate = (!icmp_ln936)> <Delay = 1.04> <CoreInst = "Sel">   --->   Core 73 'Sel' <Latency = 0> <II = 1> <Delay = 1.04> <FuncUnit> <Opcode : 'select'> <InPorts = 3> <OutPorts = 1>
ST_3 : Operation 45 [1/1] (1.04ns)   --->   "%select_ln975_1 = select i1 %icmp_ln975_read, i8 %pix_444_V, i8 %pix_rgb_V" [/home/trevor/Documents/xilinx/basys3_pong2/vivado/pong_2/pong_2.runs/design_1_v_tpg_0_0_synth_1/prj/sol/.autopilot/db/v_tpg.cpp:975]   --->   Operation 45 'select' 'select_ln975_1' <Predicate = (!icmp_ln936)> <Delay = 1.04> <CoreInst = "Sel">   --->   Core 73 'Sel' <Latency = 0> <II = 1> <Delay = 1.04> <FuncUnit> <Opcode : 'select'> <InPorts = 3> <OutPorts = 1>
ST_3 : Operation 46 [1/1] (0.00ns)   --->   "%tmp = bitconcatenate i16 @_ssdm_op_BitConcatenate.i16.i8.i8, i8 %select_ln975_1, i8 %select_ln975" [/home/trevor/Documents/xilinx/basys3_pong2/vivado/pong_2/pong_2.runs/design_1_v_tpg_0_0_synth_1/prj/sol/.autopilot/db/v_tpg.cpp:975]   --->   Operation 46 'bitconcatenate' 'tmp' <Predicate = (!icmp_ln936)> <Delay = 0.00>
ST_3 : Operation 47 [1/1] (0.00ns)   --->   "%axi_data_V_3 = partset i24 @_ssdm_op_PartSet.i24.i24.i16.i32.i32, i24 %sext_ln880, i16 %tmp, i32 8, i32 23" [/home/trevor/Documents/xilinx/basys3_pong2/vivado/pong_2/pong_2.runs/design_1_v_tpg_0_0_synth_1/prj/sol/.autopilot/db/v_tpg.cpp:975]   --->   Operation 47 'partset' 'axi_data_V_3' <Predicate = (!icmp_ln936)> <Delay = 0.00>
ST_3 : Operation 48 [1/1] (0.00ns)   --->   "%write_ln304 = write void @_ssdm_op_Write.axis.volatile.i24P0A.i3P0A.i3P0A.i1P0A.i1P0A.i1P0A.i1P0A, i24 %m_axis_video_V_data_V, i3 %m_axis_video_V_keep_V, i3 %m_axis_video_V_strb_V, i1 %m_axis_video_V_user_V, i1 %m_axis_video_V_last_V, i1 %m_axis_video_V_id_V, i1 %m_axis_video_V_dest_V, i24 %axi_data_V_3, i3 7, i3 0, i1 %tmp_user_V, i1 %tmp_last_V, i1 0, i1 0"   --->   Operation 48 'write' 'write_ln304' <Predicate = (!icmp_ln936)> <Delay = 0.00> <CoreInst = "axis">   --->   Core 115 'axis' <Latency = 0> <II = 1> <Delay = 1.00> <Adapter> <Opcode : >

State 4 <SV = 2> <Delay = 0.00>
ST_4 : Operation 49 [1/1] (0.00ns)   --->   "%write_ln991 = write void @_ssdm_op_Write.ap_auto.i1P0A, i1 %phi_ln991_out, i1 %phi_ln991" [/home/trevor/Documents/xilinx/basys3_pong2/vivado/pong_2/pong_2.runs/design_1_v_tpg_0_0_synth_1/prj/sol/.autopilot/db/v_tpg.cpp:991]   --->   Operation 49 'write' 'write_ln991' <Predicate = true> <Delay = 0.00>

State 5 <SV = 3> <Delay = 0.00>
ST_5 : Operation 50 [1/1] (0.00ns)   --->   "%ret_ln0 = ret"   --->   Operation 50 'ret' 'ret_ln0' <Predicate = true> <Delay = 0.00>


============================================================
+ Verbose Summary: Binding
============================================================
STG Binding: 
---------------- STG Properties BEGIN ----------------
- Is combinational: 0
- Is one-state seq: 0
- Is datapath-only: 0
- Is pipelined: 0
- Is top level: 0
Port [ Return ] is wired: 1; IO mode=ap_ctrl_hs:ce=0
Port [ sof]:  wired=1; compound=0; hidden=0; nouse=0; global=0; static=0; extern=0; dir=0; type=0; pingpong=0; private_global=0; IO mode=ap_none:ce=0
Port [ width_load_cast1]:  wired=1; compound=0; hidden=0; nouse=0; global=0; static=0; extern=0; dir=0; type=0; pingpong=0; private_global=0; IO mode=ap_stable:ce=0
Port [ ovrlayYUV]:  wired=1; compound=1; hidden=0; nouse=0; global=0; static=0; extern=0; dir=0; type=3; pingpong=0; private_global=0; IO mode=ap_fifo:ce=0
Port [ icmp_ln975]:  wired=1; compound=0; hidden=0; nouse=0; global=0; static=0; extern=0; dir=0; type=0; pingpong=0; private_global=0; IO mode=ap_stable:ce=0
Port [ m_axis_video_V_data_V]:  wired=1; compound=1; hidden=0; nouse=0; global=0; static=0; extern=0; dir=1; type=0; pingpong=0; private_global=0; IO mode=axis:ce=0
Port [ m_axis_video_V_keep_V]:  wired=1; compound=1; hidden=0; nouse=0; global=0; static=0; extern=0; dir=1; type=0; pingpong=0; private_global=0; IO mode=axis:ce=0
Port [ m_axis_video_V_strb_V]:  wired=1; compound=1; hidden=0; nouse=0; global=0; static=0; extern=0; dir=1; type=0; pingpong=0; private_global=0; IO mode=axis:ce=0
Port [ m_axis_video_V_user_V]:  wired=1; compound=1; hidden=0; nouse=0; global=0; static=0; extern=0; dir=1; type=0; pingpong=0; private_global=0; IO mode=axis:ce=0
Port [ m_axis_video_V_last_V]:  wired=1; compound=1; hidden=0; nouse=0; global=0; static=0; extern=0; dir=1; type=0; pingpong=0; private_global=0; IO mode=axis:ce=0
Port [ m_axis_video_V_id_V]:  wired=1; compound=1; hidden=0; nouse=0; global=0; static=0; extern=0; dir=1; type=0; pingpong=0; private_global=0; IO mode=axis:ce=0
Port [ m_axis_video_V_dest_V]:  wired=1; compound=1; hidden=0; nouse=0; global=0; static=0; extern=0; dir=1; type=0; pingpong=0; private_global=0; IO mode=axis:ce=0
Port [ sub]:  wired=1; compound=0; hidden=0; nouse=0; global=0; static=0; extern=0; dir=0; type=0; pingpong=0; private_global=0; IO mode=ap_stable:ce=0
Port [ counter_loc_1_out]:  wired=1; compound=0; hidden=0; nouse=0; global=0; static=0; extern=0; dir=2; type=0; pingpong=0; private_global=0; IO mode=ap_ovld:ce=0
Port [ phi_ln991_out]:  wired=1; compound=0; hidden=0; nouse=0; global=0; static=0; extern=0; dir=1; type=0; pingpong=0; private_global=0; IO mode=ap_vld:ce=0
Port [ counter]:  wired=1; compound=0; hidden=0; nouse=0; global=1; static=1; extern=0; dir=1; type=0; pingpong=0; private_global=0; IO mode=ap_vld:ce=0
---------------- STG Properties END ------------------

---------------- Datapath Model BEGIN ----------------

<LifeTime>
<method=bitvector/>
j                        (alloca           ) [ 011100]
specinterface_ln0        (specinterface    ) [ 000000]
specinterface_ln0        (specinterface    ) [ 000000]
sub_read                 (read             ) [ 001100]
icmp_ln975_read          (read             ) [ 001100]
width_load_cast1_read    (read             ) [ 001100]
sof_read                 (read             ) [ 011100]
store_ln0                (store            ) [ 000000]
br_ln0                   (br               ) [ 011100]
tmp_user_V               (phi              ) [ 001100]
phi_ln991                (phi              ) [ 001010]
j_1                      (load             ) [ 000000]
zext_ln936               (zext             ) [ 000000]
icmp_ln936               (icmp             ) [ 001100]
empty                    (speclooptripcount) [ 000000]
j_2                      (add              ) [ 000000]
br_ln936                 (br               ) [ 000000]
specpipeline_ln939       (specpipeline     ) [ 000000]
specloopname_ln928       (specloopname     ) [ 000000]
tmp_last_V               (icmp             ) [ 001100]
br_ln958                 (br               ) [ 000000]
counter_loc_1_out_load   (load             ) [ 000000]
add_ln960                (add              ) [ 000000]
store_ln960              (store            ) [ 000000]
store_ln961              (store            ) [ 000000]
br_ln961                 (br               ) [ 000000]
store_ln936              (store            ) [ 000000]
br_ln936                 (br               ) [ 011100]
counter_loc_1_out_load_1 (load             ) [ 000000]
trunc_ln145              (trunc            ) [ 011000]
ovrlayYUV_read           (read             ) [ 000000]
pix_444_V                (trunc            ) [ 000000]
pix_rgb_V_2              (partselect       ) [ 000000]
pix_rgb_V                (partselect       ) [ 000000]
p_Result_s               (bitconcatenate   ) [ 000000]
p_Result_1               (bitconcatenate   ) [ 000000]
axi_data_V               (select           ) [ 000000]
sext_ln880               (sext             ) [ 000000]
select_ln975             (select           ) [ 000000]
select_ln975_1           (select           ) [ 000000]
tmp                      (bitconcatenate   ) [ 000000]
axi_data_V_3             (partset          ) [ 000000]
write_ln304              (write            ) [ 000000]
write_ln991              (write            ) [ 000000]
ret_ln0                  (ret              ) [ 000000]
</LifeTime>

<model>

<comp_list>
<comp id="0" class="1000" name="sof">
<pin_list>
<pin id="1" dir="1" index="0" bw="1" slack="0"/>
</pin_list>
<bind>
<StgValue><ssdm name="sof"/></StgValue>
</bind>
</comp>

<comp id="2" class="1000" name="width_load_cast1">
<pin_list>
<pin id="3" dir="1" index="0" bw="1" slack="0"/>
</pin_list>
<bind>
<StgValue><ssdm name="width_load_cast1"/></StgValue>
</bind>
</comp>

<comp id="4" class="1000" name="ovrlayYUV">
<pin_list>
<pin id="5" dir="1" index="0" bw="1" slack="0"/>
</pin_list>
<bind>
<StgValue><ssdm name="ovrlayYUV"/></StgValue>
</bind>
</comp>

<comp id="6" class="1000" name="icmp_ln975">
<pin_list>
<pin id="7" dir="1" index="0" bw="1" slack="0"/>
</pin_list>
<bind>
<StgValue><ssdm name="icmp_ln975"/></StgValue>
</bind>
</comp>

<comp id="8" class="1000" name="m_axis_video_V_data_V">
<pin_list>
<pin id="9" dir="1" index="0" bw="1" slack="0"/>
</pin_list>
<bind>
<StgValue><ssdm name="m_axis_video_V_data_V"/></StgValue>
</bind>
</comp>

<comp id="10" class="1000" name="m_axis_video_V_keep_V">
<pin_list>
<pin id="11" dir="1" index="0" bw="1" slack="0"/>
</pin_list>
<bind>
<StgValue><ssdm name="m_axis_video_V_keep_V"/></StgValue>
</bind>
</comp>

<comp id="12" class="1000" name="m_axis_video_V_strb_V">
<pin_list>
<pin id="13" dir="1" index="0" bw="1" slack="0"/>
</pin_list>
<bind>
<StgValue><ssdm name="m_axis_video_V_strb_V"/></StgValue>
</bind>
</comp>

<comp id="14" class="1000" name="m_axis_video_V_user_V">
<pin_list>
<pin id="15" dir="1" index="0" bw="1" slack="0"/>
</pin_list>
<bind>
<StgValue><ssdm name="m_axis_video_V_user_V"/></StgValue>
</bind>
</comp>

<comp id="16" class="1000" name="m_axis_video_V_last_V">
<pin_list>
<pin id="17" dir="1" index="0" bw="1" slack="0"/>
</pin_list>
<bind>
<StgValue><ssdm name="m_axis_video_V_last_V"/></StgValue>
</bind>
</comp>

<comp id="18" class="1000" name="m_axis_video_V_id_V">
<pin_list>
<pin id="19" dir="1" index="0" bw="1" slack="0"/>
</pin_list>
<bind>
<StgValue><ssdm name="m_axis_video_V_id_V"/></StgValue>
</bind>
</comp>

<comp id="20" class="1000" name="m_axis_video_V_dest_V">
<pin_list>
<pin id="21" dir="1" index="0" bw="1" slack="0"/>
</pin_list>
<bind>
<StgValue><ssdm name="m_axis_video_V_dest_V"/></StgValue>
</bind>
</comp>

<comp id="22" class="1000" name="sub">
<pin_list>
<pin id="23" dir="1" index="0" bw="1" slack="0"/>
</pin_list>
<bind>
<StgValue><ssdm name="sub"/></StgValue>
</bind>
</comp>

<comp id="24" class="1000" name="counter_loc_1_out">
<pin_list>
<pin id="25" dir="1" index="0" bw="1" slack="0"/>
</pin_list>
<bind>
<StgValue><ssdm name="counter_loc_1_out"/></StgValue>
</bind>
</comp>

<comp id="26" class="1000" name="phi_ln991_out">
<pin_list>
<pin id="27" dir="1" index="0" bw="1" slack="0"/>
</pin_list>
<bind>
<StgValue><ssdm name="phi_ln991_out"/></StgValue>
</bind>
</comp>

<comp id="28" class="1000" name="counter">
<pin_list>
<pin id="29" dir="1" index="0" bw="1" slack="0"/>
</pin_list>
<bind>
<StgValue><ssdm name="counter"/></StgValue>
</bind>
</comp>

<comp id="30" class="1001" name="const_30">
<pin_list>
<pin id="31" dir="1" index="0" bw="1" slack="0"/>
</pin_list>
<bind>
<StgValue><ssdm name=""/></StgValue>
</bind>
</comp>

<comp id="32" class="1001" name="const_32">
<pin_list>
<pin id="33" dir="1" index="0" bw="1" slack="2147483647"/>
</pin_list>
<bind>
<StgValue><ssdm name="_ssdm_op_SpecInterface"/></StgValue>
</bind>
</comp>

<comp id="34" class="1001" name="const_34">
<pin_list>
<pin id="35" dir="1" index="0" bw="1" slack="2147483647"/>
</pin_list>
<bind>
<StgValue><ssdm name="empty_18"/></StgValue>
</bind>
</comp>

<comp id="36" class="1001" name="const_36">
<pin_list>
<pin id="37" dir="1" index="0" bw="1" slack="2147483647"/>
</pin_list>
<bind>
<StgValue><ssdm name=""/></StgValue>
</bind>
</comp>

<comp id="38" class="1001" name="const_38">
<pin_list>
<pin id="39" dir="1" index="0" bw="1" slack="2147483647"/>
</pin_list>
<bind>
<StgValue><ssdm name="empty_27"/></StgValue>
</bind>
</comp>

<comp id="40" class="1001" name="const_40">
<pin_list>
<pin id="41" dir="1" index="0" bw="1" slack="2147483647"/>
</pin_list>
<bind>
<StgValue><ssdm name="empty_16"/></StgValue>
</bind>
</comp>

<comp id="42" class="1001" name="const_42">
<pin_list>
<pin id="43" dir="1" index="0" bw="1" slack="2147483647"/>
</pin_list>
<bind>
<StgValue><ssdm name=""/></StgValue>
</bind>
</comp>

<comp id="44" class="1001" name="const_44">
<pin_list>
<pin id="45" dir="1" index="0" bw="1" slack="2147483647"/>
</pin_list>
<bind>
<StgValue><ssdm name="empty_10"/></StgValue>
</bind>
</comp>

<comp id="46" class="1001" name="const_46">
<pin_list>
<pin id="47" dir="1" index="0" bw="1" slack="0"/>
</pin_list>
<bind>
<StgValue><ssdm name="_ssdm_op_Read.ap_auto.i11"/></StgValue>
</bind>
</comp>

<comp id="48" class="1001" name="const_48">
<pin_list>
<pin id="49" dir="1" index="0" bw="1" slack="0"/>
</pin_list>
<bind>
<StgValue><ssdm name="_ssdm_op_Read.ap_auto.i1"/></StgValue>
</bind>
</comp>

<comp id="50" class="1001" name="const_50">
<pin_list>
<pin id="51" dir="1" index="0" bw="1" slack="0"/>
</pin_list>
<bind>
<StgValue><ssdm name="_ssdm_op_Read.ap_auto.i10"/></StgValue>
</bind>
</comp>

<comp id="52" class="1001" name="const_52">
<pin_list>
<pin id="53" dir="1" index="0" bw="1" slack="0"/>
</pin_list>
<bind>
<StgValue><ssdm name=""/></StgValue>
</bind>
</comp>

<comp id="54" class="1001" name="const_54">
<pin_list>
<pin id="55" dir="1" index="0" bw="1" slack="0"/>
</pin_list>
<bind>
<StgValue><ssdm name=""/></StgValue>
</bind>
</comp>

<comp id="56" class="1001" name="const_56">
<pin_list>
<pin id="57" dir="1" index="0" bw="1" slack="2147483647"/>
</pin_list>
<bind>
<StgValue><ssdm name="_ssdm_op_SpecLoopTripCount"/></StgValue>
</bind>
</comp>

<comp id="58" class="1001" name="const_58">
<pin_list>
<pin id="59" dir="1" index="0" bw="1" slack="2147483647"/>
</pin_list>
<bind>
<StgValue><ssdm name=""/></StgValue>
</bind>
</comp>

<comp id="60" class="1001" name="const_60">
<pin_list>
<pin id="61" dir="1" index="0" bw="1" slack="2147483647"/>
</pin_list>
<bind>
<StgValue><ssdm name=""/></StgValue>
</bind>
</comp>

<comp id="62" class="1001" name="const_62">
<pin_list>
<pin id="63" dir="1" index="0" bw="1" slack="2147483647"/>
</pin_list>
<bind>
<StgValue><ssdm name=""/></StgValue>
</bind>
</comp>

<comp id="64" class="1001" name="const_64">
<pin_list>
<pin id="65" dir="1" index="0" bw="1" slack="0"/>
</pin_list>
<bind>
<StgValue><ssdm name=""/></StgValue>
</bind>
</comp>

<comp id="66" class="1001" name="const_66">
<pin_list>
<pin id="67" dir="1" index="0" bw="1" slack="2147483647"/>
</pin_list>
<bind>
<StgValue><ssdm name="_ssdm_op_SpecPipeline"/></StgValue>
</bind>
</comp>

<comp id="68" class="1001" name="const_68">
<pin_list>
<pin id="69" dir="1" index="0" bw="1" slack="2147483647"/>
</pin_list>
<bind>
<StgValue><ssdm name="_ssdm_op_SpecLoopName"/></StgValue>
</bind>
</comp>

<comp id="70" class="1001" name="const_70">
<pin_list>
<pin id="71" dir="1" index="0" bw="1" slack="2147483647"/>
</pin_list>
<bind>
<StgValue><ssdm name="empty_13"/></StgValue>
</bind>
</comp>

<comp id="72" class="1001" name="const_72">
<pin_list>
<pin id="73" dir="1" index="0" bw="1" slack="0"/>
</pin_list>
<bind>
<StgValue><ssdm name=""/></StgValue>
</bind>
</comp>

<comp id="74" class="1001" name="const_74">
<pin_list>
<pin id="75" dir="1" index="0" bw="1" slack="0"/>
</pin_list>
<bind>
<StgValue><ssdm name="_ssdm_op_Read.ap_fifo.volatile.i24P0A"/></StgValue>
</bind>
</comp>

<comp id="76" class="1001" name="const_76">
<pin_list>
<pin id="77" dir="1" index="0" bw="1" slack="0"/>
</pin_list>
<bind>
<StgValue><ssdm name="_ssdm_op_PartSelect.i8.i24.i32.i32"/></StgValue>
</bind>
</comp>

<comp id="78" class="1001" name="const_78">
<pin_list>
<pin id="79" dir="1" index="0" bw="1" slack="0"/>
</pin_list>
<bind>
<StgValue><ssdm name=""/></StgValue>
</bind>
</comp>

<comp id="80" class="1001" name="const_80">
<pin_list>
<pin id="81" dir="1" index="0" bw="1" slack="0"/>
</pin_list>
<bind>
<StgValue><ssdm name=""/></StgValue>
</bind>
</comp>

<comp id="82" class="1001" name="const_82">
<pin_list>
<pin id="83" dir="1" index="0" bw="1" slack="0"/>
</pin_list>
<bind>
<StgValue><ssdm name=""/></StgValue>
</bind>
</comp>

<comp id="84" class="1001" name="const_84">
<pin_list>
<pin id="85" dir="1" index="0" bw="1" slack="0"/>
</pin_list>
<bind>
<StgValue><ssdm name=""/></StgValue>
</bind>
</comp>

<comp id="86" class="1001" name="const_86">
<pin_list>
<pin id="87" dir="1" index="0" bw="1" slack="0"/>
</pin_list>
<bind>
<StgValue><ssdm name="_ssdm_op_BitConcatenate.i9.i1.i8"/></StgValue>
</bind>
</comp>

<comp id="88" class="1001" name="const_88">
<pin_list>
<pin id="89" dir="1" index="0" bw="1" slack="0"/>
</pin_list>
<bind>
<StgValue><ssdm name=""/></StgValue>
</bind>
</comp>

<comp id="90" class="1001" name="const_90">
<pin_list>
<pin id="91" dir="1" index="0" bw="1" slack="0"/>
</pin_list>
<bind>
<StgValue><ssdm name="_ssdm_op_BitConcatenate.i16.i8.i8"/></StgValue>
</bind>
</comp>

<comp id="92" class="1001" name="const_92">
<pin_list>
<pin id="93" dir="1" index="0" bw="1" slack="0"/>
</pin_list>
<bind>
<StgValue><ssdm name="_ssdm_op_PartSet.i24.i24.i16.i32.i32"/></StgValue>
</bind>
</comp>

<comp id="94" class="1001" name="const_94">
<pin_list>
<pin id="95" dir="1" index="0" bw="1" slack="0"/>
</pin_list>
<bind>
<StgValue><ssdm name="_ssdm_op_Write.axis.volatile.i24P0A.i3P0A.i3P0A.i1P0A.i1P0A.i1P0A.i1P0A"/></StgValue>
</bind>
</comp>

<comp id="96" class="1001" name="const_96">
<pin_list>
<pin id="97" dir="1" index="0" bw="1" slack="0"/>
</pin_list>
<bind>
<StgValue><ssdm name=""/></StgValue>
</bind>
</comp>

<comp id="98" class="1001" name="const_98">
<pin_list>
<pin id="99" dir="1" index="0" bw="1" slack="0"/>
</pin_list>
<bind>
<StgValue><ssdm name=""/></StgValue>
</bind>
</comp>

<comp id="100" class="1001" name="const_100">
<pin_list>
<pin id="101" dir="1" index="0" bw="1" slack="0"/>
</pin_list>
<bind>
<StgValue><ssdm name=""/></StgValue>
</bind>
</comp>

<comp id="102" class="1001" name="const_102">
<pin_list>
<pin id="103" dir="1" index="0" bw="1" slack="0"/>
</pin_list>
<bind>
<StgValue><ssdm name="_ssdm_op_Write.ap_auto.i1P0A"/></StgValue>
</bind>
</comp>

<comp id="104" class="1004" name="j_fu_104">
<pin_list>
<pin id="105" dir="0" index="0" bw="1" slack="0"/>
<pin id="106" dir="1" index="1" bw="10" slack="0"/>
</pin_list>
<bind>
<opcode="alloca(26) " fcode="alloca"/>
<opset="j/1 "/>
</bind>
</comp>

<comp id="108" class="1004" name="sub_read_read_fu_108">
<pin_list>
<pin id="109" dir="0" index="0" bw="11" slack="0"/>
<pin id="110" dir="0" index="1" bw="11" slack="0"/>
<pin id="111" dir="1" index="2" bw="11" slack="1"/>
</pin_list>
<bind>
<opcode="read(1150) " fcode="read"/>
<opset="sub_read/1 "/>
</bind>
</comp>

<comp id="114" class="1004" name="icmp_ln975_read_read_fu_114">
<pin_list>
<pin id="115" dir="0" index="0" bw="1" slack="0"/>
<pin id="116" dir="0" index="1" bw="1" slack="0"/>
<pin id="117" dir="1" index="2" bw="1" slack="2"/>
</pin_list>
<bind>
<opcode="read(1150) " fcode="read"/>
<opset="icmp_ln975_read/1 "/>
</bind>
</comp>

<comp id="120" class="1004" name="width_load_cast1_read_read_fu_120">
<pin_list>
<pin id="121" dir="0" index="0" bw="10" slack="0"/>
<pin id="122" dir="0" index="1" bw="10" slack="0"/>
<pin id="123" dir="1" index="2" bw="10" slack="1"/>
</pin_list>
<bind>
<opcode="read(1150) " fcode="read"/>
<opset="width_load_cast1_read/1 "/>
</bind>
</comp>

<comp id="126" class="1004" name="sof_read_read_fu_126">
<pin_list>
<pin id="127" dir="0" index="0" bw="1" slack="0"/>
<pin id="128" dir="0" index="1" bw="1" slack="0"/>
<pin id="129" dir="1" index="2" bw="1" slack="1"/>
</pin_list>
<bind>
<opcode="read(1150) " fcode="read"/>
<opset="sof_read/1 "/>
</bind>
</comp>

<comp id="132" class="1004" name="ovrlayYUV_read_read_fu_132">
<pin_list>
<pin id="133" dir="0" index="0" bw="24" slack="0"/>
<pin id="134" dir="0" index="1" bw="24" slack="0"/>
<pin id="135" dir="1" index="2" bw="24" slack="0"/>
</pin_list>
<bind>
<opcode="read(1150) " fcode="read"/>
<opset="ovrlayYUV_read/3 "/>
</bind>
</comp>

<comp id="138" class="1004" name="write_ln304_write_fu_138">
<pin_list>
<pin id="139" dir="0" index="0" bw="0" slack="0"/>
<pin id="140" dir="0" index="1" bw="24" slack="0"/>
<pin id="141" dir="0" index="2" bw="3" slack="0"/>
<pin id="142" dir="0" index="3" bw="3" slack="0"/>
<pin id="143" dir="0" index="4" bw="1" slack="0"/>
<pin id="144" dir="0" index="5" bw="1" slack="0"/>
<pin id="145" dir="0" index="6" bw="1" slack="0"/>
<pin id="146" dir="0" index="7" bw="1" slack="0"/>
<pin id="147" dir="0" index="8" bw="24" slack="0"/>
<pin id="148" dir="0" index="9" bw="1" slack="0"/>
<pin id="149" dir="0" index="10" bw="1" slack="0"/>
<pin id="150" dir="0" index="11" bw="1" slack="1"/>
<pin id="151" dir="0" index="12" bw="1" slack="1"/>
<pin id="152" dir="0" index="13" bw="1" slack="0"/>
<pin id="153" dir="0" index="14" bw="1" slack="0"/>
<pin id="154" dir="1" index="15" bw="0" slack="2147483647"/>
</pin_list>
<bind>
<opcode="write(1151) " fcode="write"/>
<opset="write_ln304/3 "/>
</bind>
</comp>

<comp id="167" class="1004" name="write_ln991_write_fu_167">
<pin_list>
<pin id="168" dir="0" index="0" bw="0" slack="0"/>
<pin id="169" dir="0" index="1" bw="1" slack="0"/>
<pin id="170" dir="0" index="2" bw="1" slack="1"/>
<pin id="171" dir="1" index="3" bw="0" slack="2147483647"/>
</pin_list>
<bind>
<opcode="write(1151) " fcode="write"/>
<opset="write_ln991/4 "/>
</bind>
</comp>

<comp id="174" class="1005" name="tmp_user_V_reg_174">
<pin_list>
<pin id="175" dir="0" index="0" bw="1" slack="1"/>
<pin id="176" dir="1" index="1" bw="1" slack="1"/>
</pin_list>
<bind>
<opset="tmp_user_V (phireg) "/>
</bind>
</comp>

<comp id="178" class="1004" name="tmp_user_V_phi_fu_178">
<pin_list>
<pin id="179" dir="0" index="0" bw="1" slack="0"/>
<pin id="180" dir="0" index="1" bw="0" slack="2147483647"/>
<pin id="181" dir="0" index="2" bw="1" slack="1"/>
<pin id="182" dir="0" index="3" bw="0" slack="2147483647"/>
<pin id="183" dir="1" index="4" bw="1" slack="1"/>
</pin_list>
<bind>
<opcode="phi(47) " fcode="phi"/>
<opset="tmp_user_V/2 "/>
</bind>
</comp>

<comp id="186" class="1005" name="phi_ln991_reg_186">
<pin_list>
<pin id="187" dir="0" index="0" bw="1" slack="1"/>
<pin id="188" dir="1" index="1" bw="1" slack="1"/>
</pin_list>
<bind>
<opset="phi_ln991 (phireg) "/>
</bind>
</comp>

<comp id="191" class="1004" name="phi_ln991_phi_fu_191">
<pin_list>
<pin id="192" dir="0" index="0" bw="1" slack="1"/>
<pin id="193" dir="0" index="1" bw="0" slack="2147483647"/>
<pin id="194" dir="0" index="2" bw="1" slack="1"/>
<pin id="195" dir="0" index="3" bw="0" slack="2147483647"/>
<pin id="196" dir="1" index="4" bw="1" slack="1"/>
</pin_list>
<bind>
<opcode="phi(47) " fcode="phi"/>
<opset="phi_ln991/2 "/>
</bind>
</comp>

<comp id="199" class="1004" name="store_ln0_store_fu_199">
<pin_list>
<pin id="200" dir="0" index="0" bw="1" slack="0"/>
<pin id="201" dir="0" index="1" bw="10" slack="0"/>
<pin id="202" dir="1" index="2" bw="0" slack="2147483647"/>
</pin_list>
<bind>
<opcode="store(28) " fcode="store"/>
<opset="store_ln0/1 "/>
</bind>
</comp>

<comp id="204" class="1004" name="j_1_load_fu_204">
<pin_list>
<pin id="205" dir="0" index="0" bw="10" slack="1"/>
<pin id="206" dir="1" index="1" bw="10" slack="0"/>
</pin_list>
<bind>
<opcode="load(27) " fcode="load"/>
<opset="j_1/2 "/>
</bind>
</comp>

<comp id="207" class="1004" name="zext_ln936_fu_207">
<pin_list>
<pin id="208" dir="0" index="0" bw="10" slack="0"/>
<pin id="209" dir="1" index="1" bw="11" slack="0"/>
</pin_list>
<bind>
<opcode="zext(34) " fcode="zext"/>
<opset="zext_ln936/2 "/>
</bind>
</comp>

<comp id="211" class="1004" name="icmp_ln936_fu_211">
<pin_list>
<pin id="212" dir="0" index="0" bw="10" slack="0"/>
<pin id="213" dir="0" index="1" bw="10" slack="1"/>
<pin id="214" dir="1" index="2" bw="1" slack="1"/>
</pin_list>
<bind>
<opcode="icmp(45) " fcode="icmp"/>
<opset="icmp_ln936/2 "/>
</bind>
</comp>

<comp id="216" class="1004" name="j_2_fu_216">
<pin_list>
<pin id="217" dir="0" index="0" bw="10" slack="0"/>
<pin id="218" dir="0" index="1" bw="1" slack="0"/>
<pin id="219" dir="1" index="2" bw="10" slack="0"/>
</pin_list>
<bind>
<opcode="add(8) " fcode="add"/>
<opset="j_2/2 "/>
</bind>
</comp>

<comp id="222" class="1004" name="tmp_last_V_fu_222">
<pin_list>
<pin id="223" dir="0" index="0" bw="10" slack="0"/>
<pin id="224" dir="0" index="1" bw="11" slack="1"/>
<pin id="225" dir="1" index="2" bw="1" slack="1"/>
</pin_list>
<bind>
<opcode="icmp(45) " fcode="icmp"/>
<opset="tmp_last_V/2 "/>
</bind>
</comp>

<comp id="227" class="1004" name="counter_loc_1_out_load_load_fu_227">
<pin_list>
<pin id="228" dir="0" index="0" bw="16" slack="0"/>
<pin id="229" dir="1" index="1" bw="16" slack="0"/>
</pin_list>
<bind>
<opcode="load(27) " fcode="load"/>
<opset="counter_loc_1_out_load/2 "/>
</bind>
</comp>

<comp id="231" class="1004" name="add_ln960_fu_231">
<pin_list>
<pin id="232" dir="0" index="0" bw="16" slack="0"/>
<pin id="233" dir="0" index="1" bw="1" slack="0"/>
<pin id="234" dir="1" index="2" bw="16" slack="0"/>
</pin_list>
<bind>
<opcode="add(8) " fcode="add"/>
<opset="add_ln960/2 "/>
</bind>
</comp>

<comp id="237" class="1004" name="store_ln960_store_fu_237">
<pin_list>
<pin id="238" dir="0" index="0" bw="16" slack="0"/>
<pin id="239" dir="0" index="1" bw="16" slack="0"/>
<pin id="240" dir="1" index="2" bw="0" slack="2147483647"/>
</pin_list>
<bind>
<opcode="store(28) " fcode="store"/>
<opset="store_ln960/2 "/>
</bind>
</comp>

<comp id="243" class="1004" name="store_ln961_store_fu_243">
<pin_list>
<pin id="244" dir="0" index="0" bw="16" slack="0"/>
<pin id="245" dir="0" index="1" bw="16" slack="0"/>
<pin id="246" dir="1" index="2" bw="0" slack="2147483647"/>
</pin_list>
<bind>
<opcode="store(28) " fcode="store"/>
<opset="store_ln961/2 "/>
</bind>
</comp>

<comp id="249" class="1004" name="store_ln936_store_fu_249">
<pin_list>
<pin id="250" dir="0" index="0" bw="10" slack="0"/>
<pin id="251" dir="0" index="1" bw="10" slack="1"/>
<pin id="252" dir="1" index="2" bw="0" slack="2147483647"/>
</pin_list>
<bind>
<opcode="store(28) " fcode="store"/>
<opset="store_ln936/2 "/>
</bind>
</comp>

<comp id="254" class="1004" name="counter_loc_1_out_load_1_load_fu_254">
<pin_list>
<pin id="255" dir="0" index="0" bw="16" slack="0"/>
<pin id="256" dir="1" index="1" bw="16" slack="0"/>
</pin_list>
<bind>
<opcode="load(27) " fcode="load"/>
<opset="counter_loc_1_out_load_1/3 "/>
</bind>
</comp>

<comp id="258" class="1004" name="trunc_ln145_fu_258">
<pin_list>
<pin id="259" dir="0" index="0" bw="16" slack="0"/>
<pin id="260" dir="1" index="1" bw="1" slack="1"/>
</pin_list>
<bind>
<opcode="trunc(33) " fcode="trunc"/>
<opset="trunc_ln145/3 "/>
</bind>
</comp>

<comp id="262" class="1004" name="pix_444_V_fu_262">
<pin_list>
<pin id="263" dir="0" index="0" bw="24" slack="0"/>
<pin id="264" dir="1" index="1" bw="8" slack="0"/>
</pin_list>
<bind>
<opcode="trunc(33) " fcode="trunc"/>
<opset="pix_444_V/3 "/>
</bind>
</comp>

<comp id="266" class="1004" name="pix_rgb_V_2_fu_266">
<pin_list>
<pin id="267" dir="0" index="0" bw="8" slack="0"/>
<pin id="268" dir="0" index="1" bw="24" slack="0"/>
<pin id="269" dir="0" index="2" bw="5" slack="0"/>
<pin id="270" dir="0" index="3" bw="5" slack="0"/>
<pin id="271" dir="1" index="4" bw="8" slack="0"/>
</pin_list>
<bind>
<opcode="partselect(1002) " fcode="partselect"/>
<opset="pix_rgb_V_2/3 "/>
</bind>
</comp>

<comp id="276" class="1004" name="pix_rgb_V_fu_276">
<pin_list>
<pin id="277" dir="0" index="0" bw="8" slack="0"/>
<pin id="278" dir="0" index="1" bw="24" slack="0"/>
<pin id="279" dir="0" index="2" bw="6" slack="0"/>
<pin id="280" dir="0" index="3" bw="6" slack="0"/>
<pin id="281" dir="1" index="4" bw="8" slack="0"/>
</pin_list>
<bind>
<opcode="partselect(1002) " fcode="partselect"/>
<opset="pix_rgb_V/3 "/>
</bind>
</comp>

<comp id="286" class="1004" name="p_Result_s_fu_286">
<pin_list>
<pin id="287" dir="0" index="0" bw="9" slack="0"/>
<pin id="288" dir="0" index="1" bw="1" slack="0"/>
<pin id="289" dir="0" index="2" bw="8" slack="0"/>
<pin id="290" dir="1" index="3" bw="9" slack="0"/>
</pin_list>
<bind>
<opcode="bitconcatenate(1004) " fcode="bitconcatenate"/>
<opset="p_Result_s/3 "/>
</bind>
</comp>

<comp id="294" class="1004" name="p_Result_1_fu_294">
<pin_list>
<pin id="295" dir="0" index="0" bw="9" slack="0"/>
<pin id="296" dir="0" index="1" bw="1" slack="0"/>
<pin id="297" dir="0" index="2" bw="8" slack="0"/>
<pin id="298" dir="1" index="3" bw="9" slack="0"/>
</pin_list>
<bind>
<opcode="bitconcatenate(1004) " fcode="bitconcatenate"/>
<opset="p_Result_1/3 "/>
</bind>
</comp>

<comp id="302" class="1004" name="axi_data_V_fu_302">
<pin_list>
<pin id="303" dir="0" index="0" bw="1" slack="2"/>
<pin id="304" dir="0" index="1" bw="9" slack="0"/>
<pin id="305" dir="0" index="2" bw="9" slack="0"/>
<pin id="306" dir="1" index="3" bw="9" slack="0"/>
</pin_list>
<bind>
<opcode="select(49) " fcode="select"/>
<opset="axi_data_V/3 "/>
</bind>
</comp>

<comp id="309" class="1004" name="sext_ln880_fu_309">
<pin_list>
<pin id="310" dir="0" index="0" bw="9" slack="0"/>
<pin id="311" dir="1" index="1" bw="24" slack="0"/>
</pin_list>
<bind>
<opcode="sext(35) " fcode="sext"/>
<opset="sext_ln880/3 "/>
</bind>
</comp>

<comp id="313" class="1004" name="select_ln975_fu_313">
<pin_list>
<pin id="314" dir="0" index="0" bw="1" slack="2"/>
<pin id="315" dir="0" index="1" bw="8" slack="0"/>
<pin id="316" dir="0" index="2" bw="8" slack="0"/>
<pin id="317" dir="1" index="3" bw="8" slack="0"/>
</pin_list>
<bind>
<opcode="select(49) " fcode="select"/>
<opset="select_ln975/3 "/>
</bind>
</comp>

<comp id="320" class="1004" name="select_ln975_1_fu_320">
<pin_list>
<pin id="321" dir="0" index="0" bw="1" slack="2"/>
<pin id="322" dir="0" index="1" bw="8" slack="0"/>
<pin id="323" dir="0" index="2" bw="8" slack="0"/>
<pin id="324" dir="1" index="3" bw="8" slack="0"/>
</pin_list>
<bind>
<opcode="select(49) " fcode="select"/>
<opset="select_ln975_1/3 "/>
</bind>
</comp>

<comp id="327" class="1004" name="tmp_fu_327">
<pin_list>
<pin id="328" dir="0" index="0" bw="16" slack="0"/>
<pin id="329" dir="0" index="1" bw="8" slack="0"/>
<pin id="330" dir="0" index="2" bw="8" slack="0"/>
<pin id="331" dir="1" index="3" bw="16" slack="0"/>
</pin_list>
<bind>
<opcode="bitconcatenate(1004) " fcode="bitconcatenate"/>
<opset="tmp/3 "/>
</bind>
</comp>

<comp id="335" class="1004" name="axi_data_V_3_fu_335">
<pin_list>
<pin id="336" dir="0" index="0" bw="24" slack="0"/>
<pin id="337" dir="0" index="1" bw="9" slack="0"/>
<pin id="338" dir="0" index="2" bw="16" slack="0"/>
<pin id="339" dir="0" index="3" bw="5" slack="0"/>
<pin id="340" dir="0" index="4" bw="6" slack="0"/>
<pin id="341" dir="1" index="5" bw="24" slack="0"/>
</pin_list>
<bind>
<opcode="partset(1003) " fcode="partset"/>
<opset="axi_data_V_3/3 "/>
</bind>
</comp>

<comp id="348" class="1005" name="j_reg_348">
<pin_list>
<pin id="349" dir="0" index="0" bw="10" slack="0"/>
<pin id="350" dir="1" index="1" bw="10" slack="0"/>
</pin_list>
<bind>
<opset="j "/>
</bind>
</comp>

<comp id="355" class="1005" name="sub_read_reg_355">
<pin_list>
<pin id="356" dir="0" index="0" bw="11" slack="1"/>
<pin id="357" dir="1" index="1" bw="11" slack="1"/>
</pin_list>
<bind>
<opset="sub_read "/>
</bind>
</comp>

<comp id="360" class="1005" name="icmp_ln975_read_reg_360">
<pin_list>
<pin id="361" dir="0" index="0" bw="1" slack="2"/>
<pin id="362" dir="1" index="1" bw="1" slack="2"/>
</pin_list>
<bind>
<opset="icmp_ln975_read "/>
</bind>
</comp>

<comp id="367" class="1005" name="width_load_cast1_read_reg_367">
<pin_list>
<pin id="368" dir="0" index="0" bw="10" slack="1"/>
<pin id="369" dir="1" index="1" bw="10" slack="1"/>
</pin_list>
<bind>
<opset="width_load_cast1_read "/>
</bind>
</comp>

<comp id="372" class="1005" name="sof_read_reg_372">
<pin_list>
<pin id="373" dir="0" index="0" bw="1" slack="1"/>
<pin id="374" dir="1" index="1" bw="1" slack="1"/>
</pin_list>
<bind>
<opset="sof_read "/>
</bind>
</comp>

<comp id="377" class="1005" name="icmp_ln936_reg_377">
<pin_list>
<pin id="378" dir="0" index="0" bw="1" slack="1"/>
<pin id="379" dir="1" index="1" bw="1" slack="2147483647"/>
</pin_list>
<bind>
<opset="icmp_ln936 "/>
</bind>
</comp>

<comp id="381" class="1005" name="tmp_last_V_reg_381">
<pin_list>
<pin id="382" dir="0" index="0" bw="1" slack="1"/>
<pin id="383" dir="1" index="1" bw="1" slack="1"/>
</pin_list>
<bind>
<opset="tmp_last_V "/>
</bind>
</comp>

<comp id="386" class="1005" name="trunc_ln145_reg_386">
<pin_list>
<pin id="387" dir="0" index="0" bw="1" slack="1"/>
<pin id="388" dir="1" index="1" bw="1" slack="1"/>
</pin_list>
<bind>
<opset="trunc_ln145 "/>
</bind>
</comp>

</comp_list>

<net_list>
<net id="107"><net_src comp="30" pin="0"/><net_sink comp="104" pin=0"/></net>

<net id="112"><net_src comp="46" pin="0"/><net_sink comp="108" pin=0"/></net>

<net id="113"><net_src comp="22" pin="0"/><net_sink comp="108" pin=1"/></net>

<net id="118"><net_src comp="48" pin="0"/><net_sink comp="114" pin=0"/></net>

<net id="119"><net_src comp="6" pin="0"/><net_sink comp="114" pin=1"/></net>

<net id="124"><net_src comp="50" pin="0"/><net_sink comp="120" pin=0"/></net>

<net id="125"><net_src comp="2" pin="0"/><net_sink comp="120" pin=1"/></net>

<net id="130"><net_src comp="48" pin="0"/><net_sink comp="126" pin=0"/></net>

<net id="131"><net_src comp="0" pin="0"/><net_sink comp="126" pin=1"/></net>

<net id="136"><net_src comp="74" pin="0"/><net_sink comp="132" pin=0"/></net>

<net id="137"><net_src comp="4" pin="0"/><net_sink comp="132" pin=1"/></net>

<net id="155"><net_src comp="94" pin="0"/><net_sink comp="138" pin=0"/></net>

<net id="156"><net_src comp="8" pin="0"/><net_sink comp="138" pin=1"/></net>

<net id="157"><net_src comp="10" pin="0"/><net_sink comp="138" pin=2"/></net>

<net id="158"><net_src comp="12" pin="0"/><net_sink comp="138" pin=3"/></net>

<net id="159"><net_src comp="14" pin="0"/><net_sink comp="138" pin=4"/></net>

<net id="160"><net_src comp="16" pin="0"/><net_sink comp="138" pin=5"/></net>

<net id="161"><net_src comp="18" pin="0"/><net_sink comp="138" pin=6"/></net>

<net id="162"><net_src comp="20" pin="0"/><net_sink comp="138" pin=7"/></net>

<net id="163"><net_src comp="96" pin="0"/><net_sink comp="138" pin=9"/></net>

<net id="164"><net_src comp="98" pin="0"/><net_sink comp="138" pin=10"/></net>

<net id="165"><net_src comp="100" pin="0"/><net_sink comp="138" pin=13"/></net>

<net id="166"><net_src comp="100" pin="0"/><net_sink comp="138" pin=14"/></net>

<net id="172"><net_src comp="102" pin="0"/><net_sink comp="167" pin=0"/></net>

<net id="173"><net_src comp="26" pin="0"/><net_sink comp="167" pin=1"/></net>

<net id="177"><net_src comp="174" pin="1"/><net_sink comp="138" pin=11"/></net>

<net id="184"><net_src comp="54" pin="0"/><net_sink comp="178" pin=0"/></net>

<net id="185"><net_src comp="178" pin="4"/><net_sink comp="174" pin=0"/></net>

<net id="189"><net_src comp="54" pin="0"/><net_sink comp="186" pin=0"/></net>

<net id="190"><net_src comp="186" pin="1"/><net_sink comp="167" pin=2"/></net>

<net id="197"><net_src comp="186" pin="1"/><net_sink comp="191" pin=2"/></net>

<net id="198"><net_src comp="191" pin="4"/><net_sink comp="186" pin=0"/></net>

<net id="203"><net_src comp="52" pin="0"/><net_sink comp="199" pin=0"/></net>

<net id="210"><net_src comp="204" pin="1"/><net_sink comp="207" pin=0"/></net>

<net id="215"><net_src comp="204" pin="1"/><net_sink comp="211" pin=0"/></net>

<net id="220"><net_src comp="204" pin="1"/><net_sink comp="216" pin=0"/></net>

<net id="221"><net_src comp="64" pin="0"/><net_sink comp="216" pin=1"/></net>

<net id="226"><net_src comp="207" pin="1"/><net_sink comp="222" pin=0"/></net>

<net id="230"><net_src comp="24" pin="0"/><net_sink comp="227" pin=0"/></net>

<net id="235"><net_src comp="227" pin="1"/><net_sink comp="231" pin=0"/></net>

<net id="236"><net_src comp="72" pin="0"/><net_sink comp="231" pin=1"/></net>

<net id="241"><net_src comp="231" pin="2"/><net_sink comp="237" pin=0"/></net>

<net id="242"><net_src comp="28" pin="0"/><net_sink comp="237" pin=1"/></net>

<net id="247"><net_src comp="231" pin="2"/><net_sink comp="243" pin=0"/></net>

<net id="248"><net_src comp="24" pin="0"/><net_sink comp="243" pin=1"/></net>

<net id="253"><net_src comp="216" pin="2"/><net_sink comp="249" pin=0"/></net>

<net id="257"><net_src comp="24" pin="0"/><net_sink comp="254" pin=0"/></net>

<net id="261"><net_src comp="254" pin="1"/><net_sink comp="258" pin=0"/></net>

<net id="265"><net_src comp="132" pin="2"/><net_sink comp="262" pin=0"/></net>

<net id="272"><net_src comp="76" pin="0"/><net_sink comp="266" pin=0"/></net>

<net id="273"><net_src comp="132" pin="2"/><net_sink comp="266" pin=1"/></net>

<net id="274"><net_src comp="78" pin="0"/><net_sink comp="266" pin=2"/></net>

<net id="275"><net_src comp="80" pin="0"/><net_sink comp="266" pin=3"/></net>

<net id="282"><net_src comp="76" pin="0"/><net_sink comp="276" pin=0"/></net>

<net id="283"><net_src comp="132" pin="2"/><net_sink comp="276" pin=1"/></net>

<net id="284"><net_src comp="82" pin="0"/><net_sink comp="276" pin=2"/></net>

<net id="285"><net_src comp="84" pin="0"/><net_sink comp="276" pin=3"/></net>

<net id="291"><net_src comp="86" pin="0"/><net_sink comp="286" pin=0"/></net>

<net id="292"><net_src comp="88" pin="0"/><net_sink comp="286" pin=1"/></net>

<net id="293"><net_src comp="262" pin="1"/><net_sink comp="286" pin=2"/></net>

<net id="299"><net_src comp="86" pin="0"/><net_sink comp="294" pin=0"/></net>

<net id="300"><net_src comp="88" pin="0"/><net_sink comp="294" pin=1"/></net>

<net id="301"><net_src comp="266" pin="4"/><net_sink comp="294" pin=2"/></net>

<net id="307"><net_src comp="294" pin="3"/><net_sink comp="302" pin=1"/></net>

<net id="308"><net_src comp="286" pin="3"/><net_sink comp="302" pin=2"/></net>

<net id="312"><net_src comp="302" pin="3"/><net_sink comp="309" pin=0"/></net>

<net id="318"><net_src comp="276" pin="4"/><net_sink comp="313" pin=1"/></net>

<net id="319"><net_src comp="266" pin="4"/><net_sink comp="313" pin=2"/></net>

<net id="325"><net_src comp="262" pin="1"/><net_sink comp="320" pin=1"/></net>

<net id="326"><net_src comp="276" pin="4"/><net_sink comp="320" pin=2"/></net>

<net id="332"><net_src comp="90" pin="0"/><net_sink comp="327" pin=0"/></net>

<net id="333"><net_src comp="320" pin="3"/><net_sink comp="327" pin=1"/></net>

<net id="334"><net_src comp="313" pin="3"/><net_sink comp="327" pin=2"/></net>

<net id="342"><net_src comp="92" pin="0"/><net_sink comp="335" pin=0"/></net>

<net id="343"><net_src comp="309" pin="1"/><net_sink comp="335" pin=1"/></net>

<net id="344"><net_src comp="327" pin="3"/><net_sink comp="335" pin=2"/></net>

<net id="345"><net_src comp="78" pin="0"/><net_sink comp="335" pin=3"/></net>

<net id="346"><net_src comp="84" pin="0"/><net_sink comp="335" pin=4"/></net>

<net id="347"><net_src comp="335" pin="5"/><net_sink comp="138" pin=8"/></net>

<net id="351"><net_src comp="104" pin="1"/><net_sink comp="348" pin=0"/></net>

<net id="352"><net_src comp="348" pin="1"/><net_sink comp="199" pin=1"/></net>

<net id="353"><net_src comp="348" pin="1"/><net_sink comp="204" pin=0"/></net>

<net id="354"><net_src comp="348" pin="1"/><net_sink comp="249" pin=1"/></net>

<net id="358"><net_src comp="108" pin="2"/><net_sink comp="355" pin=0"/></net>

<net id="359"><net_src comp="355" pin="1"/><net_sink comp="222" pin=1"/></net>

<net id="363"><net_src comp="114" pin="2"/><net_sink comp="360" pin=0"/></net>

<net id="364"><net_src comp="360" pin="1"/><net_sink comp="302" pin=0"/></net>

<net id="365"><net_src comp="360" pin="1"/><net_sink comp="313" pin=0"/></net>

<net id="366"><net_src comp="360" pin="1"/><net_sink comp="320" pin=0"/></net>

<net id="370"><net_src comp="120" pin="2"/><net_sink comp="367" pin=0"/></net>

<net id="371"><net_src comp="367" pin="1"/><net_sink comp="211" pin=1"/></net>

<net id="375"><net_src comp="126" pin="2"/><net_sink comp="372" pin=0"/></net>

<net id="376"><net_src comp="372" pin="1"/><net_sink comp="178" pin=2"/></net>

<net id="380"><net_src comp="211" pin="2"/><net_sink comp="377" pin=0"/></net>

<net id="384"><net_src comp="222" pin="2"/><net_sink comp="381" pin=0"/></net>

<net id="385"><net_src comp="381" pin="1"/><net_sink comp="138" pin=12"/></net>

<net id="389"><net_src comp="258" pin="1"/><net_sink comp="386" pin=0"/></net>

<net id="390"><net_src comp="386" pin="1"/><net_sink comp="191" pin=0"/></net>

</net_list>

</model> 
---------------- Datapath Model END ------------------

* FSMD analyzer results:
  - Output states:
	Port: m_axis_video_V_data_V | {3 }
	Port: m_axis_video_V_keep_V | {3 }
	Port: m_axis_video_V_strb_V | {3 }
	Port: m_axis_video_V_user_V | {3 }
	Port: m_axis_video_V_last_V | {3 }
	Port: m_axis_video_V_id_V | {3 }
	Port: m_axis_video_V_dest_V | {3 }
	Port: counter_loc_1_out | {2 }
	Port: phi_ln991_out | {4 }
	Port: counter | {2 }
 - Input state : 
	Port: MultiPixStream2AXIvideo_Pipeline_VITIS_LOOP_936_2 : sof | {1 }
	Port: MultiPixStream2AXIvideo_Pipeline_VITIS_LOOP_936_2 : width_load_cast1 | {1 }
	Port: MultiPixStream2AXIvideo_Pipeline_VITIS_LOOP_936_2 : ovrlayYUV | {3 }
	Port: MultiPixStream2AXIvideo_Pipeline_VITIS_LOOP_936_2 : icmp_ln975 | {1 }
	Port: MultiPixStream2AXIvideo_Pipeline_VITIS_LOOP_936_2 : sub | {1 }
	Port: MultiPixStream2AXIvideo_Pipeline_VITIS_LOOP_936_2 : counter_loc_1_out | {2 3 }
  - Chain level:
	State 1
		store_ln0 : 1
	State 2
		zext_ln936 : 1
		icmp_ln936 : 1
		j_2 : 1
		br_ln936 : 2
		tmp_last_V : 2
		br_ln958 : 1
		add_ln960 : 1
		store_ln960 : 2
		store_ln961 : 2
		store_ln936 : 2
	State 3
		trunc_ln145 : 1
		p_Result_s : 1
		p_Result_1 : 1
		axi_data_V : 2
		sext_ln880 : 3
		select_ln975 : 1
		select_ln975_1 : 1
		tmp : 2
		axi_data_V_3 : 4
		write_ln304 : 5
	State 4
	State 5


============================================================
+ Verbose Summary: Datapath Resource usage 
============================================================

* Functional unit list:
|----------|-----------------------------------|---------|---------|
| Operation|          Functional Unit          |    FF   |   LUT   |
|----------|-----------------------------------|---------|---------|
|    add   |             j_2_fu_216            |    0    |    17   |
|          |          add_ln960_fu_231         |    0    |    23   |
|----------|-----------------------------------|---------|---------|
|          |         axi_data_V_fu_302         |    0    |    9    |
|  select  |        select_ln975_fu_313        |    0    |    8    |
|          |       select_ln975_1_fu_320       |    0    |    8    |
|----------|-----------------------------------|---------|---------|
|   icmp   |         icmp_ln936_fu_211         |    0    |    11   |
|          |         tmp_last_V_fu_222         |    0    |    11   |
|----------|-----------------------------------|---------|---------|
|          |        sub_read_read_fu_108       |    0    |    0    |
|          |    icmp_ln975_read_read_fu_114    |    0    |    0    |
|   read   | width_load_cast1_read_read_fu_120 |    0    |    0    |
|          |        sof_read_read_fu_126       |    0    |    0    |
|          |     ovrlayYUV_read_read_fu_132    |    0    |    0    |
|----------|-----------------------------------|---------|---------|
|   write  |      write_ln304_write_fu_138     |    0    |    0    |
|          |      write_ln991_write_fu_167     |    0    |    0    |
|----------|-----------------------------------|---------|---------|
|   zext   |         zext_ln936_fu_207         |    0    |    0    |
|----------|-----------------------------------|---------|---------|
|   trunc  |         trunc_ln145_fu_258        |    0    |    0    |
|          |          pix_444_V_fu_262         |    0    |    0    |
|----------|-----------------------------------|---------|---------|
|partselect|         pix_rgb_V_2_fu_266        |    0    |    0    |
|          |          pix_rgb_V_fu_276         |    0    |    0    |
|----------|-----------------------------------|---------|---------|
|          |         p_Result_s_fu_286         |    0    |    0    |
|bitconcatenate|         p_Result_1_fu_294         |    0    |    0    |
|          |             tmp_fu_327            |    0    |    0    |
|----------|-----------------------------------|---------|---------|
|   sext   |         sext_ln880_fu_309         |    0    |    0    |
|----------|-----------------------------------|---------|---------|
|  partset |        axi_data_V_3_fu_335        |    0    |    0    |
|----------|-----------------------------------|---------|---------|
|   Total  |                                   |    0    |    87   |
|----------|-----------------------------------|---------|---------|

Memories:
N/A

* Register list:
+-----------------------------+--------+
|                             |   FF   |
+-----------------------------+--------+
|      icmp_ln936_reg_377     |    1   |
|   icmp_ln975_read_reg_360   |    1   |
|          j_reg_348          |   10   |
|      phi_ln991_reg_186      |    1   |
|       sof_read_reg_372      |    1   |
|       sub_read_reg_355      |   11   |
|      tmp_last_V_reg_381     |    1   |
|      tmp_user_V_reg_174     |    1   |
|     trunc_ln145_reg_386     |    1   |
|width_load_cast1_read_reg_367|   10   |
+-----------------------------+--------+
|            Total            |   38   |
+-----------------------------+--------+

* Multiplexer (MUX) list: 
|-------------------|------|------|------|--------||---------||---------|
|        Comp       |  Pin | Size |  BW  | S x BW ||  Delay  ||   LUT   |
|-------------------|------|------|------|--------||---------||---------|
| phi_ln991_reg_186 |  p0  |   2  |   1  |    2   ||    9    |
|-------------------|------|------|------|--------||---------||---------|
|       Total       |      |      |      |    2   ||   1.61  ||    9    |
|-------------------|------|------|------|--------||---------||---------|



* Summary:
+-----------+--------+--------+--------+
|           |  Delay |   FF   |   LUT  |
+-----------+--------+--------+--------+
|  Function |    -   |    0   |   87   |
|   Memory  |    -   |    -   |    -   |
|Multiplexer|    1   |    -   |    9   |
|  Register |    -   |   38   |    -   |
+-----------+--------+--------+--------+
|   Total   |    1   |   38   |   96   |
+-----------+--------+--------+--------+
