

================================================================
== Vitis HLS Report for 'tpgPatternCheckerBoard'
================================================================
* Date:           Tue Sep  6 19:51:33 2022

* Version:        2022.1 (Build 3526262 on Mon Apr 18 15:47:01 MDT 2022)
* Project:        prj
* Solution:       sol (Vivado IP Flow Target)
* Product family: artix7
* Target device:  xc7a35t-cpg236-1


================================================================
== Performance Estimates
================================================================
+ Timing: 
    * Summary: 
    +--------+----------+----------+------------+
    |  Clock |  Target  | Estimated| Uncertainty|
    +--------+----------+----------+------------+
    |ap_clk  |  20.00 ns|  9.641 ns|     5.40 ns|
    +--------+----------+----------+------------+

+ Latency: 
    * Summary: 
    +---------+---------+-----------+-----------+-----+-----+---------+
    |  Latency (cycles) |   Latency (absolute)  |  Interval | Pipeline|
    |   min   |   max   |    min    |    max    | min | max |   Type  |
    +---------+---------+-----------+-----------+-----+-----+---------+
    |        2|        2|  40.000 ns|  40.000 ns|    1|    1|      yes|
    +---------+---------+-----------+-----------+-----+-----+---------+

    + Detail: 
        * Instance: 
        N/A

        * Loop: 
        N/A

============================================================
+ Verbose Summary: Synthesis Manager
============================================================
InlineROM: 1
ExposeGlobal: 0
============================================================
+ Verbose Summary: CDFG Model
============================================================
IsTopModel: 0
ResetActiveHigh: 1
IsCombinational: 0
IsDatapathOnly: 0
HasWiredReturn: 1
HasMFsm: 2
HasVarLatency: 0
IsPipeline: 1
IsRtlPipelined: 1
IsInstanceOverlapped: 0
IsDontTouch: 0
HasImplIP: 0
IsGatedGlobalClock: 0

+ Individual pipeline summary: 
  * Pipeline-0: initiation interval (II) = 1, depth = 3


============================================================
+ Verbose Summary: Schedule
============================================================
* Number of FSM states : 3
* Pipeline : 1
  Pipeline-0 : II = 1, D = 3, States = { 1 2 3 }
* Dataflow Pipeline: 0

* FSM state transitions: 
1 --> 2 
2 --> 3 
3 --> 

* FSM state operations: 

State 1 <SV = 0> <Delay = 9.64>
ST_1 : Operation 4 [1/1] (0.00ns)   --->   "%color_read = read i8 @_ssdm_op_Read.ap_auto.i8, i8 %color" [/home/trevor/Documents/xilinx/basys3_pong2/vivado/pong_2/pong_2.runs/design_1_v_tpg_0_0_synth_1/prj/sol/.autopilot/db/v_tpg.cpp:1506]   --->   Operation 4 'read' 'color_read' <Predicate = true> <Delay = 0.00>
ST_1 : Operation 5 [1/1] (0.00ns)   --->   "%height_read = read i14 @_ssdm_op_Read.ap_auto.i14, i14 %height" [/home/trevor/Documents/xilinx/basys3_pong2/vivado/pong_2/pong_2.runs/design_1_v_tpg_0_0_synth_1/prj/sol/.autopilot/db/v_tpg.cpp:1506]   --->   Operation 5 'read' 'height_read' <Predicate = true> <Delay = 0.00>
ST_1 : Operation 6 [1/1] (0.00ns)   --->   "%width_read = read i14 @_ssdm_op_Read.ap_auto.i14, i14 %width" [/home/trevor/Documents/xilinx/basys3_pong2/vivado/pong_2/pong_2.runs/design_1_v_tpg_0_0_synth_1/prj/sol/.autopilot/db/v_tpg.cpp:1506]   --->   Operation 6 'read' 'width_read' <Predicate = true> <Delay = 0.00>
ST_1 : Operation 7 [1/1] (0.00ns)   --->   "%x_read = read i16 @_ssdm_op_Read.ap_auto.i16, i16 %x" [/home/trevor/Documents/xilinx/basys3_pong2/vivado/pong_2/pong_2.runs/design_1_v_tpg_0_0_synth_1/prj/sol/.autopilot/db/v_tpg.cpp:1506]   --->   Operation 7 'read' 'x_read' <Predicate = true> <Delay = 0.00>
ST_1 : Operation 8 [1/1] (0.00ns)   --->   "%y_read = read i16 @_ssdm_op_Read.ap_auto.i16, i16 %y" [/home/trevor/Documents/xilinx/basys3_pong2/vivado/pong_2/pong_2.runs/design_1_v_tpg_0_0_synth_1/prj/sol/.autopilot/db/v_tpg.cpp:1506]   --->   Operation 8 'read' 'y_read' <Predicate = true> <Delay = 0.00>
ST_1 : Operation 9 [1/1] (0.00ns)   --->   "%trunc_ln1506 = trunc i16 %x_read" [/home/trevor/Documents/xilinx/basys3_pong2/vivado/pong_2/pong_2.runs/design_1_v_tpg_0_0_synth_1/prj/sol/.autopilot/db/v_tpg.cpp:1506]   --->   Operation 9 'trunc' 'trunc_ln1506' <Predicate = true> <Delay = 0.00>
ST_1 : Operation 10 [1/1] (2.13ns)   --->   "%add_ln1510 = add i14 %width_read, i14 15" [/home/trevor/Documents/xilinx/basys3_pong2/vivado/pong_2/pong_2.runs/design_1_v_tpg_0_0_synth_1/prj/sol/.autopilot/db/v_tpg.cpp:1510]   --->   Operation 10 'add' 'add_ln1510' <Predicate = true> <Delay = 2.13> <CoreInst = "Adder">   --->   Core 1 'Adder' <Latency = 0> <II = 1> <Delay = 2.13> <FuncUnit> <Opcode : 'add' 'sub'> <InPorts = 2> <OutPorts = 1>
ST_1 : Operation 11 [1/1] (0.00ns)   --->   "%trunc_ln5 = partselect i10 @_ssdm_op_PartSelect.i10.i14.i32.i32, i14 %add_ln1510, i32 4, i32 13" [/home/trevor/Documents/xilinx/basys3_pong2/vivado/pong_2/pong_2.runs/design_1_v_tpg_0_0_synth_1/prj/sol/.autopilot/db/v_tpg.cpp:1510]   --->   Operation 11 'partselect' 'trunc_ln5' <Predicate = true> <Delay = 0.00>
ST_1 : Operation 12 [1/1] (2.12ns)   --->   "%barWidthMinSamples = add i10 %trunc_ln5, i10 1023"   --->   Operation 12 'add' 'barWidthMinSamples' <Predicate = true> <Delay = 2.12> <CoreInst = "Adder">   --->   Core 1 'Adder' <Latency = 0> <II = 1> <Delay = 2.12> <FuncUnit> <Opcode : 'add' 'sub'> <InPorts = 2> <OutPorts = 1>
ST_1 : Operation 13 [1/1] (2.13ns)   --->   "%add_ln1511 = add i14 %height_read, i14 15" [/home/trevor/Documents/xilinx/basys3_pong2/vivado/pong_2/pong_2.runs/design_1_v_tpg_0_0_synth_1/prj/sol/.autopilot/db/v_tpg.cpp:1511]   --->   Operation 13 'add' 'add_ln1511' <Predicate = true> <Delay = 2.13> <CoreInst = "Adder">   --->   Core 1 'Adder' <Latency = 0> <II = 1> <Delay = 2.13> <FuncUnit> <Opcode : 'add' 'sub'> <InPorts = 2> <OutPorts = 1>
ST_1 : Operation 14 [1/1] (2.38ns)   --->   "%icmp_ln1518 = icmp_eq  i16 %x_read, i16 0" [/home/trevor/Documents/xilinx/basys3_pong2/vivado/pong_2/pong_2.runs/design_1_v_tpg_0_0_synth_1/prj/sol/.autopilot/db/v_tpg.cpp:1518]   --->   Operation 14 'icmp' 'icmp_ln1518' <Predicate = true> <Delay = 2.38> <CoreInst = "Cmp">   --->   Core 9 'Cmp' <Latency = 0> <II = 1> <Delay = 2.38> <FuncUnit> <Opcode : 'icmp'> <InPorts = 2> <OutPorts = 1>
ST_1 : Operation 15 [1/1] (0.00ns) (grouped into LUT with out node icmp_ln1518_1)   --->   "%or_ln1518 = or i16 %x_read, i16 %y_read" [/home/trevor/Documents/xilinx/basys3_pong2/vivado/pong_2/pong_2.runs/design_1_v_tpg_0_0_synth_1/prj/sol/.autopilot/db/v_tpg.cpp:1518]   --->   Operation 15 'or' 'or_ln1518' <Predicate = true> <Delay = 0.00> <CoreInst = "LogicGate">   --->   Core 74 'LogicGate' <Latency = 0> <II = 1> <Delay = 0.99> <FuncUnit> <Opcode : 'and' 'or' 'xor'> <InPorts = 2> <OutPorts = 1>
ST_1 : Operation 16 [1/1] (2.38ns) (out node of the LUT)   --->   "%icmp_ln1518_1 = icmp_eq  i16 %or_ln1518, i16 0" [/home/trevor/Documents/xilinx/basys3_pong2/vivado/pong_2/pong_2.runs/design_1_v_tpg_0_0_synth_1/prj/sol/.autopilot/db/v_tpg.cpp:1518]   --->   Operation 16 'icmp' 'icmp_ln1518_1' <Predicate = true> <Delay = 2.38> <CoreInst = "Cmp">   --->   Core 9 'Cmp' <Latency = 0> <II = 1> <Delay = 2.38> <FuncUnit> <Opcode : 'icmp'> <InPorts = 2> <OutPorts = 1>
ST_1 : Operation 17 [1/1] (0.00ns)   --->   "%vBarSel_2_load = load i8 %vBarSel_2" [/home/trevor/Documents/xilinx/basys3_pong2/vivado/pong_2/pong_2.runs/design_1_v_tpg_0_0_synth_1/prj/sol/.autopilot/db/v_tpg.cpp:1530]   --->   Operation 17 'load' 'vBarSel_2_load' <Predicate = true> <Delay = 0.00>
ST_1 : Operation 18 [1/1] (0.00ns)   --->   "%trunc_ln1073 = trunc i8 %vBarSel_2_load"   --->   Operation 18 'trunc' 'trunc_ln1073' <Predicate = true> <Delay = 0.00>
ST_1 : Operation 19 [1/1] (0.00ns)   --->   "%yCount_V_3_load = load i10 %yCount_V_3"   --->   Operation 19 'load' 'yCount_V_3_load' <Predicate = true> <Delay = 0.00>
ST_1 : Operation 20 [1/1] (0.00ns)   --->   "%br_ln1518 = br i1 %icmp_ln1518_1, void %if.else, void %if.then" [/home/trevor/Documents/xilinx/basys3_pong2/vivado/pong_2/pong_2.runs/design_1_v_tpg_0_0_synth_1/prj/sol/.autopilot/db/v_tpg.cpp:1518]   --->   Operation 20 'br' 'br_ln1518' <Predicate = true> <Delay = 0.00>
ST_1 : Operation 21 [1/1] (0.00ns)   --->   "%tmp = partselect i10 @_ssdm_op_PartSelect.i10.i14.i32.i32, i14 %add_ln1511, i32 4, i32 13"   --->   Operation 21 'partselect' 'tmp' <Predicate = (!icmp_ln1518_1)> <Delay = 0.00>
ST_1 : Operation 22 [1/1] (0.00ns)   --->   "%zext_ln1542 = zext i10 %tmp"   --->   Operation 22 'zext' 'zext_ln1542' <Predicate = (!icmp_ln1518_1)> <Delay = 0.00>
ST_1 : Operation 23 [1/1] (2.12ns)   --->   "%ret_V = add i11 %zext_ln1542, i11 2047"   --->   Operation 23 'add' 'ret_V' <Predicate = (!icmp_ln1518_1)> <Delay = 2.12> <CoreInst = "Adder">   --->   Core 1 'Adder' <Latency = 0> <II = 1> <Delay = 2.12> <FuncUnit> <Opcode : 'add' 'sub'> <InPorts = 2> <OutPorts = 1>
ST_1 : Operation 24 [1/1] (0.00ns)   --->   "%zext_ln1073 = zext i10 %yCount_V_3_load"   --->   Operation 24 'zext' 'zext_ln1073' <Predicate = (!icmp_ln1518_1)> <Delay = 0.00>
ST_1 : Operation 25 [1/1] (1.81ns)   --->   "%icmp_ln1073 = icmp_slt  i11 %zext_ln1073, i11 %ret_V"   --->   Operation 25 'icmp' 'icmp_ln1073' <Predicate = (!icmp_ln1518_1)> <Delay = 1.81> <CoreInst = "Cmp">   --->   Core 9 'Cmp' <Latency = 0> <II = 1> <Delay = 1.81> <FuncUnit> <Opcode : 'icmp'> <InPorts = 2> <OutPorts = 1>
ST_1 : Operation 26 [1/1] (0.97ns)   --->   "%and_ln1523 = and i1 %icmp_ln1073, i1 %icmp_ln1518" [/home/trevor/Documents/xilinx/basys3_pong2/vivado/pong_2/pong_2.runs/design_1_v_tpg_0_0_synth_1/prj/sol/.autopilot/db/v_tpg.cpp:1523]   --->   Operation 26 'and' 'and_ln1523' <Predicate = (!icmp_ln1518_1)> <Delay = 0.97> <CoreInst = "LogicGate">   --->   Core 74 'LogicGate' <Latency = 0> <II = 1> <Delay = 0.97> <FuncUnit> <Opcode : 'and' 'or' 'xor'> <InPorts = 2> <OutPorts = 1>
ST_1 : Operation 27 [1/1] (0.00ns)   --->   "%br_ln1523 = br i1 %and_ln1523, void %if.else19, void %if.then18" [/home/trevor/Documents/xilinx/basys3_pong2/vivado/pong_2/pong_2.runs/design_1_v_tpg_0_0_synth_1/prj/sol/.autopilot/db/v_tpg.cpp:1523]   --->   Operation 27 'br' 'br_ln1523' <Predicate = (!icmp_ln1518_1)> <Delay = 0.00>
ST_1 : Operation 28 [1/1] (1.64ns)   --->   "%br_ln1527 = br i1 %icmp_ln1518, void %VITIS_LOOP_1533_1, void %if.then22" [/home/trevor/Documents/xilinx/basys3_pong2/vivado/pong_2/pong_2.runs/design_1_v_tpg_0_0_synth_1/prj/sol/.autopilot/db/v_tpg.cpp:1527]   --->   Operation 28 'br' 'br_ln1527' <Predicate = (!icmp_ln1518_1 & !and_ln1523)> <Delay = 1.64>
ST_1 : Operation 29 [1/1] (1.61ns)   --->   "%store_ln1529 = store i10 0, i10 %yCount_V_3" [/home/trevor/Documents/xilinx/basys3_pong2/vivado/pong_2/pong_2.runs/design_1_v_tpg_0_0_synth_1/prj/sol/.autopilot/db/v_tpg.cpp:1529]   --->   Operation 29 'store' 'store_ln1529' <Predicate = (!icmp_ln1518_1 & !and_ln1523 & icmp_ln1518)> <Delay = 1.61>
ST_1 : Operation 30 [1/1] (2.11ns)   --->   "%add_ln1530 = add i8 %vBarSel_2_load, i8 1" [/home/trevor/Documents/xilinx/basys3_pong2/vivado/pong_2/pong_2.runs/design_1_v_tpg_0_0_synth_1/prj/sol/.autopilot/db/v_tpg.cpp:1530]   --->   Operation 30 'add' 'add_ln1530' <Predicate = (!icmp_ln1518_1 & !and_ln1523 & icmp_ln1518)> <Delay = 2.11> <CoreInst = "Adder">   --->   Core 1 'Adder' <Latency = 0> <II = 1> <Delay = 2.11> <FuncUnit> <Opcode : 'add' 'sub'> <InPorts = 2> <OutPorts = 1>
ST_1 : Operation 31 [1/1] (0.97ns)   --->   "%xor_ln1530 = xor i1 %trunc_ln1073, i1 1" [/home/trevor/Documents/xilinx/basys3_pong2/vivado/pong_2/pong_2.runs/design_1_v_tpg_0_0_synth_1/prj/sol/.autopilot/db/v_tpg.cpp:1530]   --->   Operation 31 'xor' 'xor_ln1530' <Predicate = (!icmp_ln1518_1 & !and_ln1523 & icmp_ln1518)> <Delay = 0.97> <CoreInst = "LogicGate">   --->   Core 74 'LogicGate' <Latency = 0> <II = 1> <Delay = 0.97> <FuncUnit> <Opcode : 'and' 'or' 'xor'> <InPorts = 2> <OutPorts = 1>
ST_1 : Operation 32 [1/1] (1.61ns)   --->   "%store_ln1530 = store i8 %add_ln1530, i8 %vBarSel_2" [/home/trevor/Documents/xilinx/basys3_pong2/vivado/pong_2/pong_2.runs/design_1_v_tpg_0_0_synth_1/prj/sol/.autopilot/db/v_tpg.cpp:1530]   --->   Operation 32 'store' 'store_ln1530' <Predicate = (!icmp_ln1518_1 & !and_ln1523 & icmp_ln1518)> <Delay = 1.61>
ST_1 : Operation 33 [1/1] (1.64ns)   --->   "%br_ln1531 = br void %VITIS_LOOP_1533_1" [/home/trevor/Documents/xilinx/basys3_pong2/vivado/pong_2/pong_2.runs/design_1_v_tpg_0_0_synth_1/prj/sol/.autopilot/db/v_tpg.cpp:1531]   --->   Operation 33 'br' 'br_ln1531' <Predicate = (!icmp_ln1518_1 & !and_ln1523 & icmp_ln1518)> <Delay = 1.64>
ST_1 : Operation 34 [1/1] (2.12ns)   --->   "%add_ln886 = add i10 %yCount_V_3_load, i10 1"   --->   Operation 34 'add' 'add_ln886' <Predicate = (!icmp_ln1518_1 & and_ln1523)> <Delay = 2.12> <CoreInst = "Adder">   --->   Core 1 'Adder' <Latency = 0> <II = 1> <Delay = 2.12> <FuncUnit> <Opcode : 'add' 'sub'> <InPorts = 2> <OutPorts = 1>
ST_1 : Operation 35 [1/1] (1.61ns)   --->   "%store_ln886 = store i10 %add_ln886, i10 %yCount_V_3"   --->   Operation 35 'store' 'store_ln886' <Predicate = (!icmp_ln1518_1 & and_ln1523)> <Delay = 1.61>
ST_1 : Operation 36 [1/1] (1.64ns)   --->   "%br_ln1526 = br void %VITIS_LOOP_1533_1" [/home/trevor/Documents/xilinx/basys3_pong2/vivado/pong_2/pong_2.runs/design_1_v_tpg_0_0_synth_1/prj/sol/.autopilot/db/v_tpg.cpp:1526]   --->   Operation 36 'br' 'br_ln1526' <Predicate = (!icmp_ln1518_1 & and_ln1523)> <Delay = 1.64>
ST_1 : Operation 37 [1/1] (1.61ns)   --->   "%store_ln1520 = store i10 0, i10 %yCount_V_3" [/home/trevor/Documents/xilinx/basys3_pong2/vivado/pong_2/pong_2.runs/design_1_v_tpg_0_0_synth_1/prj/sol/.autopilot/db/v_tpg.cpp:1520]   --->   Operation 37 'store' 'store_ln1520' <Predicate = (icmp_ln1518_1)> <Delay = 1.61>
ST_1 : Operation 38 [1/1] (1.61ns)   --->   "%store_ln1521 = store i8 0, i8 %vBarSel_2" [/home/trevor/Documents/xilinx/basys3_pong2/vivado/pong_2/pong_2.runs/design_1_v_tpg_0_0_synth_1/prj/sol/.autopilot/db/v_tpg.cpp:1521]   --->   Operation 38 'store' 'store_ln1521' <Predicate = (icmp_ln1518_1)> <Delay = 1.61>
ST_1 : Operation 39 [1/1] (1.64ns)   --->   "%br_ln1522 = br void %VITIS_LOOP_1533_1" [/home/trevor/Documents/xilinx/basys3_pong2/vivado/pong_2/pong_2.runs/design_1_v_tpg_0_0_synth_1/prj/sol/.autopilot/db/v_tpg.cpp:1522]   --->   Operation 39 'br' 'br_ln1522' <Predicate = (icmp_ln1518_1)> <Delay = 1.64>
ST_1 : Operation 40 [1/1] (0.00ns)   --->   "%vBarSel_2_loc_2 = phi i1 0, void %if.then, i1 %trunc_ln1073, void %if.then18, i1 %xor_ln1530, void %if.then22, i1 %trunc_ln1073, void %if.else19"   --->   Operation 40 'phi' 'vBarSel_2_loc_2' <Predicate = true> <Delay = 0.00>
ST_1 : Operation 41 [1/1] (1.47ns)   --->   "%cmp61 = icmp_eq  i8 %color_read, i8 0" [/home/trevor/Documents/xilinx/basys3_pong2/vivado/pong_2/pong_2.runs/design_1_v_tpg_0_0_synth_1/prj/sol/.autopilot/db/v_tpg.cpp:1506]   --->   Operation 41 'icmp' 'cmp61' <Predicate = true> <Delay = 1.47> <CoreInst = "Cmp">   --->   Core 9 'Cmp' <Latency = 0> <II = 1> <Delay = 1.47> <FuncUnit> <Opcode : 'icmp'> <InPorts = 2> <OutPorts = 1>
ST_1 : Operation 42 [1/1] (1.47ns)   --->   "%cmp84 = icmp_ne  i8 %color_read, i8 1" [/home/trevor/Documents/xilinx/basys3_pong2/vivado/pong_2/pong_2.runs/design_1_v_tpg_0_0_synth_1/prj/sol/.autopilot/db/v_tpg.cpp:1506]   --->   Operation 42 'icmp' 'cmp84' <Predicate = true> <Delay = 1.47> <CoreInst = "Cmp">   --->   Core 9 'Cmp' <Latency = 0> <II = 1> <Delay = 1.47> <FuncUnit> <Opcode : 'icmp'> <InPorts = 2> <OutPorts = 1>
ST_1 : Operation 43 [1/1] (0.00ns)   --->   "%hBarSel_3_load = load i3 %hBarSel_3" [/home/trevor/Documents/xilinx/basys3_pong2/vivado/pong_2/pong_2.runs/design_1_v_tpg_0_0_synth_1/prj/sol/.autopilot/db/v_tpg.cpp:1548]   --->   Operation 43 'load' 'hBarSel_3_load' <Predicate = true> <Delay = 0.00>
ST_1 : Operation 44 [1/1] (0.00ns)   --->   "%xCount_V_3_load = load i10 %xCount_V_3"   --->   Operation 44 'load' 'xCount_V_3_load' <Predicate = true> <Delay = 0.00>
ST_1 : Operation 45 [1/1] (0.00ns)   --->   "%br_ln1536 = br i1 %icmp_ln1518, void %if.else33, void %if.then29" [/home/trevor/Documents/xilinx/basys3_pong2/vivado/pong_2/pong_2.runs/design_1_v_tpg_0_0_synth_1/prj/sol/.autopilot/db/v_tpg.cpp:1536]   --->   Operation 45 'br' 'br_ln1536' <Predicate = true> <Delay = 0.00>
ST_1 : Operation 46 [1/1] (1.70ns)   --->   "%icmp_ln1073_3 = icmp_ult  i10 %xCount_V_3_load, i10 %barWidthMinSamples"   --->   Operation 46 'icmp' 'icmp_ln1073_3' <Predicate = (!icmp_ln1518)> <Delay = 1.70> <CoreInst = "Cmp">   --->   Core 9 'Cmp' <Latency = 0> <II = 1> <Delay = 1.70> <FuncUnit> <Opcode : 'icmp'> <InPorts = 2> <OutPorts = 1>
ST_1 : Operation 47 [1/1] (0.00ns)   --->   "%br_ln1541 = br i1 %icmp_ln1073_3, void %if.else41, void %if.then37" [/home/trevor/Documents/xilinx/basys3_pong2/vivado/pong_2/pong_2.runs/design_1_v_tpg_0_0_synth_1/prj/sol/.autopilot/db/v_tpg.cpp:1541]   --->   Operation 47 'br' 'br_ln1541' <Predicate = (!icmp_ln1518)> <Delay = 0.00>
ST_1 : Operation 48 [1/1] (2.12ns)   --->   "%sub_ln887 = sub i10 %xCount_V_3_load, i10 %barWidthMinSamples"   --->   Operation 48 'sub' 'sub_ln887' <Predicate = (!icmp_ln1518 & !icmp_ln1073_3)> <Delay = 2.12> <CoreInst = "Adder">   --->   Core 1 'Adder' <Latency = 0> <II = 1> <Delay = 2.12> <FuncUnit> <Opcode : 'add' 'sub'> <InPorts = 2> <OutPorts = 1>
ST_1 : Operation 49 [1/1] (1.64ns)   --->   "%store_ln887 = store i10 %sub_ln887, i10 %xCount_V_3"   --->   Operation 49 'store' 'store_ln887' <Predicate = (!icmp_ln1518 & !icmp_ln1073_3)> <Delay = 1.64>
ST_1 : Operation 50 [1/1] (1.68ns)   --->   "%add_ln1548 = add i3 %hBarSel_3_load, i3 1" [/home/trevor/Documents/xilinx/basys3_pong2/vivado/pong_2/pong_2.runs/design_1_v_tpg_0_0_synth_1/prj/sol/.autopilot/db/v_tpg.cpp:1548]   --->   Operation 50 'add' 'add_ln1548' <Predicate = (!icmp_ln1518 & !icmp_ln1073_3)> <Delay = 1.68> <CoreInst = "Adder">   --->   Core 1 'Adder' <Latency = 0> <II = 1> <Delay = 1.68> <FuncUnit> <Opcode : 'add' 'sub'> <InPorts = 2> <OutPorts = 1>
ST_1 : Operation 51 [1/1] (1.61ns)   --->   "%store_ln1548 = store i3 %add_ln1548, i3 %hBarSel_3" [/home/trevor/Documents/xilinx/basys3_pong2/vivado/pong_2/pong_2.runs/design_1_v_tpg_0_0_synth_1/prj/sol/.autopilot/db/v_tpg.cpp:1548]   --->   Operation 51 'store' 'store_ln1548' <Predicate = (!icmp_ln1518 & !icmp_ln1073_3)> <Delay = 1.61>
ST_1 : Operation 52 [1/1] (1.64ns)   --->   "%br_ln0 = br void %if.end53_ifconv"   --->   Operation 52 'br' 'br_ln0' <Predicate = (!icmp_ln1518 & !icmp_ln1073_3)> <Delay = 1.64>
ST_1 : Operation 53 [1/1] (2.12ns)   --->   "%add_ln886_4 = add i10 %xCount_V_3_load, i10 1"   --->   Operation 53 'add' 'add_ln886_4' <Predicate = (!icmp_ln1518 & icmp_ln1073_3)> <Delay = 2.12> <CoreInst = "Adder">   --->   Core 1 'Adder' <Latency = 0> <II = 1> <Delay = 2.12> <FuncUnit> <Opcode : 'add' 'sub'> <InPorts = 2> <OutPorts = 1>
ST_1 : Operation 54 [1/1] (1.64ns)   --->   "%store_ln886 = store i10 %add_ln886_4, i10 %xCount_V_3"   --->   Operation 54 'store' 'store_ln886' <Predicate = (!icmp_ln1518 & icmp_ln1073_3)> <Delay = 1.64>
ST_1 : Operation 55 [1/1] (1.64ns)   --->   "%br_ln1544 = br void %if.end53_ifconv" [/home/trevor/Documents/xilinx/basys3_pong2/vivado/pong_2/pong_2.runs/design_1_v_tpg_0_0_synth_1/prj/sol/.autopilot/db/v_tpg.cpp:1544]   --->   Operation 55 'br' 'br_ln1544' <Predicate = (!icmp_ln1518 & icmp_ln1073_3)> <Delay = 1.64>
ST_1 : Operation 56 [1/1] (1.61ns)   --->   "%store_ln1538 = store i3 0, i3 %hBarSel_3" [/home/trevor/Documents/xilinx/basys3_pong2/vivado/pong_2/pong_2.runs/design_1_v_tpg_0_0_synth_1/prj/sol/.autopilot/db/v_tpg.cpp:1538]   --->   Operation 56 'store' 'store_ln1538' <Predicate = (icmp_ln1518)> <Delay = 1.61>
ST_1 : Operation 57 [1/1] (1.64ns)   --->   "%store_ln1539 = store i10 0, i10 %xCount_V_3" [/home/trevor/Documents/xilinx/basys3_pong2/vivado/pong_2/pong_2.runs/design_1_v_tpg_0_0_synth_1/prj/sol/.autopilot/db/v_tpg.cpp:1539]   --->   Operation 57 'store' 'store_ln1539' <Predicate = (icmp_ln1518)> <Delay = 1.64>
ST_1 : Operation 58 [1/1] (1.64ns)   --->   "%br_ln1540 = br void %if.end53_ifconv" [/home/trevor/Documents/xilinx/basys3_pong2/vivado/pong_2/pong_2.runs/design_1_v_tpg_0_0_synth_1/prj/sol/.autopilot/db/v_tpg.cpp:1540]   --->   Operation 58 'br' 'br_ln1540' <Predicate = (icmp_ln1518)> <Delay = 1.64>
ST_1 : Operation 59 [1/1] (0.00ns)   --->   "%hBarSel_3_loc_1 = phi i3 0, void %if.then29, i3 %hBarSel_3_load, void %if.then37, i3 %add_ln1548, void %if.else41" [/home/trevor/Documents/xilinx/basys3_pong2/vivado/pong_2/pong_2.runs/design_1_v_tpg_0_0_synth_1/prj/sol/.autopilot/db/v_tpg.cpp:1548]   --->   Operation 59 'phi' 'hBarSel_3_loc_1' <Predicate = true> <Delay = 0.00>
ST_1 : Operation 60 [1/1] (0.00ns)   --->   "%tBarSel = bitconcatenate i5 @_ssdm_op_BitConcatenate.i5.i1.i1.i3, i1 %vBarSel_2_loc_2, i1 0, i3 %hBarSel_3_loc_1" [/home/trevor/Documents/xilinx/basys3_pong2/vivado/pong_2/pong_2.runs/design_1_v_tpg_0_0_synth_1/prj/sol/.autopilot/db/v_tpg.cpp:1551]   --->   Operation 60 'bitconcatenate' 'tBarSel' <Predicate = true> <Delay = 0.00>
ST_1 : Operation 61 [1/1] (0.00ns)   --->   "%zext_ln1555 = zext i5 %tBarSel" [/home/trevor/Documents/xilinx/basys3_pong2/vivado/pong_2/pong_2.runs/design_1_v_tpg_0_0_synth_1/prj/sol/.autopilot/db/v_tpg.cpp:1555]   --->   Operation 61 'zext' 'zext_ln1555' <Predicate = true> <Delay = 0.00>
ST_1 : Operation 62 [1/1] (0.00ns)   --->   "%tpgCheckerBoardArray_addr = getelementptr i2 %tpgCheckerBoardArray, i64 0, i64 %zext_ln1555" [/home/trevor/Documents/xilinx/basys3_pong2/vivado/pong_2/pong_2.runs/design_1_v_tpg_0_0_synth_1/prj/sol/.autopilot/db/v_tpg.cpp:1555]   --->   Operation 62 'getelementptr' 'tpgCheckerBoardArray_addr' <Predicate = true> <Delay = 0.00>
ST_1 : Operation 63 [2/2] (2.15ns)   --->   "%tpgCheckerBoardArray_load = load i5 %tpgCheckerBoardArray_addr" [/home/trevor/Documents/xilinx/basys3_pong2/vivado/pong_2/pong_2.runs/design_1_v_tpg_0_0_synth_1/prj/sol/.autopilot/db/v_tpg.cpp:1555]   --->   Operation 63 'load' 'tpgCheckerBoardArray_load' <Predicate = true> <Delay = 2.15> <CoreInst = "ROM">   --->   Core 95 'ROM' <Latency = 1> <II = 1> <Delay = 2.15> <Storage> <Opcode : 'load'> <Ports = 0> <Width = 2> <Depth = 32> <ROM>
ST_1 : Operation 64 [1/1] (0.00ns) (grouped into LUT with out node and_ln1560_1)   --->   "%sel_tmp1 = xor i1 %cmp61, i1 1" [/home/trevor/Documents/xilinx/basys3_pong2/vivado/pong_2/pong_2.runs/design_1_v_tpg_0_0_synth_1/prj/sol/.autopilot/db/v_tpg.cpp:1506]   --->   Operation 64 'xor' 'sel_tmp1' <Predicate = true> <Delay = 0.00> <CoreInst = "LogicGate">   --->   Core 74 'LogicGate' <Latency = 0> <II = 1> <Delay = 0.97> <FuncUnit> <Opcode : 'and' 'or' 'xor'> <InPorts = 2> <OutPorts = 1>
ST_1 : Operation 65 [1/1] (0.00ns) (grouped into LUT with out node and_ln1560_1)   --->   "%and_ln1560 = and i1 %trunc_ln1506, i1 %sel_tmp1" [/home/trevor/Documents/xilinx/basys3_pong2/vivado/pong_2/pong_2.runs/design_1_v_tpg_0_0_synth_1/prj/sol/.autopilot/db/v_tpg.cpp:1560]   --->   Operation 65 'and' 'and_ln1560' <Predicate = true> <Delay = 0.00> <CoreInst = "LogicGate">   --->   Core 74 'LogicGate' <Latency = 0> <II = 1> <Delay = 0.97> <FuncUnit> <Opcode : 'and' 'or' 'xor'> <InPorts = 2> <OutPorts = 1>
ST_1 : Operation 66 [1/1] (0.97ns) (out node of the LUT)   --->   "%and_ln1560_1 = and i1 %and_ln1560, i1 %cmp84" [/home/trevor/Documents/xilinx/basys3_pong2/vivado/pong_2/pong_2.runs/design_1_v_tpg_0_0_synth_1/prj/sol/.autopilot/db/v_tpg.cpp:1560]   --->   Operation 66 'and' 'and_ln1560_1' <Predicate = true> <Delay = 0.97> <CoreInst = "LogicGate">   --->   Core 74 'LogicGate' <Latency = 0> <II = 1> <Delay = 0.97> <FuncUnit> <Opcode : 'and' 'or' 'xor'> <InPorts = 2> <OutPorts = 1>

State 2 <SV = 1> <Delay = 4.30>
ST_2 : Operation 67 [1/2] (2.15ns)   --->   "%tpgCheckerBoardArray_load = load i5 %tpgCheckerBoardArray_addr" [/home/trevor/Documents/xilinx/basys3_pong2/vivado/pong_2/pong_2.runs/design_1_v_tpg_0_0_synth_1/prj/sol/.autopilot/db/v_tpg.cpp:1555]   --->   Operation 67 'load' 'tpgCheckerBoardArray_load' <Predicate = true> <Delay = 2.15> <CoreInst = "ROM">   --->   Core 95 'ROM' <Latency = 1> <II = 1> <Delay = 2.15> <Storage> <Opcode : 'load'> <Ports = 0> <Width = 2> <Depth = 32> <ROM>
ST_2 : Operation 68 [1/1] (0.00ns)   --->   "%sext_ln1555 = sext i2 %tpgCheckerBoardArray_load" [/home/trevor/Documents/xilinx/basys3_pong2/vivado/pong_2/pong_2.runs/design_1_v_tpg_0_0_synth_1/prj/sol/.autopilot/db/v_tpg.cpp:1555]   --->   Operation 68 'sext' 'sext_ln1555' <Predicate = true> <Delay = 0.00>
ST_2 : Operation 69 [1/1] (0.00ns)   --->   "%zext_ln1555_1 = zext i3 %sext_ln1555" [/home/trevor/Documents/xilinx/basys3_pong2/vivado/pong_2/pong_2.runs/design_1_v_tpg_0_0_synth_1/prj/sol/.autopilot/db/v_tpg.cpp:1555]   --->   Operation 69 'zext' 'zext_ln1555_1' <Predicate = true> <Delay = 0.00>
ST_2 : Operation 70 [1/1] (0.00ns)   --->   "%tpgBarSelRgb_r15_addr = getelementptr i2 %tpgBarSelRgb_r15, i64 0, i64 %zext_ln1555_1" [/home/trevor/Documents/xilinx/basys3_pong2/vivado/pong_2/pong_2.runs/design_1_v_tpg_0_0_synth_1/prj/sol/.autopilot/db/v_tpg.cpp:1555]   --->   Operation 70 'getelementptr' 'tpgBarSelRgb_r15_addr' <Predicate = (cmp61)> <Delay = 0.00>
ST_2 : Operation 71 [2/2] (2.15ns)   --->   "%tpgBarSelRgb_r15_load = load i3 %tpgBarSelRgb_r15_addr" [/home/trevor/Documents/xilinx/basys3_pong2/vivado/pong_2/pong_2.runs/design_1_v_tpg_0_0_synth_1/prj/sol/.autopilot/db/v_tpg.cpp:1555]   --->   Operation 71 'load' 'tpgBarSelRgb_r15_load' <Predicate = (cmp61)> <Delay = 2.15> <CoreInst = "ROM">   --->   Core 95 'ROM' <Latency = 1> <II = 1> <Delay = 2.15> <Storage> <Opcode : 'load'> <Ports = 0> <Width = 2> <Depth = 8> <ROM>
ST_2 : Operation 72 [1/1] (0.00ns)   --->   "%tpgBarSelRgb_g13_addr = getelementptr i2 %tpgBarSelRgb_g13, i64 0, i64 %zext_ln1555_1" [/home/trevor/Documents/xilinx/basys3_pong2/vivado/pong_2/pong_2.runs/design_1_v_tpg_0_0_synth_1/prj/sol/.autopilot/db/v_tpg.cpp:1559]   --->   Operation 72 'getelementptr' 'tpgBarSelRgb_g13_addr' <Predicate = (cmp61 & !and_ln1560_1)> <Delay = 0.00>
ST_2 : Operation 73 [2/2] (2.15ns)   --->   "%tpgBarSelRgb_g13_load = load i3 %tpgBarSelRgb_g13_addr" [/home/trevor/Documents/xilinx/basys3_pong2/vivado/pong_2/pong_2.runs/design_1_v_tpg_0_0_synth_1/prj/sol/.autopilot/db/v_tpg.cpp:1559]   --->   Operation 73 'load' 'tpgBarSelRgb_g13_load' <Predicate = (cmp61 & !and_ln1560_1)> <Delay = 2.15> <CoreInst = "ROM">   --->   Core 95 'ROM' <Latency = 1> <II = 1> <Delay = 2.15> <Storage> <Opcode : 'load'> <Ports = 0> <Width = 2> <Depth = 8> <ROM>
ST_2 : Operation 74 [1/1] (0.00ns)   --->   "%tpgBarSelRgb_b11_addr = getelementptr i2 %tpgBarSelRgb_b11, i64 0, i64 %zext_ln1555_1" [/home/trevor/Documents/xilinx/basys3_pong2/vivado/pong_2/pong_2.runs/design_1_v_tpg_0_0_synth_1/prj/sol/.autopilot/db/v_tpg.cpp:1566]   --->   Operation 74 'getelementptr' 'tpgBarSelRgb_b11_addr' <Predicate = (cmp61)> <Delay = 0.00>
ST_2 : Operation 75 [2/2] (2.15ns)   --->   "%tpgBarSelRgb_b11_load = load i3 %tpgBarSelRgb_b11_addr" [/home/trevor/Documents/xilinx/basys3_pong2/vivado/pong_2/pong_2.runs/design_1_v_tpg_0_0_synth_1/prj/sol/.autopilot/db/v_tpg.cpp:1566]   --->   Operation 75 'load' 'tpgBarSelRgb_b11_load' <Predicate = (cmp61)> <Delay = 2.15> <CoreInst = "ROM">   --->   Core 95 'ROM' <Latency = 1> <II = 1> <Delay = 2.15> <Storage> <Opcode : 'load'> <Ports = 0> <Width = 2> <Depth = 8> <ROM>
ST_2 : Operation 76 [1/1] (0.00ns)   --->   "%tpgBarSelYuv_y21_addr = getelementptr i8 %tpgBarSelYuv_y21, i64 0, i64 %zext_ln1555_1" [/home/trevor/Documents/xilinx/basys3_pong2/vivado/pong_2/pong_2.runs/design_1_v_tpg_0_0_synth_1/prj/sol/.autopilot/db/v_tpg.cpp:1556]   --->   Operation 76 'getelementptr' 'tpgBarSelYuv_y21_addr' <Predicate = (!cmp61)> <Delay = 0.00>
ST_2 : Operation 77 [2/2] (2.15ns)   --->   "%tpgBarSelYuv_y21_load = load i3 %tpgBarSelYuv_y21_addr" [/home/trevor/Documents/xilinx/basys3_pong2/vivado/pong_2/pong_2.runs/design_1_v_tpg_0_0_synth_1/prj/sol/.autopilot/db/v_tpg.cpp:1556]   --->   Operation 77 'load' 'tpgBarSelYuv_y21_load' <Predicate = (!cmp61)> <Delay = 2.15> <CoreInst = "ROM">   --->   Core 95 'ROM' <Latency = 1> <II = 1> <Delay = 2.15> <Storage> <Opcode : 'load'> <Ports = 0> <Width = 8> <Depth = 8> <ROM>
ST_2 : Operation 78 [1/1] (0.00ns)   --->   "%tpgBarSelYuv_v19_addr = getelementptr i8 %tpgBarSelYuv_v19, i64 0, i64 %zext_ln1555_1" [/home/trevor/Documents/xilinx/basys3_pong2/vivado/pong_2/pong_2.runs/design_1_v_tpg_0_0_synth_1/prj/sol/.autopilot/db/v_tpg.cpp:1567]   --->   Operation 78 'getelementptr' 'tpgBarSelYuv_v19_addr' <Predicate = true> <Delay = 0.00>
ST_2 : Operation 79 [2/2] (2.15ns)   --->   "%tpgBarSelYuv_v19_load = load i3 %tpgBarSelYuv_v19_addr" [/home/trevor/Documents/xilinx/basys3_pong2/vivado/pong_2/pong_2.runs/design_1_v_tpg_0_0_synth_1/prj/sol/.autopilot/db/v_tpg.cpp:1567]   --->   Operation 79 'load' 'tpgBarSelYuv_v19_load' <Predicate = true> <Delay = 2.15> <CoreInst = "ROM">   --->   Core 95 'ROM' <Latency = 1> <II = 1> <Delay = 2.15> <Storage> <Opcode : 'load'> <Ports = 0> <Width = 8> <Depth = 8> <ROM>
ST_2 : Operation 80 [1/1] (0.00ns)   --->   "%tpgBarSelYuv_u17_addr = getelementptr i8 %tpgBarSelYuv_u17, i64 0, i64 %zext_ln1555_1" [/home/trevor/Documents/xilinx/basys3_pong2/vivado/pong_2/pong_2.runs/design_1_v_tpg_0_0_synth_1/prj/sol/.autopilot/db/v_tpg.cpp:1561]   --->   Operation 80 'getelementptr' 'tpgBarSelYuv_u17_addr' <Predicate = (!cmp61 & !and_ln1560_1)> <Delay = 0.00>
ST_2 : Operation 81 [2/2] (2.15ns)   --->   "%tpgBarSelYuv_u17_load = load i3 %tpgBarSelYuv_u17_addr" [/home/trevor/Documents/xilinx/basys3_pong2/vivado/pong_2/pong_2.runs/design_1_v_tpg_0_0_synth_1/prj/sol/.autopilot/db/v_tpg.cpp:1561]   --->   Operation 81 'load' 'tpgBarSelYuv_u17_load' <Predicate = (!cmp61 & !and_ln1560_1)> <Delay = 2.15> <CoreInst = "ROM">   --->   Core 95 'ROM' <Latency = 1> <II = 1> <Delay = 2.15> <Storage> <Opcode : 'load'> <Ports = 0> <Width = 8> <Depth = 8> <ROM>

State 3 <SV = 2> <Delay = 3.19>
ST_3 : Operation 82 [1/2] (2.15ns)   --->   "%tpgBarSelRgb_r15_load = load i3 %tpgBarSelRgb_r15_addr" [/home/trevor/Documents/xilinx/basys3_pong2/vivado/pong_2/pong_2.runs/design_1_v_tpg_0_0_synth_1/prj/sol/.autopilot/db/v_tpg.cpp:1555]   --->   Operation 82 'load' 'tpgBarSelRgb_r15_load' <Predicate = (cmp61)> <Delay = 2.15> <CoreInst = "ROM">   --->   Core 95 'ROM' <Latency = 1> <II = 1> <Delay = 2.15> <Storage> <Opcode : 'load'> <Ports = 0> <Width = 2> <Depth = 8> <ROM>
ST_3 : Operation 83 [1/1] (0.00ns)   --->   "%tpgBarSelRgb_r_load_cast = sext i2 %tpgBarSelRgb_r15_load" [/home/trevor/Documents/xilinx/basys3_pong2/vivado/pong_2/pong_2.runs/design_1_v_tpg_0_0_synth_1/prj/sol/.autopilot/db/v_tpg.cpp:1555]   --->   Operation 83 'sext' 'tpgBarSelRgb_r_load_cast' <Predicate = (cmp61)> <Delay = 0.00>
ST_3 : Operation 84 [1/2] (2.15ns)   --->   "%tpgBarSelRgb_g13_load = load i3 %tpgBarSelRgb_g13_addr" [/home/trevor/Documents/xilinx/basys3_pong2/vivado/pong_2/pong_2.runs/design_1_v_tpg_0_0_synth_1/prj/sol/.autopilot/db/v_tpg.cpp:1559]   --->   Operation 84 'load' 'tpgBarSelRgb_g13_load' <Predicate = (cmp61 & !and_ln1560_1)> <Delay = 2.15> <CoreInst = "ROM">   --->   Core 95 'ROM' <Latency = 1> <II = 1> <Delay = 2.15> <Storage> <Opcode : 'load'> <Ports = 0> <Width = 2> <Depth = 8> <ROM>
ST_3 : Operation 85 [1/1] (0.00ns) (grouped into LUT with out node pix_val_V_9)   --->   "%sext_ln259 = sext i2 %tpgBarSelRgb_g13_load"   --->   Operation 85 'sext' 'sext_ln259' <Predicate = (cmp61 & !and_ln1560_1)> <Delay = 0.00>
ST_3 : Operation 86 [1/2] (2.15ns)   --->   "%tpgBarSelRgb_b11_load = load i3 %tpgBarSelRgb_b11_addr" [/home/trevor/Documents/xilinx/basys3_pong2/vivado/pong_2/pong_2.runs/design_1_v_tpg_0_0_synth_1/prj/sol/.autopilot/db/v_tpg.cpp:1566]   --->   Operation 86 'load' 'tpgBarSelRgb_b11_load' <Predicate = (cmp61)> <Delay = 2.15> <CoreInst = "ROM">   --->   Core 95 'ROM' <Latency = 1> <II = 1> <Delay = 2.15> <Storage> <Opcode : 'load'> <Ports = 0> <Width = 2> <Depth = 8> <ROM>
ST_3 : Operation 87 [1/1] (0.00ns)   --->   "%tpgBarSelRgb_b_load_cast = sext i2 %tpgBarSelRgb_b11_load" [/home/trevor/Documents/xilinx/basys3_pong2/vivado/pong_2/pong_2.runs/design_1_v_tpg_0_0_synth_1/prj/sol/.autopilot/db/v_tpg.cpp:1566]   --->   Operation 87 'sext' 'tpgBarSelRgb_b_load_cast' <Predicate = (cmp61)> <Delay = 0.00>
ST_3 : Operation 88 [1/2] (2.15ns)   --->   "%tpgBarSelYuv_y21_load = load i3 %tpgBarSelYuv_y21_addr" [/home/trevor/Documents/xilinx/basys3_pong2/vivado/pong_2/pong_2.runs/design_1_v_tpg_0_0_synth_1/prj/sol/.autopilot/db/v_tpg.cpp:1556]   --->   Operation 88 'load' 'tpgBarSelYuv_y21_load' <Predicate = (!cmp61)> <Delay = 2.15> <CoreInst = "ROM">   --->   Core 95 'ROM' <Latency = 1> <II = 1> <Delay = 2.15> <Storage> <Opcode : 'load'> <Ports = 0> <Width = 8> <Depth = 8> <ROM>
ST_3 : Operation 89 [1/2] (2.15ns)   --->   "%tpgBarSelYuv_v19_load = load i3 %tpgBarSelYuv_v19_addr" [/home/trevor/Documents/xilinx/basys3_pong2/vivado/pong_2/pong_2.runs/design_1_v_tpg_0_0_synth_1/prj/sol/.autopilot/db/v_tpg.cpp:1567]   --->   Operation 89 'load' 'tpgBarSelYuv_v19_load' <Predicate = true> <Delay = 2.15> <CoreInst = "ROM">   --->   Core 95 'ROM' <Latency = 1> <II = 1> <Delay = 2.15> <Storage> <Opcode : 'load'> <Ports = 0> <Width = 8> <Depth = 8> <ROM>
ST_3 : Operation 90 [1/2] (2.15ns)   --->   "%tpgBarSelYuv_u17_load = load i3 %tpgBarSelYuv_u17_addr" [/home/trevor/Documents/xilinx/basys3_pong2/vivado/pong_2/pong_2.runs/design_1_v_tpg_0_0_synth_1/prj/sol/.autopilot/db/v_tpg.cpp:1561]   --->   Operation 90 'load' 'tpgBarSelYuv_u17_load' <Predicate = (!cmp61 & !and_ln1560_1)> <Delay = 2.15> <CoreInst = "ROM">   --->   Core 95 'ROM' <Latency = 1> <II = 1> <Delay = 2.15> <Storage> <Opcode : 'load'> <Ports = 0> <Width = 8> <Depth = 8> <ROM>
ST_3 : Operation 91 [1/1] (0.00ns) (grouped into LUT with out node pix_val_V_9)   --->   "%sel_tmp = select i1 %cmp61, i8 %sext_ln259, i8 %tpgBarSelYuv_u17_load" [/home/trevor/Documents/xilinx/basys3_pong2/vivado/pong_2/pong_2.runs/design_1_v_tpg_0_0_synth_1/prj/sol/.autopilot/db/v_tpg.cpp:1506]   --->   Operation 91 'select' 'sel_tmp' <Predicate = (!and_ln1560_1)> <Delay = 0.00> <CoreInst = "Sel">   --->   Core 73 'Sel' <Latency = 0> <II = 1> <Delay = 1.04> <FuncUnit> <Opcode : 'select'> <InPorts = 3> <OutPorts = 1>
ST_3 : Operation 92 [1/1] (1.04ns) (out node of the LUT)   --->   "%pix_val_V_9 = select i1 %and_ln1560_1, i8 %tpgBarSelYuv_v19_load, i8 %sel_tmp" [/home/trevor/Documents/xilinx/basys3_pong2/vivado/pong_2/pong_2.runs/design_1_v_tpg_0_0_synth_1/prj/sol/.autopilot/db/v_tpg.cpp:1560]   --->   Operation 92 'select' 'pix_val_V_9' <Predicate = true> <Delay = 1.04> <CoreInst = "Sel">   --->   Core 73 'Sel' <Latency = 0> <II = 1> <Delay = 1.04> <FuncUnit> <Opcode : 'select'> <InPorts = 3> <OutPorts = 1>
ST_3 : Operation 93 [1/1] (1.04ns)   --->   "%pix_val_V = select i1 %cmp61, i8 %tpgBarSelRgb_r_load_cast, i8 %tpgBarSelYuv_y21_load" [/home/trevor/Documents/xilinx/basys3_pong2/vivado/pong_2/pong_2.runs/design_1_v_tpg_0_0_synth_1/prj/sol/.autopilot/db/v_tpg.cpp:1506]   --->   Operation 93 'select' 'pix_val_V' <Predicate = true> <Delay = 1.04> <CoreInst = "Sel">   --->   Core 73 'Sel' <Latency = 0> <II = 1> <Delay = 1.04> <FuncUnit> <Opcode : 'select'> <InPorts = 3> <OutPorts = 1>
ST_3 : Operation 94 [1/1] (1.04ns)   --->   "%pix_val_V_10 = select i1 %cmp61, i8 %tpgBarSelRgb_b_load_cast, i8 %tpgBarSelYuv_v19_load" [/home/trevor/Documents/xilinx/basys3_pong2/vivado/pong_2/pong_2.runs/design_1_v_tpg_0_0_synth_1/prj/sol/.autopilot/db/v_tpg.cpp:1506]   --->   Operation 94 'select' 'pix_val_V_10' <Predicate = true> <Delay = 1.04> <CoreInst = "Sel">   --->   Core 73 'Sel' <Latency = 0> <II = 1> <Delay = 1.04> <FuncUnit> <Opcode : 'select'> <InPorts = 3> <OutPorts = 1>
ST_3 : Operation 95 [1/1] (0.00ns)   --->   "%mrv = insertvalue i24 <undef>, i8 %pix_val_V" [/home/trevor/Documents/xilinx/basys3_pong2/vivado/pong_2/pong_2.runs/design_1_v_tpg_0_0_synth_1/prj/sol/.autopilot/db/v_tpg.cpp:1571]   --->   Operation 95 'insertvalue' 'mrv' <Predicate = true> <Delay = 0.00>
ST_3 : Operation 96 [1/1] (0.00ns)   --->   "%mrv_1 = insertvalue i24 %mrv, i8 %pix_val_V_9" [/home/trevor/Documents/xilinx/basys3_pong2/vivado/pong_2/pong_2.runs/design_1_v_tpg_0_0_synth_1/prj/sol/.autopilot/db/v_tpg.cpp:1571]   --->   Operation 96 'insertvalue' 'mrv_1' <Predicate = true> <Delay = 0.00>
ST_3 : Operation 97 [1/1] (0.00ns)   --->   "%mrv_2 = insertvalue i24 %mrv_1, i8 %pix_val_V_10" [/home/trevor/Documents/xilinx/basys3_pong2/vivado/pong_2/pong_2.runs/design_1_v_tpg_0_0_synth_1/prj/sol/.autopilot/db/v_tpg.cpp:1571]   --->   Operation 97 'insertvalue' 'mrv_2' <Predicate = true> <Delay = 0.00>
ST_3 : Operation 98 [1/1] (0.00ns)   --->   "%ret_ln1571 = ret i24 %mrv_2" [/home/trevor/Documents/xilinx/basys3_pong2/vivado/pong_2/pong_2.runs/design_1_v_tpg_0_0_synth_1/prj/sol/.autopilot/db/v_tpg.cpp:1571]   --->   Operation 98 'ret' 'ret_ln1571' <Predicate = true> <Delay = 0.00>


============================================================
+ Verbose Summary: Timing violations
============================================================
Target clock period: 20ns, clock uncertainty: 5.4ns.

 <State 1>: 9.64ns
The critical path consists of the following:
	wire read operation ('width_read', /home/trevor/Documents/xilinx/basys3_pong2/vivado/pong_2/pong_2.runs/design_1_v_tpg_0_0_synth_1/prj/sol/.autopilot/db/v_tpg.cpp:1506) on port 'width' (/home/trevor/Documents/xilinx/basys3_pong2/vivado/pong_2/pong_2.runs/design_1_v_tpg_0_0_synth_1/prj/sol/.autopilot/db/v_tpg.cpp:1506) [19]  (0 ns)
	'add' operation ('add_ln1510', /home/trevor/Documents/xilinx/basys3_pong2/vivado/pong_2/pong_2.runs/design_1_v_tpg_0_0_synth_1/prj/sol/.autopilot/db/v_tpg.cpp:1510) [23]  (2.14 ns)
	'add' operation ('barWidthMinSamples') [25]  (2.12 ns)
	'sub' operation ('sub_ln887') [69]  (2.12 ns)
	'store' operation ('store_ln887') of variable 'sub_ln887' on static variable 'xCount_V_3' [70]  (1.64 ns)
	blocking operation 1.62 ns on control path)

 <State 2>: 4.3ns
The critical path consists of the following:
	'load' operation ('tpgCheckerBoardArray_load', /home/trevor/Documents/xilinx/basys3_pong2/vivado/pong_2/pong_2.runs/design_1_v_tpg_0_0_synth_1/prj/sol/.autopilot/db/v_tpg.cpp:1555) on array 'tpgCheckerBoardArray' [87]  (2.15 ns)
	'getelementptr' operation ('tpgBarSelRgb_r15_addr', /home/trevor/Documents/xilinx/basys3_pong2/vivado/pong_2/pong_2.runs/design_1_v_tpg_0_0_synth_1/prj/sol/.autopilot/db/v_tpg.cpp:1555) [90]  (0 ns)
	'load' operation ('tpgBarSelRgb_r15_load', /home/trevor/Documents/xilinx/basys3_pong2/vivado/pong_2/pong_2.runs/design_1_v_tpg_0_0_synth_1/prj/sol/.autopilot/db/v_tpg.cpp:1555) on array 'tpgBarSelRgb_r15' [91]  (2.15 ns)

 <State 3>: 3.19ns
The critical path consists of the following:
	'load' operation ('op', /home/trevor/Documents/xilinx/basys3_pong2/vivado/pong_2/pong_2.runs/design_1_v_tpg_0_0_synth_1/prj/sol/.autopilot/db/v_tpg.cpp:1559) on array 'tpgBarSelRgb_g13' [94]  (2.15 ns)
	'select' operation ('sel_tmp', /home/trevor/Documents/xilinx/basys3_pong2/vivado/pong_2/pong_2.runs/design_1_v_tpg_0_0_synth_1/prj/sol/.autopilot/db/v_tpg.cpp:1506) [105]  (0 ns)
	'select' operation ('pix.val.V', /home/trevor/Documents/xilinx/basys3_pong2/vivado/pong_2/pong_2.runs/design_1_v_tpg_0_0_synth_1/prj/sol/.autopilot/db/v_tpg.cpp:1560) [109]  (1.04 ns)


============================================================
+ Verbose Summary: Binding
============================================================
N/A
* FSMD analyzer results:
  - Output states:
 - Input state : 
  - Chain level:
	State 1
	State 2
	State 3


============================================================
+ Verbose Summary: Datapath Resource usage 
============================================================
N/A
