

================================================================
== Vitis HLS Report for 'tpgPatternTartanColorBars'
================================================================
* Date:           Tue Sep  6 19:51:34 2022

* Version:        2022.1 (Build 3526262 on Mon Apr 18 15:47:01 MDT 2022)
* Project:        prj
* Solution:       sol (Vivado IP Flow Target)
* Product family: artix7
* Target device:  xc7a35t-cpg236-1


================================================================
== Performance Estimates
================================================================
+ Timing: 
    * Summary: 
    +--------+----------+----------+------------+
    |  Clock |  Target  | Estimated| Uncertainty|
    +--------+----------+----------+------------+
    |ap_clk  |  20.00 ns|  9.641 ns|     5.40 ns|
    +--------+----------+----------+------------+

+ Latency: 
    * Summary: 
    +---------+---------+-----------+-----------+-----+-----+---------+
    |  Latency (cycles) |   Latency (absolute)  |  Interval | Pipeline|
    |   min   |   max   |    min    |    max    | min | max |   Type  |
    +---------+---------+-----------+-----------+-----+-----+---------+
    |        2|        2|  40.000 ns|  40.000 ns|    1|    1|      yes|
    +---------+---------+-----------+-----------+-----+-----+---------+

    + Detail: 
        * Instance: 
        N/A

        * Loop: 
        N/A

============================================================
+ Verbose Summary: Synthesis Manager
============================================================
InlineROM: 1
ExposeGlobal: 0
============================================================
+ Verbose Summary: CDFG Model
============================================================
IsTopModel: 0
ResetActiveHigh: 1
IsCombinational: 0
IsDatapathOnly: 0
HasWiredReturn: 1
HasMFsm: 2
HasVarLatency: 0
IsPipeline: 1
IsRtlPipelined: 1
IsInstanceOverlapped: 0
IsDontTouch: 0
HasImplIP: 0
IsGatedGlobalClock: 0

+ Individual pipeline summary: 
  * Pipeline-0: initiation interval (II) = 1, depth = 3


============================================================
+ Verbose Summary: Schedule
============================================================
* Number of FSM states : 3
* Pipeline : 1
  Pipeline-0 : II = 1, D = 3, States = { 1 2 3 }
* Dataflow Pipeline: 0

* FSM state transitions: 
1 --> 2 
2 --> 3 
3 --> 

* FSM state operations: 

State 1 <SV = 0> <Delay = 9.64>
ST_1 : Operation 4 [1/1] (0.00ns)   --->   "%color_read = read i8 @_ssdm_op_Read.ap_auto.i8, i8 %color" [/home/trevor/Documents/xilinx/basys3_pong2/vivado/pong_2/pong_2.runs/design_1_v_tpg_0_0_synth_1/prj/sol/.autopilot/db/v_tpg.cpp:1324]   --->   Operation 4 'read' 'color_read' <Predicate = true> <Delay = 0.00>
ST_1 : Operation 5 [1/1] (0.00ns)   --->   "%height_read = read i14 @_ssdm_op_Read.ap_auto.i14, i14 %height" [/home/trevor/Documents/xilinx/basys3_pong2/vivado/pong_2/pong_2.runs/design_1_v_tpg_0_0_synth_1/prj/sol/.autopilot/db/v_tpg.cpp:1324]   --->   Operation 5 'read' 'height_read' <Predicate = true> <Delay = 0.00>
ST_1 : Operation 6 [1/1] (0.00ns)   --->   "%width_read = read i14 @_ssdm_op_Read.ap_auto.i14, i14 %width" [/home/trevor/Documents/xilinx/basys3_pong2/vivado/pong_2/pong_2.runs/design_1_v_tpg_0_0_synth_1/prj/sol/.autopilot/db/v_tpg.cpp:1324]   --->   Operation 6 'read' 'width_read' <Predicate = true> <Delay = 0.00>
ST_1 : Operation 7 [1/1] (0.00ns)   --->   "%x_read = read i16 @_ssdm_op_Read.ap_auto.i16, i16 %x" [/home/trevor/Documents/xilinx/basys3_pong2/vivado/pong_2/pong_2.runs/design_1_v_tpg_0_0_synth_1/prj/sol/.autopilot/db/v_tpg.cpp:1324]   --->   Operation 7 'read' 'x_read' <Predicate = true> <Delay = 0.00>
ST_1 : Operation 8 [1/1] (0.00ns)   --->   "%y_read = read i16 @_ssdm_op_Read.ap_auto.i16, i16 %y" [/home/trevor/Documents/xilinx/basys3_pong2/vivado/pong_2/pong_2.runs/design_1_v_tpg_0_0_synth_1/prj/sol/.autopilot/db/v_tpg.cpp:1324]   --->   Operation 8 'read' 'y_read' <Predicate = true> <Delay = 0.00>
ST_1 : Operation 9 [1/1] (0.00ns)   --->   "%trunc_ln1324 = trunc i16 %x_read" [/home/trevor/Documents/xilinx/basys3_pong2/vivado/pong_2/pong_2.runs/design_1_v_tpg_0_0_synth_1/prj/sol/.autopilot/db/v_tpg.cpp:1324]   --->   Operation 9 'trunc' 'trunc_ln1324' <Predicate = true> <Delay = 0.00>
ST_1 : Operation 10 [1/1] (2.13ns)   --->   "%add_ln1328 = add i14 %width_read, i14 15" [/home/trevor/Documents/xilinx/basys3_pong2/vivado/pong_2/pong_2.runs/design_1_v_tpg_0_0_synth_1/prj/sol/.autopilot/db/v_tpg.cpp:1328]   --->   Operation 10 'add' 'add_ln1328' <Predicate = true> <Delay = 2.13> <CoreInst = "Adder">   --->   Core 1 'Adder' <Latency = 0> <II = 1> <Delay = 2.13> <FuncUnit> <Opcode : 'add' 'sub'> <InPorts = 2> <OutPorts = 1>
ST_1 : Operation 11 [1/1] (0.00ns)   --->   "%trunc_ln1 = partselect i10 @_ssdm_op_PartSelect.i10.i14.i32.i32, i14 %add_ln1328, i32 4, i32 13" [/home/trevor/Documents/xilinx/basys3_pong2/vivado/pong_2/pong_2.runs/design_1_v_tpg_0_0_synth_1/prj/sol/.autopilot/db/v_tpg.cpp:1328]   --->   Operation 11 'partselect' 'trunc_ln1' <Predicate = true> <Delay = 0.00>
ST_1 : Operation 12 [1/1] (2.12ns)   --->   "%barWidthMinSamples = add i10 %trunc_ln1, i10 1023"   --->   Operation 12 'add' 'barWidthMinSamples' <Predicate = true> <Delay = 2.12> <CoreInst = "Adder">   --->   Core 1 'Adder' <Latency = 0> <II = 1> <Delay = 2.12> <FuncUnit> <Opcode : 'add' 'sub'> <InPorts = 2> <OutPorts = 1>
ST_1 : Operation 13 [1/1] (2.13ns)   --->   "%add_ln1329 = add i14 %height_read, i14 15" [/home/trevor/Documents/xilinx/basys3_pong2/vivado/pong_2/pong_2.runs/design_1_v_tpg_0_0_synth_1/prj/sol/.autopilot/db/v_tpg.cpp:1329]   --->   Operation 13 'add' 'add_ln1329' <Predicate = true> <Delay = 2.13> <CoreInst = "Adder">   --->   Core 1 'Adder' <Latency = 0> <II = 1> <Delay = 2.13> <FuncUnit> <Opcode : 'add' 'sub'> <InPorts = 2> <OutPorts = 1>
ST_1 : Operation 14 [1/1] (2.38ns)   --->   "%icmp_ln1336 = icmp_eq  i16 %x_read, i16 0" [/home/trevor/Documents/xilinx/basys3_pong2/vivado/pong_2/pong_2.runs/design_1_v_tpg_0_0_synth_1/prj/sol/.autopilot/db/v_tpg.cpp:1336]   --->   Operation 14 'icmp' 'icmp_ln1336' <Predicate = true> <Delay = 2.38> <CoreInst = "Cmp">   --->   Core 9 'Cmp' <Latency = 0> <II = 1> <Delay = 2.38> <FuncUnit> <Opcode : 'icmp'> <InPorts = 2> <OutPorts = 1>
ST_1 : Operation 15 [1/1] (0.00ns) (grouped into LUT with out node icmp_ln1336_1)   --->   "%or_ln1336 = or i16 %x_read, i16 %y_read" [/home/trevor/Documents/xilinx/basys3_pong2/vivado/pong_2/pong_2.runs/design_1_v_tpg_0_0_synth_1/prj/sol/.autopilot/db/v_tpg.cpp:1336]   --->   Operation 15 'or' 'or_ln1336' <Predicate = true> <Delay = 0.00> <CoreInst = "LogicGate">   --->   Core 74 'LogicGate' <Latency = 0> <II = 1> <Delay = 0.99> <FuncUnit> <Opcode : 'and' 'or' 'xor'> <InPorts = 2> <OutPorts = 1>
ST_1 : Operation 16 [1/1] (2.38ns) (out node of the LUT)   --->   "%icmp_ln1336_1 = icmp_eq  i16 %or_ln1336, i16 0" [/home/trevor/Documents/xilinx/basys3_pong2/vivado/pong_2/pong_2.runs/design_1_v_tpg_0_0_synth_1/prj/sol/.autopilot/db/v_tpg.cpp:1336]   --->   Operation 16 'icmp' 'icmp_ln1336_1' <Predicate = true> <Delay = 2.38> <CoreInst = "Cmp">   --->   Core 9 'Cmp' <Latency = 0> <II = 1> <Delay = 2.38> <FuncUnit> <Opcode : 'icmp'> <InPorts = 2> <OutPorts = 1>
ST_1 : Operation 17 [1/1] (0.00ns)   --->   "%vBarSel_load = load i3 %vBarSel" [/home/trevor/Documents/xilinx/basys3_pong2/vivado/pong_2/pong_2.runs/design_1_v_tpg_0_0_synth_1/prj/sol/.autopilot/db/v_tpg.cpp:1348]   --->   Operation 17 'load' 'vBarSel_load' <Predicate = true> <Delay = 0.00>
ST_1 : Operation 18 [1/1] (0.00ns)   --->   "%yCount_V_load = load i10 %yCount_V"   --->   Operation 18 'load' 'yCount_V_load' <Predicate = true> <Delay = 0.00>
ST_1 : Operation 19 [1/1] (0.00ns)   --->   "%br_ln1336 = br i1 %icmp_ln1336_1, void %if.else, void %if.then" [/home/trevor/Documents/xilinx/basys3_pong2/vivado/pong_2/pong_2.runs/design_1_v_tpg_0_0_synth_1/prj/sol/.autopilot/db/v_tpg.cpp:1336]   --->   Operation 19 'br' 'br_ln1336' <Predicate = true> <Delay = 0.00>
ST_1 : Operation 20 [1/1] (0.00ns)   --->   "%tmp = partselect i10 @_ssdm_op_PartSelect.i10.i14.i32.i32, i14 %add_ln1329, i32 4, i32 13"   --->   Operation 20 'partselect' 'tmp' <Predicate = (!icmp_ln1336_1)> <Delay = 0.00>
ST_1 : Operation 21 [1/1] (0.00ns)   --->   "%zext_ln1542 = zext i10 %tmp"   --->   Operation 21 'zext' 'zext_ln1542' <Predicate = (!icmp_ln1336_1)> <Delay = 0.00>
ST_1 : Operation 22 [1/1] (2.12ns)   --->   "%ret_V = add i11 %zext_ln1542, i11 2047"   --->   Operation 22 'add' 'ret_V' <Predicate = (!icmp_ln1336_1)> <Delay = 2.12> <CoreInst = "Adder">   --->   Core 1 'Adder' <Latency = 0> <II = 1> <Delay = 2.12> <FuncUnit> <Opcode : 'add' 'sub'> <InPorts = 2> <OutPorts = 1>
ST_1 : Operation 23 [1/1] (0.00ns)   --->   "%zext_ln1073 = zext i10 %yCount_V_load"   --->   Operation 23 'zext' 'zext_ln1073' <Predicate = (!icmp_ln1336_1)> <Delay = 0.00>
ST_1 : Operation 24 [1/1] (1.81ns)   --->   "%icmp_ln1073 = icmp_slt  i11 %zext_ln1073, i11 %ret_V"   --->   Operation 24 'icmp' 'icmp_ln1073' <Predicate = (!icmp_ln1336_1)> <Delay = 1.81> <CoreInst = "Cmp">   --->   Core 9 'Cmp' <Latency = 0> <II = 1> <Delay = 1.81> <FuncUnit> <Opcode : 'icmp'> <InPorts = 2> <OutPorts = 1>
ST_1 : Operation 25 [1/1] (0.97ns)   --->   "%and_ln1341 = and i1 %icmp_ln1073, i1 %icmp_ln1336" [/home/trevor/Documents/xilinx/basys3_pong2/vivado/pong_2/pong_2.runs/design_1_v_tpg_0_0_synth_1/prj/sol/.autopilot/db/v_tpg.cpp:1341]   --->   Operation 25 'and' 'and_ln1341' <Predicate = (!icmp_ln1336_1)> <Delay = 0.97> <CoreInst = "LogicGate">   --->   Core 74 'LogicGate' <Latency = 0> <II = 1> <Delay = 0.97> <FuncUnit> <Opcode : 'and' 'or' 'xor'> <InPorts = 2> <OutPorts = 1>
ST_1 : Operation 26 [1/1] (0.00ns)   --->   "%br_ln1341 = br i1 %and_ln1341, void %if.else19, void %if.then18" [/home/trevor/Documents/xilinx/basys3_pong2/vivado/pong_2/pong_2.runs/design_1_v_tpg_0_0_synth_1/prj/sol/.autopilot/db/v_tpg.cpp:1341]   --->   Operation 26 'br' 'br_ln1341' <Predicate = (!icmp_ln1336_1)> <Delay = 0.00>
ST_1 : Operation 27 [1/1] (1.64ns)   --->   "%br_ln1345 = br i1 %icmp_ln1336, void %VITIS_LOOP_1351_1, void %if.then22" [/home/trevor/Documents/xilinx/basys3_pong2/vivado/pong_2/pong_2.runs/design_1_v_tpg_0_0_synth_1/prj/sol/.autopilot/db/v_tpg.cpp:1345]   --->   Operation 27 'br' 'br_ln1345' <Predicate = (!icmp_ln1336_1 & !and_ln1341)> <Delay = 1.64>
ST_1 : Operation 28 [1/1] (1.61ns)   --->   "%store_ln1347 = store i10 0, i10 %yCount_V" [/home/trevor/Documents/xilinx/basys3_pong2/vivado/pong_2/pong_2.runs/design_1_v_tpg_0_0_synth_1/prj/sol/.autopilot/db/v_tpg.cpp:1347]   --->   Operation 28 'store' 'store_ln1347' <Predicate = (!icmp_ln1336_1 & !and_ln1341 & icmp_ln1336)> <Delay = 1.61>
ST_1 : Operation 29 [1/1] (1.68ns)   --->   "%add_ln1348 = add i3 %vBarSel_load, i3 1" [/home/trevor/Documents/xilinx/basys3_pong2/vivado/pong_2/pong_2.runs/design_1_v_tpg_0_0_synth_1/prj/sol/.autopilot/db/v_tpg.cpp:1348]   --->   Operation 29 'add' 'add_ln1348' <Predicate = (!icmp_ln1336_1 & !and_ln1341 & icmp_ln1336)> <Delay = 1.68> <CoreInst = "Adder">   --->   Core 1 'Adder' <Latency = 0> <II = 1> <Delay = 1.68> <FuncUnit> <Opcode : 'add' 'sub'> <InPorts = 2> <OutPorts = 1>
ST_1 : Operation 30 [1/1] (1.61ns)   --->   "%store_ln1348 = store i3 %add_ln1348, i3 %vBarSel" [/home/trevor/Documents/xilinx/basys3_pong2/vivado/pong_2/pong_2.runs/design_1_v_tpg_0_0_synth_1/prj/sol/.autopilot/db/v_tpg.cpp:1348]   --->   Operation 30 'store' 'store_ln1348' <Predicate = (!icmp_ln1336_1 & !and_ln1341 & icmp_ln1336)> <Delay = 1.61>
ST_1 : Operation 31 [1/1] (1.64ns)   --->   "%br_ln1349 = br void %VITIS_LOOP_1351_1" [/home/trevor/Documents/xilinx/basys3_pong2/vivado/pong_2/pong_2.runs/design_1_v_tpg_0_0_synth_1/prj/sol/.autopilot/db/v_tpg.cpp:1349]   --->   Operation 31 'br' 'br_ln1349' <Predicate = (!icmp_ln1336_1 & !and_ln1341 & icmp_ln1336)> <Delay = 1.64>
ST_1 : Operation 32 [1/1] (2.12ns)   --->   "%add_ln886 = add i10 %yCount_V_load, i10 1"   --->   Operation 32 'add' 'add_ln886' <Predicate = (!icmp_ln1336_1 & and_ln1341)> <Delay = 2.12> <CoreInst = "Adder">   --->   Core 1 'Adder' <Latency = 0> <II = 1> <Delay = 2.12> <FuncUnit> <Opcode : 'add' 'sub'> <InPorts = 2> <OutPorts = 1>
ST_1 : Operation 33 [1/1] (1.61ns)   --->   "%store_ln886 = store i10 %add_ln886, i10 %yCount_V"   --->   Operation 33 'store' 'store_ln886' <Predicate = (!icmp_ln1336_1 & and_ln1341)> <Delay = 1.61>
ST_1 : Operation 34 [1/1] (1.64ns)   --->   "%br_ln1344 = br void %VITIS_LOOP_1351_1" [/home/trevor/Documents/xilinx/basys3_pong2/vivado/pong_2/pong_2.runs/design_1_v_tpg_0_0_synth_1/prj/sol/.autopilot/db/v_tpg.cpp:1344]   --->   Operation 34 'br' 'br_ln1344' <Predicate = (!icmp_ln1336_1 & and_ln1341)> <Delay = 1.64>
ST_1 : Operation 35 [1/1] (1.61ns)   --->   "%store_ln1338 = store i10 0, i10 %yCount_V" [/home/trevor/Documents/xilinx/basys3_pong2/vivado/pong_2/pong_2.runs/design_1_v_tpg_0_0_synth_1/prj/sol/.autopilot/db/v_tpg.cpp:1338]   --->   Operation 35 'store' 'store_ln1338' <Predicate = (icmp_ln1336_1)> <Delay = 1.61>
ST_1 : Operation 36 [1/1] (1.61ns)   --->   "%store_ln1339 = store i3 0, i3 %vBarSel" [/home/trevor/Documents/xilinx/basys3_pong2/vivado/pong_2/pong_2.runs/design_1_v_tpg_0_0_synth_1/prj/sol/.autopilot/db/v_tpg.cpp:1339]   --->   Operation 36 'store' 'store_ln1339' <Predicate = (icmp_ln1336_1)> <Delay = 1.61>
ST_1 : Operation 37 [1/1] (1.64ns)   --->   "%br_ln1340 = br void %VITIS_LOOP_1351_1" [/home/trevor/Documents/xilinx/basys3_pong2/vivado/pong_2/pong_2.runs/design_1_v_tpg_0_0_synth_1/prj/sol/.autopilot/db/v_tpg.cpp:1340]   --->   Operation 37 'br' 'br_ln1340' <Predicate = (icmp_ln1336_1)> <Delay = 1.64>
ST_1 : Operation 38 [1/1] (0.00ns)   --->   "%vBarSel_loc_2 = phi i3 0, void %if.then, i3 %vBarSel_load, void %if.then18, i3 %add_ln1348, void %if.then22, i3 %vBarSel_load, void %if.else19" [/home/trevor/Documents/xilinx/basys3_pong2/vivado/pong_2/pong_2.runs/design_1_v_tpg_0_0_synth_1/prj/sol/.autopilot/db/v_tpg.cpp:1348]   --->   Operation 38 'phi' 'vBarSel_loc_2' <Predicate = true> <Delay = 0.00>
ST_1 : Operation 39 [1/1] (1.47ns)   --->   "%cmp65 = icmp_eq  i8 %color_read, i8 0" [/home/trevor/Documents/xilinx/basys3_pong2/vivado/pong_2/pong_2.runs/design_1_v_tpg_0_0_synth_1/prj/sol/.autopilot/db/v_tpg.cpp:1324]   --->   Operation 39 'icmp' 'cmp65' <Predicate = true> <Delay = 1.47> <CoreInst = "Cmp">   --->   Core 9 'Cmp' <Latency = 0> <II = 1> <Delay = 1.47> <FuncUnit> <Opcode : 'icmp'> <InPorts = 2> <OutPorts = 1>
ST_1 : Operation 40 [1/1] (1.47ns)   --->   "%cmp88 = icmp_ne  i8 %color_read, i8 1" [/home/trevor/Documents/xilinx/basys3_pong2/vivado/pong_2/pong_2.runs/design_1_v_tpg_0_0_synth_1/prj/sol/.autopilot/db/v_tpg.cpp:1324]   --->   Operation 40 'icmp' 'cmp88' <Predicate = true> <Delay = 1.47> <CoreInst = "Cmp">   --->   Core 9 'Cmp' <Latency = 0> <II = 1> <Delay = 1.47> <FuncUnit> <Opcode : 'icmp'> <InPorts = 2> <OutPorts = 1>
ST_1 : Operation 41 [1/1] (0.00ns)   --->   "%hBarSel_load = load i3 %hBarSel" [/home/trevor/Documents/xilinx/basys3_pong2/vivado/pong_2/pong_2.runs/design_1_v_tpg_0_0_synth_1/prj/sol/.autopilot/db/v_tpg.cpp:1367]   --->   Operation 41 'load' 'hBarSel_load' <Predicate = true> <Delay = 0.00>
ST_1 : Operation 42 [1/1] (0.00ns)   --->   "%xCount_V_load = load i10 %xCount_V"   --->   Operation 42 'load' 'xCount_V_load' <Predicate = true> <Delay = 0.00>
ST_1 : Operation 43 [1/1] (0.00ns)   --->   "%br_ln1355 = br i1 %icmp_ln1336, void %if.else36, void %if.then32" [/home/trevor/Documents/xilinx/basys3_pong2/vivado/pong_2/pong_2.runs/design_1_v_tpg_0_0_synth_1/prj/sol/.autopilot/db/v_tpg.cpp:1355]   --->   Operation 43 'br' 'br_ln1355' <Predicate = true> <Delay = 0.00>
ST_1 : Operation 44 [1/1] (1.70ns)   --->   "%icmp_ln1073_1 = icmp_ult  i10 %xCount_V_load, i10 %barWidthMinSamples"   --->   Operation 44 'icmp' 'icmp_ln1073_1' <Predicate = (!icmp_ln1336)> <Delay = 1.70> <CoreInst = "Cmp">   --->   Core 9 'Cmp' <Latency = 0> <II = 1> <Delay = 1.70> <FuncUnit> <Opcode : 'icmp'> <InPorts = 2> <OutPorts = 1>
ST_1 : Operation 45 [1/1] (0.00ns)   --->   "%br_ln1360 = br i1 %icmp_ln1073_1, void %if.else44, void %if.then40" [/home/trevor/Documents/xilinx/basys3_pong2/vivado/pong_2/pong_2.runs/design_1_v_tpg_0_0_synth_1/prj/sol/.autopilot/db/v_tpg.cpp:1360]   --->   Operation 45 'br' 'br_ln1360' <Predicate = (!icmp_ln1336)> <Delay = 0.00>
ST_1 : Operation 46 [1/1] (2.12ns)   --->   "%sub_ln887 = sub i10 %xCount_V_load, i10 %barWidthMinSamples"   --->   Operation 46 'sub' 'sub_ln887' <Predicate = (!icmp_ln1336 & !icmp_ln1073_1)> <Delay = 2.12> <CoreInst = "Adder">   --->   Core 1 'Adder' <Latency = 0> <II = 1> <Delay = 2.12> <FuncUnit> <Opcode : 'add' 'sub'> <InPorts = 2> <OutPorts = 1>
ST_1 : Operation 47 [1/1] (1.64ns)   --->   "%store_ln887 = store i10 %sub_ln887, i10 %xCount_V"   --->   Operation 47 'store' 'store_ln887' <Predicate = (!icmp_ln1336 & !icmp_ln1073_1)> <Delay = 1.64>
ST_1 : Operation 48 [1/1] (1.68ns)   --->   "%add_ln1367 = add i3 %hBarSel_load, i3 1" [/home/trevor/Documents/xilinx/basys3_pong2/vivado/pong_2/pong_2.runs/design_1_v_tpg_0_0_synth_1/prj/sol/.autopilot/db/v_tpg.cpp:1367]   --->   Operation 48 'add' 'add_ln1367' <Predicate = (!icmp_ln1336 & !icmp_ln1073_1)> <Delay = 1.68> <CoreInst = "Adder">   --->   Core 1 'Adder' <Latency = 0> <II = 1> <Delay = 1.68> <FuncUnit> <Opcode : 'add' 'sub'> <InPorts = 2> <OutPorts = 1>
ST_1 : Operation 49 [1/1] (1.61ns)   --->   "%store_ln1367 = store i3 %add_ln1367, i3 %hBarSel" [/home/trevor/Documents/xilinx/basys3_pong2/vivado/pong_2/pong_2.runs/design_1_v_tpg_0_0_synth_1/prj/sol/.autopilot/db/v_tpg.cpp:1367]   --->   Operation 49 'store' 'store_ln1367' <Predicate = (!icmp_ln1336 & !icmp_ln1073_1)> <Delay = 1.61>
ST_1 : Operation 50 [1/1] (1.64ns)   --->   "%br_ln0 = br void %if.end57_ifconv"   --->   Operation 50 'br' 'br_ln0' <Predicate = (!icmp_ln1336 & !icmp_ln1073_1)> <Delay = 1.64>
ST_1 : Operation 51 [1/1] (2.12ns)   --->   "%add_ln886_1 = add i10 %xCount_V_load, i10 1"   --->   Operation 51 'add' 'add_ln886_1' <Predicate = (!icmp_ln1336 & icmp_ln1073_1)> <Delay = 2.12> <CoreInst = "Adder">   --->   Core 1 'Adder' <Latency = 0> <II = 1> <Delay = 2.12> <FuncUnit> <Opcode : 'add' 'sub'> <InPorts = 2> <OutPorts = 1>
ST_1 : Operation 52 [1/1] (1.64ns)   --->   "%store_ln886 = store i10 %add_ln886_1, i10 %xCount_V"   --->   Operation 52 'store' 'store_ln886' <Predicate = (!icmp_ln1336 & icmp_ln1073_1)> <Delay = 1.64>
ST_1 : Operation 53 [1/1] (1.64ns)   --->   "%br_ln1363 = br void %if.end57_ifconv" [/home/trevor/Documents/xilinx/basys3_pong2/vivado/pong_2/pong_2.runs/design_1_v_tpg_0_0_synth_1/prj/sol/.autopilot/db/v_tpg.cpp:1363]   --->   Operation 53 'br' 'br_ln1363' <Predicate = (!icmp_ln1336 & icmp_ln1073_1)> <Delay = 1.64>
ST_1 : Operation 54 [1/1] (1.61ns)   --->   "%store_ln1357 = store i3 0, i3 %hBarSel" [/home/trevor/Documents/xilinx/basys3_pong2/vivado/pong_2/pong_2.runs/design_1_v_tpg_0_0_synth_1/prj/sol/.autopilot/db/v_tpg.cpp:1357]   --->   Operation 54 'store' 'store_ln1357' <Predicate = (icmp_ln1336)> <Delay = 1.61>
ST_1 : Operation 55 [1/1] (1.64ns)   --->   "%store_ln1358 = store i10 0, i10 %xCount_V" [/home/trevor/Documents/xilinx/basys3_pong2/vivado/pong_2/pong_2.runs/design_1_v_tpg_0_0_synth_1/prj/sol/.autopilot/db/v_tpg.cpp:1358]   --->   Operation 55 'store' 'store_ln1358' <Predicate = (icmp_ln1336)> <Delay = 1.64>
ST_1 : Operation 56 [1/1] (1.64ns)   --->   "%br_ln1359 = br void %if.end57_ifconv" [/home/trevor/Documents/xilinx/basys3_pong2/vivado/pong_2/pong_2.runs/design_1_v_tpg_0_0_synth_1/prj/sol/.autopilot/db/v_tpg.cpp:1359]   --->   Operation 56 'br' 'br_ln1359' <Predicate = (icmp_ln1336)> <Delay = 1.64>
ST_1 : Operation 57 [1/1] (0.00ns)   --->   "%hBarSel_loc_1 = phi i3 0, void %if.then32, i3 %hBarSel_load, void %if.then40, i3 %add_ln1367, void %if.else44" [/home/trevor/Documents/xilinx/basys3_pong2/vivado/pong_2/pong_2.runs/design_1_v_tpg_0_0_synth_1/prj/sol/.autopilot/db/v_tpg.cpp:1367]   --->   Operation 57 'phi' 'hBarSel_loc_1' <Predicate = true> <Delay = 0.00>
ST_1 : Operation 58 [1/1] (0.00ns)   --->   "%or_ln = bitconcatenate i6 @_ssdm_op_BitConcatenate.i6.i3.i3, i3 %vBarSel_loc_2, i3 %hBarSel_loc_1" [/home/trevor/Documents/xilinx/basys3_pong2/vivado/pong_2/pong_2.runs/design_1_v_tpg_0_0_synth_1/prj/sol/.autopilot/db/v_tpg.cpp:1370]   --->   Operation 58 'bitconcatenate' 'or_ln' <Predicate = true> <Delay = 0.00>
ST_1 : Operation 59 [1/1] (0.00ns)   --->   "%zext_ln1374 = zext i6 %or_ln" [/home/trevor/Documents/xilinx/basys3_pong2/vivado/pong_2/pong_2.runs/design_1_v_tpg_0_0_synth_1/prj/sol/.autopilot/db/v_tpg.cpp:1374]   --->   Operation 59 'zext' 'zext_ln1374' <Predicate = true> <Delay = 0.00>
ST_1 : Operation 60 [1/1] (0.00ns)   --->   "%tpgTartanBarArray_addr = getelementptr i3 %tpgTartanBarArray, i64 0, i64 %zext_ln1374" [/home/trevor/Documents/xilinx/basys3_pong2/vivado/pong_2/pong_2.runs/design_1_v_tpg_0_0_synth_1/prj/sol/.autopilot/db/v_tpg.cpp:1374]   --->   Operation 60 'getelementptr' 'tpgTartanBarArray_addr' <Predicate = true> <Delay = 0.00>
ST_1 : Operation 61 [2/2] (2.15ns)   --->   "%tpgTartanBarArray_load = load i6 %tpgTartanBarArray_addr" [/home/trevor/Documents/xilinx/basys3_pong2/vivado/pong_2/pong_2.runs/design_1_v_tpg_0_0_synth_1/prj/sol/.autopilot/db/v_tpg.cpp:1374]   --->   Operation 61 'load' 'tpgTartanBarArray_load' <Predicate = true> <Delay = 2.15> <CoreInst = "ROM">   --->   Core 95 'ROM' <Latency = 1> <II = 1> <Delay = 2.15> <Storage> <Opcode : 'load'> <Ports = 0> <Width = 3> <Depth = 64> <ROM>
ST_1 : Operation 62 [1/1] (0.00ns) (grouped into LUT with out node and_ln1379_1)   --->   "%sel_tmp1 = xor i1 %cmp65, i1 1" [/home/trevor/Documents/xilinx/basys3_pong2/vivado/pong_2/pong_2.runs/design_1_v_tpg_0_0_synth_1/prj/sol/.autopilot/db/v_tpg.cpp:1324]   --->   Operation 62 'xor' 'sel_tmp1' <Predicate = true> <Delay = 0.00> <CoreInst = "LogicGate">   --->   Core 74 'LogicGate' <Latency = 0> <II = 1> <Delay = 0.97> <FuncUnit> <Opcode : 'and' 'or' 'xor'> <InPorts = 2> <OutPorts = 1>
ST_1 : Operation 63 [1/1] (0.00ns) (grouped into LUT with out node and_ln1379_1)   --->   "%and_ln1379 = and i1 %trunc_ln1324, i1 %sel_tmp1" [/home/trevor/Documents/xilinx/basys3_pong2/vivado/pong_2/pong_2.runs/design_1_v_tpg_0_0_synth_1/prj/sol/.autopilot/db/v_tpg.cpp:1379]   --->   Operation 63 'and' 'and_ln1379' <Predicate = true> <Delay = 0.00> <CoreInst = "LogicGate">   --->   Core 74 'LogicGate' <Latency = 0> <II = 1> <Delay = 0.97> <FuncUnit> <Opcode : 'and' 'or' 'xor'> <InPorts = 2> <OutPorts = 1>
ST_1 : Operation 64 [1/1] (0.97ns) (out node of the LUT)   --->   "%and_ln1379_1 = and i1 %and_ln1379, i1 %cmp88" [/home/trevor/Documents/xilinx/basys3_pong2/vivado/pong_2/pong_2.runs/design_1_v_tpg_0_0_synth_1/prj/sol/.autopilot/db/v_tpg.cpp:1379]   --->   Operation 64 'and' 'and_ln1379_1' <Predicate = true> <Delay = 0.97> <CoreInst = "LogicGate">   --->   Core 74 'LogicGate' <Latency = 0> <II = 1> <Delay = 0.97> <FuncUnit> <Opcode : 'and' 'or' 'xor'> <InPorts = 2> <OutPorts = 1>

State 2 <SV = 1> <Delay = 4.30>
ST_2 : Operation 65 [1/2] (2.15ns)   --->   "%tpgTartanBarArray_load = load i6 %tpgTartanBarArray_addr" [/home/trevor/Documents/xilinx/basys3_pong2/vivado/pong_2/pong_2.runs/design_1_v_tpg_0_0_synth_1/prj/sol/.autopilot/db/v_tpg.cpp:1374]   --->   Operation 65 'load' 'tpgTartanBarArray_load' <Predicate = true> <Delay = 2.15> <CoreInst = "ROM">   --->   Core 95 'ROM' <Latency = 1> <II = 1> <Delay = 2.15> <Storage> <Opcode : 'load'> <Ports = 0> <Width = 3> <Depth = 64> <ROM>
ST_2 : Operation 66 [1/1] (0.00ns)   --->   "%zext_ln1374_1 = zext i3 %tpgTartanBarArray_load" [/home/trevor/Documents/xilinx/basys3_pong2/vivado/pong_2/pong_2.runs/design_1_v_tpg_0_0_synth_1/prj/sol/.autopilot/db/v_tpg.cpp:1374]   --->   Operation 66 'zext' 'zext_ln1374_1' <Predicate = true> <Delay = 0.00>
ST_2 : Operation 67 [1/1] (0.00ns)   --->   "%tpgBarSelRgb_r16_addr = getelementptr i2 %tpgBarSelRgb_r16, i64 0, i64 %zext_ln1374_1" [/home/trevor/Documents/xilinx/basys3_pong2/vivado/pong_2/pong_2.runs/design_1_v_tpg_0_0_synth_1/prj/sol/.autopilot/db/v_tpg.cpp:1374]   --->   Operation 67 'getelementptr' 'tpgBarSelRgb_r16_addr' <Predicate = (cmp65)> <Delay = 0.00>
ST_2 : Operation 68 [2/2] (2.15ns)   --->   "%tpgBarSelRgb_r16_load = load i3 %tpgBarSelRgb_r16_addr" [/home/trevor/Documents/xilinx/basys3_pong2/vivado/pong_2/pong_2.runs/design_1_v_tpg_0_0_synth_1/prj/sol/.autopilot/db/v_tpg.cpp:1374]   --->   Operation 68 'load' 'tpgBarSelRgb_r16_load' <Predicate = (cmp65)> <Delay = 2.15> <CoreInst = "ROM">   --->   Core 95 'ROM' <Latency = 1> <II = 1> <Delay = 2.15> <Storage> <Opcode : 'load'> <Ports = 0> <Width = 2> <Depth = 8> <ROM>
ST_2 : Operation 69 [1/1] (0.00ns)   --->   "%tpgBarSelRgb_g14_addr = getelementptr i2 %tpgBarSelRgb_g14, i64 0, i64 %zext_ln1374_1" [/home/trevor/Documents/xilinx/basys3_pong2/vivado/pong_2/pong_2.runs/design_1_v_tpg_0_0_synth_1/prj/sol/.autopilot/db/v_tpg.cpp:1378]   --->   Operation 69 'getelementptr' 'tpgBarSelRgb_g14_addr' <Predicate = (cmp65 & !and_ln1379_1)> <Delay = 0.00>
ST_2 : Operation 70 [2/2] (2.15ns)   --->   "%tpgBarSelRgb_g14_load = load i3 %tpgBarSelRgb_g14_addr" [/home/trevor/Documents/xilinx/basys3_pong2/vivado/pong_2/pong_2.runs/design_1_v_tpg_0_0_synth_1/prj/sol/.autopilot/db/v_tpg.cpp:1378]   --->   Operation 70 'load' 'tpgBarSelRgb_g14_load' <Predicate = (cmp65 & !and_ln1379_1)> <Delay = 2.15> <CoreInst = "ROM">   --->   Core 95 'ROM' <Latency = 1> <II = 1> <Delay = 2.15> <Storage> <Opcode : 'load'> <Ports = 0> <Width = 2> <Depth = 8> <ROM>
ST_2 : Operation 71 [1/1] (0.00ns)   --->   "%tpgBarSelRgb_b12_addr = getelementptr i2 %tpgBarSelRgb_b12, i64 0, i64 %zext_ln1374_1" [/home/trevor/Documents/xilinx/basys3_pong2/vivado/pong_2/pong_2.runs/design_1_v_tpg_0_0_synth_1/prj/sol/.autopilot/db/v_tpg.cpp:1385]   --->   Operation 71 'getelementptr' 'tpgBarSelRgb_b12_addr' <Predicate = (cmp65)> <Delay = 0.00>
ST_2 : Operation 72 [2/2] (2.15ns)   --->   "%tpgBarSelRgb_b12_load = load i3 %tpgBarSelRgb_b12_addr" [/home/trevor/Documents/xilinx/basys3_pong2/vivado/pong_2/pong_2.runs/design_1_v_tpg_0_0_synth_1/prj/sol/.autopilot/db/v_tpg.cpp:1385]   --->   Operation 72 'load' 'tpgBarSelRgb_b12_load' <Predicate = (cmp65)> <Delay = 2.15> <CoreInst = "ROM">   --->   Core 95 'ROM' <Latency = 1> <II = 1> <Delay = 2.15> <Storage> <Opcode : 'load'> <Ports = 0> <Width = 2> <Depth = 8> <ROM>
ST_2 : Operation 73 [1/1] (0.00ns)   --->   "%tpgBarSelYuv_y22_addr = getelementptr i8 %tpgBarSelYuv_y22, i64 0, i64 %zext_ln1374_1" [/home/trevor/Documents/xilinx/basys3_pong2/vivado/pong_2/pong_2.runs/design_1_v_tpg_0_0_synth_1/prj/sol/.autopilot/db/v_tpg.cpp:1375]   --->   Operation 73 'getelementptr' 'tpgBarSelYuv_y22_addr' <Predicate = (!cmp65)> <Delay = 0.00>
ST_2 : Operation 74 [2/2] (2.15ns)   --->   "%tpgBarSelYuv_y22_load = load i3 %tpgBarSelYuv_y22_addr" [/home/trevor/Documents/xilinx/basys3_pong2/vivado/pong_2/pong_2.runs/design_1_v_tpg_0_0_synth_1/prj/sol/.autopilot/db/v_tpg.cpp:1375]   --->   Operation 74 'load' 'tpgBarSelYuv_y22_load' <Predicate = (!cmp65)> <Delay = 2.15> <CoreInst = "ROM">   --->   Core 95 'ROM' <Latency = 1> <II = 1> <Delay = 2.15> <Storage> <Opcode : 'load'> <Ports = 0> <Width = 8> <Depth = 8> <ROM>
ST_2 : Operation 75 [1/1] (0.00ns)   --->   "%tpgBarSelYuv_v20_addr = getelementptr i8 %tpgBarSelYuv_v20, i64 0, i64 %zext_ln1374_1" [/home/trevor/Documents/xilinx/basys3_pong2/vivado/pong_2/pong_2.runs/design_1_v_tpg_0_0_synth_1/prj/sol/.autopilot/db/v_tpg.cpp:1386]   --->   Operation 75 'getelementptr' 'tpgBarSelYuv_v20_addr' <Predicate = true> <Delay = 0.00>
ST_2 : Operation 76 [2/2] (2.15ns)   --->   "%tpgBarSelYuv_v20_load = load i3 %tpgBarSelYuv_v20_addr" [/home/trevor/Documents/xilinx/basys3_pong2/vivado/pong_2/pong_2.runs/design_1_v_tpg_0_0_synth_1/prj/sol/.autopilot/db/v_tpg.cpp:1386]   --->   Operation 76 'load' 'tpgBarSelYuv_v20_load' <Predicate = true> <Delay = 2.15> <CoreInst = "ROM">   --->   Core 95 'ROM' <Latency = 1> <II = 1> <Delay = 2.15> <Storage> <Opcode : 'load'> <Ports = 0> <Width = 8> <Depth = 8> <ROM>
ST_2 : Operation 77 [1/1] (0.00ns)   --->   "%tpgBarSelYuv_u18_addr = getelementptr i8 %tpgBarSelYuv_u18, i64 0, i64 %zext_ln1374_1" [/home/trevor/Documents/xilinx/basys3_pong2/vivado/pong_2/pong_2.runs/design_1_v_tpg_0_0_synth_1/prj/sol/.autopilot/db/v_tpg.cpp:1380]   --->   Operation 77 'getelementptr' 'tpgBarSelYuv_u18_addr' <Predicate = (!cmp65 & !and_ln1379_1)> <Delay = 0.00>
ST_2 : Operation 78 [2/2] (2.15ns)   --->   "%tpgBarSelYuv_u18_load = load i3 %tpgBarSelYuv_u18_addr" [/home/trevor/Documents/xilinx/basys3_pong2/vivado/pong_2/pong_2.runs/design_1_v_tpg_0_0_synth_1/prj/sol/.autopilot/db/v_tpg.cpp:1380]   --->   Operation 78 'load' 'tpgBarSelYuv_u18_load' <Predicate = (!cmp65 & !and_ln1379_1)> <Delay = 2.15> <CoreInst = "ROM">   --->   Core 95 'ROM' <Latency = 1> <II = 1> <Delay = 2.15> <Storage> <Opcode : 'load'> <Ports = 0> <Width = 8> <Depth = 8> <ROM>

State 3 <SV = 2> <Delay = 3.19>
ST_3 : Operation 79 [1/2] (2.15ns)   --->   "%tpgBarSelRgb_r16_load = load i3 %tpgBarSelRgb_r16_addr" [/home/trevor/Documents/xilinx/basys3_pong2/vivado/pong_2/pong_2.runs/design_1_v_tpg_0_0_synth_1/prj/sol/.autopilot/db/v_tpg.cpp:1374]   --->   Operation 79 'load' 'tpgBarSelRgb_r16_load' <Predicate = (cmp65)> <Delay = 2.15> <CoreInst = "ROM">   --->   Core 95 'ROM' <Latency = 1> <II = 1> <Delay = 2.15> <Storage> <Opcode : 'load'> <Ports = 0> <Width = 2> <Depth = 8> <ROM>
ST_3 : Operation 80 [1/1] (0.00ns)   --->   "%tpgBarSelRgb_r_load_cast = sext i2 %tpgBarSelRgb_r16_load" [/home/trevor/Documents/xilinx/basys3_pong2/vivado/pong_2/pong_2.runs/design_1_v_tpg_0_0_synth_1/prj/sol/.autopilot/db/v_tpg.cpp:1374]   --->   Operation 80 'sext' 'tpgBarSelRgb_r_load_cast' <Predicate = (cmp65)> <Delay = 0.00>
ST_3 : Operation 81 [1/2] (2.15ns)   --->   "%tpgBarSelRgb_g14_load = load i3 %tpgBarSelRgb_g14_addr" [/home/trevor/Documents/xilinx/basys3_pong2/vivado/pong_2/pong_2.runs/design_1_v_tpg_0_0_synth_1/prj/sol/.autopilot/db/v_tpg.cpp:1378]   --->   Operation 81 'load' 'tpgBarSelRgb_g14_load' <Predicate = (cmp65 & !and_ln1379_1)> <Delay = 2.15> <CoreInst = "ROM">   --->   Core 95 'ROM' <Latency = 1> <II = 1> <Delay = 2.15> <Storage> <Opcode : 'load'> <Ports = 0> <Width = 2> <Depth = 8> <ROM>
ST_3 : Operation 82 [1/1] (0.00ns) (grouped into LUT with out node pix_val_V_1)   --->   "%sext_ln259 = sext i2 %tpgBarSelRgb_g14_load"   --->   Operation 82 'sext' 'sext_ln259' <Predicate = (cmp65 & !and_ln1379_1)> <Delay = 0.00>
ST_3 : Operation 83 [1/2] (2.15ns)   --->   "%tpgBarSelRgb_b12_load = load i3 %tpgBarSelRgb_b12_addr" [/home/trevor/Documents/xilinx/basys3_pong2/vivado/pong_2/pong_2.runs/design_1_v_tpg_0_0_synth_1/prj/sol/.autopilot/db/v_tpg.cpp:1385]   --->   Operation 83 'load' 'tpgBarSelRgb_b12_load' <Predicate = (cmp65)> <Delay = 2.15> <CoreInst = "ROM">   --->   Core 95 'ROM' <Latency = 1> <II = 1> <Delay = 2.15> <Storage> <Opcode : 'load'> <Ports = 0> <Width = 2> <Depth = 8> <ROM>
ST_3 : Operation 84 [1/1] (0.00ns)   --->   "%tpgBarSelRgb_b_load_cast = sext i2 %tpgBarSelRgb_b12_load" [/home/trevor/Documents/xilinx/basys3_pong2/vivado/pong_2/pong_2.runs/design_1_v_tpg_0_0_synth_1/prj/sol/.autopilot/db/v_tpg.cpp:1385]   --->   Operation 84 'sext' 'tpgBarSelRgb_b_load_cast' <Predicate = (cmp65)> <Delay = 0.00>
ST_3 : Operation 85 [1/2] (2.15ns)   --->   "%tpgBarSelYuv_y22_load = load i3 %tpgBarSelYuv_y22_addr" [/home/trevor/Documents/xilinx/basys3_pong2/vivado/pong_2/pong_2.runs/design_1_v_tpg_0_0_synth_1/prj/sol/.autopilot/db/v_tpg.cpp:1375]   --->   Operation 85 'load' 'tpgBarSelYuv_y22_load' <Predicate = (!cmp65)> <Delay = 2.15> <CoreInst = "ROM">   --->   Core 95 'ROM' <Latency = 1> <II = 1> <Delay = 2.15> <Storage> <Opcode : 'load'> <Ports = 0> <Width = 8> <Depth = 8> <ROM>
ST_3 : Operation 86 [1/2] (2.15ns)   --->   "%tpgBarSelYuv_v20_load = load i3 %tpgBarSelYuv_v20_addr" [/home/trevor/Documents/xilinx/basys3_pong2/vivado/pong_2/pong_2.runs/design_1_v_tpg_0_0_synth_1/prj/sol/.autopilot/db/v_tpg.cpp:1386]   --->   Operation 86 'load' 'tpgBarSelYuv_v20_load' <Predicate = true> <Delay = 2.15> <CoreInst = "ROM">   --->   Core 95 'ROM' <Latency = 1> <II = 1> <Delay = 2.15> <Storage> <Opcode : 'load'> <Ports = 0> <Width = 8> <Depth = 8> <ROM>
ST_3 : Operation 87 [1/2] (2.15ns)   --->   "%tpgBarSelYuv_u18_load = load i3 %tpgBarSelYuv_u18_addr" [/home/trevor/Documents/xilinx/basys3_pong2/vivado/pong_2/pong_2.runs/design_1_v_tpg_0_0_synth_1/prj/sol/.autopilot/db/v_tpg.cpp:1380]   --->   Operation 87 'load' 'tpgBarSelYuv_u18_load' <Predicate = (!cmp65 & !and_ln1379_1)> <Delay = 2.15> <CoreInst = "ROM">   --->   Core 95 'ROM' <Latency = 1> <II = 1> <Delay = 2.15> <Storage> <Opcode : 'load'> <Ports = 0> <Width = 8> <Depth = 8> <ROM>
ST_3 : Operation 88 [1/1] (0.00ns) (grouped into LUT with out node pix_val_V_1)   --->   "%sel_tmp = select i1 %cmp65, i8 %sext_ln259, i8 %tpgBarSelYuv_u18_load" [/home/trevor/Documents/xilinx/basys3_pong2/vivado/pong_2/pong_2.runs/design_1_v_tpg_0_0_synth_1/prj/sol/.autopilot/db/v_tpg.cpp:1324]   --->   Operation 88 'select' 'sel_tmp' <Predicate = (!and_ln1379_1)> <Delay = 0.00> <CoreInst = "Sel">   --->   Core 73 'Sel' <Latency = 0> <II = 1> <Delay = 1.04> <FuncUnit> <Opcode : 'select'> <InPorts = 3> <OutPorts = 1>
ST_3 : Operation 89 [1/1] (1.04ns) (out node of the LUT)   --->   "%pix_val_V_1 = select i1 %and_ln1379_1, i8 %tpgBarSelYuv_v20_load, i8 %sel_tmp" [/home/trevor/Documents/xilinx/basys3_pong2/vivado/pong_2/pong_2.runs/design_1_v_tpg_0_0_synth_1/prj/sol/.autopilot/db/v_tpg.cpp:1379]   --->   Operation 89 'select' 'pix_val_V_1' <Predicate = true> <Delay = 1.04> <CoreInst = "Sel">   --->   Core 73 'Sel' <Latency = 0> <II = 1> <Delay = 1.04> <FuncUnit> <Opcode : 'select'> <InPorts = 3> <OutPorts = 1>
ST_3 : Operation 90 [1/1] (1.04ns)   --->   "%pix_val_V = select i1 %cmp65, i8 %tpgBarSelRgb_r_load_cast, i8 %tpgBarSelYuv_y22_load" [/home/trevor/Documents/xilinx/basys3_pong2/vivado/pong_2/pong_2.runs/design_1_v_tpg_0_0_synth_1/prj/sol/.autopilot/db/v_tpg.cpp:1324]   --->   Operation 90 'select' 'pix_val_V' <Predicate = true> <Delay = 1.04> <CoreInst = "Sel">   --->   Core 73 'Sel' <Latency = 0> <II = 1> <Delay = 1.04> <FuncUnit> <Opcode : 'select'> <InPorts = 3> <OutPorts = 1>
ST_3 : Operation 91 [1/1] (1.04ns)   --->   "%pix_val_V_2 = select i1 %cmp65, i8 %tpgBarSelRgb_b_load_cast, i8 %tpgBarSelYuv_v20_load" [/home/trevor/Documents/xilinx/basys3_pong2/vivado/pong_2/pong_2.runs/design_1_v_tpg_0_0_synth_1/prj/sol/.autopilot/db/v_tpg.cpp:1324]   --->   Operation 91 'select' 'pix_val_V_2' <Predicate = true> <Delay = 1.04> <CoreInst = "Sel">   --->   Core 73 'Sel' <Latency = 0> <II = 1> <Delay = 1.04> <FuncUnit> <Opcode : 'select'> <InPorts = 3> <OutPorts = 1>
ST_3 : Operation 92 [1/1] (0.00ns)   --->   "%mrv = insertvalue i24 <undef>, i8 %pix_val_V" [/home/trevor/Documents/xilinx/basys3_pong2/vivado/pong_2/pong_2.runs/design_1_v_tpg_0_0_synth_1/prj/sol/.autopilot/db/v_tpg.cpp:1390]   --->   Operation 92 'insertvalue' 'mrv' <Predicate = true> <Delay = 0.00>
ST_3 : Operation 93 [1/1] (0.00ns)   --->   "%mrv_1 = insertvalue i24 %mrv, i8 %pix_val_V_1" [/home/trevor/Documents/xilinx/basys3_pong2/vivado/pong_2/pong_2.runs/design_1_v_tpg_0_0_synth_1/prj/sol/.autopilot/db/v_tpg.cpp:1390]   --->   Operation 93 'insertvalue' 'mrv_1' <Predicate = true> <Delay = 0.00>
ST_3 : Operation 94 [1/1] (0.00ns)   --->   "%mrv_2 = insertvalue i24 %mrv_1, i8 %pix_val_V_2" [/home/trevor/Documents/xilinx/basys3_pong2/vivado/pong_2/pong_2.runs/design_1_v_tpg_0_0_synth_1/prj/sol/.autopilot/db/v_tpg.cpp:1390]   --->   Operation 94 'insertvalue' 'mrv_2' <Predicate = true> <Delay = 0.00>
ST_3 : Operation 95 [1/1] (0.00ns)   --->   "%ret_ln1390 = ret i24 %mrv_2" [/home/trevor/Documents/xilinx/basys3_pong2/vivado/pong_2/pong_2.runs/design_1_v_tpg_0_0_synth_1/prj/sol/.autopilot/db/v_tpg.cpp:1390]   --->   Operation 95 'ret' 'ret_ln1390' <Predicate = true> <Delay = 0.00>


============================================================
+ Verbose Summary: Binding
============================================================
STG Binding: 
---------------- STG Properties BEGIN ----------------
- Is combinational: 0
- Is one-state seq: 0
- Is datapath-only: 0
- Is pipelined: 1
- Is top level: 0
Port [ Return ] is wired: 1; IO mode=ap_ctrl_hs:ce=0
Port [ y]:  wired=1; compound=0; hidden=0; nouse=0; global=0; static=0; extern=0; dir=0; type=0; pingpong=0; private_global=0; IO mode=ap_none:ce=0
Port [ x]:  wired=1; compound=0; hidden=0; nouse=0; global=0; static=0; extern=0; dir=0; type=0; pingpong=0; private_global=0; IO mode=ap_none:ce=0
Port [ width]:  wired=1; compound=0; hidden=0; nouse=0; global=0; static=0; extern=0; dir=0; type=0; pingpong=0; private_global=0; IO mode=ap_stable:ce=0
Port [ height]:  wired=1; compound=0; hidden=0; nouse=0; global=0; static=0; extern=0; dir=0; type=0; pingpong=0; private_global=0; IO mode=ap_stable:ce=0
Port [ color]:  wired=1; compound=0; hidden=0; nouse=0; global=0; static=0; extern=0; dir=0; type=0; pingpong=0; private_global=0; IO mode=ap_stable:ce=0
Port [ vBarSel]:  wired=0; compound=0; hidden=1; nouse=0; global=1; static=1; extern=0; dir=2; type=0; pingpong=0; private_global=1; IO mode=ap_ovld:ce=0
Port [ yCount_V]:  wired=0; compound=0; hidden=1; nouse=0; global=1; static=1; extern=0; dir=2; type=0; pingpong=0; private_global=1; IO mode=ap_ovld:ce=0
Port [ hBarSel]:  wired=0; compound=0; hidden=1; nouse=0; global=1; static=1; extern=0; dir=2; type=0; pingpong=0; private_global=1; IO mode=ap_ovld:ce=0
Port [ xCount_V]:  wired=0; compound=0; hidden=1; nouse=0; global=1; static=1; extern=0; dir=2; type=0; pingpong=0; private_global=1; IO mode=ap_ovld:ce=0
Port [ tpgTartanBarArray]:  wired=0; compound=1; hidden=1; nouse=0; global=1; static=1; extern=0; dir=0; type=1; pingpong=0; private_global=1; MemPort=[1]; IO mode=ap_memory:ce=0
Port [ tpgBarSelRgb_r16]:  wired=0; compound=1; hidden=1; nouse=0; global=1; static=1; extern=0; dir=0; type=1; pingpong=0; private_global=1; MemPort=[1]; IO mode=ap_memory:ce=0
Port [ tpgBarSelRgb_g14]:  wired=0; compound=1; hidden=1; nouse=0; global=1; static=1; extern=0; dir=0; type=1; pingpong=0; private_global=1; MemPort=[1]; IO mode=ap_memory:ce=0
Port [ tpgBarSelRgb_b12]:  wired=0; compound=1; hidden=1; nouse=0; global=1; static=1; extern=0; dir=0; type=1; pingpong=0; private_global=1; MemPort=[1]; IO mode=ap_memory:ce=0
Port [ tpgBarSelYuv_y22]:  wired=0; compound=1; hidden=1; nouse=0; global=1; static=1; extern=0; dir=0; type=1; pingpong=0; private_global=1; MemPort=[1]; IO mode=ap_memory:ce=0
Port [ tpgBarSelYuv_v20]:  wired=0; compound=1; hidden=1; nouse=0; global=1; static=1; extern=0; dir=0; type=1; pingpong=0; private_global=1; MemPort=[1]; IO mode=ap_memory:ce=0
Port [ tpgBarSelYuv_u18]:  wired=0; compound=1; hidden=1; nouse=0; global=1; static=1; extern=0; dir=0; type=1; pingpong=0; private_global=1; MemPort=[1]; IO mode=ap_memory:ce=0
---------------- STG Properties END ------------------

---------------- Datapath Model BEGIN ----------------

<LifeTime>
<method=bitvector/>
color_read               (read          ) [ 0000]
height_read              (read          ) [ 0000]
width_read               (read          ) [ 0000]
x_read                   (read          ) [ 0000]
y_read                   (read          ) [ 0000]
trunc_ln1324             (trunc         ) [ 0000]
add_ln1328               (add           ) [ 0000]
trunc_ln1                (partselect    ) [ 0000]
barWidthMinSamples       (add           ) [ 0000]
add_ln1329               (add           ) [ 0000]
icmp_ln1336              (icmp          ) [ 0100]
or_ln1336                (or            ) [ 0000]
icmp_ln1336_1            (icmp          ) [ 0100]
vBarSel_load             (load          ) [ 0000]
yCount_V_load            (load          ) [ 0000]
br_ln1336                (br            ) [ 0000]
tmp                      (partselect    ) [ 0000]
zext_ln1542              (zext          ) [ 0000]
ret_V                    (add           ) [ 0000]
zext_ln1073              (zext          ) [ 0000]
icmp_ln1073              (icmp          ) [ 0000]
and_ln1341               (and           ) [ 0100]
br_ln1341                (br            ) [ 0000]
br_ln1345                (br            ) [ 0000]
store_ln1347             (store         ) [ 0000]
add_ln1348               (add           ) [ 0000]
store_ln1348             (store         ) [ 0000]
br_ln1349                (br            ) [ 0000]
add_ln886                (add           ) [ 0000]
store_ln886              (store         ) [ 0000]
br_ln1344                (br            ) [ 0000]
store_ln1338             (store         ) [ 0000]
store_ln1339             (store         ) [ 0000]
br_ln1340                (br            ) [ 0000]
vBarSel_loc_2            (phi           ) [ 0000]
cmp65                    (icmp          ) [ 0111]
cmp88                    (icmp          ) [ 0000]
hBarSel_load             (load          ) [ 0000]
xCount_V_load            (load          ) [ 0000]
br_ln1355                (br            ) [ 0000]
icmp_ln1073_1            (icmp          ) [ 0100]
br_ln1360                (br            ) [ 0000]
sub_ln887                (sub           ) [ 0000]
store_ln887              (store         ) [ 0000]
add_ln1367               (add           ) [ 0000]
store_ln1367             (store         ) [ 0000]
br_ln0                   (br            ) [ 0000]
add_ln886_1              (add           ) [ 0000]
store_ln886              (store         ) [ 0000]
br_ln1363                (br            ) [ 0000]
store_ln1357             (store         ) [ 0000]
store_ln1358             (store         ) [ 0000]
br_ln1359                (br            ) [ 0000]
hBarSel_loc_1            (phi           ) [ 0000]
or_ln                    (bitconcatenate) [ 0000]
zext_ln1374              (zext          ) [ 0000]
tpgTartanBarArray_addr   (getelementptr ) [ 0110]
sel_tmp1                 (xor           ) [ 0000]
and_ln1379               (and           ) [ 0000]
and_ln1379_1             (and           ) [ 0111]
tpgTartanBarArray_load   (load          ) [ 0000]
zext_ln1374_1            (zext          ) [ 0000]
tpgBarSelRgb_r16_addr    (getelementptr ) [ 0101]
tpgBarSelRgb_g14_addr    (getelementptr ) [ 0101]
tpgBarSelRgb_b12_addr    (getelementptr ) [ 0101]
tpgBarSelYuv_y22_addr    (getelementptr ) [ 0101]
tpgBarSelYuv_v20_addr    (getelementptr ) [ 0101]
tpgBarSelYuv_u18_addr    (getelementptr ) [ 0101]
tpgBarSelRgb_r16_load    (load          ) [ 0000]
tpgBarSelRgb_r_load_cast (sext          ) [ 0000]
tpgBarSelRgb_g14_load    (load          ) [ 0000]
sext_ln259               (sext          ) [ 0000]
tpgBarSelRgb_b12_load    (load          ) [ 0000]
tpgBarSelRgb_b_load_cast (sext          ) [ 0000]
tpgBarSelYuv_y22_load    (load          ) [ 0000]
tpgBarSelYuv_v20_load    (load          ) [ 0000]
tpgBarSelYuv_u18_load    (load          ) [ 0000]
sel_tmp                  (select        ) [ 0000]
pix_val_V_1              (select        ) [ 0000]
pix_val_V                (select        ) [ 0000]
pix_val_V_2              (select        ) [ 0000]
mrv                      (insertvalue   ) [ 0000]
mrv_1                    (insertvalue   ) [ 0000]
mrv_2                    (insertvalue   ) [ 0000]
ret_ln1390               (ret           ) [ 0000]
</LifeTime>

<model>

<comp_list>
<comp id="0" class="1000" name="y">
<pin_list>
<pin id="1" dir="1" index="0" bw="1" slack="0"/>
</pin_list>
<bind>
<StgValue><ssdm name="y"/></StgValue>
</bind>
</comp>

<comp id="2" class="1000" name="x">
<pin_list>
<pin id="3" dir="1" index="0" bw="1" slack="0"/>
</pin_list>
<bind>
<StgValue><ssdm name="x"/></StgValue>
</bind>
</comp>

<comp id="4" class="1000" name="width">
<pin_list>
<pin id="5" dir="1" index="0" bw="1" slack="0"/>
</pin_list>
<bind>
<StgValue><ssdm name="width"/></StgValue>
</bind>
</comp>

<comp id="6" class="1000" name="height">
<pin_list>
<pin id="7" dir="1" index="0" bw="1" slack="0"/>
</pin_list>
<bind>
<StgValue><ssdm name="height"/></StgValue>
</bind>
</comp>

<comp id="8" class="1000" name="color">
<pin_list>
<pin id="9" dir="1" index="0" bw="1" slack="0"/>
</pin_list>
<bind>
<StgValue><ssdm name="color"/></StgValue>
</bind>
</comp>

<comp id="10" class="1000" name="vBarSel">
<pin_list>
<pin id="11" dir="1" index="0" bw="1" slack="0"/>
</pin_list>
<bind>
<StgValue><ssdm name="vBarSel"/></StgValue>
</bind>
</comp>

<comp id="12" class="1000" name="yCount_V">
<pin_list>
<pin id="13" dir="1" index="0" bw="1" slack="0"/>
</pin_list>
<bind>
<StgValue><ssdm name="yCount_V"/></StgValue>
</bind>
</comp>

<comp id="14" class="1000" name="hBarSel">
<pin_list>
<pin id="15" dir="1" index="0" bw="1" slack="0"/>
</pin_list>
<bind>
<StgValue><ssdm name="hBarSel"/></StgValue>
</bind>
</comp>

<comp id="16" class="1000" name="xCount_V">
<pin_list>
<pin id="17" dir="1" index="0" bw="1" slack="0"/>
</pin_list>
<bind>
<StgValue><ssdm name="xCount_V"/></StgValue>
</bind>
</comp>

<comp id="18" class="1000" name="tpgTartanBarArray">
<pin_list>
<pin id="19" dir="1" index="0" bw="1" slack="0"/>
</pin_list>
<bind>
<StgValue><ssdm name="tpgTartanBarArray"/><MemPortTyVec>1 </MemPortTyVec>
</StgValue>
</bind>
</comp>

<comp id="20" class="1000" name="tpgBarSelRgb_r16">
<pin_list>
<pin id="21" dir="1" index="0" bw="1" slack="0"/>
</pin_list>
<bind>
<StgValue><ssdm name="tpgBarSelRgb_r16"/><MemPortTyVec>1 </MemPortTyVec>
</StgValue>
</bind>
</comp>

<comp id="22" class="1000" name="tpgBarSelRgb_g14">
<pin_list>
<pin id="23" dir="1" index="0" bw="1" slack="0"/>
</pin_list>
<bind>
<StgValue><ssdm name="tpgBarSelRgb_g14"/><MemPortTyVec>1 </MemPortTyVec>
</StgValue>
</bind>
</comp>

<comp id="24" class="1000" name="tpgBarSelRgb_b12">
<pin_list>
<pin id="25" dir="1" index="0" bw="1" slack="0"/>
</pin_list>
<bind>
<StgValue><ssdm name="tpgBarSelRgb_b12"/><MemPortTyVec>1 </MemPortTyVec>
</StgValue>
</bind>
</comp>

<comp id="26" class="1000" name="tpgBarSelYuv_y22">
<pin_list>
<pin id="27" dir="1" index="0" bw="1" slack="0"/>
</pin_list>
<bind>
<StgValue><ssdm name="tpgBarSelYuv_y22"/><MemPortTyVec>1 </MemPortTyVec>
</StgValue>
</bind>
</comp>

<comp id="28" class="1000" name="tpgBarSelYuv_v20">
<pin_list>
<pin id="29" dir="1" index="0" bw="1" slack="0"/>
</pin_list>
<bind>
<StgValue><ssdm name="tpgBarSelYuv_v20"/><MemPortTyVec>1 </MemPortTyVec>
</StgValue>
</bind>
</comp>

<comp id="30" class="1000" name="tpgBarSelYuv_u18">
<pin_list>
<pin id="31" dir="1" index="0" bw="1" slack="0"/>
</pin_list>
<bind>
<StgValue><ssdm name="tpgBarSelYuv_u18"/><MemPortTyVec>1 </MemPortTyVec>
</StgValue>
</bind>
</comp>

<comp id="32" class="1001" name="const_32">
<pin_list>
<pin id="33" dir="1" index="0" bw="1" slack="0"/>
</pin_list>
<bind>
<StgValue><ssdm name="_ssdm_op_Read.ap_auto.i8"/></StgValue>
</bind>
</comp>

<comp id="34" class="1001" name="const_34">
<pin_list>
<pin id="35" dir="1" index="0" bw="1" slack="0"/>
</pin_list>
<bind>
<StgValue><ssdm name="_ssdm_op_Read.ap_auto.i14"/></StgValue>
</bind>
</comp>

<comp id="36" class="1001" name="const_36">
<pin_list>
<pin id="37" dir="1" index="0" bw="1" slack="0"/>
</pin_list>
<bind>
<StgValue><ssdm name="_ssdm_op_Read.ap_auto.i16"/></StgValue>
</bind>
</comp>

<comp id="38" class="1001" name="const_38">
<pin_list>
<pin id="39" dir="1" index="0" bw="1" slack="0"/>
</pin_list>
<bind>
<StgValue><ssdm name=""/></StgValue>
</bind>
</comp>

<comp id="40" class="1001" name="const_40">
<pin_list>
<pin id="41" dir="1" index="0" bw="1" slack="0"/>
</pin_list>
<bind>
<StgValue><ssdm name="_ssdm_op_PartSelect.i10.i14.i32.i32"/></StgValue>
</bind>
</comp>

<comp id="42" class="1001" name="const_42">
<pin_list>
<pin id="43" dir="1" index="0" bw="1" slack="0"/>
</pin_list>
<bind>
<StgValue><ssdm name=""/></StgValue>
</bind>
</comp>

<comp id="44" class="1001" name="const_44">
<pin_list>
<pin id="45" dir="1" index="0" bw="1" slack="0"/>
</pin_list>
<bind>
<StgValue><ssdm name=""/></StgValue>
</bind>
</comp>

<comp id="46" class="1001" name="const_46">
<pin_list>
<pin id="47" dir="1" index="0" bw="1" slack="0"/>
</pin_list>
<bind>
<StgValue><ssdm name=""/></StgValue>
</bind>
</comp>

<comp id="48" class="1001" name="const_48">
<pin_list>
<pin id="49" dir="1" index="0" bw="1" slack="0"/>
</pin_list>
<bind>
<StgValue><ssdm name=""/></StgValue>
</bind>
</comp>

<comp id="50" class="1001" name="const_50">
<pin_list>
<pin id="51" dir="1" index="0" bw="1" slack="0"/>
</pin_list>
<bind>
<StgValue><ssdm name=""/></StgValue>
</bind>
</comp>

<comp id="52" class="1001" name="const_52">
<pin_list>
<pin id="53" dir="1" index="0" bw="1" slack="0"/>
</pin_list>
<bind>
<StgValue><ssdm name=""/></StgValue>
</bind>
</comp>

<comp id="54" class="1001" name="const_54">
<pin_list>
<pin id="55" dir="1" index="0" bw="1" slack="0"/>
</pin_list>
<bind>
<StgValue><ssdm name=""/></StgValue>
</bind>
</comp>

<comp id="56" class="1001" name="const_56">
<pin_list>
<pin id="57" dir="1" index="0" bw="1" slack="0"/>
</pin_list>
<bind>
<StgValue><ssdm name=""/></StgValue>
</bind>
</comp>

<comp id="58" class="1001" name="const_58">
<pin_list>
<pin id="59" dir="1" index="0" bw="1" slack="0"/>
</pin_list>
<bind>
<StgValue><ssdm name=""/></StgValue>
</bind>
</comp>

<comp id="60" class="1001" name="const_60">
<pin_list>
<pin id="61" dir="1" index="0" bw="1" slack="0"/>
</pin_list>
<bind>
<StgValue><ssdm name=""/></StgValue>
</bind>
</comp>

<comp id="62" class="1001" name="const_62">
<pin_list>
<pin id="63" dir="1" index="0" bw="1" slack="0"/>
</pin_list>
<bind>
<StgValue><ssdm name=""/></StgValue>
</bind>
</comp>

<comp id="64" class="1001" name="const_64">
<pin_list>
<pin id="65" dir="1" index="0" bw="1" slack="0"/>
</pin_list>
<bind>
<StgValue><ssdm name="_ssdm_op_BitConcatenate.i6.i3.i3"/></StgValue>
</bind>
</comp>

<comp id="66" class="1001" name="const_66">
<pin_list>
<pin id="67" dir="1" index="0" bw="1" slack="0"/>
</pin_list>
<bind>
<StgValue><ssdm name=""/></StgValue>
</bind>
</comp>

<comp id="68" class="1001" name="const_68">
<pin_list>
<pin id="69" dir="1" index="0" bw="1" slack="0"/>
</pin_list>
<bind>
<StgValue><ssdm name=""/></StgValue>
</bind>
</comp>

<comp id="70" class="1001" name="const_70">
<pin_list>
<pin id="71" dir="1" index="0" bw="1" slack="0"/>
</pin_list>
<bind>
<StgValue><ssdm name=""/></StgValue>
</bind>
</comp>

<comp id="72" class="1004" name="color_read_read_fu_72">
<pin_list>
<pin id="73" dir="0" index="0" bw="8" slack="0"/>
<pin id="74" dir="0" index="1" bw="8" slack="0"/>
<pin id="75" dir="1" index="2" bw="8" slack="0"/>
</pin_list>
<bind>
<opcode="read(1150) " fcode="read"/>
<opset="color_read/1 "/>
</bind>
</comp>

<comp id="78" class="1004" name="height_read_read_fu_78">
<pin_list>
<pin id="79" dir="0" index="0" bw="14" slack="0"/>
<pin id="80" dir="0" index="1" bw="14" slack="0"/>
<pin id="81" dir="1" index="2" bw="14" slack="0"/>
</pin_list>
<bind>
<opcode="read(1150) " fcode="read"/>
<opset="height_read/1 "/>
</bind>
</comp>

<comp id="84" class="1004" name="width_read_read_fu_84">
<pin_list>
<pin id="85" dir="0" index="0" bw="14" slack="0"/>
<pin id="86" dir="0" index="1" bw="14" slack="0"/>
<pin id="87" dir="1" index="2" bw="14" slack="0"/>
</pin_list>
<bind>
<opcode="read(1150) " fcode="read"/>
<opset="width_read/1 "/>
</bind>
</comp>

<comp id="90" class="1004" name="x_read_read_fu_90">
<pin_list>
<pin id="91" dir="0" index="0" bw="16" slack="0"/>
<pin id="92" dir="0" index="1" bw="16" slack="0"/>
<pin id="93" dir="1" index="2" bw="16" slack="0"/>
</pin_list>
<bind>
<opcode="read(1150) " fcode="read"/>
<opset="x_read/1 "/>
</bind>
</comp>

<comp id="96" class="1004" name="y_read_read_fu_96">
<pin_list>
<pin id="97" dir="0" index="0" bw="16" slack="0"/>
<pin id="98" dir="0" index="1" bw="16" slack="0"/>
<pin id="99" dir="1" index="2" bw="16" slack="0"/>
</pin_list>
<bind>
<opcode="read(1150) " fcode="read"/>
<opset="y_read/1 "/>
</bind>
</comp>

<comp id="102" class="1004" name="tpgTartanBarArray_addr_gep_fu_102">
<pin_list>
<pin id="103" dir="0" index="0" bw="3" slack="0"/>
<pin id="104" dir="0" index="1" bw="1" slack="0"/>
<pin id="105" dir="0" index="2" bw="6" slack="0"/>
<pin id="106" dir="1" index="3" bw="6" slack="0"/>
</pin_list>
<bind>
<opcode="getelementptr(29) " fcode="getelementptr"/>
<opset="tpgTartanBarArray_addr/1 "/>
</bind>
</comp>

<comp id="109" class="1004" name="grp_access_fu_109">
<pin_list>
<pin id="110" dir="0" index="0" bw="6" slack="0"/>
<pin id="111" dir="0" index="1" bw="3" slack="2147483647"/>
<pin id="112" dir="0" index="2" bw="0" slack="2147483647"/>
<pin id="113" dir="1" index="3" bw="3" slack="0"/>
</pin_list>
<bind>
<opcode="load(27) " fcode="load"/>
<opset="tpgTartanBarArray_load/1 "/>
</bind>
</comp>

<comp id="115" class="1004" name="tpgBarSelRgb_r16_addr_gep_fu_115">
<pin_list>
<pin id="116" dir="0" index="0" bw="2" slack="0"/>
<pin id="117" dir="0" index="1" bw="1" slack="0"/>
<pin id="118" dir="0" index="2" bw="3" slack="0"/>
<pin id="119" dir="1" index="3" bw="3" slack="0"/>
</pin_list>
<bind>
<opcode="getelementptr(29) " fcode="getelementptr"/>
<opset="tpgBarSelRgb_r16_addr/2 "/>
</bind>
</comp>

<comp id="122" class="1004" name="grp_access_fu_122">
<pin_list>
<pin id="123" dir="0" index="0" bw="3" slack="0"/>
<pin id="124" dir="0" index="1" bw="2" slack="2147483647"/>
<pin id="125" dir="0" index="2" bw="0" slack="2147483647"/>
<pin id="126" dir="1" index="3" bw="2" slack="0"/>
</pin_list>
<bind>
<opcode="load(27) " fcode="load"/>
<opset="tpgBarSelRgb_r16_load/2 "/>
</bind>
</comp>

<comp id="128" class="1004" name="tpgBarSelRgb_g14_addr_gep_fu_128">
<pin_list>
<pin id="129" dir="0" index="0" bw="2" slack="0"/>
<pin id="130" dir="0" index="1" bw="1" slack="0"/>
<pin id="131" dir="0" index="2" bw="3" slack="0"/>
<pin id="132" dir="1" index="3" bw="3" slack="0"/>
</pin_list>
<bind>
<opcode="getelementptr(29) " fcode="getelementptr"/>
<opset="tpgBarSelRgb_g14_addr/2 "/>
</bind>
</comp>

<comp id="135" class="1004" name="grp_access_fu_135">
<pin_list>
<pin id="136" dir="0" index="0" bw="3" slack="0"/>
<pin id="137" dir="0" index="1" bw="2" slack="2147483647"/>
<pin id="138" dir="0" index="2" bw="0" slack="2147483647"/>
<pin id="139" dir="1" index="3" bw="2" slack="0"/>
</pin_list>
<bind>
<opcode="load(27) " fcode="load"/>
<opset="tpgBarSelRgb_g14_load/2 "/>
</bind>
</comp>

<comp id="141" class="1004" name="tpgBarSelRgb_b12_addr_gep_fu_141">
<pin_list>
<pin id="142" dir="0" index="0" bw="2" slack="0"/>
<pin id="143" dir="0" index="1" bw="1" slack="0"/>
<pin id="144" dir="0" index="2" bw="3" slack="0"/>
<pin id="145" dir="1" index="3" bw="3" slack="0"/>
</pin_list>
<bind>
<opcode="getelementptr(29) " fcode="getelementptr"/>
<opset="tpgBarSelRgb_b12_addr/2 "/>
</bind>
</comp>

<comp id="148" class="1004" name="grp_access_fu_148">
<pin_list>
<pin id="149" dir="0" index="0" bw="3" slack="0"/>
<pin id="150" dir="0" index="1" bw="2" slack="2147483647"/>
<pin id="151" dir="0" index="2" bw="0" slack="2147483647"/>
<pin id="152" dir="1" index="3" bw="2" slack="0"/>
</pin_list>
<bind>
<opcode="load(27) " fcode="load"/>
<opset="tpgBarSelRgb_b12_load/2 "/>
</bind>
</comp>

<comp id="154" class="1004" name="tpgBarSelYuv_y22_addr_gep_fu_154">
<pin_list>
<pin id="155" dir="0" index="0" bw="8" slack="0"/>
<pin id="156" dir="0" index="1" bw="1" slack="0"/>
<pin id="157" dir="0" index="2" bw="3" slack="0"/>
<pin id="158" dir="1" index="3" bw="3" slack="0"/>
</pin_list>
<bind>
<opcode="getelementptr(29) " fcode="getelementptr"/>
<opset="tpgBarSelYuv_y22_addr/2 "/>
</bind>
</comp>

<comp id="161" class="1004" name="grp_access_fu_161">
<pin_list>
<pin id="162" dir="0" index="0" bw="3" slack="0"/>
<pin id="163" dir="0" index="1" bw="8" slack="2147483647"/>
<pin id="164" dir="0" index="2" bw="0" slack="2147483647"/>
<pin id="165" dir="1" index="3" bw="8" slack="0"/>
</pin_list>
<bind>
<opcode="load(27) " fcode="load"/>
<opset="tpgBarSelYuv_y22_load/2 "/>
</bind>
</comp>

<comp id="167" class="1004" name="tpgBarSelYuv_v20_addr_gep_fu_167">
<pin_list>
<pin id="168" dir="0" index="0" bw="8" slack="0"/>
<pin id="169" dir="0" index="1" bw="1" slack="0"/>
<pin id="170" dir="0" index="2" bw="3" slack="0"/>
<pin id="171" dir="1" index="3" bw="3" slack="0"/>
</pin_list>
<bind>
<opcode="getelementptr(29) " fcode="getelementptr"/>
<opset="tpgBarSelYuv_v20_addr/2 "/>
</bind>
</comp>

<comp id="174" class="1004" name="grp_access_fu_174">
<pin_list>
<pin id="175" dir="0" index="0" bw="3" slack="0"/>
<pin id="176" dir="0" index="1" bw="8" slack="2147483647"/>
<pin id="177" dir="0" index="2" bw="0" slack="2147483647"/>
<pin id="178" dir="1" index="3" bw="8" slack="0"/>
</pin_list>
<bind>
<opcode="load(27) " fcode="load"/>
<opset="tpgBarSelYuv_v20_load/2 "/>
</bind>
</comp>

<comp id="180" class="1004" name="tpgBarSelYuv_u18_addr_gep_fu_180">
<pin_list>
<pin id="181" dir="0" index="0" bw="8" slack="0"/>
<pin id="182" dir="0" index="1" bw="1" slack="0"/>
<pin id="183" dir="0" index="2" bw="3" slack="0"/>
<pin id="184" dir="1" index="3" bw="3" slack="0"/>
</pin_list>
<bind>
<opcode="getelementptr(29) " fcode="getelementptr"/>
<opset="tpgBarSelYuv_u18_addr/2 "/>
</bind>
</comp>

<comp id="187" class="1004" name="grp_access_fu_187">
<pin_list>
<pin id="188" dir="0" index="0" bw="3" slack="0"/>
<pin id="189" dir="0" index="1" bw="8" slack="2147483647"/>
<pin id="190" dir="0" index="2" bw="0" slack="2147483647"/>
<pin id="191" dir="1" index="3" bw="8" slack="0"/>
</pin_list>
<bind>
<opcode="load(27) " fcode="load"/>
<opset="tpgBarSelYuv_u18_load/2 "/>
</bind>
</comp>

<comp id="193" class="1005" name="vBarSel_loc_2_reg_193">
<pin_list>
<pin id="194" dir="0" index="0" bw="3" slack="2147483647"/>
<pin id="195" dir="1" index="1" bw="3" slack="2147483647"/>
</pin_list>
<bind>
<opset="vBarSel_loc_2 (phireg) "/>
</bind>
</comp>

<comp id="196" class="1004" name="vBarSel_loc_2_phi_fu_196">
<pin_list>
<pin id="197" dir="0" index="0" bw="1" slack="0"/>
<pin id="198" dir="0" index="1" bw="0" slack="2147483647"/>
<pin id="199" dir="0" index="2" bw="3" slack="0"/>
<pin id="200" dir="0" index="3" bw="0" slack="2147483647"/>
<pin id="201" dir="0" index="4" bw="3" slack="0"/>
<pin id="202" dir="0" index="5" bw="0" slack="2147483647"/>
<pin id="203" dir="0" index="6" bw="3" slack="0"/>
<pin id="204" dir="0" index="7" bw="0" slack="2147483647"/>
<pin id="205" dir="1" index="8" bw="3" slack="0"/>
</pin_list>
<bind>
<opcode="phi(47) " fcode="phi"/>
<opset="vBarSel_loc_2/1 "/>
</bind>
</comp>

<comp id="207" class="1005" name="hBarSel_loc_1_reg_207">
<pin_list>
<pin id="208" dir="0" index="0" bw="3" slack="2147483647"/>
<pin id="209" dir="1" index="1" bw="3" slack="2147483647"/>
</pin_list>
<bind>
<opset="hBarSel_loc_1 (phireg) "/>
</bind>
</comp>

<comp id="210" class="1004" name="hBarSel_loc_1_phi_fu_210">
<pin_list>
<pin id="211" dir="0" index="0" bw="1" slack="0"/>
<pin id="212" dir="0" index="1" bw="0" slack="2147483647"/>
<pin id="213" dir="0" index="2" bw="3" slack="0"/>
<pin id="214" dir="0" index="3" bw="0" slack="2147483647"/>
<pin id="215" dir="0" index="4" bw="3" slack="0"/>
<pin id="216" dir="0" index="5" bw="0" slack="2147483647"/>
<pin id="217" dir="1" index="6" bw="3" slack="0"/>
</pin_list>
<bind>
<opcode="phi(47) " fcode="phi"/>
<opset="hBarSel_loc_1/1 "/>
</bind>
</comp>

<comp id="219" class="1004" name="trunc_ln1324_fu_219">
<pin_list>
<pin id="220" dir="0" index="0" bw="16" slack="0"/>
<pin id="221" dir="1" index="1" bw="1" slack="0"/>
</pin_list>
<bind>
<opcode="trunc(33) " fcode="trunc"/>
<opset="trunc_ln1324/1 "/>
</bind>
</comp>

<comp id="223" class="1004" name="add_ln1328_fu_223">
<pin_list>
<pin id="224" dir="0" index="0" bw="14" slack="0"/>
<pin id="225" dir="0" index="1" bw="5" slack="0"/>
<pin id="226" dir="1" index="2" bw="14" slack="0"/>
</pin_list>
<bind>
<opcode="add(8) " fcode="add"/>
<opset="add_ln1328/1 "/>
</bind>
</comp>

<comp id="229" class="1004" name="trunc_ln1_fu_229">
<pin_list>
<pin id="230" dir="0" index="0" bw="10" slack="0"/>
<pin id="231" dir="0" index="1" bw="14" slack="0"/>
<pin id="232" dir="0" index="2" bw="4" slack="0"/>
<pin id="233" dir="0" index="3" bw="5" slack="0"/>
<pin id="234" dir="1" index="4" bw="10" slack="0"/>
</pin_list>
<bind>
<opcode="partselect(1002) " fcode="partselect"/>
<opset="trunc_ln1/1 "/>
</bind>
</comp>

<comp id="239" class="1004" name="barWidthMinSamples_fu_239">
<pin_list>
<pin id="240" dir="0" index="0" bw="10" slack="0"/>
<pin id="241" dir="0" index="1" bw="1" slack="0"/>
<pin id="242" dir="1" index="2" bw="10" slack="0"/>
</pin_list>
<bind>
<opcode="add(8) " fcode="add"/>
<opset="barWidthMinSamples/1 "/>
</bind>
</comp>

<comp id="245" class="1004" name="add_ln1329_fu_245">
<pin_list>
<pin id="246" dir="0" index="0" bw="14" slack="0"/>
<pin id="247" dir="0" index="1" bw="5" slack="0"/>
<pin id="248" dir="1" index="2" bw="14" slack="0"/>
</pin_list>
<bind>
<opcode="add(8) " fcode="add"/>
<opset="add_ln1329/1 "/>
</bind>
</comp>

<comp id="251" class="1004" name="icmp_ln1336_fu_251">
<pin_list>
<pin id="252" dir="0" index="0" bw="16" slack="0"/>
<pin id="253" dir="0" index="1" bw="1" slack="0"/>
<pin id="254" dir="1" index="2" bw="1" slack="0"/>
</pin_list>
<bind>
<opcode="icmp(45) " fcode="icmp"/>
<opset="icmp_ln1336/1 "/>
</bind>
</comp>

<comp id="257" class="1004" name="or_ln1336_fu_257">
<pin_list>
<pin id="258" dir="0" index="0" bw="16" slack="0"/>
<pin id="259" dir="0" index="1" bw="16" slack="0"/>
<pin id="260" dir="1" index="2" bw="16" slack="0"/>
</pin_list>
<bind>
<opcode="or(24) " fcode="or"/>
<opset="or_ln1336/1 "/>
</bind>
</comp>

<comp id="263" class="1004" name="icmp_ln1336_1_fu_263">
<pin_list>
<pin id="264" dir="0" index="0" bw="16" slack="0"/>
<pin id="265" dir="0" index="1" bw="1" slack="0"/>
<pin id="266" dir="1" index="2" bw="1" slack="2147483647"/>
</pin_list>
<bind>
<opcode="icmp(45) " fcode="icmp"/>
<opset="icmp_ln1336_1/1 "/>
</bind>
</comp>

<comp id="269" class="1004" name="vBarSel_load_load_fu_269">
<pin_list>
<pin id="270" dir="0" index="0" bw="3" slack="0"/>
<pin id="271" dir="1" index="1" bw="3" slack="0"/>
</pin_list>
<bind>
<opcode="load(27) " fcode="load"/>
<opset="vBarSel_load/1 "/>
</bind>
</comp>

<comp id="275" class="1004" name="yCount_V_load_load_fu_275">
<pin_list>
<pin id="276" dir="0" index="0" bw="10" slack="0"/>
<pin id="277" dir="1" index="1" bw="10" slack="0"/>
</pin_list>
<bind>
<opcode="load(27) " fcode="load"/>
<opset="yCount_V_load/1 "/>
</bind>
</comp>

<comp id="279" class="1004" name="tmp_fu_279">
<pin_list>
<pin id="280" dir="0" index="0" bw="10" slack="0"/>
<pin id="281" dir="0" index="1" bw="14" slack="0"/>
<pin id="282" dir="0" index="2" bw="4" slack="0"/>
<pin id="283" dir="0" index="3" bw="5" slack="0"/>
<pin id="284" dir="1" index="4" bw="10" slack="0"/>
</pin_list>
<bind>
<opcode="partselect(1002) " fcode="partselect"/>
<opset="tmp/1 "/>
</bind>
</comp>

<comp id="289" class="1004" name="zext_ln1542_fu_289">
<pin_list>
<pin id="290" dir="0" index="0" bw="10" slack="0"/>
<pin id="291" dir="1" index="1" bw="11" slack="0"/>
</pin_list>
<bind>
<opcode="zext(34) " fcode="zext"/>
<opset="zext_ln1542/1 "/>
</bind>
</comp>

<comp id="293" class="1004" name="ret_V_fu_293">
<pin_list>
<pin id="294" dir="0" index="0" bw="10" slack="0"/>
<pin id="295" dir="0" index="1" bw="1" slack="0"/>
<pin id="296" dir="1" index="2" bw="11" slack="0"/>
</pin_list>
<bind>
<opcode="add(8) " fcode="add"/>
<opset="ret_V/1 "/>
</bind>
</comp>

<comp id="299" class="1004" name="zext_ln1073_fu_299">
<pin_list>
<pin id="300" dir="0" index="0" bw="10" slack="0"/>
<pin id="301" dir="1" index="1" bw="11" slack="0"/>
</pin_list>
<bind>
<opcode="zext(34) " fcode="zext"/>
<opset="zext_ln1073/1 "/>
</bind>
</comp>

<comp id="303" class="1004" name="icmp_ln1073_fu_303">
<pin_list>
<pin id="304" dir="0" index="0" bw="10" slack="0"/>
<pin id="305" dir="0" index="1" bw="11" slack="0"/>
<pin id="306" dir="1" index="2" bw="1" slack="0"/>
</pin_list>
<bind>
<opcode="icmp(45) " fcode="icmp"/>
<opset="icmp_ln1073/1 "/>
</bind>
</comp>

<comp id="309" class="1004" name="and_ln1341_fu_309">
<pin_list>
<pin id="310" dir="0" index="0" bw="1" slack="0"/>
<pin id="311" dir="0" index="1" bw="1" slack="0"/>
<pin id="312" dir="1" index="2" bw="1" slack="2147483647"/>
</pin_list>
<bind>
<opcode="and(23) " fcode="and"/>
<opset="and_ln1341/1 "/>
</bind>
</comp>

<comp id="315" class="1004" name="store_ln1347_store_fu_315">
<pin_list>
<pin id="316" dir="0" index="0" bw="1" slack="0"/>
<pin id="317" dir="0" index="1" bw="10" slack="0"/>
<pin id="318" dir="1" index="2" bw="0" slack="2147483647"/>
</pin_list>
<bind>
<opcode="store(28) " fcode="store"/>
<opset="store_ln1347/1 "/>
</bind>
</comp>

<comp id="321" class="1004" name="add_ln1348_fu_321">
<pin_list>
<pin id="322" dir="0" index="0" bw="3" slack="0"/>
<pin id="323" dir="0" index="1" bw="1" slack="0"/>
<pin id="324" dir="1" index="2" bw="3" slack="0"/>
</pin_list>
<bind>
<opcode="add(8) " fcode="add"/>
<opset="add_ln1348/1 "/>
</bind>
</comp>

<comp id="328" class="1004" name="store_ln1348_store_fu_328">
<pin_list>
<pin id="329" dir="0" index="0" bw="3" slack="0"/>
<pin id="330" dir="0" index="1" bw="3" slack="0"/>
<pin id="331" dir="1" index="2" bw="0" slack="2147483647"/>
</pin_list>
<bind>
<opcode="store(28) " fcode="store"/>
<opset="store_ln1348/1 "/>
</bind>
</comp>

<comp id="334" class="1004" name="add_ln886_fu_334">
<pin_list>
<pin id="335" dir="0" index="0" bw="10" slack="0"/>
<pin id="336" dir="0" index="1" bw="1" slack="0"/>
<pin id="337" dir="1" index="2" bw="10" slack="0"/>
</pin_list>
<bind>
<opcode="add(8) " fcode="add"/>
<opset="add_ln886/1 "/>
</bind>
</comp>

<comp id="340" class="1004" name="store_ln886_store_fu_340">
<pin_list>
<pin id="341" dir="0" index="0" bw="10" slack="0"/>
<pin id="342" dir="0" index="1" bw="10" slack="0"/>
<pin id="343" dir="1" index="2" bw="0" slack="2147483647"/>
</pin_list>
<bind>
<opcode="store(28) " fcode="store"/>
<opset="store_ln886/1 "/>
</bind>
</comp>

<comp id="346" class="1004" name="store_ln1338_store_fu_346">
<pin_list>
<pin id="347" dir="0" index="0" bw="1" slack="0"/>
<pin id="348" dir="0" index="1" bw="10" slack="0"/>
<pin id="349" dir="1" index="2" bw="0" slack="2147483647"/>
</pin_list>
<bind>
<opcode="store(28) " fcode="store"/>
<opset="store_ln1338/1 "/>
</bind>
</comp>

<comp id="352" class="1004" name="store_ln1339_store_fu_352">
<pin_list>
<pin id="353" dir="0" index="0" bw="1" slack="0"/>
<pin id="354" dir="0" index="1" bw="3" slack="0"/>
<pin id="355" dir="1" index="2" bw="0" slack="2147483647"/>
</pin_list>
<bind>
<opcode="store(28) " fcode="store"/>
<opset="store_ln1339/1 "/>
</bind>
</comp>

<comp id="358" class="1004" name="cmp65_fu_358">
<pin_list>
<pin id="359" dir="0" index="0" bw="8" slack="0"/>
<pin id="360" dir="0" index="1" bw="1" slack="0"/>
<pin id="361" dir="1" index="2" bw="1" slack="0"/>
</pin_list>
<bind>
<opcode="icmp(45) " fcode="icmp"/>
<opset="cmp65/1 "/>
</bind>
</comp>

<comp id="364" class="1004" name="cmp88_fu_364">
<pin_list>
<pin id="365" dir="0" index="0" bw="8" slack="0"/>
<pin id="366" dir="0" index="1" bw="1" slack="0"/>
<pin id="367" dir="1" index="2" bw="1" slack="0"/>
</pin_list>
<bind>
<opcode="icmp(45) " fcode="icmp"/>
<opset="cmp88/1 "/>
</bind>
</comp>

<comp id="370" class="1004" name="hBarSel_load_load_fu_370">
<pin_list>
<pin id="371" dir="0" index="0" bw="3" slack="0"/>
<pin id="372" dir="1" index="1" bw="3" slack="0"/>
</pin_list>
<bind>
<opcode="load(27) " fcode="load"/>
<opset="hBarSel_load/1 "/>
</bind>
</comp>

<comp id="375" class="1004" name="xCount_V_load_load_fu_375">
<pin_list>
<pin id="376" dir="0" index="0" bw="10" slack="0"/>
<pin id="377" dir="1" index="1" bw="10" slack="0"/>
</pin_list>
<bind>
<opcode="load(27) " fcode="load"/>
<opset="xCount_V_load/1 "/>
</bind>
</comp>

<comp id="379" class="1004" name="icmp_ln1073_1_fu_379">
<pin_list>
<pin id="380" dir="0" index="0" bw="10" slack="0"/>
<pin id="381" dir="0" index="1" bw="10" slack="0"/>
<pin id="382" dir="1" index="2" bw="1" slack="2147483647"/>
</pin_list>
<bind>
<opcode="icmp(45) " fcode="icmp"/>
<opset="icmp_ln1073_1/1 "/>
</bind>
</comp>

<comp id="385" class="1004" name="sub_ln887_fu_385">
<pin_list>
<pin id="386" dir="0" index="0" bw="10" slack="0"/>
<pin id="387" dir="0" index="1" bw="10" slack="0"/>
<pin id="388" dir="1" index="2" bw="10" slack="0"/>
</pin_list>
<bind>
<opcode="sub(10) " fcode="sub"/>
<opset="sub_ln887/1 "/>
</bind>
</comp>

<comp id="391" class="1004" name="store_ln887_store_fu_391">
<pin_list>
<pin id="392" dir="0" index="0" bw="10" slack="0"/>
<pin id="393" dir="0" index="1" bw="10" slack="0"/>
<pin id="394" dir="1" index="2" bw="0" slack="2147483647"/>
</pin_list>
<bind>
<opcode="store(28) " fcode="store"/>
<opset="store_ln887/1 "/>
</bind>
</comp>

<comp id="397" class="1004" name="add_ln1367_fu_397">
<pin_list>
<pin id="398" dir="0" index="0" bw="3" slack="0"/>
<pin id="399" dir="0" index="1" bw="1" slack="0"/>
<pin id="400" dir="1" index="2" bw="3" slack="0"/>
</pin_list>
<bind>
<opcode="add(8) " fcode="add"/>
<opset="add_ln1367/1 "/>
</bind>
</comp>

<comp id="404" class="1004" name="store_ln1367_store_fu_404">
<pin_list>
<pin id="405" dir="0" index="0" bw="3" slack="0"/>
<pin id="406" dir="0" index="1" bw="3" slack="0"/>
<pin id="407" dir="1" index="2" bw="0" slack="2147483647"/>
</pin_list>
<bind>
<opcode="store(28) " fcode="store"/>
<opset="store_ln1367/1 "/>
</bind>
</comp>

<comp id="410" class="1004" name="add_ln886_1_fu_410">
<pin_list>
<pin id="411" dir="0" index="0" bw="10" slack="0"/>
<pin id="412" dir="0" index="1" bw="1" slack="0"/>
<pin id="413" dir="1" index="2" bw="10" slack="0"/>
</pin_list>
<bind>
<opcode="add(8) " fcode="add"/>
<opset="add_ln886_1/1 "/>
</bind>
</comp>

<comp id="416" class="1004" name="store_ln886_store_fu_416">
<pin_list>
<pin id="417" dir="0" index="0" bw="10" slack="0"/>
<pin id="418" dir="0" index="1" bw="10" slack="0"/>
<pin id="419" dir="1" index="2" bw="0" slack="2147483647"/>
</pin_list>
<bind>
<opcode="store(28) " fcode="store"/>
<opset="store_ln886/1 "/>
</bind>
</comp>

<comp id="422" class="1004" name="store_ln1357_store_fu_422">
<pin_list>
<pin id="423" dir="0" index="0" bw="1" slack="0"/>
<pin id="424" dir="0" index="1" bw="3" slack="0"/>
<pin id="425" dir="1" index="2" bw="0" slack="2147483647"/>
</pin_list>
<bind>
<opcode="store(28) " fcode="store"/>
<opset="store_ln1357/1 "/>
</bind>
</comp>

<comp id="428" class="1004" name="store_ln1358_store_fu_428">
<pin_list>
<pin id="429" dir="0" index="0" bw="1" slack="0"/>
<pin id="430" dir="0" index="1" bw="10" slack="0"/>
<pin id="431" dir="1" index="2" bw="0" slack="2147483647"/>
</pin_list>
<bind>
<opcode="store(28) " fcode="store"/>
<opset="store_ln1358/1 "/>
</bind>
</comp>

<comp id="434" class="1004" name="or_ln_fu_434">
<pin_list>
<pin id="435" dir="0" index="0" bw="6" slack="0"/>
<pin id="436" dir="0" index="1" bw="3" slack="0"/>
<pin id="437" dir="0" index="2" bw="3" slack="0"/>
<pin id="438" dir="1" index="3" bw="6" slack="0"/>
</pin_list>
<bind>
<opcode="bitconcatenate(1004) " fcode="bitconcatenate"/>
<opset="or_ln/1 "/>
</bind>
</comp>

<comp id="442" class="1004" name="zext_ln1374_fu_442">
<pin_list>
<pin id="443" dir="0" index="0" bw="6" slack="0"/>
<pin id="444" dir="1" index="1" bw="64" slack="0"/>
</pin_list>
<bind>
<opcode="zext(34) " fcode="zext"/>
<opset="zext_ln1374/1 "/>
</bind>
</comp>

<comp id="447" class="1004" name="sel_tmp1_fu_447">
<pin_list>
<pin id="448" dir="0" index="0" bw="1" slack="0"/>
<pin id="449" dir="0" index="1" bw="1" slack="0"/>
<pin id="450" dir="1" index="2" bw="1" slack="0"/>
</pin_list>
<bind>
<opcode="xor(25) " fcode="xor"/>
<opset="sel_tmp1/1 "/>
</bind>
</comp>

<comp id="453" class="1004" name="and_ln1379_fu_453">
<pin_list>
<pin id="454" dir="0" index="0" bw="1" slack="0"/>
<pin id="455" dir="0" index="1" bw="1" slack="0"/>
<pin id="456" dir="1" index="2" bw="1" slack="0"/>
</pin_list>
<bind>
<opcode="and(23) " fcode="and"/>
<opset="and_ln1379/1 "/>
</bind>
</comp>

<comp id="459" class="1004" name="and_ln1379_1_fu_459">
<pin_list>
<pin id="460" dir="0" index="0" bw="1" slack="0"/>
<pin id="461" dir="0" index="1" bw="1" slack="0"/>
<pin id="462" dir="1" index="2" bw="1" slack="1"/>
</pin_list>
<bind>
<opcode="and(23) " fcode="and"/>
<opset="and_ln1379_1/1 "/>
</bind>
</comp>

<comp id="465" class="1004" name="zext_ln1374_1_fu_465">
<pin_list>
<pin id="466" dir="0" index="0" bw="3" slack="0"/>
<pin id="467" dir="1" index="1" bw="64" slack="0"/>
</pin_list>
<bind>
<opcode="zext(34) " fcode="zext"/>
<opset="zext_ln1374_1/2 "/>
</bind>
</comp>

<comp id="475" class="1004" name="tpgBarSelRgb_r_load_cast_fu_475">
<pin_list>
<pin id="476" dir="0" index="0" bw="2" slack="0"/>
<pin id="477" dir="1" index="1" bw="8" slack="0"/>
</pin_list>
<bind>
<opcode="sext(35) " fcode="sext"/>
<opset="tpgBarSelRgb_r_load_cast/3 "/>
</bind>
</comp>

<comp id="479" class="1004" name="sext_ln259_fu_479">
<pin_list>
<pin id="480" dir="0" index="0" bw="2" slack="0"/>
<pin id="481" dir="1" index="1" bw="8" slack="0"/>
</pin_list>
<bind>
<opcode="sext(35) " fcode="sext"/>
<opset="sext_ln259/3 "/>
</bind>
</comp>

<comp id="483" class="1004" name="tpgBarSelRgb_b_load_cast_fu_483">
<pin_list>
<pin id="484" dir="0" index="0" bw="2" slack="0"/>
<pin id="485" dir="1" index="1" bw="8" slack="0"/>
</pin_list>
<bind>
<opcode="sext(35) " fcode="sext"/>
<opset="tpgBarSelRgb_b_load_cast/3 "/>
</bind>
</comp>

<comp id="487" class="1004" name="sel_tmp_fu_487">
<pin_list>
<pin id="488" dir="0" index="0" bw="1" slack="2"/>
<pin id="489" dir="0" index="1" bw="2" slack="0"/>
<pin id="490" dir="0" index="2" bw="8" slack="0"/>
<pin id="491" dir="1" index="3" bw="8" slack="0"/>
</pin_list>
<bind>
<opcode="select(49) " fcode="select"/>
<opset="sel_tmp/3 "/>
</bind>
</comp>

<comp id="494" class="1004" name="pix_val_V_1_fu_494">
<pin_list>
<pin id="495" dir="0" index="0" bw="1" slack="2"/>
<pin id="496" dir="0" index="1" bw="8" slack="0"/>
<pin id="497" dir="0" index="2" bw="8" slack="0"/>
<pin id="498" dir="1" index="3" bw="8" slack="0"/>
</pin_list>
<bind>
<opcode="select(49) " fcode="select"/>
<opset="pix_val_V_1/3 "/>
</bind>
</comp>

<comp id="501" class="1004" name="pix_val_V_fu_501">
<pin_list>
<pin id="502" dir="0" index="0" bw="1" slack="2"/>
<pin id="503" dir="0" index="1" bw="2" slack="0"/>
<pin id="504" dir="0" index="2" bw="8" slack="0"/>
<pin id="505" dir="1" index="3" bw="8" slack="0"/>
</pin_list>
<bind>
<opcode="select(49) " fcode="select"/>
<opset="pix_val_V/3 "/>
</bind>
</comp>

<comp id="508" class="1004" name="pix_val_V_2_fu_508">
<pin_list>
<pin id="509" dir="0" index="0" bw="1" slack="2"/>
<pin id="510" dir="0" index="1" bw="2" slack="0"/>
<pin id="511" dir="0" index="2" bw="8" slack="0"/>
<pin id="512" dir="1" index="3" bw="8" slack="0"/>
</pin_list>
<bind>
<opcode="select(49) " fcode="select"/>
<opset="pix_val_V_2/3 "/>
</bind>
</comp>

<comp id="515" class="1004" name="mrv_fu_515">
<pin_list>
<pin id="516" dir="0" index="0" bw="24" slack="0"/>
<pin id="517" dir="0" index="1" bw="8" slack="0"/>
<pin id="518" dir="1" index="2" bw="24" slack="0"/>
</pin_list>
<bind>
<opcode="insertvalue(57) " fcode="insertvalue"/>
<opset="mrv/3 "/>
</bind>
</comp>

<comp id="521" class="1004" name="mrv_1_fu_521">
<pin_list>
<pin id="522" dir="0" index="0" bw="24" slack="0"/>
<pin id="523" dir="0" index="1" bw="8" slack="0"/>
<pin id="524" dir="1" index="2" bw="24" slack="0"/>
</pin_list>
<bind>
<opcode="insertvalue(57) " fcode="insertvalue"/>
<opset="mrv_1/3 "/>
</bind>
</comp>

<comp id="527" class="1004" name="mrv_2_fu_527">
<pin_list>
<pin id="528" dir="0" index="0" bw="24" slack="0"/>
<pin id="529" dir="0" index="1" bw="8" slack="0"/>
<pin id="530" dir="1" index="2" bw="24" slack="2147483647"/>
</pin_list>
<bind>
<opcode="insertvalue(57) " fcode="insertvalue"/>
<opset="mrv_2/3 "/>
</bind>
</comp>

<comp id="542" class="1005" name="cmp65_reg_542">
<pin_list>
<pin id="543" dir="0" index="0" bw="1" slack="1"/>
<pin id="544" dir="1" index="1" bw="1" slack="2"/>
</pin_list>
<bind>
<opset="cmp65 "/>
</bind>
</comp>

<comp id="552" class="1005" name="tpgTartanBarArray_addr_reg_552">
<pin_list>
<pin id="553" dir="0" index="0" bw="6" slack="1"/>
<pin id="554" dir="1" index="1" bw="6" slack="1"/>
</pin_list>
<bind>
<opset="tpgTartanBarArray_addr "/>
</bind>
</comp>

<comp id="557" class="1005" name="and_ln1379_1_reg_557">
<pin_list>
<pin id="558" dir="0" index="0" bw="1" slack="1"/>
<pin id="559" dir="1" index="1" bw="1" slack="2"/>
</pin_list>
<bind>
<opset="and_ln1379_1 "/>
</bind>
</comp>

<comp id="562" class="1005" name="tpgBarSelRgb_r16_addr_reg_562">
<pin_list>
<pin id="563" dir="0" index="0" bw="3" slack="1"/>
<pin id="564" dir="1" index="1" bw="3" slack="1"/>
</pin_list>
<bind>
<opset="tpgBarSelRgb_r16_addr "/>
</bind>
</comp>

<comp id="567" class="1005" name="tpgBarSelRgb_g14_addr_reg_567">
<pin_list>
<pin id="568" dir="0" index="0" bw="3" slack="1"/>
<pin id="569" dir="1" index="1" bw="3" slack="1"/>
</pin_list>
<bind>
<opset="tpgBarSelRgb_g14_addr "/>
</bind>
</comp>

<comp id="572" class="1005" name="tpgBarSelRgb_b12_addr_reg_572">
<pin_list>
<pin id="573" dir="0" index="0" bw="3" slack="1"/>
<pin id="574" dir="1" index="1" bw="3" slack="1"/>
</pin_list>
<bind>
<opset="tpgBarSelRgb_b12_addr "/>
</bind>
</comp>

<comp id="577" class="1005" name="tpgBarSelYuv_y22_addr_reg_577">
<pin_list>
<pin id="578" dir="0" index="0" bw="3" slack="1"/>
<pin id="579" dir="1" index="1" bw="3" slack="1"/>
</pin_list>
<bind>
<opset="tpgBarSelYuv_y22_addr "/>
</bind>
</comp>

<comp id="582" class="1005" name="tpgBarSelYuv_v20_addr_reg_582">
<pin_list>
<pin id="583" dir="0" index="0" bw="3" slack="1"/>
<pin id="584" dir="1" index="1" bw="3" slack="1"/>
</pin_list>
<bind>
<opset="tpgBarSelYuv_v20_addr "/>
</bind>
</comp>

<comp id="587" class="1005" name="tpgBarSelYuv_u18_addr_reg_587">
<pin_list>
<pin id="588" dir="0" index="0" bw="3" slack="1"/>
<pin id="589" dir="1" index="1" bw="3" slack="1"/>
</pin_list>
<bind>
<opset="tpgBarSelYuv_u18_addr "/>
</bind>
</comp>

</comp_list>

<net_list>
<net id="76"><net_src comp="32" pin="0"/><net_sink comp="72" pin=0"/></net>

<net id="77"><net_src comp="8" pin="0"/><net_sink comp="72" pin=1"/></net>

<net id="82"><net_src comp="34" pin="0"/><net_sink comp="78" pin=0"/></net>

<net id="83"><net_src comp="6" pin="0"/><net_sink comp="78" pin=1"/></net>

<net id="88"><net_src comp="34" pin="0"/><net_sink comp="84" pin=0"/></net>

<net id="89"><net_src comp="4" pin="0"/><net_sink comp="84" pin=1"/></net>

<net id="94"><net_src comp="36" pin="0"/><net_sink comp="90" pin=0"/></net>

<net id="95"><net_src comp="2" pin="0"/><net_sink comp="90" pin=1"/></net>

<net id="100"><net_src comp="36" pin="0"/><net_sink comp="96" pin=0"/></net>

<net id="101"><net_src comp="0" pin="0"/><net_sink comp="96" pin=1"/></net>

<net id="107"><net_src comp="18" pin="0"/><net_sink comp="102" pin=0"/></net>

<net id="108"><net_src comp="66" pin="0"/><net_sink comp="102" pin=1"/></net>

<net id="114"><net_src comp="102" pin="3"/><net_sink comp="109" pin=0"/></net>

<net id="120"><net_src comp="20" pin="0"/><net_sink comp="115" pin=0"/></net>

<net id="121"><net_src comp="66" pin="0"/><net_sink comp="115" pin=1"/></net>

<net id="127"><net_src comp="115" pin="3"/><net_sink comp="122" pin=0"/></net>

<net id="133"><net_src comp="22" pin="0"/><net_sink comp="128" pin=0"/></net>

<net id="134"><net_src comp="66" pin="0"/><net_sink comp="128" pin=1"/></net>

<net id="140"><net_src comp="128" pin="3"/><net_sink comp="135" pin=0"/></net>

<net id="146"><net_src comp="24" pin="0"/><net_sink comp="141" pin=0"/></net>

<net id="147"><net_src comp="66" pin="0"/><net_sink comp="141" pin=1"/></net>

<net id="153"><net_src comp="141" pin="3"/><net_sink comp="148" pin=0"/></net>

<net id="159"><net_src comp="26" pin="0"/><net_sink comp="154" pin=0"/></net>

<net id="160"><net_src comp="66" pin="0"/><net_sink comp="154" pin=1"/></net>

<net id="166"><net_src comp="154" pin="3"/><net_sink comp="161" pin=0"/></net>

<net id="172"><net_src comp="28" pin="0"/><net_sink comp="167" pin=0"/></net>

<net id="173"><net_src comp="66" pin="0"/><net_sink comp="167" pin=1"/></net>

<net id="179"><net_src comp="167" pin="3"/><net_sink comp="174" pin=0"/></net>

<net id="185"><net_src comp="30" pin="0"/><net_sink comp="180" pin=0"/></net>

<net id="186"><net_src comp="66" pin="0"/><net_sink comp="180" pin=1"/></net>

<net id="192"><net_src comp="180" pin="3"/><net_sink comp="187" pin=0"/></net>

<net id="206"><net_src comp="58" pin="0"/><net_sink comp="196" pin=0"/></net>

<net id="218"><net_src comp="58" pin="0"/><net_sink comp="210" pin=0"/></net>

<net id="222"><net_src comp="90" pin="2"/><net_sink comp="219" pin=0"/></net>

<net id="227"><net_src comp="84" pin="2"/><net_sink comp="223" pin=0"/></net>

<net id="228"><net_src comp="38" pin="0"/><net_sink comp="223" pin=1"/></net>

<net id="235"><net_src comp="40" pin="0"/><net_sink comp="229" pin=0"/></net>

<net id="236"><net_src comp="223" pin="2"/><net_sink comp="229" pin=1"/></net>

<net id="237"><net_src comp="42" pin="0"/><net_sink comp="229" pin=2"/></net>

<net id="238"><net_src comp="44" pin="0"/><net_sink comp="229" pin=3"/></net>

<net id="243"><net_src comp="229" pin="4"/><net_sink comp="239" pin=0"/></net>

<net id="244"><net_src comp="46" pin="0"/><net_sink comp="239" pin=1"/></net>

<net id="249"><net_src comp="78" pin="2"/><net_sink comp="245" pin=0"/></net>

<net id="250"><net_src comp="38" pin="0"/><net_sink comp="245" pin=1"/></net>

<net id="255"><net_src comp="90" pin="2"/><net_sink comp="251" pin=0"/></net>

<net id="256"><net_src comp="48" pin="0"/><net_sink comp="251" pin=1"/></net>

<net id="261"><net_src comp="90" pin="2"/><net_sink comp="257" pin=0"/></net>

<net id="262"><net_src comp="96" pin="2"/><net_sink comp="257" pin=1"/></net>

<net id="267"><net_src comp="257" pin="2"/><net_sink comp="263" pin=0"/></net>

<net id="268"><net_src comp="48" pin="0"/><net_sink comp="263" pin=1"/></net>

<net id="272"><net_src comp="10" pin="0"/><net_sink comp="269" pin=0"/></net>

<net id="273"><net_src comp="269" pin="1"/><net_sink comp="196" pin=2"/></net>

<net id="274"><net_src comp="269" pin="1"/><net_sink comp="196" pin=6"/></net>

<net id="278"><net_src comp="12" pin="0"/><net_sink comp="275" pin=0"/></net>

<net id="285"><net_src comp="40" pin="0"/><net_sink comp="279" pin=0"/></net>

<net id="286"><net_src comp="245" pin="2"/><net_sink comp="279" pin=1"/></net>

<net id="287"><net_src comp="42" pin="0"/><net_sink comp="279" pin=2"/></net>

<net id="288"><net_src comp="44" pin="0"/><net_sink comp="279" pin=3"/></net>

<net id="292"><net_src comp="279" pin="4"/><net_sink comp="289" pin=0"/></net>

<net id="297"><net_src comp="289" pin="1"/><net_sink comp="293" pin=0"/></net>

<net id="298"><net_src comp="50" pin="0"/><net_sink comp="293" pin=1"/></net>

<net id="302"><net_src comp="275" pin="1"/><net_sink comp="299" pin=0"/></net>

<net id="307"><net_src comp="299" pin="1"/><net_sink comp="303" pin=0"/></net>

<net id="308"><net_src comp="293" pin="2"/><net_sink comp="303" pin=1"/></net>

<net id="313"><net_src comp="303" pin="2"/><net_sink comp="309" pin=0"/></net>

<net id="314"><net_src comp="251" pin="2"/><net_sink comp="309" pin=1"/></net>

<net id="319"><net_src comp="52" pin="0"/><net_sink comp="315" pin=0"/></net>

<net id="320"><net_src comp="12" pin="0"/><net_sink comp="315" pin=1"/></net>

<net id="325"><net_src comp="269" pin="1"/><net_sink comp="321" pin=0"/></net>

<net id="326"><net_src comp="54" pin="0"/><net_sink comp="321" pin=1"/></net>

<net id="327"><net_src comp="321" pin="2"/><net_sink comp="196" pin=4"/></net>

<net id="332"><net_src comp="321" pin="2"/><net_sink comp="328" pin=0"/></net>

<net id="333"><net_src comp="10" pin="0"/><net_sink comp="328" pin=1"/></net>

<net id="338"><net_src comp="275" pin="1"/><net_sink comp="334" pin=0"/></net>

<net id="339"><net_src comp="56" pin="0"/><net_sink comp="334" pin=1"/></net>

<net id="344"><net_src comp="334" pin="2"/><net_sink comp="340" pin=0"/></net>

<net id="345"><net_src comp="12" pin="0"/><net_sink comp="340" pin=1"/></net>

<net id="350"><net_src comp="52" pin="0"/><net_sink comp="346" pin=0"/></net>

<net id="351"><net_src comp="12" pin="0"/><net_sink comp="346" pin=1"/></net>

<net id="356"><net_src comp="58" pin="0"/><net_sink comp="352" pin=0"/></net>

<net id="357"><net_src comp="10" pin="0"/><net_sink comp="352" pin=1"/></net>

<net id="362"><net_src comp="72" pin="2"/><net_sink comp="358" pin=0"/></net>

<net id="363"><net_src comp="60" pin="0"/><net_sink comp="358" pin=1"/></net>

<net id="368"><net_src comp="72" pin="2"/><net_sink comp="364" pin=0"/></net>

<net id="369"><net_src comp="62" pin="0"/><net_sink comp="364" pin=1"/></net>

<net id="373"><net_src comp="14" pin="0"/><net_sink comp="370" pin=0"/></net>

<net id="374"><net_src comp="370" pin="1"/><net_sink comp="210" pin=2"/></net>

<net id="378"><net_src comp="16" pin="0"/><net_sink comp="375" pin=0"/></net>

<net id="383"><net_src comp="375" pin="1"/><net_sink comp="379" pin=0"/></net>

<net id="384"><net_src comp="239" pin="2"/><net_sink comp="379" pin=1"/></net>

<net id="389"><net_src comp="375" pin="1"/><net_sink comp="385" pin=0"/></net>

<net id="390"><net_src comp="239" pin="2"/><net_sink comp="385" pin=1"/></net>

<net id="395"><net_src comp="385" pin="2"/><net_sink comp="391" pin=0"/></net>

<net id="396"><net_src comp="16" pin="0"/><net_sink comp="391" pin=1"/></net>

<net id="401"><net_src comp="370" pin="1"/><net_sink comp="397" pin=0"/></net>

<net id="402"><net_src comp="54" pin="0"/><net_sink comp="397" pin=1"/></net>

<net id="403"><net_src comp="397" pin="2"/><net_sink comp="210" pin=4"/></net>

<net id="408"><net_src comp="397" pin="2"/><net_sink comp="404" pin=0"/></net>

<net id="409"><net_src comp="14" pin="0"/><net_sink comp="404" pin=1"/></net>

<net id="414"><net_src comp="375" pin="1"/><net_sink comp="410" pin=0"/></net>

<net id="415"><net_src comp="56" pin="0"/><net_sink comp="410" pin=1"/></net>

<net id="420"><net_src comp="410" pin="2"/><net_sink comp="416" pin=0"/></net>

<net id="421"><net_src comp="16" pin="0"/><net_sink comp="416" pin=1"/></net>

<net id="426"><net_src comp="58" pin="0"/><net_sink comp="422" pin=0"/></net>

<net id="427"><net_src comp="14" pin="0"/><net_sink comp="422" pin=1"/></net>

<net id="432"><net_src comp="52" pin="0"/><net_sink comp="428" pin=0"/></net>

<net id="433"><net_src comp="16" pin="0"/><net_sink comp="428" pin=1"/></net>

<net id="439"><net_src comp="64" pin="0"/><net_sink comp="434" pin=0"/></net>

<net id="440"><net_src comp="196" pin="8"/><net_sink comp="434" pin=1"/></net>

<net id="441"><net_src comp="210" pin="6"/><net_sink comp="434" pin=2"/></net>

<net id="445"><net_src comp="434" pin="3"/><net_sink comp="442" pin=0"/></net>

<net id="446"><net_src comp="442" pin="1"/><net_sink comp="102" pin=2"/></net>

<net id="451"><net_src comp="358" pin="2"/><net_sink comp="447" pin=0"/></net>

<net id="452"><net_src comp="68" pin="0"/><net_sink comp="447" pin=1"/></net>

<net id="457"><net_src comp="219" pin="1"/><net_sink comp="453" pin=0"/></net>

<net id="458"><net_src comp="447" pin="2"/><net_sink comp="453" pin=1"/></net>

<net id="463"><net_src comp="453" pin="2"/><net_sink comp="459" pin=0"/></net>

<net id="464"><net_src comp="364" pin="2"/><net_sink comp="459" pin=1"/></net>

<net id="468"><net_src comp="109" pin="3"/><net_sink comp="465" pin=0"/></net>

<net id="469"><net_src comp="465" pin="1"/><net_sink comp="115" pin=2"/></net>

<net id="470"><net_src comp="465" pin="1"/><net_sink comp="128" pin=2"/></net>

<net id="471"><net_src comp="465" pin="1"/><net_sink comp="141" pin=2"/></net>

<net id="472"><net_src comp="465" pin="1"/><net_sink comp="154" pin=2"/></net>

<net id="473"><net_src comp="465" pin="1"/><net_sink comp="167" pin=2"/></net>

<net id="474"><net_src comp="465" pin="1"/><net_sink comp="180" pin=2"/></net>

<net id="478"><net_src comp="122" pin="3"/><net_sink comp="475" pin=0"/></net>

<net id="482"><net_src comp="135" pin="3"/><net_sink comp="479" pin=0"/></net>

<net id="486"><net_src comp="148" pin="3"/><net_sink comp="483" pin=0"/></net>

<net id="492"><net_src comp="479" pin="1"/><net_sink comp="487" pin=1"/></net>

<net id="493"><net_src comp="187" pin="3"/><net_sink comp="487" pin=2"/></net>

<net id="499"><net_src comp="174" pin="3"/><net_sink comp="494" pin=1"/></net>

<net id="500"><net_src comp="487" pin="3"/><net_sink comp="494" pin=2"/></net>

<net id="506"><net_src comp="475" pin="1"/><net_sink comp="501" pin=1"/></net>

<net id="507"><net_src comp="161" pin="3"/><net_sink comp="501" pin=2"/></net>

<net id="513"><net_src comp="483" pin="1"/><net_sink comp="508" pin=1"/></net>

<net id="514"><net_src comp="174" pin="3"/><net_sink comp="508" pin=2"/></net>

<net id="519"><net_src comp="70" pin="0"/><net_sink comp="515" pin=0"/></net>

<net id="520"><net_src comp="501" pin="3"/><net_sink comp="515" pin=1"/></net>

<net id="525"><net_src comp="515" pin="2"/><net_sink comp="521" pin=0"/></net>

<net id="526"><net_src comp="494" pin="3"/><net_sink comp="521" pin=1"/></net>

<net id="531"><net_src comp="521" pin="2"/><net_sink comp="527" pin=0"/></net>

<net id="532"><net_src comp="508" pin="3"/><net_sink comp="527" pin=1"/></net>

<net id="545"><net_src comp="358" pin="2"/><net_sink comp="542" pin=0"/></net>

<net id="546"><net_src comp="542" pin="1"/><net_sink comp="487" pin=0"/></net>

<net id="547"><net_src comp="542" pin="1"/><net_sink comp="501" pin=0"/></net>

<net id="548"><net_src comp="542" pin="1"/><net_sink comp="508" pin=0"/></net>

<net id="555"><net_src comp="102" pin="3"/><net_sink comp="552" pin=0"/></net>

<net id="556"><net_src comp="552" pin="1"/><net_sink comp="109" pin=0"/></net>

<net id="560"><net_src comp="459" pin="2"/><net_sink comp="557" pin=0"/></net>

<net id="561"><net_src comp="557" pin="1"/><net_sink comp="494" pin=0"/></net>

<net id="565"><net_src comp="115" pin="3"/><net_sink comp="562" pin=0"/></net>

<net id="566"><net_src comp="562" pin="1"/><net_sink comp="122" pin=0"/></net>

<net id="570"><net_src comp="128" pin="3"/><net_sink comp="567" pin=0"/></net>

<net id="571"><net_src comp="567" pin="1"/><net_sink comp="135" pin=0"/></net>

<net id="575"><net_src comp="141" pin="3"/><net_sink comp="572" pin=0"/></net>

<net id="576"><net_src comp="572" pin="1"/><net_sink comp="148" pin=0"/></net>

<net id="580"><net_src comp="154" pin="3"/><net_sink comp="577" pin=0"/></net>

<net id="581"><net_src comp="577" pin="1"/><net_sink comp="161" pin=0"/></net>

<net id="585"><net_src comp="167" pin="3"/><net_sink comp="582" pin=0"/></net>

<net id="586"><net_src comp="582" pin="1"/><net_sink comp="174" pin=0"/></net>

<net id="590"><net_src comp="180" pin="3"/><net_sink comp="587" pin=0"/></net>

<net id="591"><net_src comp="587" pin="1"/><net_sink comp="187" pin=0"/></net>

</net_list>

</model> 
---------------- Datapath Model END ------------------

* FSMD analyzer results:
  - Output states:
	Port: vBarSel | {1 }
	Port: yCount_V | {1 }
	Port: hBarSel | {1 }
	Port: xCount_V | {1 }
 - Input state : 
	Port: tpgPatternTartanColorBars : y | {1 }
	Port: tpgPatternTartanColorBars : x | {1 }
	Port: tpgPatternTartanColorBars : width | {1 }
	Port: tpgPatternTartanColorBars : height | {1 }
	Port: tpgPatternTartanColorBars : color | {1 }
	Port: tpgPatternTartanColorBars : vBarSel | {1 }
	Port: tpgPatternTartanColorBars : yCount_V | {1 }
	Port: tpgPatternTartanColorBars : hBarSel | {1 }
	Port: tpgPatternTartanColorBars : xCount_V | {1 }
	Port: tpgPatternTartanColorBars : tpgTartanBarArray | {1 2 }
	Port: tpgPatternTartanColorBars : tpgBarSelRgb_r16 | {2 3 }
	Port: tpgPatternTartanColorBars : tpgBarSelRgb_g14 | {2 3 }
	Port: tpgPatternTartanColorBars : tpgBarSelRgb_b12 | {2 3 }
	Port: tpgPatternTartanColorBars : tpgBarSelYuv_y22 | {2 3 }
	Port: tpgPatternTartanColorBars : tpgBarSelYuv_v20 | {2 3 }
	Port: tpgPatternTartanColorBars : tpgBarSelYuv_u18 | {2 3 }
  - Chain level:
	State 1
		trunc_ln1 : 1
		barWidthMinSamples : 2
		br_ln1336 : 1
		tmp : 1
		zext_ln1542 : 2
		ret_V : 3
		zext_ln1073 : 1
		icmp_ln1073 : 4
		and_ln1341 : 5
		br_ln1341 : 5
		br_ln1345 : 1
		add_ln1348 : 1
		store_ln1348 : 2
		add_ln886 : 1
		store_ln886 : 2
		vBarSel_loc_2 : 2
		br_ln1355 : 1
		icmp_ln1073_1 : 3
		br_ln1360 : 4
		sub_ln887 : 3
		store_ln887 : 4
		add_ln1367 : 1
		store_ln1367 : 2
		add_ln886_1 : 1
		store_ln886 : 2
		hBarSel_loc_1 : 2
		or_ln : 3
		zext_ln1374 : 4
		tpgTartanBarArray_addr : 5
		tpgTartanBarArray_load : 6
		sel_tmp1 : 1
		and_ln1379 : 1
		and_ln1379_1 : 1
	State 2
		zext_ln1374_1 : 1
		tpgBarSelRgb_r16_addr : 2
		tpgBarSelRgb_r16_load : 3
		tpgBarSelRgb_g14_addr : 2
		tpgBarSelRgb_g14_load : 3
		tpgBarSelRgb_b12_addr : 2
		tpgBarSelRgb_b12_load : 3
		tpgBarSelYuv_y22_addr : 2
		tpgBarSelYuv_y22_load : 3
		tpgBarSelYuv_v20_addr : 2
		tpgBarSelYuv_v20_load : 3
		tpgBarSelYuv_u18_addr : 2
		tpgBarSelYuv_u18_load : 3
	State 3
		tpgBarSelRgb_r_load_cast : 1
		sext_ln259 : 1
		tpgBarSelRgb_b_load_cast : 1
		sel_tmp : 2
		pix_val_V_1 : 3
		pix_val_V : 2
		pix_val_V_2 : 2
		mrv : 3
		mrv_1 : 4
		mrv_2 : 5
		ret_ln1390 : 6


============================================================
+ Verbose Summary: Datapath Resource usage 
============================================================

* Functional unit list:
|----------|---------------------------------|---------|---------|
| Operation|         Functional Unit         |    FF   |   LUT   |
|----------|---------------------------------|---------|---------|
|          |        add_ln1328_fu_223        |    0    |    21   |
|          |    barWidthMinSamples_fu_239    |    0    |    17   |
|          |        add_ln1329_fu_245        |    0    |    21   |
|    add   |           ret_V_fu_293          |    0    |    17   |
|          |        add_ln1348_fu_321        |    0    |    11   |
|          |         add_ln886_fu_334        |    0    |    17   |
|          |        add_ln1367_fu_397        |    0    |    11   |
|          |        add_ln886_1_fu_410       |    0    |    17   |
|----------|---------------------------------|---------|---------|
|          |        icmp_ln1336_fu_251       |    0    |    13   |
|          |       icmp_ln1336_1_fu_263      |    0    |    13   |
|   icmp   |        icmp_ln1073_fu_303       |    0    |    11   |
|          |           cmp65_fu_358          |    0    |    11   |
|          |           cmp88_fu_364          |    0    |    11   |
|          |       icmp_ln1073_1_fu_379      |    0    |    11   |
|----------|---------------------------------|---------|---------|
|          |          sel_tmp_fu_487         |    0    |    8    |
|  select  |        pix_val_V_1_fu_494       |    0    |    8    |
|          |         pix_val_V_fu_501        |    0    |    8    |
|          |        pix_val_V_2_fu_508       |    0    |    8    |
|----------|---------------------------------|---------|---------|
|    sub   |         sub_ln887_fu_385        |    0    |    17   |
|----------|---------------------------------|---------|---------|
|    or    |         or_ln1336_fu_257        |    0    |    16   |
|----------|---------------------------------|---------|---------|
|          |        and_ln1341_fu_309        |    0    |    2    |
|    and   |        and_ln1379_fu_453        |    0    |    2    |
|          |       and_ln1379_1_fu_459       |    0    |    2    |
|----------|---------------------------------|---------|---------|
|    xor   |         sel_tmp1_fu_447         |    0    |    2    |
|----------|---------------------------------|---------|---------|
|          |      color_read_read_fu_72      |    0    |    0    |
|          |      height_read_read_fu_78     |    0    |    0    |
|   read   |      width_read_read_fu_84      |    0    |    0    |
|          |        x_read_read_fu_90        |    0    |    0    |
|          |        y_read_read_fu_96        |    0    |    0    |
|----------|---------------------------------|---------|---------|
|   trunc  |       trunc_ln1324_fu_219       |    0    |    0    |
|----------|---------------------------------|---------|---------|
|partselect|         trunc_ln1_fu_229        |    0    |    0    |
|          |            tmp_fu_279           |    0    |    0    |
|----------|---------------------------------|---------|---------|
|          |        zext_ln1542_fu_289       |    0    |    0    |
|   zext   |        zext_ln1073_fu_299       |    0    |    0    |
|          |        zext_ln1374_fu_442       |    0    |    0    |
|          |       zext_ln1374_1_fu_465      |    0    |    0    |
|----------|---------------------------------|---------|---------|
|bitconcatenate|           or_ln_fu_434          |    0    |    0    |
|----------|---------------------------------|---------|---------|
|          | tpgBarSelRgb_r_load_cast_fu_475 |    0    |    0    |
|   sext   |        sext_ln259_fu_479        |    0    |    0    |
|          | tpgBarSelRgb_b_load_cast_fu_483 |    0    |    0    |
|----------|---------------------------------|---------|---------|
|          |            mrv_fu_515           |    0    |    0    |
|insertvalue|           mrv_1_fu_521          |    0    |    0    |
|          |           mrv_2_fu_527          |    0    |    0    |
|----------|---------------------------------|---------|---------|
|   Total  |                                 |    0    |   275   |
|----------|---------------------------------|---------|---------|

Memories:
N/A

* Register list:
+------------------------------+--------+
|                              |   FF   |
+------------------------------+--------+
|     and_ln1379_1_reg_557     |    1   |
|         cmp65_reg_542        |    1   |
|     hBarSel_loc_1_reg_207    |    3   |
| tpgBarSelRgb_b12_addr_reg_572|    3   |
| tpgBarSelRgb_g14_addr_reg_567|    3   |
| tpgBarSelRgb_r16_addr_reg_562|    3   |
| tpgBarSelYuv_u18_addr_reg_587|    3   |
| tpgBarSelYuv_v20_addr_reg_582|    3   |
| tpgBarSelYuv_y22_addr_reg_577|    3   |
|tpgTartanBarArray_addr_reg_552|    6   |
|     vBarSel_loc_2_reg_193    |    3   |
+------------------------------+--------+
|             Total            |   32   |
+------------------------------+--------+

* Multiplexer (MUX) list: 
|-------------------|------|------|------|--------||---------||---------|
|        Comp       |  Pin | Size |  BW  | S x BW ||  Delay  ||   LUT   |
|-------------------|------|------|------|--------||---------||---------|
| grp_access_fu_109 |  p0  |   2  |   6  |   12   ||    9    |
| grp_access_fu_122 |  p0  |   2  |   3  |    6   ||    9    |
| grp_access_fu_135 |  p0  |   2  |   3  |    6   ||    9    |
| grp_access_fu_148 |  p0  |   2  |   3  |    6   ||    9    |
| grp_access_fu_161 |  p0  |   2  |   3  |    6   ||    9    |
| grp_access_fu_174 |  p0  |   2  |   3  |    6   ||    9    |
| grp_access_fu_187 |  p0  |   2  |   3  |    6   ||    9    |
|-------------------|------|------|------|--------||---------||---------|
|       Total       |      |      |      |   48   ||  11.27  ||    63   |
|-------------------|------|------|------|--------||---------||---------|



* Summary:
+-----------+--------+--------+--------+
|           |  Delay |   FF   |   LUT  |
+-----------+--------+--------+--------+
|  Function |    -   |    0   |   275  |
|   Memory  |    -   |    -   |    -   |
|Multiplexer|   11   |    -   |   63   |
|  Register |    -   |   32   |    -   |
+-----------+--------+--------+--------+
|   Total   |   11   |   32   |   338  |
+-----------+--------+--------+--------+
