

================================================================
== Vitis HLS Report for 'AXIVideo2BayerMat_0_4320_3848_2_3_s'
================================================================
* Date:           Mon Sep  5 21:55:16 2022

* Version:        2022.1 (Build 3526262 on Mon Apr 18 15:47:01 MDT 2022)
* Project:        hud3.prj
* Solution:       sol1 (Vivado IP Flow Target)
* Product family: zynq
* Target device:  xc7z045-ffg900-2


================================================================
== Performance Estimates
================================================================
+ Timing: 
    * Summary: 
    +--------+---------+----------+------------+
    |  Clock |  Target | Estimated| Uncertainty|
    +--------+---------+----------+------------+
    |ap_clk  |  3.30 ns|  4.196 ns|     0.89 ns|
    +--------+---------+----------+------------+

+ Latency: 
    * Summary: 
    +---------+---------+-----------+-----------+-----+---------+---------+
    |  Latency (cycles) |   Latency (absolute)  |    Interval   | Pipeline|
    |   min   |   max   |    min    |    max    | min |   max   |   Type  |
    +---------+---------+-----------+-----------+-----+---------+---------+
    |        7|  8363527|  29.372 ns|  35.093 ms|    7|  8363527|       no|
    +---------+---------+-----------+-----------+-----+---------+---------+

    + Detail: 
        * Instance: 
        +------------------------------------------------------------------------+-------------------------------------------------------------+---------+---------+-----------+----------+-----+------+---------+
        |                                                                        |                                                             |  Latency (cycles) |  Latency (absolute)  |  Interval  | Pipeline|
        |                                Instance                                |                            Module                           |   min   |   max   |    min    |    max   | min |  max |   Type  |
        +------------------------------------------------------------------------+-------------------------------------------------------------+---------+---------+-----------+----------+-----+------+---------+
        |grp_AXIVideo2BayerMat_0_4320_3848_2_3_Pipeline_loop_start_hunt_fu_179   |AXIVideo2BayerMat_0_4320_3848_2_3_Pipeline_loop_start_hunt   |        2|        2|   6.600 ns|  6.600 ns|    2|     2|       no|
        |grp_AXIVideo2BayerMat_0_4320_3848_2_3_Pipeline_loop_col_zxi2mat_fu_199  |AXIVideo2BayerMat_0_4320_3848_2_3_Pipeline_loop_col_zxi2mat  |        4|     1927|  16.784 ns|  8.086 us|    4|  1927|       no|
        |grp_AXIVideo2BayerMat_0_4320_3848_2_3_Pipeline_loop_last_hunt_fu_226    |AXIVideo2BayerMat_0_4320_3848_2_3_Pipeline_loop_last_hunt    |        2|        2|   6.600 ns|  6.600 ns|    2|     2|       no|
        +------------------------------------------------------------------------+-------------------------------------------------------------+---------+---------+-----------+----------+-----+------+---------+

        * Loop: 
        +--------------------+---------+---------+----------+-----------+-----------+----------+----------+
        |                    |  Latency (cycles) | Iteration|  Initiation Interval  |   Trip   |          |
        |      Loop Name     |   min   |   max   |  Latency |  achieved |   target  |   Count  | Pipelined|
        +--------------------+---------+---------+----------+-----------+-----------+----------+----------+
        |- loop_row_axi2mat  |        1|  8363521|  8 ~ 1936|          -|          -|  0 ~ 4320|        no|
        +--------------------+---------+---------+----------+-----------+-----------+----------+----------+



================================================================
== Utilization Estimates
================================================================
* Summary: 
+-----------------+---------+-----+--------+--------+-----+
|       Name      | BRAM_18K| DSP |   FF   |   LUT  | URAM|
+-----------------+---------+-----+--------+--------+-----+
|DSP              |        -|    -|       -|       -|    -|
|Expression       |        -|    -|       0|      24|    -|
|FIFO             |        -|    -|       -|       -|    -|
|Instance         |        -|    -|      60|     208|    -|
|Memory           |        -|    -|       -|       -|    -|
|Multiplexer      |        -|    -|       -|     147|    -|
|Register         |        -|    -|      91|       -|    -|
+-----------------+---------+-----+--------+--------+-----+
|Total            |        0|    0|     151|     379|    0|
+-----------------+---------+-----+--------+--------+-----+
|Available        |     1090|  900|  437200|  218600|    0|
+-----------------+---------+-----+--------+--------+-----+
|Utilization (%)  |        0|    0|      ~0|      ~0|    0|
+-----------------+---------+-----+--------+--------+-----+

+ Detail: 
    * Instance: 
    +------------------------------------------------------------------------+-------------------------------------------------------------+---------+----+----+-----+-----+
    |                                Instance                                |                            Module                           | BRAM_18K| DSP| FF | LUT | URAM|
    +------------------------------------------------------------------------+-------------------------------------------------------------+---------+----+----+-----+-----+
    |grp_AXIVideo2BayerMat_0_4320_3848_2_3_Pipeline_loop_col_zxi2mat_fu_199  |AXIVideo2BayerMat_0_4320_3848_2_3_Pipeline_loop_col_zxi2mat  |        0|   0|  53|  126|    0|
    |grp_AXIVideo2BayerMat_0_4320_3848_2_3_Pipeline_loop_last_hunt_fu_226    |AXIVideo2BayerMat_0_4320_3848_2_3_Pipeline_loop_last_hunt    |        0|   0|   4|   50|    0|
    |grp_AXIVideo2BayerMat_0_4320_3848_2_3_Pipeline_loop_start_hunt_fu_179   |AXIVideo2BayerMat_0_4320_3848_2_3_Pipeline_loop_start_hunt   |        0|   0|   3|   32|    0|
    +------------------------------------------------------------------------+-------------------------------------------------------------+---------+----+----+-----+-----+
    |Total                                                                   |                                                             |        0|   0|  60|  208|    0|
    +------------------------------------------------------------------------+-------------------------------------------------------------+---------+----+----+-----+-----+

    * DSP: 
    N/A

    * Memory: 
    N/A

    * FIFO: 
    N/A

    * Expression: 
    +---------------------+----------+----+---+----+------------+------------+
    |    Variable Name    | Operation| DSP| FF| LUT| Bitwidth P0| Bitwidth P1|
    +---------------------+----------+----+---+----+------------+------------+
    |i_6_fu_288_p2        |         +|   0|  0|  13|          13|           1|
    |cmp41_fu_275_p2      |      icmp|   0|  0|   5|          11|           1|
    |icmp_ln61_fu_283_p2  |      icmp|   0|  0|   5|          13|          13|
    |ap_block_state1      |        or|   0|  0|   1|           1|           1|
    +---------------------+----------+----+---+----+------------+------------+
    |Total                |          |   0|  0|  24|          38|          16|
    +---------------------+----------+----+---+----+------------+------------+

    * Multiplexer: 
    +----------------------------+----+-----------+-----+-----------+
    |            Name            | LUT| Input Size| Bits| Total Bits|
    +----------------------------+----+-----------+-----+-----------+
    |InImg_cols_c_blk_n          |   9|          2|    1|          2|
    |InImg_data156_write         |   9|          2|    1|          2|
    |ap_NS_fsm                   |  49|         12|    1|         12|
    |ap_done                     |   9|          2|    1|          2|
    |axi_data_2_lcssa_reg_157    |   9|          2|   16|         32|
    |axi_data_V_2_fu_92          |   9|          2|   16|         32|
    |axi_last_2_lcssa_reg_146    |   9|          2|    1|          2|
    |axi_last_V_2_reg_136        |   9|          2|    1|          2|
    |i_fu_88                     |   9|          2|   13|         26|
    |in_ptr_TREADY_int_regslice  |  17|          4|    1|          4|
    |last_0_lcssa_reg_167        |   9|          2|    1|          2|
    +----------------------------+----+-----------+-----+-----------+
    |Total                       | 147|         34|   53|        118|
    +----------------------------+----+-----------+-----+-----------+

    * Register: 
    +-------------------------------------------------------------------------------------+----+----+-----+-----------+
    |                                         Name                                        | FF | LUT| Bits| Const Bits|
    +-------------------------------------------------------------------------------------+----+----+-----+-----------+
    |ap_CS_fsm                                                                            |  11|   0|   11|          0|
    |ap_done_reg                                                                          |   1|   0|    1|          0|
    |axi_data_2_lcssa_reg_157                                                             |  16|   0|   16|          0|
    |axi_data_V_2_fu_92                                                                   |  16|   0|   16|          0|
    |axi_last_2_lcssa_reg_146                                                             |   1|   0|    1|          0|
    |axi_last_V_2_reg_136                                                                 |   1|   0|    1|          0|
    |axi_last_V_4_loc_fu_100                                                              |   1|   0|    1|          0|
    |cmp41_reg_379                                                                        |   1|   0|    1|          0|
    |grp_AXIVideo2BayerMat_0_4320_3848_2_3_Pipeline_loop_col_zxi2mat_fu_199_ap_start_reg  |   1|   0|    1|          0|
    |grp_AXIVideo2BayerMat_0_4320_3848_2_3_Pipeline_loop_last_hunt_fu_226_ap_start_reg    |   1|   0|    1|          0|
    |grp_AXIVideo2BayerMat_0_4320_3848_2_3_Pipeline_loop_start_hunt_fu_179_ap_start_reg   |   1|   0|    1|          0|
    |i_6_reg_387                                                                          |  13|   0|   13|          0|
    |i_fu_88                                                                              |  13|   0|   13|          0|
    |icmp_ln61_reg_383                                                                    |   1|   0|    1|          0|
    |last_0_lcssa_reg_167                                                                 |   1|   0|    1|          0|
    |start_fu_96                                                                          |   1|   0|    1|          0|
    |trunc_ln38_1_reg_370                                                                 |  11|   0|   11|          0|
    +-------------------------------------------------------------------------------------+----+----+-----+-----------+
    |Total                                                                                |  91|   0|   91|          0|
    +-------------------------------------------------------------------------------------+----+----+-----+-----------+



================================================================
== Interface
================================================================
* Summary: 
+------------------------------+-----+-----+------------+----------------------------------------+--------------+
|           RTL Ports          | Dir | Bits|  Protocol  |              Source Object             |    C Type    |
+------------------------------+-----+-----+------------+----------------------------------------+--------------+
|ap_clk                        |   in|    1|  ap_ctrl_hs|  AXIVideo2BayerMat<0, 4320, 3848, 2, 3>|  return value|
|ap_rst                        |   in|    1|  ap_ctrl_hs|  AXIVideo2BayerMat<0, 4320, 3848, 2, 3>|  return value|
|ap_start                      |   in|    1|  ap_ctrl_hs|  AXIVideo2BayerMat<0, 4320, 3848, 2, 3>|  return value|
|ap_done                       |  out|    1|  ap_ctrl_hs|  AXIVideo2BayerMat<0, 4320, 3848, 2, 3>|  return value|
|ap_continue                   |   in|    1|  ap_ctrl_hs|  AXIVideo2BayerMat<0, 4320, 3848, 2, 3>|  return value|
|ap_idle                       |  out|    1|  ap_ctrl_hs|  AXIVideo2BayerMat<0, 4320, 3848, 2, 3>|  return value|
|ap_ready                      |  out|    1|  ap_ctrl_hs|  AXIVideo2BayerMat<0, 4320, 3848, 2, 3>|  return value|
|in_ptr_TDATA                  |   in|   16|        axis|                         in_ptr_V_data_V|       pointer|
|in_ptr_TVALID                 |   in|    1|        axis|                         in_ptr_V_dest_V|       pointer|
|in_ptr_TREADY                 |  out|    1|        axis|                         in_ptr_V_dest_V|       pointer|
|in_ptr_TDEST                  |   in|    1|        axis|                         in_ptr_V_dest_V|       pointer|
|in_ptr_TKEEP                  |   in|    2|        axis|                         in_ptr_V_keep_V|       pointer|
|in_ptr_TSTRB                  |   in|    2|        axis|                         in_ptr_V_strb_V|       pointer|
|in_ptr_TUSER                  |   in|    1|        axis|                         in_ptr_V_user_V|       pointer|
|in_ptr_TLAST                  |   in|    1|        axis|                         in_ptr_V_last_V|       pointer|
|in_ptr_TID                    |   in|    1|        axis|                           in_ptr_V_id_V|       pointer|
|p_read                        |   in|   13|     ap_none|                                  p_read|        scalar|
|p_read1                       |   in|   12|     ap_none|                                 p_read1|        scalar|
|InImg_data156_din             |  out|   16|     ap_fifo|                           InImg_data156|       pointer|
|InImg_data156_num_data_valid  |   in|    3|     ap_fifo|                           InImg_data156|       pointer|
|InImg_data156_fifo_cap        |   in|    3|     ap_fifo|                           InImg_data156|       pointer|
|InImg_data156_full_n          |   in|    1|     ap_fifo|                           InImg_data156|       pointer|
|InImg_data156_write           |  out|    1|     ap_fifo|                           InImg_data156|       pointer|
|InImg_cols_c_din              |  out|   12|     ap_fifo|                            InImg_cols_c|       pointer|
|InImg_cols_c_num_data_valid   |   in|    2|     ap_fifo|                            InImg_cols_c|       pointer|
|InImg_cols_c_fifo_cap         |   in|    2|     ap_fifo|                            InImg_cols_c|       pointer|
|InImg_cols_c_full_n           |   in|    1|     ap_fifo|                            InImg_cols_c|       pointer|
|InImg_cols_c_write            |  out|    1|     ap_fifo|                            InImg_cols_c|       pointer|
+------------------------------+-----+-----+------------+----------------------------------------+--------------+

============================================================
+ Verbose Summary: Synthesis Manager
============================================================
InlineROM: 1
ExposeGlobal: 0
============================================================
+ Verbose Summary: CDFG Model
============================================================
IsTopModel: 0
ResetActiveHigh: 1
IsCombinational: 2
IsDatapathOnly: 0
HasWiredReturn: 1
HasMFsm: 0
HasVarLatency: 1
IsPipeline: 0
IsRtlPipelined: 0
IsInstanceOverlapped: 0
IsDontTouch: 0
HasImplIP: 0
IsGatedGlobalClock: 0


============================================================
+ Verbose Summary: Schedule
============================================================
* Number of FSM states : 11
* Pipeline : 0
* Dataflow Pipeline: 0

* FSM state transitions: 
1 --> 2 
2 --> 3 
3 --> 4 
4 --> 5 
5 --> 6 
6 --> 7 8 
7 --> 8 
8 --> 9 
9 --> 10 
10 --> 11 
11 --> 5 

* FSM state operations: 

State 1 <SV = 0> <Delay = 2.40>
ST_1 : Operation 12 [1/1] (0.00ns)   --->   "%i = alloca i32 1"   --->   Operation 12 'alloca' 'i' <Predicate = true> <Delay = 0.00>
ST_1 : Operation 13 [1/1] (0.00ns)   --->   "%axi_data_V_2 = alloca i32 1"   --->   Operation 13 'alloca' 'axi_data_V_2' <Predicate = true> <Delay = 0.00>
ST_1 : Operation 14 [1/1] (0.00ns)   --->   "%start = alloca i32 1"   --->   Operation 14 'alloca' 'start' <Predicate = true> <Delay = 0.00>
ST_1 : Operation 15 [1/1] (1.20ns)   --->   "%p_read14 = read i12 @_ssdm_op_Read.ap_auto.i12, i12 %p_read1"   --->   Operation 15 'read' 'p_read14' <Predicate = true> <Delay = 1.20> <CoreInst = "FIFO_SRL">   --->   Core 81 'FIFO_SRL' <Latency = 0> <II = 1> <Delay = 3.40> <Storage> <Opcode : 'read' 'write' 'nbread' 'nbwrite'> <Ports = 0> <Width = -1> <Depth = -1> <FIFO>
ST_1 : Operation 16 [1/1] (1.20ns)   --->   "%p_read_6 = read i13 @_ssdm_op_Read.ap_auto.i13, i13 %p_read"   --->   Operation 16 'read' 'p_read_6' <Predicate = true> <Delay = 1.20> <CoreInst = "FIFO_SRL">   --->   Core 81 'FIFO_SRL' <Latency = 0> <II = 1> <Delay = 3.40> <Storage> <Opcode : 'read' 'write' 'nbread' 'nbwrite'> <Ports = 0> <Width = -1> <Depth = -1> <FIFO>
ST_1 : Operation 17 [1/1] (0.00ns)   --->   "%axi_last_V_4_loc = alloca i64 1"   --->   Operation 17 'alloca' 'axi_last_V_4_loc' <Predicate = true> <Delay = 0.00>
ST_1 : Operation 18 [1/1] (0.00ns)   --->   "%axi_data_V_3_loc = alloca i64 1"   --->   Operation 18 'alloca' 'axi_data_V_3_loc' <Predicate = true> <Delay = 0.00>
ST_1 : Operation 19 [1/1] (0.00ns)   --->   "%last_loc = alloca i64 1"   --->   Operation 19 'alloca' 'last_loc' <Predicate = true> <Delay = 0.00>
ST_1 : Operation 20 [1/1] (0.00ns)   --->   "%axi_last_V_loc = alloca i64 1"   --->   Operation 20 'alloca' 'axi_last_V_loc' <Predicate = true> <Delay = 0.00>
ST_1 : Operation 21 [1/1] (1.20ns)   --->   "%write_ln0 = write void @_ssdm_op_Write.ap_fifo.i12P0A, i12 %InImg_cols_c, i12 %p_read14"   --->   Operation 21 'write' 'write_ln0' <Predicate = true> <Delay = 1.20> <CoreInst = "FIFO_SRL">   --->   Core 81 'FIFO_SRL' <Latency = 0> <II = 1> <Delay = 3.40> <Storage> <Opcode : 'read' 'write' 'nbread' 'nbwrite'> <Ports = 0> <Width = 12> <Depth = 2> <FIFO>
ST_1 : Operation 22 [1/1] (0.00ns)   --->   "%trunc_ln38_1 = partselect i11 @_ssdm_op_PartSelect.i11.i12.i32.i32, i12 %p_read14, i32 1, i32 11" [/home/trevor/Documents/xilinx/basys3_pong2/vitis/hud3/xf_hud_accel.cpp:38]   --->   Operation 22 'partselect' 'trunc_ln38_1' <Predicate = true> <Delay = 0.00>
ST_1 : Operation 23 [1/1] (1.29ns)   --->   "%store_ln61 = store i1 1, i1 %start" [/home/trevor/Documents/xilinx/basys3_pong2/vitis/hud3/xf_hud_accel.cpp:61]   --->   Operation 23 'store' 'store_ln61' <Predicate = true> <Delay = 1.29>
ST_1 : Operation 24 [1/1] (1.29ns)   --->   "%store_ln61 = store i13 0, i13 %i" [/home/trevor/Documents/xilinx/basys3_pong2/vitis/hud3/xf_hud_accel.cpp:61]   --->   Operation 24 'store' 'store_ln61' <Predicate = true> <Delay = 1.29>

State 2 <SV = 1> <Delay = 1.29>
ST_2 : Operation 25 [1/1] (0.00ns)   --->   "%empty = wait i32 @_ssdm_op_Wait"   --->   Operation 25 'wait' 'empty' <Predicate = true> <Delay = 0.00>
ST_2 : Operation 26 [2/2] (1.29ns)   --->   "%call_ln0 = call void @AXIVideo2BayerMat<0, 4320, 3848, 2, 3>_Pipeline_loop_start_hunt, i16 %in_ptr_V_data_V, i2 %in_ptr_V_keep_V, i2 %in_ptr_V_strb_V, i1 %in_ptr_V_user_V, i1 %in_ptr_V_last_V, i1 %in_ptr_V_id_V, i1 %in_ptr_V_dest_V, i1 %axi_last_V_loc, i16 %axi_data_V_2"   --->   Operation 26 'call' 'call_ln0' <Predicate = true> <Delay = 1.29> <CoreType = "Generic">   --->   Core 0 '' <Latency = 0> <II = 1> <Delay = 1.00> <Generic> <Opcode : >

State 3 <SV = 2> <Delay = 0.00>
ST_3 : Operation 27 [1/2] (0.00ns)   --->   "%call_ln0 = call void @AXIVideo2BayerMat<0, 4320, 3848, 2, 3>_Pipeline_loop_start_hunt, i16 %in_ptr_V_data_V, i2 %in_ptr_V_keep_V, i2 %in_ptr_V_strb_V, i1 %in_ptr_V_user_V, i1 %in_ptr_V_last_V, i1 %in_ptr_V_id_V, i1 %in_ptr_V_dest_V, i1 %axi_last_V_loc, i16 %axi_data_V_2"   --->   Operation 27 'call' 'call_ln0' <Predicate = true> <Delay = 0.00> <CoreType = "Generic">   --->   Core 0 '' <Latency = 0> <II = 1> <Delay = 1.00> <Generic> <Opcode : >

State 4 <SV = 3> <Delay = 1.88>
ST_4 : Operation 28 [1/1] (0.00ns)   --->   "%specinterface_ln0 = specinterface void @_ssdm_op_SpecInterface, i12 %InImg_cols_c, void @ap_fifo_str, i32 0, i32 0, void @p_str, i32 0, i32 0, void @p_str, void @p_str, void @p_str, i32 2, i32 2, i32 16, i32 16, void @p_str, void @ScalarProp_str, i32 4294967295, i32 0"   --->   Operation 28 'specinterface' 'specinterface_ln0' <Predicate = true> <Delay = 0.00>
ST_4 : Operation 29 [1/1] (0.00ns)   --->   "%specinterface_ln0 = specinterface void @_ssdm_op_SpecInterface, i16 %InImg_data156, void @empty_16, i32 0, i32 0, void @empty_18, i32 0, i32 0, void @empty_18, void @empty_18, void @empty_18, i32 0, i32 0, i32 0, i32 0, void @empty_18, void @empty_18, i32 4294967295, i32 0"   --->   Operation 29 'specinterface' 'specinterface_ln0' <Predicate = true> <Delay = 0.00>
ST_4 : Operation 30 [1/1] (0.00ns)   --->   "%specinterface_ln0 = specinterface void @_ssdm_op_SpecInterface, i1 %in_ptr_V_dest_V, i1 %in_ptr_V_id_V, i1 %in_ptr_V_last_V, i1 %in_ptr_V_user_V, i2 %in_ptr_V_strb_V, i2 %in_ptr_V_keep_V, i16 %in_ptr_V_data_V, void @empty_20, i32 1, i32 1, void @empty_19, i32 0, i32 0, void @empty_18, void @empty_18, void @empty_18, i32 0, i32 0, i32 0, i32 0, void @empty_18, void @empty_18, i32 4294967295, i32 0"   --->   Operation 30 'specinterface' 'specinterface_ln0' <Predicate = true> <Delay = 0.00>
ST_4 : Operation 31 [1/1] (0.00ns)   --->   "%axi_last_V_loc_load = load i1 %axi_last_V_loc"   --->   Operation 31 'load' 'axi_last_V_loc_load' <Predicate = true> <Delay = 0.00>
ST_4 : Operation 32 [1/1] (0.00ns)   --->   "%empty_56 = wait i32 @_ssdm_op_Wait"   --->   Operation 32 'wait' 'empty_56' <Predicate = true> <Delay = 0.00>
ST_4 : Operation 33 [1/1] (1.88ns)   --->   "%cmp41 = icmp_eq  i11 %trunc_ln38_1, i11 0" [/home/trevor/Documents/xilinx/basys3_pong2/vitis/hud3/xf_hud_accel.cpp:38]   --->   Operation 33 'icmp' 'cmp41' <Predicate = true> <Delay = 1.88> <CoreInst = "Cmp">   --->   Core 9 'Cmp' <Latency = 0> <II = 1> <Delay = 1.88> <FuncUnit> <Opcode : 'icmp'> <InPorts = 2> <OutPorts = 1>
ST_4 : Operation 34 [1/1] (1.29ns)   --->   "%br_ln61 = br void %loop_col_zxi2mat" [/home/trevor/Documents/xilinx/basys3_pong2/vitis/hud3/xf_hud_accel.cpp:61]   --->   Operation 34 'br' 'br_ln61' <Predicate = true> <Delay = 1.29>

State 5 <SV = 4> <Delay = 1.90>
ST_5 : Operation 35 [1/1] (0.00ns)   --->   "%axi_last_V_2 = phi i1 %axi_last_V_loc_load, void %entry, i1 %axi_last_V_4_loc_load, void %loop_last_hunt"   --->   Operation 35 'phi' 'axi_last_V_2' <Predicate = true> <Delay = 0.00>
ST_5 : Operation 36 [1/1] (0.00ns)   --->   "%i_5 = load i13 %i" [/home/trevor/Documents/xilinx/basys3_pong2/vitis/hud3/xf_hud_accel.cpp:61]   --->   Operation 36 'load' 'i_5' <Predicate = true> <Delay = 0.00>
ST_5 : Operation 37 [1/1] (1.90ns)   --->   "%icmp_ln61 = icmp_eq  i13 %i_5, i13 %p_read_6" [/home/trevor/Documents/xilinx/basys3_pong2/vitis/hud3/xf_hud_accel.cpp:61]   --->   Operation 37 'icmp' 'icmp_ln61' <Predicate = true> <Delay = 1.90> <CoreInst = "Cmp">   --->   Core 9 'Cmp' <Latency = 0> <II = 1> <Delay = 1.90> <FuncUnit> <Opcode : 'icmp'> <InPorts = 2> <OutPorts = 1>
ST_5 : Operation 38 [1/1] (1.53ns)   --->   "%i_6 = add i13 %i_5, i13 1" [/home/trevor/Documents/xilinx/basys3_pong2/vitis/hud3/xf_hud_accel.cpp:61]   --->   Operation 38 'add' 'i_6' <Predicate = true> <Delay = 1.53> <CoreInst = "Adder">   --->   Core 1 'Adder' <Latency = 0> <II = 1> <Delay = 1.53> <FuncUnit> <Opcode : 'add' 'sub'> <InPorts = 2> <OutPorts = 1>

State 6 <SV = 5> <Delay = 3.39>
ST_6 : Operation 39 [1/1] (0.00ns)   --->   "%axi_data_V = load i16 %axi_data_V_2"   --->   Operation 39 'load' 'axi_data_V' <Predicate = true> <Delay = 0.00>
ST_6 : Operation 40 [1/1] (0.00ns)   --->   "%br_ln61 = br i1 %icmp_ln61, void %loop_col_zxi2mat.split, void %for.end18.loopexit" [/home/trevor/Documents/xilinx/basys3_pong2/vitis/hud3/xf_hud_accel.cpp:61]   --->   Operation 40 'br' 'br_ln61' <Predicate = true> <Delay = 0.00>
ST_6 : Operation 41 [1/1] (0.00ns)   --->   "%speclooptripcount_ln64 = speclooptripcount void @_ssdm_op_SpecLoopTripCount, i64 0, i64 4320, i64 4320" [/home/trevor/Documents/xilinx/basys3_pong2/vitis/hud3/xf_hud_accel.cpp:64]   --->   Operation 41 'speclooptripcount' 'speclooptripcount_ln64' <Predicate = (!icmp_ln61)> <Delay = 0.00>
ST_6 : Operation 42 [1/1] (0.00ns)   --->   "%specloopname_ln38 = specloopname void @_ssdm_op_SpecLoopName, void @empty_7" [/home/trevor/Documents/xilinx/basys3_pong2/vitis/hud3/xf_hud_accel.cpp:38]   --->   Operation 42 'specloopname' 'specloopname_ln38' <Predicate = (!icmp_ln61)> <Delay = 0.00>
ST_6 : Operation 43 [1/1] (1.29ns)   --->   "%br_ln67 = br i1 %cmp41, void %for.body6.preheader, void %loop_last_hunt" [/home/trevor/Documents/xilinx/basys3_pong2/vitis/hud3/xf_hud_accel.cpp:67]   --->   Operation 43 'br' 'br_ln67' <Predicate = (!icmp_ln61)> <Delay = 1.29>
ST_6 : Operation 44 [1/1] (0.00ns)   --->   "%start_load = load i1 %start"   --->   Operation 44 'load' 'start_load' <Predicate = (!icmp_ln61 & !cmp41)> <Delay = 0.00>
ST_6 : Operation 45 [1/1] (0.00ns)   --->   "%empty_57 = wait i32 @_ssdm_op_Wait"   --->   Operation 45 'wait' 'empty_57' <Predicate = (!icmp_ln61 & !cmp41)> <Delay = 0.00>
ST_6 : Operation 46 [2/2] (3.39ns)   --->   "%call_ln38 = call void @AXIVideo2BayerMat<0, 4320, 3848, 2, 3>_Pipeline_loop_col_zxi2mat, i1 %start_load, i16 %axi_data_V, i1 %axi_last_V_2, i11 %trunc_ln38_1, i16 %InImg_data156, i16 %in_ptr_V_data_V, i2 %in_ptr_V_keep_V, i2 %in_ptr_V_strb_V, i1 %in_ptr_V_user_V, i1 %in_ptr_V_last_V, i1 %in_ptr_V_id_V, i1 %in_ptr_V_dest_V, i1 %last_loc, i16 %axi_data_V_3_loc" [/home/trevor/Documents/xilinx/basys3_pong2/vitis/hud3/xf_hud_accel.cpp:38]   --->   Operation 46 'call' 'call_ln38' <Predicate = (!icmp_ln61 & !cmp41)> <Delay = 3.39> <CoreType = "Generic">   --->   Core 0 '' <Latency = 0> <II = 1> <Delay = 1.00> <Generic> <Opcode : >
ST_6 : Operation 47 [1/1] (0.00ns)   --->   "%ret_ln98 = ret" [/home/trevor/Documents/xilinx/basys3_pong2/vitis/hud3/xf_hud_accel.cpp:98]   --->   Operation 47 'ret' 'ret_ln98' <Predicate = (icmp_ln61)> <Delay = 0.00>

State 7 <SV = 6> <Delay = 0.00>
ST_7 : Operation 48 [1/2] (0.00ns)   --->   "%call_ln38 = call void @AXIVideo2BayerMat<0, 4320, 3848, 2, 3>_Pipeline_loop_col_zxi2mat, i1 %start_load, i16 %axi_data_V, i1 %axi_last_V_2, i11 %trunc_ln38_1, i16 %InImg_data156, i16 %in_ptr_V_data_V, i2 %in_ptr_V_keep_V, i2 %in_ptr_V_strb_V, i1 %in_ptr_V_user_V, i1 %in_ptr_V_last_V, i1 %in_ptr_V_id_V, i1 %in_ptr_V_dest_V, i1 %last_loc, i16 %axi_data_V_3_loc" [/home/trevor/Documents/xilinx/basys3_pong2/vitis/hud3/xf_hud_accel.cpp:38]   --->   Operation 48 'call' 'call_ln38' <Predicate = true> <Delay = 0.00> <CoreType = "Generic">   --->   Core 0 '' <Latency = 0> <II = 1> <Delay = 1.00> <Generic> <Opcode : >

State 8 <SV = 7> <Delay = 1.29>
ST_8 : Operation 49 [1/1] (0.00ns)   --->   "%last_loc_load = load i1 %last_loc"   --->   Operation 49 'load' 'last_loc_load' <Predicate = (!cmp41)> <Delay = 0.00>
ST_8 : Operation 50 [1/1] (0.00ns)   --->   "%axi_data_V_3_loc_load = load i16 %axi_data_V_3_loc"   --->   Operation 50 'load' 'axi_data_V_3_loc_load' <Predicate = (!cmp41)> <Delay = 0.00>
ST_8 : Operation 51 [1/1] (0.00ns)   --->   "%empty_58 = wait i32 @_ssdm_op_Wait"   --->   Operation 51 'wait' 'empty_58' <Predicate = (!cmp41)> <Delay = 0.00>
ST_8 : Operation 52 [1/1] (1.29ns)   --->   "%store_ln0 = store i1 0, i1 %start"   --->   Operation 52 'store' 'store_ln0' <Predicate = (!cmp41)> <Delay = 1.29>
ST_8 : Operation 53 [1/1] (1.29ns)   --->   "%br_ln0 = br void %loop_last_hunt"   --->   Operation 53 'br' 'br_ln0' <Predicate = (!cmp41)> <Delay = 1.29>
ST_8 : Operation 54 [1/1] (1.29ns)   --->   "%store_ln61 = store i13 %i_6, i13 %i" [/home/trevor/Documents/xilinx/basys3_pong2/vitis/hud3/xf_hud_accel.cpp:61]   --->   Operation 54 'store' 'store_ln61' <Predicate = true> <Delay = 1.29>

State 9 <SV = 8> <Delay = 2.59>
ST_9 : Operation 55 [1/1] (0.00ns)   --->   "%axi_last_2_lcssa = phi i1 %last_loc_load, void %for.body6.preheader, i1 %axi_last_V_2, void %loop_col_zxi2mat.split"   --->   Operation 55 'phi' 'axi_last_2_lcssa' <Predicate = true> <Delay = 0.00>
ST_9 : Operation 56 [1/1] (0.00ns)   --->   "%axi_data_2_lcssa = phi i16 %axi_data_V_3_loc_load, void %for.body6.preheader, i16 %axi_data_V, void %loop_col_zxi2mat.split"   --->   Operation 56 'phi' 'axi_data_2_lcssa' <Predicate = true> <Delay = 0.00>
ST_9 : Operation 57 [1/1] (0.00ns)   --->   "%last_0_lcssa = phi i1 %last_loc_load, void %for.body6.preheader, i1 0, void %loop_col_zxi2mat.split"   --->   Operation 57 'phi' 'last_0_lcssa' <Predicate = true> <Delay = 0.00>
ST_9 : Operation 58 [1/1] (0.00ns)   --->   "%empty_59 = wait i32 @_ssdm_op_Wait"   --->   Operation 58 'wait' 'empty_59' <Predicate = true> <Delay = 0.00>
ST_9 : Operation 59 [2/2] (2.59ns)   --->   "%call_ln0 = call void @AXIVideo2BayerMat<0, 4320, 3848, 2, 3>_Pipeline_loop_last_hunt, i1 %axi_last_2_lcssa, i16 %axi_data_2_lcssa, i1 %last_0_lcssa, i16 %in_ptr_V_data_V, i2 %in_ptr_V_keep_V, i2 %in_ptr_V_strb_V, i1 %in_ptr_V_user_V, i1 %in_ptr_V_last_V, i1 %in_ptr_V_id_V, i1 %in_ptr_V_dest_V, i1 %axi_last_V_4_loc, i16 %axi_data_V_2"   --->   Operation 59 'call' 'call_ln0' <Predicate = true> <Delay = 2.59> <CoreType = "Generic">   --->   Core 0 '' <Latency = 0> <II = 1> <Delay = 1.00> <Generic> <Opcode : >

State 10 <SV = 9> <Delay = 1.29>
ST_10 : Operation 60 [1/2] (1.29ns)   --->   "%call_ln0 = call void @AXIVideo2BayerMat<0, 4320, 3848, 2, 3>_Pipeline_loop_last_hunt, i1 %axi_last_2_lcssa, i16 %axi_data_2_lcssa, i1 %last_0_lcssa, i16 %in_ptr_V_data_V, i2 %in_ptr_V_keep_V, i2 %in_ptr_V_strb_V, i1 %in_ptr_V_user_V, i1 %in_ptr_V_last_V, i1 %in_ptr_V_id_V, i1 %in_ptr_V_dest_V, i1 %axi_last_V_4_loc, i16 %axi_data_V_2"   --->   Operation 60 'call' 'call_ln0' <Predicate = true> <Delay = 1.29> <CoreType = "Generic">   --->   Core 0 '' <Latency = 0> <II = 1> <Delay = 1.00> <Generic> <Opcode : >

State 11 <SV = 10> <Delay = 0.00>
ST_11 : Operation 61 [1/1] (0.00ns)   --->   "%axi_last_V_4_loc_load = load i1 %axi_last_V_4_loc"   --->   Operation 61 'load' 'axi_last_V_4_loc_load' <Predicate = true> <Delay = 0.00>
ST_11 : Operation 62 [1/1] (0.00ns)   --->   "%br_ln61 = br void %loop_col_zxi2mat" [/home/trevor/Documents/xilinx/basys3_pong2/vitis/hud3/xf_hud_accel.cpp:61]   --->   Operation 62 'br' 'br_ln61' <Predicate = true> <Delay = 0.00>


============================================================
+ Verbose Summary: Binding
============================================================
STG Binding: 
---------------- STG Properties BEGIN ----------------
- Is combinational: 0
- Is one-state seq: 0
- Is datapath-only: 0
- Is pipelined: 0
- Is top level: 0
Port [ Return ] is wired: 1; IO mode=ap_ctrl_hs:ce=0
Port [ in_ptr_V_data_V]:  wired=1; compound=1; hidden=0; nouse=0; global=0; static=0; extern=0; dir=0; type=0; pingpong=0; private_global=0; IO mode=axis:ce=0
Port [ in_ptr_V_keep_V]:  wired=1; compound=1; hidden=0; nouse=0; global=0; static=0; extern=0; dir=0; type=0; pingpong=0; private_global=0; IO mode=axis:ce=0
Port [ in_ptr_V_strb_V]:  wired=1; compound=1; hidden=0; nouse=0; global=0; static=0; extern=0; dir=0; type=0; pingpong=0; private_global=0; IO mode=axis:ce=0
Port [ in_ptr_V_user_V]:  wired=1; compound=1; hidden=0; nouse=0; global=0; static=0; extern=0; dir=0; type=0; pingpong=0; private_global=0; IO mode=axis:ce=0
Port [ in_ptr_V_last_V]:  wired=1; compound=1; hidden=0; nouse=0; global=0; static=0; extern=0; dir=0; type=0; pingpong=0; private_global=0; IO mode=axis:ce=0
Port [ in_ptr_V_id_V]:  wired=1; compound=1; hidden=0; nouse=0; global=0; static=0; extern=0; dir=0; type=0; pingpong=0; private_global=0; IO mode=axis:ce=0
Port [ in_ptr_V_dest_V]:  wired=1; compound=1; hidden=0; nouse=0; global=0; static=0; extern=0; dir=0; type=0; pingpong=0; private_global=0; IO mode=axis:ce=0
Port [ p_read]:  wired=1; compound=0; hidden=0; nouse=0; global=0; static=0; extern=0; dir=0; type=0; pingpong=0; private_global=0; IO mode=ap_none:ce=0
Port [ p_read1]:  wired=1; compound=0; hidden=0; nouse=0; global=0; static=0; extern=0; dir=0; type=0; pingpong=0; private_global=0; IO mode=ap_none:ce=0
Port [ InImg_data156]:  wired=1; compound=1; hidden=0; nouse=0; global=0; static=0; extern=0; dir=1; type=3; pingpong=0; private_global=0; IO mode=ap_fifo:ce=0
Port [ InImg_cols_c]:  wired=1; compound=1; hidden=0; nouse=0; global=0; static=0; extern=0; dir=1; type=3; pingpong=0; private_global=0; IO mode=ap_fifo:ce=0
---------------- STG Properties END ------------------

---------------- Datapath Model BEGIN ----------------

<LifeTime>
<method=bitvector/>
i                      (alloca           ) [ 011111111111]
axi_data_V_2           (alloca           ) [ 001111111111]
start                  (alloca           ) [ 011111111111]
p_read14               (read             ) [ 000000000000]
p_read_6               (read             ) [ 001111111111]
axi_last_V_4_loc       (alloca           ) [ 001111111111]
axi_data_V_3_loc       (alloca           ) [ 001111111111]
last_loc               (alloca           ) [ 001111111111]
axi_last_V_loc         (alloca           ) [ 001110000000]
write_ln0              (write            ) [ 000000000000]
trunc_ln38_1           (partselect       ) [ 001111111111]
store_ln61             (store            ) [ 000000000000]
store_ln61             (store            ) [ 000000000000]
empty                  (wait             ) [ 000000000000]
call_ln0               (call             ) [ 000000000000]
specinterface_ln0      (specinterface    ) [ 000000000000]
specinterface_ln0      (specinterface    ) [ 000000000000]
specinterface_ln0      (specinterface    ) [ 000000000000]
axi_last_V_loc_load    (load             ) [ 000011111111]
empty_56               (wait             ) [ 000000000000]
cmp41                  (icmp             ) [ 000001111111]
br_ln61                (br               ) [ 000011111111]
axi_last_V_2           (phi              ) [ 000001111100]
i_5                    (load             ) [ 000000000000]
icmp_ln61              (icmp             ) [ 000000100000]
i_6                    (add              ) [ 000000111000]
axi_data_V             (load             ) [ 000001111111]
br_ln61                (br               ) [ 000000000000]
speclooptripcount_ln64 (speclooptripcount) [ 000000000000]
specloopname_ln38      (specloopname     ) [ 000000000000]
br_ln67                (br               ) [ 000001111111]
start_load             (load             ) [ 000000010000]
empty_57               (wait             ) [ 000000000000]
ret_ln98               (ret              ) [ 000000000000]
call_ln38              (call             ) [ 000000000000]
last_loc_load          (load             ) [ 000001111111]
axi_data_V_3_loc_load  (load             ) [ 000001111111]
empty_58               (wait             ) [ 000000000000]
store_ln0              (store            ) [ 000000000000]
br_ln0                 (br               ) [ 000001111111]
store_ln61             (store            ) [ 000000000000]
axi_last_2_lcssa       (phi              ) [ 000000000110]
axi_data_2_lcssa       (phi              ) [ 000000000110]
last_0_lcssa           (phi              ) [ 000000000110]
empty_59               (wait             ) [ 000000000000]
call_ln0               (call             ) [ 000000000000]
axi_last_V_4_loc_load  (load             ) [ 000011111111]
br_ln61                (br               ) [ 000011111111]
</LifeTime>

<model>

<comp_list>
<comp id="0" class="1000" name="in_ptr_V_data_V">
<pin_list>
<pin id="1" dir="1" index="0" bw="1" slack="0"/>
</pin_list>
<bind>
<StgValue><ssdm name="in_ptr_V_data_V"/></StgValue>
</bind>
</comp>

<comp id="2" class="1000" name="in_ptr_V_keep_V">
<pin_list>
<pin id="3" dir="1" index="0" bw="1" slack="0"/>
</pin_list>
<bind>
<StgValue><ssdm name="in_ptr_V_keep_V"/></StgValue>
</bind>
</comp>

<comp id="4" class="1000" name="in_ptr_V_strb_V">
<pin_list>
<pin id="5" dir="1" index="0" bw="1" slack="0"/>
</pin_list>
<bind>
<StgValue><ssdm name="in_ptr_V_strb_V"/></StgValue>
</bind>
</comp>

<comp id="6" class="1000" name="in_ptr_V_user_V">
<pin_list>
<pin id="7" dir="1" index="0" bw="1" slack="0"/>
</pin_list>
<bind>
<StgValue><ssdm name="in_ptr_V_user_V"/></StgValue>
</bind>
</comp>

<comp id="8" class="1000" name="in_ptr_V_last_V">
<pin_list>
<pin id="9" dir="1" index="0" bw="1" slack="0"/>
</pin_list>
<bind>
<StgValue><ssdm name="in_ptr_V_last_V"/></StgValue>
</bind>
</comp>

<comp id="10" class="1000" name="in_ptr_V_id_V">
<pin_list>
<pin id="11" dir="1" index="0" bw="1" slack="0"/>
</pin_list>
<bind>
<StgValue><ssdm name="in_ptr_V_id_V"/></StgValue>
</bind>
</comp>

<comp id="12" class="1000" name="in_ptr_V_dest_V">
<pin_list>
<pin id="13" dir="1" index="0" bw="1" slack="0"/>
</pin_list>
<bind>
<StgValue><ssdm name="in_ptr_V_dest_V"/></StgValue>
</bind>
</comp>

<comp id="14" class="1000" name="p_read">
<pin_list>
<pin id="15" dir="1" index="0" bw="1" slack="0"/>
</pin_list>
<bind>
<StgValue><ssdm name="p_read"/></StgValue>
</bind>
</comp>

<comp id="16" class="1000" name="p_read1">
<pin_list>
<pin id="17" dir="1" index="0" bw="1" slack="0"/>
</pin_list>
<bind>
<StgValue><ssdm name="p_read1"/></StgValue>
</bind>
</comp>

<comp id="18" class="1000" name="InImg_data156">
<pin_list>
<pin id="19" dir="1" index="0" bw="1" slack="0"/>
</pin_list>
<bind>
<StgValue><ssdm name="InImg_data156"/></StgValue>
</bind>
</comp>

<comp id="20" class="1000" name="InImg_cols_c">
<pin_list>
<pin id="21" dir="1" index="0" bw="1" slack="0"/>
</pin_list>
<bind>
<StgValue><ssdm name="InImg_cols_c"/></StgValue>
</bind>
</comp>

<comp id="22" class="1001" name="const_22">
<pin_list>
<pin id="23" dir="1" index="0" bw="1" slack="0"/>
</pin_list>
<bind>
<StgValue><ssdm name=""/></StgValue>
</bind>
</comp>

<comp id="24" class="1001" name="const_24">
<pin_list>
<pin id="25" dir="1" index="0" bw="1" slack="0"/>
</pin_list>
<bind>
<StgValue><ssdm name="_ssdm_op_Read.ap_auto.i12"/></StgValue>
</bind>
</comp>

<comp id="26" class="1001" name="const_26">
<pin_list>
<pin id="27" dir="1" index="0" bw="1" slack="0"/>
</pin_list>
<bind>
<StgValue><ssdm name="_ssdm_op_Read.ap_auto.i13"/></StgValue>
</bind>
</comp>

<comp id="28" class="1001" name="const_28">
<pin_list>
<pin id="29" dir="1" index="0" bw="1" slack="0"/>
</pin_list>
<bind>
<StgValue><ssdm name=""/></StgValue>
</bind>
</comp>

<comp id="30" class="1001" name="const_30">
<pin_list>
<pin id="31" dir="1" index="0" bw="1" slack="0"/>
</pin_list>
<bind>
<StgValue><ssdm name="_ssdm_op_Write.ap_fifo.i12P0A"/></StgValue>
</bind>
</comp>

<comp id="32" class="1001" name="const_32">
<pin_list>
<pin id="33" dir="1" index="0" bw="1" slack="0"/>
</pin_list>
<bind>
<StgValue><ssdm name="_ssdm_op_PartSelect.i11.i12.i32.i32"/></StgValue>
</bind>
</comp>

<comp id="34" class="1001" name="const_34">
<pin_list>
<pin id="35" dir="1" index="0" bw="1" slack="0"/>
</pin_list>
<bind>
<StgValue><ssdm name=""/></StgValue>
</bind>
</comp>

<comp id="36" class="1001" name="const_36">
<pin_list>
<pin id="37" dir="1" index="0" bw="1" slack="0"/>
</pin_list>
<bind>
<StgValue><ssdm name=""/></StgValue>
</bind>
</comp>

<comp id="38" class="1001" name="const_38">
<pin_list>
<pin id="39" dir="1" index="0" bw="1" slack="0"/>
</pin_list>
<bind>
<StgValue><ssdm name=""/></StgValue>
</bind>
</comp>

<comp id="40" class="1001" name="const_40">
<pin_list>
<pin id="41" dir="1" index="0" bw="1" slack="2147483647"/>
</pin_list>
<bind>
<StgValue><ssdm name="_ssdm_op_Wait"/></StgValue>
</bind>
</comp>

<comp id="42" class="1001" name="const_42">
<pin_list>
<pin id="43" dir="1" index="0" bw="1" slack="0"/>
</pin_list>
<bind>
<StgValue><ssdm name="AXIVideo2BayerMat<0, 4320, 3848, 2, 3>_Pipeline_loop_start_hunt"/></StgValue>
</bind>
</comp>

<comp id="44" class="1001" name="const_44">
<pin_list>
<pin id="45" dir="1" index="0" bw="1" slack="2147483647"/>
</pin_list>
<bind>
<StgValue><ssdm name="_ssdm_op_SpecInterface"/></StgValue>
</bind>
</comp>

<comp id="46" class="1001" name="const_46">
<pin_list>
<pin id="47" dir="1" index="0" bw="1" slack="2147483647"/>
</pin_list>
<bind>
<StgValue><ssdm name="ap_fifo_str"/></StgValue>
</bind>
</comp>

<comp id="48" class="1001" name="const_48">
<pin_list>
<pin id="49" dir="1" index="0" bw="1" slack="2147483647"/>
</pin_list>
<bind>
<StgValue><ssdm name=""/></StgValue>
</bind>
</comp>

<comp id="50" class="1001" name="const_50">
<pin_list>
<pin id="51" dir="1" index="0" bw="1" slack="2147483647"/>
</pin_list>
<bind>
<StgValue><ssdm name="p_str"/></StgValue>
</bind>
</comp>

<comp id="52" class="1001" name="const_52">
<pin_list>
<pin id="53" dir="1" index="0" bw="1" slack="2147483647"/>
</pin_list>
<bind>
<StgValue><ssdm name=""/></StgValue>
</bind>
</comp>

<comp id="54" class="1001" name="const_54">
<pin_list>
<pin id="55" dir="1" index="0" bw="1" slack="2147483647"/>
</pin_list>
<bind>
<StgValue><ssdm name=""/></StgValue>
</bind>
</comp>

<comp id="56" class="1001" name="const_56">
<pin_list>
<pin id="57" dir="1" index="0" bw="1" slack="2147483647"/>
</pin_list>
<bind>
<StgValue><ssdm name="ScalarProp_str"/></StgValue>
</bind>
</comp>

<comp id="58" class="1001" name="const_58">
<pin_list>
<pin id="59" dir="1" index="0" bw="1" slack="2147483647"/>
</pin_list>
<bind>
<StgValue><ssdm name=""/></StgValue>
</bind>
</comp>

<comp id="60" class="1001" name="const_60">
<pin_list>
<pin id="61" dir="1" index="0" bw="1" slack="2147483647"/>
</pin_list>
<bind>
<StgValue><ssdm name="empty_16"/></StgValue>
</bind>
</comp>

<comp id="62" class="1001" name="const_62">
<pin_list>
<pin id="63" dir="1" index="0" bw="1" slack="2147483647"/>
</pin_list>
<bind>
<StgValue><ssdm name="empty_18"/></StgValue>
</bind>
</comp>

<comp id="64" class="1001" name="const_64">
<pin_list>
<pin id="65" dir="1" index="0" bw="1" slack="2147483647"/>
</pin_list>
<bind>
<StgValue><ssdm name="empty_20"/></StgValue>
</bind>
</comp>

<comp id="66" class="1001" name="const_66">
<pin_list>
<pin id="67" dir="1" index="0" bw="1" slack="2147483647"/>
</pin_list>
<bind>
<StgValue><ssdm name="empty_19"/></StgValue>
</bind>
</comp>

<comp id="68" class="1001" name="const_68">
<pin_list>
<pin id="69" dir="1" index="0" bw="1" slack="0"/>
</pin_list>
<bind>
<StgValue><ssdm name=""/></StgValue>
</bind>
</comp>

<comp id="70" class="1001" name="const_70">
<pin_list>
<pin id="71" dir="1" index="0" bw="1" slack="0"/>
</pin_list>
<bind>
<StgValue><ssdm name=""/></StgValue>
</bind>
</comp>

<comp id="72" class="1001" name="const_72">
<pin_list>
<pin id="73" dir="1" index="0" bw="1" slack="2147483647"/>
</pin_list>
<bind>
<StgValue><ssdm name="_ssdm_op_SpecLoopTripCount"/></StgValue>
</bind>
</comp>

<comp id="74" class="1001" name="const_74">
<pin_list>
<pin id="75" dir="1" index="0" bw="1" slack="2147483647"/>
</pin_list>
<bind>
<StgValue><ssdm name=""/></StgValue>
</bind>
</comp>

<comp id="76" class="1001" name="const_76">
<pin_list>
<pin id="77" dir="1" index="0" bw="1" slack="2147483647"/>
</pin_list>
<bind>
<StgValue><ssdm name=""/></StgValue>
</bind>
</comp>

<comp id="78" class="1001" name="const_78">
<pin_list>
<pin id="79" dir="1" index="0" bw="1" slack="2147483647"/>
</pin_list>
<bind>
<StgValue><ssdm name="_ssdm_op_SpecLoopName"/></StgValue>
</bind>
</comp>

<comp id="80" class="1001" name="const_80">
<pin_list>
<pin id="81" dir="1" index="0" bw="1" slack="2147483647"/>
</pin_list>
<bind>
<StgValue><ssdm name="empty_7"/></StgValue>
</bind>
</comp>

<comp id="82" class="1001" name="const_82">
<pin_list>
<pin id="83" dir="1" index="0" bw="1" slack="0"/>
</pin_list>
<bind>
<StgValue><ssdm name="AXIVideo2BayerMat<0, 4320, 3848, 2, 3>_Pipeline_loop_col_zxi2mat"/></StgValue>
</bind>
</comp>

<comp id="84" class="1001" name="const_84">
<pin_list>
<pin id="85" dir="1" index="0" bw="1" slack="0"/>
</pin_list>
<bind>
<StgValue><ssdm name=""/></StgValue>
</bind>
</comp>

<comp id="86" class="1001" name="const_86">
<pin_list>
<pin id="87" dir="1" index="0" bw="1" slack="0"/>
</pin_list>
<bind>
<StgValue><ssdm name="AXIVideo2BayerMat<0, 4320, 3848, 2, 3>_Pipeline_loop_last_hunt"/></StgValue>
</bind>
</comp>

<comp id="88" class="1004" name="i_fu_88">
<pin_list>
<pin id="89" dir="0" index="0" bw="1" slack="0"/>
<pin id="90" dir="1" index="1" bw="13" slack="0"/>
</pin_list>
<bind>
<opcode="alloca(26) " fcode="alloca"/>
<opset="i/1 "/>
</bind>
</comp>

<comp id="92" class="1004" name="axi_data_V_2_fu_92">
<pin_list>
<pin id="93" dir="0" index="0" bw="1" slack="0"/>
<pin id="94" dir="1" index="1" bw="16" slack="1"/>
</pin_list>
<bind>
<opcode="alloca(26) " fcode="alloca"/>
<opset="axi_data_V_2/1 "/>
</bind>
</comp>

<comp id="96" class="1004" name="start_fu_96">
<pin_list>
<pin id="97" dir="0" index="0" bw="1" slack="0"/>
<pin id="98" dir="1" index="1" bw="1" slack="0"/>
</pin_list>
<bind>
<opcode="alloca(26) " fcode="alloca"/>
<opset="start/1 "/>
</bind>
</comp>

<comp id="100" class="1004" name="axi_last_V_4_loc_fu_100">
<pin_list>
<pin id="101" dir="0" index="0" bw="1" slack="0"/>
<pin id="102" dir="1" index="1" bw="1" slack="8"/>
</pin_list>
<bind>
<opcode="alloca(26) " fcode="alloca"/>
<opset="axi_last_V_4_loc/1 "/>
</bind>
</comp>

<comp id="104" class="1004" name="axi_data_V_3_loc_fu_104">
<pin_list>
<pin id="105" dir="0" index="0" bw="1" slack="0"/>
<pin id="106" dir="1" index="1" bw="16" slack="5"/>
</pin_list>
<bind>
<opcode="alloca(26) " fcode="alloca"/>
<opset="axi_data_V_3_loc/1 "/>
</bind>
</comp>

<comp id="108" class="1004" name="last_loc_fu_108">
<pin_list>
<pin id="109" dir="0" index="0" bw="1" slack="0"/>
<pin id="110" dir="1" index="1" bw="1" slack="5"/>
</pin_list>
<bind>
<opcode="alloca(26) " fcode="alloca"/>
<opset="last_loc/1 "/>
</bind>
</comp>

<comp id="112" class="1004" name="axi_last_V_loc_fu_112">
<pin_list>
<pin id="113" dir="0" index="0" bw="1" slack="0"/>
<pin id="114" dir="1" index="1" bw="1" slack="1"/>
</pin_list>
<bind>
<opcode="alloca(26) " fcode="alloca"/>
<opset="axi_last_V_loc/1 "/>
</bind>
</comp>

<comp id="116" class="1004" name="p_read14_read_fu_116">
<pin_list>
<pin id="117" dir="0" index="0" bw="12" slack="0"/>
<pin id="118" dir="0" index="1" bw="12" slack="0"/>
<pin id="119" dir="1" index="2" bw="12" slack="0"/>
</pin_list>
<bind>
<opcode="read(1150) " fcode="read"/>
<opset="p_read14/1 "/>
</bind>
</comp>

<comp id="122" class="1004" name="p_read_6_read_fu_122">
<pin_list>
<pin id="123" dir="0" index="0" bw="13" slack="0"/>
<pin id="124" dir="0" index="1" bw="13" slack="0"/>
<pin id="125" dir="1" index="2" bw="13" slack="4"/>
</pin_list>
<bind>
<opcode="read(1150) " fcode="read"/>
<opset="p_read_6/1 "/>
</bind>
</comp>

<comp id="128" class="1004" name="write_ln0_write_fu_128">
<pin_list>
<pin id="129" dir="0" index="0" bw="0" slack="0"/>
<pin id="130" dir="0" index="1" bw="12" slack="0"/>
<pin id="131" dir="0" index="2" bw="12" slack="0"/>
<pin id="132" dir="1" index="3" bw="0" slack="2147483647"/>
</pin_list>
<bind>
<opcode="write(1151) " fcode="write"/>
<opset="write_ln0/1 "/>
</bind>
</comp>

<comp id="136" class="1005" name="axi_last_V_2_reg_136">
<pin_list>
<pin id="137" dir="0" index="0" bw="1" slack="1"/>
<pin id="138" dir="1" index="1" bw="1" slack="1"/>
</pin_list>
<bind>
<opset="axi_last_V_2 (phireg) "/>
</bind>
</comp>

<comp id="139" class="1004" name="axi_last_V_2_phi_fu_139">
<pin_list>
<pin id="140" dir="0" index="0" bw="1" slack="2147483647"/>
<pin id="141" dir="0" index="1" bw="0" slack="2147483647"/>
<pin id="142" dir="0" index="2" bw="1" slack="2147483647"/>
<pin id="143" dir="0" index="3" bw="0" slack="2147483647"/>
<pin id="144" dir="1" index="4" bw="1" slack="1"/>
</pin_list>
<bind>
<opcode="phi(47) " fcode="phi"/>
<opset="axi_last_V_2/5 "/>
</bind>
</comp>

<comp id="146" class="1005" name="axi_last_2_lcssa_reg_146">
<pin_list>
<pin id="147" dir="0" index="0" bw="1" slack="1"/>
<pin id="148" dir="1" index="1" bw="1" slack="2147483647"/>
</pin_list>
<bind>
<opset="axi_last_2_lcssa (phireg) "/>
</bind>
</comp>

<comp id="149" class="1004" name="axi_last_2_lcssa_phi_fu_149">
<pin_list>
<pin id="150" dir="0" index="0" bw="1" slack="2147483647"/>
<pin id="151" dir="0" index="1" bw="0" slack="2147483647"/>
<pin id="152" dir="0" index="2" bw="1" slack="4"/>
<pin id="153" dir="0" index="3" bw="0" slack="2147483647"/>
<pin id="154" dir="1" index="4" bw="1" slack="0"/>
</pin_list>
<bind>
<opcode="phi(47) " fcode="phi"/>
<opset="axi_last_2_lcssa/9 "/>
</bind>
</comp>

<comp id="157" class="1005" name="axi_data_2_lcssa_reg_157">
<pin_list>
<pin id="158" dir="0" index="0" bw="16" slack="1"/>
<pin id="159" dir="1" index="1" bw="16" slack="2147483647"/>
</pin_list>
<bind>
<opset="axi_data_2_lcssa (phireg) "/>
</bind>
</comp>

<comp id="160" class="1004" name="axi_data_2_lcssa_phi_fu_160">
<pin_list>
<pin id="161" dir="0" index="0" bw="16" slack="2147483647"/>
<pin id="162" dir="0" index="1" bw="0" slack="2147483647"/>
<pin id="163" dir="0" index="2" bw="16" slack="2147483647"/>
<pin id="164" dir="0" index="3" bw="0" slack="2147483647"/>
<pin id="165" dir="1" index="4" bw="16" slack="0"/>
</pin_list>
<bind>
<opcode="phi(47) " fcode="phi"/>
<opset="axi_data_2_lcssa/9 "/>
</bind>
</comp>

<comp id="167" class="1005" name="last_0_lcssa_reg_167">
<pin_list>
<pin id="168" dir="0" index="0" bw="1" slack="1"/>
<pin id="169" dir="1" index="1" bw="1" slack="3"/>
</pin_list>
<bind>
<opset="last_0_lcssa (phireg) "/>
</bind>
</comp>

<comp id="171" class="1004" name="last_0_lcssa_phi_fu_171">
<pin_list>
<pin id="172" dir="0" index="0" bw="1" slack="2147483647"/>
<pin id="173" dir="0" index="1" bw="0" slack="2147483647"/>
<pin id="174" dir="0" index="2" bw="1" slack="3"/>
<pin id="175" dir="0" index="3" bw="0" slack="2147483647"/>
<pin id="176" dir="1" index="4" bw="1" slack="0"/>
</pin_list>
<bind>
<opcode="phi(47) " fcode="phi"/>
<opset="last_0_lcssa/9 "/>
</bind>
</comp>

<comp id="179" class="1004" name="grp_AXIVideo2BayerMat_0_4320_3848_2_3_Pipeline_loop_start_hunt_fu_179">
<pin_list>
<pin id="180" dir="0" index="0" bw="0" slack="0"/>
<pin id="181" dir="0" index="1" bw="16" slack="0"/>
<pin id="182" dir="0" index="2" bw="2" slack="0"/>
<pin id="183" dir="0" index="3" bw="2" slack="0"/>
<pin id="184" dir="0" index="4" bw="1" slack="0"/>
<pin id="185" dir="0" index="5" bw="1" slack="0"/>
<pin id="186" dir="0" index="6" bw="1" slack="0"/>
<pin id="187" dir="0" index="7" bw="1" slack="0"/>
<pin id="188" dir="0" index="8" bw="1" slack="1"/>
<pin id="189" dir="0" index="9" bw="16" slack="1"/>
<pin id="190" dir="1" index="10" bw="0" slack="2147483647"/>
</pin_list>
<bind>
<opcode="call(48) " fcode="call"/>
<opset="call_ln0/2 "/>
</bind>
</comp>

<comp id="199" class="1004" name="grp_AXIVideo2BayerMat_0_4320_3848_2_3_Pipeline_loop_col_zxi2mat_fu_199">
<pin_list>
<pin id="200" dir="0" index="0" bw="0" slack="0"/>
<pin id="201" dir="0" index="1" bw="1" slack="0"/>
<pin id="202" dir="0" index="2" bw="16" slack="0"/>
<pin id="203" dir="0" index="3" bw="1" slack="1"/>
<pin id="204" dir="0" index="4" bw="11" slack="5"/>
<pin id="205" dir="0" index="5" bw="16" slack="0"/>
<pin id="206" dir="0" index="6" bw="16" slack="0"/>
<pin id="207" dir="0" index="7" bw="2" slack="0"/>
<pin id="208" dir="0" index="8" bw="2" slack="0"/>
<pin id="209" dir="0" index="9" bw="1" slack="0"/>
<pin id="210" dir="0" index="10" bw="1" slack="0"/>
<pin id="211" dir="0" index="11" bw="1" slack="0"/>
<pin id="212" dir="0" index="12" bw="1" slack="0"/>
<pin id="213" dir="0" index="13" bw="1" slack="5"/>
<pin id="214" dir="0" index="14" bw="16" slack="5"/>
<pin id="215" dir="1" index="15" bw="0" slack="2147483647"/>
</pin_list>
<bind>
<opcode="call(48) " fcode="call"/>
<opset="call_ln38/6 "/>
</bind>
</comp>

<comp id="226" class="1004" name="grp_AXIVideo2BayerMat_0_4320_3848_2_3_Pipeline_loop_last_hunt_fu_226">
<pin_list>
<pin id="227" dir="0" index="0" bw="0" slack="0"/>
<pin id="228" dir="0" index="1" bw="1" slack="0"/>
<pin id="229" dir="0" index="2" bw="16" slack="0"/>
<pin id="230" dir="0" index="3" bw="1" slack="0"/>
<pin id="231" dir="0" index="4" bw="16" slack="0"/>
<pin id="232" dir="0" index="5" bw="2" slack="0"/>
<pin id="233" dir="0" index="6" bw="2" slack="0"/>
<pin id="234" dir="0" index="7" bw="1" slack="0"/>
<pin id="235" dir="0" index="8" bw="1" slack="0"/>
<pin id="236" dir="0" index="9" bw="1" slack="0"/>
<pin id="237" dir="0" index="10" bw="1" slack="0"/>
<pin id="238" dir="0" index="11" bw="1" slack="8"/>
<pin id="239" dir="0" index="12" bw="16" slack="8"/>
<pin id="240" dir="1" index="13" bw="0" slack="2147483647"/>
</pin_list>
<bind>
<opcode="call(48) " fcode="call"/>
<opset="call_ln0/9 "/>
</bind>
</comp>

<comp id="252" class="1004" name="trunc_ln38_1_fu_252">
<pin_list>
<pin id="253" dir="0" index="0" bw="11" slack="0"/>
<pin id="254" dir="0" index="1" bw="12" slack="0"/>
<pin id="255" dir="0" index="2" bw="1" slack="0"/>
<pin id="256" dir="0" index="3" bw="5" slack="0"/>
<pin id="257" dir="1" index="4" bw="11" slack="3"/>
</pin_list>
<bind>
<opcode="partselect(1002) " fcode="partselect"/>
<opset="trunc_ln38_1/1 "/>
</bind>
</comp>

<comp id="262" class="1004" name="store_ln61_store_fu_262">
<pin_list>
<pin id="263" dir="0" index="0" bw="1" slack="0"/>
<pin id="264" dir="0" index="1" bw="1" slack="0"/>
<pin id="265" dir="1" index="2" bw="0" slack="2147483647"/>
</pin_list>
<bind>
<opcode="store(28) " fcode="store"/>
<opset="store_ln61/1 "/>
</bind>
</comp>

<comp id="267" class="1004" name="store_ln61_store_fu_267">
<pin_list>
<pin id="268" dir="0" index="0" bw="1" slack="0"/>
<pin id="269" dir="0" index="1" bw="13" slack="0"/>
<pin id="270" dir="1" index="2" bw="0" slack="2147483647"/>
</pin_list>
<bind>
<opcode="store(28) " fcode="store"/>
<opset="store_ln61/1 "/>
</bind>
</comp>

<comp id="272" class="1004" name="axi_last_V_loc_load_load_fu_272">
<pin_list>
<pin id="273" dir="0" index="0" bw="1" slack="3"/>
<pin id="274" dir="1" index="1" bw="1" slack="2147483647"/>
</pin_list>
<bind>
<opcode="load(27) " fcode="load"/>
<opset="axi_last_V_loc_load/4 "/>
</bind>
</comp>

<comp id="275" class="1004" name="cmp41_fu_275">
<pin_list>
<pin id="276" dir="0" index="0" bw="11" slack="3"/>
<pin id="277" dir="0" index="1" bw="11" slack="0"/>
<pin id="278" dir="1" index="2" bw="1" slack="2"/>
</pin_list>
<bind>
<opcode="icmp(45) " fcode="icmp"/>
<opset="cmp41/4 "/>
</bind>
</comp>

<comp id="280" class="1004" name="i_5_load_fu_280">
<pin_list>
<pin id="281" dir="0" index="0" bw="13" slack="4"/>
<pin id="282" dir="1" index="1" bw="13" slack="0"/>
</pin_list>
<bind>
<opcode="load(27) " fcode="load"/>
<opset="i_5/5 "/>
</bind>
</comp>

<comp id="283" class="1004" name="icmp_ln61_fu_283">
<pin_list>
<pin id="284" dir="0" index="0" bw="13" slack="0"/>
<pin id="285" dir="0" index="1" bw="13" slack="4"/>
<pin id="286" dir="1" index="2" bw="1" slack="1"/>
</pin_list>
<bind>
<opcode="icmp(45) " fcode="icmp"/>
<opset="icmp_ln61/5 "/>
</bind>
</comp>

<comp id="288" class="1004" name="i_6_fu_288">
<pin_list>
<pin id="289" dir="0" index="0" bw="13" slack="0"/>
<pin id="290" dir="0" index="1" bw="1" slack="0"/>
<pin id="291" dir="1" index="2" bw="13" slack="3"/>
</pin_list>
<bind>
<opcode="add(8) " fcode="add"/>
<opset="i_6/5 "/>
</bind>
</comp>

<comp id="294" class="1004" name="axi_data_V_load_fu_294">
<pin_list>
<pin id="295" dir="0" index="0" bw="16" slack="5"/>
<pin id="296" dir="1" index="1" bw="16" slack="0"/>
</pin_list>
<bind>
<opcode="load(27) " fcode="load"/>
<opset="axi_data_V/6 "/>
</bind>
</comp>

<comp id="298" class="1004" name="start_load_load_fu_298">
<pin_list>
<pin id="299" dir="0" index="0" bw="1" slack="5"/>
<pin id="300" dir="1" index="1" bw="1" slack="0"/>
</pin_list>
<bind>
<opcode="load(27) " fcode="load"/>
<opset="start_load/6 "/>
</bind>
</comp>

<comp id="302" class="1004" name="last_loc_load_load_fu_302">
<pin_list>
<pin id="303" dir="0" index="0" bw="1" slack="7"/>
<pin id="304" dir="1" index="1" bw="1" slack="2147483647"/>
</pin_list>
<bind>
<opcode="load(27) " fcode="load"/>
<opset="last_loc_load/8 "/>
</bind>
</comp>

<comp id="305" class="1004" name="axi_data_V_3_loc_load_load_fu_305">
<pin_list>
<pin id="306" dir="0" index="0" bw="16" slack="7"/>
<pin id="307" dir="1" index="1" bw="16" slack="2147483647"/>
</pin_list>
<bind>
<opcode="load(27) " fcode="load"/>
<opset="axi_data_V_3_loc_load/8 "/>
</bind>
</comp>

<comp id="308" class="1004" name="store_ln0_store_fu_308">
<pin_list>
<pin id="309" dir="0" index="0" bw="1" slack="0"/>
<pin id="310" dir="0" index="1" bw="1" slack="7"/>
<pin id="311" dir="1" index="2" bw="0" slack="2147483647"/>
</pin_list>
<bind>
<opcode="store(28) " fcode="store"/>
<opset="store_ln0/8 "/>
</bind>
</comp>

<comp id="313" class="1004" name="store_ln61_store_fu_313">
<pin_list>
<pin id="314" dir="0" index="0" bw="13" slack="3"/>
<pin id="315" dir="0" index="1" bw="13" slack="7"/>
<pin id="316" dir="1" index="2" bw="0" slack="2147483647"/>
</pin_list>
<bind>
<opcode="store(28) " fcode="store"/>
<opset="store_ln61/8 "/>
</bind>
</comp>

<comp id="317" class="1004" name="axi_last_V_4_loc_load_load_fu_317">
<pin_list>
<pin id="318" dir="0" index="0" bw="1" slack="10"/>
<pin id="319" dir="1" index="1" bw="1" slack="2147483647"/>
</pin_list>
<bind>
<opcode="load(27) " fcode="load"/>
<opset="axi_last_V_4_loc_load/11 "/>
</bind>
</comp>

<comp id="320" class="1005" name="i_reg_320">
<pin_list>
<pin id="321" dir="0" index="0" bw="13" slack="0"/>
<pin id="322" dir="1" index="1" bw="13" slack="0"/>
</pin_list>
<bind>
<opset="i "/>
</bind>
</comp>

<comp id="327" class="1005" name="axi_data_V_2_reg_327">
<pin_list>
<pin id="328" dir="0" index="0" bw="16" slack="1"/>
<pin id="329" dir="1" index="1" bw="16" slack="1"/>
</pin_list>
<bind>
<opset="axi_data_V_2 "/>
</bind>
</comp>

<comp id="334" class="1005" name="start_reg_334">
<pin_list>
<pin id="335" dir="0" index="0" bw="1" slack="0"/>
<pin id="336" dir="1" index="1" bw="1" slack="0"/>
</pin_list>
<bind>
<opset="start "/>
</bind>
</comp>

<comp id="341" class="1005" name="p_read_6_reg_341">
<pin_list>
<pin id="342" dir="0" index="0" bw="13" slack="4"/>
<pin id="343" dir="1" index="1" bw="13" slack="4"/>
</pin_list>
<bind>
<opset="p_read_6 "/>
</bind>
</comp>

<comp id="346" class="1005" name="axi_last_V_4_loc_reg_346">
<pin_list>
<pin id="347" dir="0" index="0" bw="1" slack="8"/>
<pin id="348" dir="1" index="1" bw="1" slack="8"/>
</pin_list>
<bind>
<opset="axi_last_V_4_loc "/>
</bind>
</comp>

<comp id="352" class="1005" name="axi_data_V_3_loc_reg_352">
<pin_list>
<pin id="353" dir="0" index="0" bw="16" slack="5"/>
<pin id="354" dir="1" index="1" bw="16" slack="5"/>
</pin_list>
<bind>
<opset="axi_data_V_3_loc "/>
</bind>
</comp>

<comp id="358" class="1005" name="last_loc_reg_358">
<pin_list>
<pin id="359" dir="0" index="0" bw="1" slack="5"/>
<pin id="360" dir="1" index="1" bw="1" slack="5"/>
</pin_list>
<bind>
<opset="last_loc "/>
</bind>
</comp>

<comp id="364" class="1005" name="axi_last_V_loc_reg_364">
<pin_list>
<pin id="365" dir="0" index="0" bw="1" slack="1"/>
<pin id="366" dir="1" index="1" bw="1" slack="1"/>
</pin_list>
<bind>
<opset="axi_last_V_loc "/>
</bind>
</comp>

<comp id="370" class="1005" name="trunc_ln38_1_reg_370">
<pin_list>
<pin id="371" dir="0" index="0" bw="11" slack="3"/>
<pin id="372" dir="1" index="1" bw="11" slack="3"/>
</pin_list>
<bind>
<opset="trunc_ln38_1 "/>
</bind>
</comp>

<comp id="379" class="1005" name="cmp41_reg_379">
<pin_list>
<pin id="380" dir="0" index="0" bw="1" slack="2"/>
<pin id="381" dir="1" index="1" bw="1" slack="2147483647"/>
</pin_list>
<bind>
<opset="cmp41 "/>
</bind>
</comp>

<comp id="383" class="1005" name="icmp_ln61_reg_383">
<pin_list>
<pin id="384" dir="0" index="0" bw="1" slack="1"/>
<pin id="385" dir="1" index="1" bw="1" slack="2147483647"/>
</pin_list>
<bind>
<opset="icmp_ln61 "/>
</bind>
</comp>

<comp id="387" class="1005" name="i_6_reg_387">
<pin_list>
<pin id="388" dir="0" index="0" bw="13" slack="3"/>
<pin id="389" dir="1" index="1" bw="13" slack="3"/>
</pin_list>
<bind>
<opset="i_6 "/>
</bind>
</comp>

</comp_list>

<net_list>
<net id="91"><net_src comp="22" pin="0"/><net_sink comp="88" pin=0"/></net>

<net id="95"><net_src comp="22" pin="0"/><net_sink comp="92" pin=0"/></net>

<net id="99"><net_src comp="22" pin="0"/><net_sink comp="96" pin=0"/></net>

<net id="103"><net_src comp="28" pin="0"/><net_sink comp="100" pin=0"/></net>

<net id="107"><net_src comp="28" pin="0"/><net_sink comp="104" pin=0"/></net>

<net id="111"><net_src comp="28" pin="0"/><net_sink comp="108" pin=0"/></net>

<net id="115"><net_src comp="28" pin="0"/><net_sink comp="112" pin=0"/></net>

<net id="120"><net_src comp="24" pin="0"/><net_sink comp="116" pin=0"/></net>

<net id="121"><net_src comp="16" pin="0"/><net_sink comp="116" pin=1"/></net>

<net id="126"><net_src comp="26" pin="0"/><net_sink comp="122" pin=0"/></net>

<net id="127"><net_src comp="14" pin="0"/><net_sink comp="122" pin=1"/></net>

<net id="133"><net_src comp="30" pin="0"/><net_sink comp="128" pin=0"/></net>

<net id="134"><net_src comp="20" pin="0"/><net_sink comp="128" pin=1"/></net>

<net id="135"><net_src comp="116" pin="2"/><net_sink comp="128" pin=2"/></net>

<net id="145"><net_src comp="139" pin="4"/><net_sink comp="136" pin=0"/></net>

<net id="155"><net_src comp="136" pin="1"/><net_sink comp="149" pin=2"/></net>

<net id="156"><net_src comp="149" pin="4"/><net_sink comp="146" pin=0"/></net>

<net id="166"><net_src comp="160" pin="4"/><net_sink comp="157" pin=0"/></net>

<net id="170"><net_src comp="84" pin="0"/><net_sink comp="167" pin=0"/></net>

<net id="177"><net_src comp="167" pin="1"/><net_sink comp="171" pin=2"/></net>

<net id="178"><net_src comp="171" pin="4"/><net_sink comp="167" pin=0"/></net>

<net id="191"><net_src comp="42" pin="0"/><net_sink comp="179" pin=0"/></net>

<net id="192"><net_src comp="0" pin="0"/><net_sink comp="179" pin=1"/></net>

<net id="193"><net_src comp="2" pin="0"/><net_sink comp="179" pin=2"/></net>

<net id="194"><net_src comp="4" pin="0"/><net_sink comp="179" pin=3"/></net>

<net id="195"><net_src comp="6" pin="0"/><net_sink comp="179" pin=4"/></net>

<net id="196"><net_src comp="8" pin="0"/><net_sink comp="179" pin=5"/></net>

<net id="197"><net_src comp="10" pin="0"/><net_sink comp="179" pin=6"/></net>

<net id="198"><net_src comp="12" pin="0"/><net_sink comp="179" pin=7"/></net>

<net id="216"><net_src comp="82" pin="0"/><net_sink comp="199" pin=0"/></net>

<net id="217"><net_src comp="136" pin="1"/><net_sink comp="199" pin=3"/></net>

<net id="218"><net_src comp="18" pin="0"/><net_sink comp="199" pin=5"/></net>

<net id="219"><net_src comp="0" pin="0"/><net_sink comp="199" pin=6"/></net>

<net id="220"><net_src comp="2" pin="0"/><net_sink comp="199" pin=7"/></net>

<net id="221"><net_src comp="4" pin="0"/><net_sink comp="199" pin=8"/></net>

<net id="222"><net_src comp="6" pin="0"/><net_sink comp="199" pin=9"/></net>

<net id="223"><net_src comp="8" pin="0"/><net_sink comp="199" pin=10"/></net>

<net id="224"><net_src comp="10" pin="0"/><net_sink comp="199" pin=11"/></net>

<net id="225"><net_src comp="12" pin="0"/><net_sink comp="199" pin=12"/></net>

<net id="241"><net_src comp="86" pin="0"/><net_sink comp="226" pin=0"/></net>

<net id="242"><net_src comp="149" pin="4"/><net_sink comp="226" pin=1"/></net>

<net id="243"><net_src comp="160" pin="4"/><net_sink comp="226" pin=2"/></net>

<net id="244"><net_src comp="171" pin="4"/><net_sink comp="226" pin=3"/></net>

<net id="245"><net_src comp="0" pin="0"/><net_sink comp="226" pin=4"/></net>

<net id="246"><net_src comp="2" pin="0"/><net_sink comp="226" pin=5"/></net>

<net id="247"><net_src comp="4" pin="0"/><net_sink comp="226" pin=6"/></net>

<net id="248"><net_src comp="6" pin="0"/><net_sink comp="226" pin=7"/></net>

<net id="249"><net_src comp="8" pin="0"/><net_sink comp="226" pin=8"/></net>

<net id="250"><net_src comp="10" pin="0"/><net_sink comp="226" pin=9"/></net>

<net id="251"><net_src comp="12" pin="0"/><net_sink comp="226" pin=10"/></net>

<net id="258"><net_src comp="32" pin="0"/><net_sink comp="252" pin=0"/></net>

<net id="259"><net_src comp="116" pin="2"/><net_sink comp="252" pin=1"/></net>

<net id="260"><net_src comp="22" pin="0"/><net_sink comp="252" pin=2"/></net>

<net id="261"><net_src comp="34" pin="0"/><net_sink comp="252" pin=3"/></net>

<net id="266"><net_src comp="36" pin="0"/><net_sink comp="262" pin=0"/></net>

<net id="271"><net_src comp="38" pin="0"/><net_sink comp="267" pin=0"/></net>

<net id="279"><net_src comp="68" pin="0"/><net_sink comp="275" pin=1"/></net>

<net id="287"><net_src comp="280" pin="1"/><net_sink comp="283" pin=0"/></net>

<net id="292"><net_src comp="280" pin="1"/><net_sink comp="288" pin=0"/></net>

<net id="293"><net_src comp="70" pin="0"/><net_sink comp="288" pin=1"/></net>

<net id="297"><net_src comp="294" pin="1"/><net_sink comp="199" pin=2"/></net>

<net id="301"><net_src comp="298" pin="1"/><net_sink comp="199" pin=1"/></net>

<net id="312"><net_src comp="84" pin="0"/><net_sink comp="308" pin=0"/></net>

<net id="323"><net_src comp="88" pin="1"/><net_sink comp="320" pin=0"/></net>

<net id="324"><net_src comp="320" pin="1"/><net_sink comp="267" pin=1"/></net>

<net id="325"><net_src comp="320" pin="1"/><net_sink comp="280" pin=0"/></net>

<net id="326"><net_src comp="320" pin="1"/><net_sink comp="313" pin=1"/></net>

<net id="330"><net_src comp="92" pin="1"/><net_sink comp="327" pin=0"/></net>

<net id="331"><net_src comp="327" pin="1"/><net_sink comp="179" pin=9"/></net>

<net id="332"><net_src comp="327" pin="1"/><net_sink comp="294" pin=0"/></net>

<net id="333"><net_src comp="327" pin="1"/><net_sink comp="226" pin=12"/></net>

<net id="337"><net_src comp="96" pin="1"/><net_sink comp="334" pin=0"/></net>

<net id="338"><net_src comp="334" pin="1"/><net_sink comp="262" pin=1"/></net>

<net id="339"><net_src comp="334" pin="1"/><net_sink comp="298" pin=0"/></net>

<net id="340"><net_src comp="334" pin="1"/><net_sink comp="308" pin=1"/></net>

<net id="344"><net_src comp="122" pin="2"/><net_sink comp="341" pin=0"/></net>

<net id="345"><net_src comp="341" pin="1"/><net_sink comp="283" pin=1"/></net>

<net id="349"><net_src comp="100" pin="1"/><net_sink comp="346" pin=0"/></net>

<net id="350"><net_src comp="346" pin="1"/><net_sink comp="226" pin=11"/></net>

<net id="351"><net_src comp="346" pin="1"/><net_sink comp="317" pin=0"/></net>

<net id="355"><net_src comp="104" pin="1"/><net_sink comp="352" pin=0"/></net>

<net id="356"><net_src comp="352" pin="1"/><net_sink comp="199" pin=14"/></net>

<net id="357"><net_src comp="352" pin="1"/><net_sink comp="305" pin=0"/></net>

<net id="361"><net_src comp="108" pin="1"/><net_sink comp="358" pin=0"/></net>

<net id="362"><net_src comp="358" pin="1"/><net_sink comp="199" pin=13"/></net>

<net id="363"><net_src comp="358" pin="1"/><net_sink comp="302" pin=0"/></net>

<net id="367"><net_src comp="112" pin="1"/><net_sink comp="364" pin=0"/></net>

<net id="368"><net_src comp="364" pin="1"/><net_sink comp="179" pin=8"/></net>

<net id="369"><net_src comp="364" pin="1"/><net_sink comp="272" pin=0"/></net>

<net id="373"><net_src comp="252" pin="4"/><net_sink comp="370" pin=0"/></net>

<net id="374"><net_src comp="370" pin="1"/><net_sink comp="275" pin=0"/></net>

<net id="375"><net_src comp="370" pin="1"/><net_sink comp="199" pin=4"/></net>

<net id="382"><net_src comp="275" pin="2"/><net_sink comp="379" pin=0"/></net>

<net id="386"><net_src comp="283" pin="2"/><net_sink comp="383" pin=0"/></net>

<net id="390"><net_src comp="288" pin="2"/><net_sink comp="387" pin=0"/></net>

<net id="391"><net_src comp="387" pin="1"/><net_sink comp="313" pin=0"/></net>

</net_list>

</model> 
---------------- Datapath Model END ------------------

* FSMD analyzer results:
  - Output states:
	Port: in_ptr_V_data_V | {}
	Port: in_ptr_V_keep_V | {}
	Port: in_ptr_V_strb_V | {}
	Port: in_ptr_V_user_V | {}
	Port: in_ptr_V_last_V | {}
	Port: in_ptr_V_id_V | {}
	Port: in_ptr_V_dest_V | {}
	Port: InImg_data156 | {6 7 }
	Port: InImg_cols_c | {1 }
 - Input state : 
	Port: AXIVideo2BayerMat<0, 4320, 3848, 2, 3> : in_ptr_V_data_V | {2 3 6 7 9 10 }
	Port: AXIVideo2BayerMat<0, 4320, 3848, 2, 3> : in_ptr_V_keep_V | {2 3 6 7 9 10 }
	Port: AXIVideo2BayerMat<0, 4320, 3848, 2, 3> : in_ptr_V_strb_V | {2 3 6 7 9 10 }
	Port: AXIVideo2BayerMat<0, 4320, 3848, 2, 3> : in_ptr_V_user_V | {2 3 6 7 9 10 }
	Port: AXIVideo2BayerMat<0, 4320, 3848, 2, 3> : in_ptr_V_last_V | {2 3 6 7 9 10 }
	Port: AXIVideo2BayerMat<0, 4320, 3848, 2, 3> : in_ptr_V_id_V | {2 3 6 7 9 10 }
	Port: AXIVideo2BayerMat<0, 4320, 3848, 2, 3> : in_ptr_V_dest_V | {2 3 6 7 9 10 }
	Port: AXIVideo2BayerMat<0, 4320, 3848, 2, 3> : p_read | {1 }
	Port: AXIVideo2BayerMat<0, 4320, 3848, 2, 3> : p_read1 | {1 }
  - Chain level:
	State 1
		store_ln61 : 1
		store_ln61 : 1
	State 2
	State 3
	State 4
	State 5
		icmp_ln61 : 1
		i_6 : 1
	State 6
		call_ln38 : 1
	State 7
	State 8
	State 9
		call_ln0 : 1
	State 10
	State 11


============================================================
+ Verbose Summary: Datapath Resource usage 
============================================================

* Functional unit list:
|----------|------------------------------------------------------------------------|---------|---------|
| Operation|                             Functional Unit                            |    FF   |   LUT   |
|----------|------------------------------------------------------------------------|---------|---------|
|          |  grp_AXIVideo2BayerMat_0_4320_3848_2_3_Pipeline_loop_start_hunt_fu_179 |    1    |    0    |
|   call   | grp_AXIVideo2BayerMat_0_4320_3848_2_3_Pipeline_loop_col_zxi2mat_fu_199 |    49   |    17   |
|          |  grp_AXIVideo2BayerMat_0_4320_3848_2_3_Pipeline_loop_last_hunt_fu_226  |    3    |    0    |
|----------|------------------------------------------------------------------------|---------|---------|
|    add   |                               i_6_fu_288                               |    0    |    13   |
|----------|------------------------------------------------------------------------|---------|---------|
|   icmp   |                              cmp41_fu_275                              |    0    |    5    |
|          |                            icmp_ln61_fu_283                            |    0    |    5    |
|----------|------------------------------------------------------------------------|---------|---------|
|   read   |                          p_read14_read_fu_116                          |    0    |    0    |
|          |                          p_read_6_read_fu_122                          |    0    |    0    |
|----------|------------------------------------------------------------------------|---------|---------|
|   write  |                         write_ln0_write_fu_128                         |    0    |    0    |
|----------|------------------------------------------------------------------------|---------|---------|
|partselect|                           trunc_ln38_1_fu_252                          |    0    |    0    |
|----------|------------------------------------------------------------------------|---------|---------|
|   Total  |                                                                        |    53   |    40   |
|----------|------------------------------------------------------------------------|---------|---------|

Memories:
N/A

* Register list:
+------------------------+--------+
|                        |   FF   |
+------------------------+--------+
|axi_data_2_lcssa_reg_157|   16   |
|  axi_data_V_2_reg_327  |   16   |
|axi_data_V_3_loc_reg_352|   16   |
|axi_last_2_lcssa_reg_146|    1   |
|  axi_last_V_2_reg_136  |    1   |
|axi_last_V_4_loc_reg_346|    1   |
| axi_last_V_loc_reg_364 |    1   |
|      cmp41_reg_379     |    1   |
|       i_6_reg_387      |   13   |
|        i_reg_320       |   13   |
|    icmp_ln61_reg_383   |    1   |
|  last_0_lcssa_reg_167  |    1   |
|    last_loc_reg_358    |    1   |
|    p_read_6_reg_341    |   13   |
|      start_reg_334     |    1   |
|  trunc_ln38_1_reg_370  |   11   |
+------------------------+--------+
|          Total         |   107  |
+------------------------+--------+

* Multiplexer (MUX) list: 
|----------------------|------|------|------|--------||---------||---------|
|         Comp         |  Pin | Size |  BW  | S x BW ||  Delay  ||   LUT   |
|----------------------|------|------|------|--------||---------||---------|
| last_0_lcssa_reg_167 |  p0  |   2  |   1  |    2   ||    9    |
|----------------------|------|------|------|--------||---------||---------|
|         Total        |      |      |      |    2   ||  1.298  ||    9    |
|----------------------|------|------|------|--------||---------||---------|



* Summary:
+-----------+--------+--------+--------+
|           |  Delay |   FF   |   LUT  |
+-----------+--------+--------+--------+
|  Function |    -   |   53   |   40   |
|   Memory  |    -   |    -   |    -   |
|Multiplexer|    1   |    -   |    9   |
|  Register |    -   |   107  |    -   |
+-----------+--------+--------+--------+
|   Total   |    1   |   160  |   49   |
+-----------+--------+--------+--------+
