

================================================================
== Vitis HLS Report for 'extractEFrames_accel'
================================================================
* Date:           Sun Sep  4 18:21:51 2022

* Version:        2022.1 (Build 3526262 on Mon Apr 18 15:47:01 MDT 2022)
* Project:        hud3.prj
* Solution:       sol1 (Vivado IP Flow Target)
* Product family: artix7
* Target device:  xc7a200t-fbg676-2


================================================================
== Performance Estimates
================================================================
+ Timing: 
    * Summary: 
    +--------+---------+----------+------------+
    |  Clock |  Target | Estimated| Uncertainty|
    +--------+---------+----------+------------+
    |ap_clk  |  3.30 ns|  5.440 ns|     0.89 ns|
    +--------+---------+----------+------------+

+ Latency: 
    * Summary: 
    +---------+---------+----------+----------+-----+-----+----------+
    |  Latency (cycles) |  Latency (absolute) |  Interval | Pipeline |
    |   min   |   max   |    min   |    max   | min | max |   Type   |
    +---------+---------+----------+----------+-----+-----+----------+
    |        ?|        ?|         ?|         ?|    ?|    ?|  dataflow|
    +---------+---------+----------+----------+-----+-----+----------+

    + Detail: 
        * Instance: 
        +----------------------------------------------------+---------------------------------------------------+---------+---------+-----------+-----------+-----+---------+---------+
        |                                                    |                                                   |  Latency (cycles) |   Latency (absolute)  |    Interval   | Pipeline|
        |                      Instance                      |                       Module                      |   min   |   max   |    min    |    max    | min |   max   |   Type  |
        +----------------------------------------------------+---------------------------------------------------+---------+---------+-----------+-----------+-----+---------+---------+
        |Block_entry5_proc_U0                                |Block_entry5_proc                                  |        0|        0|       0 ns|       0 ns|    0|        0|       no|
        |AXIVideo2BayerMat_0_4320_3848_2_3_U0                |AXIVideo2BayerMat_0_4320_3848_2_3_s                |        7|  8363527|  29.736 ns|  35.528 ms|    7|  8363527|       no|
        |extractExposureFrames_0_8_8_2160_3840_2_3_3_3_0_U0  |extractExposureFrames_0_8_8_2160_3840_2_3_3_3_0_s  |        ?|        ?|          ?|          ?|    ?|        ?|       no|
        |GRAYMat2AXIvideo_0_2160_3840_2_3_U0                 |GRAYMat2AXIvideo_0_2160_3840_2_3_s                 |        3|  4160163|   9.900 ns|  13.729 ms|    3|  4160163|       no|
        |GRAYMat2AXIvideo_0_2160_3840_2_3_1_U0               |GRAYMat2AXIvideo_0_2160_3840_2_3_1                 |        3|  4160163|   9.900 ns|  13.729 ms|    3|  4160163|       no|
        +----------------------------------------------------+---------------------------------------------------+---------+---------+-----------+-----------+-----+---------+---------+

        * Loop: 
        N/A



================================================================
== Utilization Estimates
================================================================
* Summary: 
+-----------------+---------+-----+--------+--------+-----+
|       Name      | BRAM_18K| DSP |   FF   |   LUT  | URAM|
+-----------------+---------+-----+--------+--------+-----+
|DSP              |        -|    -|       -|       -|    -|
|Expression       |        -|    -|       0|      34|    -|
|FIFO             |        -|    -|    1089|     748|    -|
|Instance         |       16|    -|    1080|    2842|    -|
|Memory           |        -|    -|       -|       -|    -|
|Multiplexer      |        -|    -|       -|      54|    -|
|Register         |        -|    -|       6|       -|    -|
+-----------------+---------+-----+--------+--------+-----+
|Total            |       16|    0|    2175|    3678|    0|
+-----------------+---------+-----+--------+--------+-----+
|Available        |      730|  740|  269200|  134600|    0|
+-----------------+---------+-----+--------+--------+-----+
|Utilization (%)  |        2|    0|      ~0|       2|    0|
+-----------------+---------+-----+--------+--------+-----+

+ Detail: 
    * Instance: 
    +----------------------------------------------------+---------------------------------------------------+---------+----+-----+------+-----+
    |                      Instance                      |                       Module                      | BRAM_18K| DSP|  FF |  LUT | URAM|
    +----------------------------------------------------+---------------------------------------------------+---------+----+-----+------+-----+
    |AXIVideo2BayerMat_0_4320_3848_2_3_U0                |AXIVideo2BayerMat_0_4320_3848_2_3_s                |        0|   0|  151|   424|    0|
    |Block_entry5_proc_U0                                |Block_entry5_proc                                  |        0|   0|   74|    84|    0|
    |GRAYMat2AXIvideo_0_2160_3840_2_3_1_U0               |GRAYMat2AXIvideo_0_2160_3840_2_3_1                 |        0|   0|   75|   239|    0|
    |GRAYMat2AXIvideo_0_2160_3840_2_3_U0                 |GRAYMat2AXIvideo_0_2160_3840_2_3_s                 |        0|   0|   87|   248|    0|
    |control_s_axi_U                                     |control_s_axi                                      |        0|   0|   80|   104|    0|
    |extractExposureFrames_0_8_8_2160_3840_2_3_3_3_0_U0  |extractExposureFrames_0_8_8_2160_3840_2_3_3_3_0_s  |       16|   0|  613|  1743|    0|
    +----------------------------------------------------+---------------------------------------------------+---------+----+-----+------+-----+
    |Total                                               |                                                   |       16|   0| 1080|  2842|    0|
    +----------------------------------------------------+---------------------------------------------------+---------+----+-----+------+-----+

    * DSP: 
    N/A

    * Memory: 
    N/A

    * FIFO: 
    +----------------------------+---------+----+----+-----+------+-----+---------+
    |            Name            | BRAM_18K| FF | LUT| URAM| Depth| Bits| Size:D*B|
    +----------------------------+---------+----+----+-----+------+-----+---------+
    |InImg_cols_c15_channel_U    |        0|  99|   0|    -|     2|   12|       24|
    |InImg_cols_c_U              |        0|  99|   0|    -|     2|   12|       24|
    |InImg_data_U                |        0|  99|   0|    -|     3|   16|       48|
    |InImg_rows_channel_U        |        0|  99|   0|    -|     2|   13|       26|
    |LEF_Img_cols_channel_U      |        0|  99|   0|    -|     4|   12|       48|
    |LEF_Img_data_U              |        0|  99|   0|    -|     3|   16|       48|
    |LEF_Img_rows_c16_channel_U  |        0|  99|   0|    -|     3|   12|       36|
    |LEF_Img_rows_c_U            |        0|  99|   0|    -|     2|   12|       24|
    |SEF_Img_cols_channel_U      |        0|  99|   0|    -|     4|   12|       48|
    |SEF_Img_data_U              |        0|  99|   0|    -|     3|   16|       48|
    |SEF_Img_rows_channel_U      |        0|  99|   0|    -|     4|   12|       48|
    +----------------------------+---------+----+----+-----+------+-----+---------+
    |Total                       |        0|1089|   0|    0|    32|  145|      422|
    +----------------------------+---------+----+----+-----+------+-----+---------+

    * Expression: 
    +------------------------------------------------+----------+----+---+----+------------+------------+
    |                  Variable Name                 | Operation| DSP| FF| LUT| Bitwidth P0| Bitwidth P1|
    +------------------------------------------------+----------+----+---+----+------------+------------+
    |AXIVideo2BayerMat_0_4320_3848_2_3_U0_ap_start   |       and|   0|  0|   2|           1|           1|
    |Block_entry5_proc_U0_ap_continue                |       and|   0|  0|   2|           1|           1|
    |GRAYMat2AXIvideo_0_2160_3840_2_3_1_U0_ap_start  |       and|   0|  0|   2|           1|           1|
    |ap_channel_done_InImg_cols_c15_channel          |       and|   0|  0|   2|           1|           1|
    |ap_channel_done_InImg_rows_channel              |       and|   0|  0|   2|           1|           1|
    |ap_channel_done_LEF_Img_cols_channel            |       and|   0|  0|   2|           1|           1|
    |ap_channel_done_LEF_Img_rows_c16_channel        |       and|   0|  0|   2|           1|           1|
    |ap_channel_done_SEF_Img_cols_channel            |       and|   0|  0|   2|           1|           1|
    |ap_channel_done_SEF_Img_rows_channel            |       and|   0|  0|   2|           1|           1|
    |ap_idle                                         |       and|   0|  0|   2|           1|           1|
    |ap_sync_done                                    |       and|   0|  0|   2|           1|           1|
    |ap_sync_channel_write_InImg_cols_c15_channel    |        or|   0|  0|   2|           1|           1|
    |ap_sync_channel_write_InImg_rows_channel        |        or|   0|  0|   2|           1|           1|
    |ap_sync_channel_write_LEF_Img_cols_channel      |        or|   0|  0|   2|           1|           1|
    |ap_sync_channel_write_LEF_Img_rows_c16_channel  |        or|   0|  0|   2|           1|           1|
    |ap_sync_channel_write_SEF_Img_cols_channel      |        or|   0|  0|   2|           1|           1|
    |ap_sync_channel_write_SEF_Img_rows_channel      |        or|   0|  0|   2|           1|           1|
    +------------------------------------------------+----------+----+---+----+------------+------------+
    |Total                                           |          |   0|  0|  34|          17|          17|
    +------------------------------------------------+----------+----+---+----+------------+------------+

    * Multiplexer: 
    +----------------------------------------------------+----+-----------+-----+-----------+
    |                        Name                        | LUT| Input Size| Bits| Total Bits|
    +----------------------------------------------------+----+-----------+-----+-----------+
    |ap_sync_reg_channel_write_InImg_cols_c15_channel    |   9|          2|    1|          2|
    |ap_sync_reg_channel_write_InImg_rows_channel        |   9|          2|    1|          2|
    |ap_sync_reg_channel_write_LEF_Img_cols_channel      |   9|          2|    1|          2|
    |ap_sync_reg_channel_write_LEF_Img_rows_c16_channel  |   9|          2|    1|          2|
    |ap_sync_reg_channel_write_SEF_Img_cols_channel      |   9|          2|    1|          2|
    |ap_sync_reg_channel_write_SEF_Img_rows_channel      |   9|          2|    1|          2|
    +----------------------------------------------------+----+-----------+-----+-----------+
    |Total                                               |  54|         12|    6|         12|
    +----------------------------------------------------+----+-----------+-----+-----------+

    * Register: 
    +----------------------------------------------------+---+----+-----+-----------+
    |                        Name                        | FF| LUT| Bits| Const Bits|
    +----------------------------------------------------+---+----+-----+-----------+
    |ap_sync_reg_channel_write_InImg_cols_c15_channel    |  1|   0|    1|          0|
    |ap_sync_reg_channel_write_InImg_rows_channel        |  1|   0|    1|          0|
    |ap_sync_reg_channel_write_LEF_Img_cols_channel      |  1|   0|    1|          0|
    |ap_sync_reg_channel_write_LEF_Img_rows_c16_channel  |  1|   0|    1|          0|
    |ap_sync_reg_channel_write_SEF_Img_cols_channel      |  1|   0|    1|          0|
    |ap_sync_reg_channel_write_SEF_Img_rows_channel      |  1|   0|    1|          0|
    +----------------------------------------------------+---+----+-----+-----------+
    |Total                                               |  6|   0|    6|          0|
    +----------------------------------------------------+---+----+-----+-----------+



================================================================
== Interface
================================================================
* Summary: 
+-----------------------+-----+-----+------------+----------------------+--------------+
|       RTL Ports       | Dir | Bits|  Protocol  |     Source Object    |    C Type    |
+-----------------------+-----+-----+------------+----------------------+--------------+
|s_axi_control_AWVALID  |   in|    1|       s_axi|               control|        scalar|
|s_axi_control_AWREADY  |  out|    1|       s_axi|               control|        scalar|
|s_axi_control_AWADDR   |   in|    5|       s_axi|               control|        scalar|
|s_axi_control_WVALID   |   in|    1|       s_axi|               control|        scalar|
|s_axi_control_WREADY   |  out|    1|       s_axi|               control|        scalar|
|s_axi_control_WDATA    |   in|   32|       s_axi|               control|        scalar|
|s_axi_control_WSTRB    |   in|    4|       s_axi|               control|        scalar|
|s_axi_control_ARVALID  |   in|    1|       s_axi|               control|        scalar|
|s_axi_control_ARREADY  |  out|    1|       s_axi|               control|        scalar|
|s_axi_control_ARADDR   |   in|    5|       s_axi|               control|        scalar|
|s_axi_control_RVALID   |  out|    1|       s_axi|               control|        scalar|
|s_axi_control_RREADY   |   in|    1|       s_axi|               control|        scalar|
|s_axi_control_RDATA    |  out|   32|       s_axi|               control|        scalar|
|s_axi_control_RRESP    |  out|    2|       s_axi|               control|        scalar|
|s_axi_control_BVALID   |  out|    1|       s_axi|               control|        scalar|
|s_axi_control_BREADY   |   in|    1|       s_axi|               control|        scalar|
|s_axi_control_BRESP    |  out|    2|       s_axi|               control|        scalar|
|ap_clk                 |   in|    1|  ap_ctrl_hs|  extractEFrames_accel|  return value|
|ap_rst_n               |   in|    1|  ap_ctrl_hs|  extractEFrames_accel|  return value|
|interrupt              |  out|    1|  ap_ctrl_hs|  extractEFrames_accel|  return value|
|in_ptr_TDATA           |   in|   16|        axis|       in_ptr_V_data_V|       pointer|
|in_ptr_TKEEP           |   in|    2|        axis|       in_ptr_V_keep_V|       pointer|
|in_ptr_TSTRB           |   in|    2|        axis|       in_ptr_V_strb_V|       pointer|
|in_ptr_TUSER           |   in|    1|        axis|       in_ptr_V_user_V|       pointer|
|in_ptr_TLAST           |   in|    1|        axis|       in_ptr_V_last_V|       pointer|
|in_ptr_TID             |   in|    1|        axis|         in_ptr_V_id_V|       pointer|
|in_ptr_TDEST           |   in|    1|        axis|       in_ptr_V_dest_V|       pointer|
|in_ptr_TVALID          |   in|    1|        axis|       in_ptr_V_dest_V|       pointer|
|in_ptr_TREADY          |  out|    1|        axis|       in_ptr_V_dest_V|       pointer|
|lef_ptr_TDATA          |  out|   16|        axis|      lef_ptr_V_data_V|       pointer|
|lef_ptr_TKEEP          |  out|    2|        axis|      lef_ptr_V_keep_V|       pointer|
|lef_ptr_TSTRB          |  out|    2|        axis|      lef_ptr_V_strb_V|       pointer|
|lef_ptr_TUSER          |  out|    1|        axis|      lef_ptr_V_user_V|       pointer|
|lef_ptr_TLAST          |  out|    1|        axis|      lef_ptr_V_last_V|       pointer|
|lef_ptr_TID            |  out|    1|        axis|        lef_ptr_V_id_V|       pointer|
|lef_ptr_TDEST          |  out|    1|        axis|      lef_ptr_V_dest_V|       pointer|
|lef_ptr_TVALID         |  out|    1|        axis|      lef_ptr_V_dest_V|       pointer|
|lef_ptr_TREADY         |   in|    1|        axis|      lef_ptr_V_dest_V|       pointer|
|sef_ptr_TDATA          |  out|   16|        axis|      sef_ptr_V_data_V|       pointer|
|sef_ptr_TKEEP          |  out|    2|        axis|      sef_ptr_V_keep_V|       pointer|
|sef_ptr_TSTRB          |  out|    2|        axis|      sef_ptr_V_strb_V|       pointer|
|sef_ptr_TUSER          |  out|    1|        axis|      sef_ptr_V_user_V|       pointer|
|sef_ptr_TLAST          |  out|    1|        axis|      sef_ptr_V_last_V|       pointer|
|sef_ptr_TID            |  out|    1|        axis|        sef_ptr_V_id_V|       pointer|
|sef_ptr_TDEST          |  out|    1|        axis|      sef_ptr_V_dest_V|       pointer|
|sef_ptr_TVALID         |  out|    1|        axis|      sef_ptr_V_dest_V|       pointer|
|sef_ptr_TREADY         |   in|    1|        axis|      sef_ptr_V_dest_V|       pointer|
+-----------------------+-----+-----+------------+----------------------+--------------+

============================================================
+ Verbose Summary: Synthesis Manager
============================================================
InlineROM: 1
ExposeGlobal: 0
============================================================
+ Verbose Summary: CDFG Model
============================================================
IsTopModel: 1
ResetActiveHigh: 1
IsCombinational: 2
IsDatapathOnly: 2
HasWiredReturn: 1
HasMFsm: 0
HasVarLatency: 1
IsPipeline: 0
IsRtlPipelined: 0
IsInstanceOverlapped: 0
IsDontTouch: 0
HasImplIP: 0
IsGatedGlobalClock: 0


============================================================
+ Verbose Summary: Schedule
============================================================
* Number of FSM states : 9
* Pipeline : 0
* Dataflow Pipeline: 1
  DF-Pipeline-0: Size = 9, States = { 1 2 3 4 5 6 7 8 9 }

* FSM state transitions: 
1 --> 2 
2 --> 3 
3 --> 4 
4 --> 5 
5 --> 6 
6 --> 7 
7 --> 8 
8 --> 9 
9 --> 

* FSM state operations: 

State 1 <SV = 0> <Delay = 1.00>
ST_1 : Operation 10 [1/1] (1.00ns)   --->   "%width_read = read i16 @_ssdm_op_Read.s_axilite.i16, i16 %width" [xf_hud_accel.cpp:199]   --->   Operation 10 'read' 'width_read' <Predicate = true> <Delay = 1.00> <CoreInst = "s_axilite">   --->   Core 114 's_axilite' <Latency = 0> <II = 1> <Delay = 1.00> <Adapter> <Opcode : 'read' 'write'>
ST_1 : Operation 11 [1/1] (1.00ns)   --->   "%height_read = read i16 @_ssdm_op_Read.s_axilite.i16, i16 %height" [xf_hud_accel.cpp:199]   --->   Operation 11 'read' 'height_read' <Predicate = true> <Delay = 1.00> <CoreInst = "s_axilite">   --->   Core 114 's_axilite' <Latency = 0> <II = 1> <Delay = 1.00> <Adapter> <Opcode : 'read' 'write'>
ST_1 : Operation 12 [1/1] (0.00ns)   --->   "%LEF_Img_rows_c = alloca i64 1" [xf_hud_accel.cpp:199]   --->   Operation 12 'alloca' 'LEF_Img_rows_c' <Predicate = true> <Delay = 0.00> <CoreInst = "FIFO_SRL">   --->   Core 81 'FIFO_SRL' <Latency = 0> <II = 1> <Delay = 3.18> <Storage> <Opcode : 'read' 'write' 'nbread' 'nbwrite'> <Ports = 0> <Width = 12> <Depth = 2> <FIFO>
ST_1 : Operation 13 [1/1] (0.00ns)   --->   "%InImg_cols_c = alloca i64 1" [xf_hud_accel.cpp:199]   --->   Operation 13 'alloca' 'InImg_cols_c' <Predicate = true> <Delay = 0.00> <CoreInst = "FIFO_SRL">   --->   Core 81 'FIFO_SRL' <Latency = 0> <II = 1> <Delay = 3.18> <Storage> <Opcode : 'read' 'write' 'nbread' 'nbwrite'> <Ports = 0> <Width = 12> <Depth = 2> <FIFO>
ST_1 : Operation 14 [1/1] (0.00ns)   --->   "%InImg_data = alloca i64 1" [xf_hud_accel.cpp:190]   --->   Operation 14 'alloca' 'InImg_data' <Predicate = true> <Delay = 0.00> <CoreInst = "FIFO_SRL">   --->   Core 81 'FIFO_SRL' <Latency = 0> <II = 1> <Delay = 3.18> <Storage> <Opcode : 'read' 'write' 'nbread' 'nbwrite'> <Ports = 0> <Width = 16> <Depth = 3> <FIFO>
ST_1 : Operation 15 [1/1] (0.00ns)   --->   "%LEF_Img_data = alloca i64 1" [xf_hud_accel.cpp:192]   --->   Operation 15 'alloca' 'LEF_Img_data' <Predicate = true> <Delay = 0.00> <CoreInst = "FIFO_SRL">   --->   Core 81 'FIFO_SRL' <Latency = 0> <II = 1> <Delay = 3.18> <Storage> <Opcode : 'read' 'write' 'nbread' 'nbwrite'> <Ports = 0> <Width = 16> <Depth = 3> <FIFO>
ST_1 : Operation 16 [1/1] (0.00ns)   --->   "%SEF_Img_data = alloca i64 1" [xf_hud_accel.cpp:193]   --->   Operation 16 'alloca' 'SEF_Img_data' <Predicate = true> <Delay = 0.00> <CoreInst = "FIFO_SRL">   --->   Core 81 'FIFO_SRL' <Latency = 0> <II = 1> <Delay = 3.18> <Storage> <Opcode : 'read' 'write' 'nbread' 'nbwrite'> <Ports = 0> <Width = 16> <Depth = 3> <FIFO>

State 2 <SV = 1> <Delay = 1.77>
ST_2 : Operation 17 [1/1] (1.77ns)   --->   "%call_ret = call i73 @Block_entry5_proc, i16 %height_read, i16 %width_read" [xf_hud_accel.cpp:199]   --->   Operation 17 'call' 'call_ret' <Predicate = true> <Delay = 1.77> <CoreType = "Generic">   --->   Core 0 '' <Latency = 0> <II = 1> <Delay = 1.00> <Generic> <Opcode : >
ST_2 : Operation 18 [1/1] (0.00ns)   --->   "%InImg_rows_channel = extractvalue i73 %call_ret" [xf_hud_accel.cpp:199]   --->   Operation 18 'extractvalue' 'InImg_rows_channel' <Predicate = true> <Delay = 0.00> <CoreInst = "FIFO_SRL">   --->   Core 81 'FIFO_SRL' <Latency = 0> <II = 1> <Delay = 3.18> <Storage> <Opcode : 'read' 'write' 'nbread' 'nbwrite'> <Ports = 0> <Width = 13> <Depth = 2> <FIFO>
ST_2 : Operation 19 [1/1] (0.00ns)   --->   "%LEF_Img_cols_channel = extractvalue i73 %call_ret" [xf_hud_accel.cpp:199]   --->   Operation 19 'extractvalue' 'LEF_Img_cols_channel' <Predicate = true> <Delay = 0.00> <CoreInst = "FIFO_SRL">   --->   Core 81 'FIFO_SRL' <Latency = 0> <II = 1> <Delay = 3.18> <Storage> <Opcode : 'read' 'write' 'nbread' 'nbwrite'> <Ports = 0> <Width = 12> <Depth = 4> <FIFO>
ST_2 : Operation 20 [1/1] (0.00ns)   --->   "%SEF_Img_rows_channel = extractvalue i73 %call_ret" [xf_hud_accel.cpp:199]   --->   Operation 20 'extractvalue' 'SEF_Img_rows_channel' <Predicate = true> <Delay = 0.00> <CoreInst = "FIFO_SRL">   --->   Core 81 'FIFO_SRL' <Latency = 0> <II = 1> <Delay = 3.18> <Storage> <Opcode : 'read' 'write' 'nbread' 'nbwrite'> <Ports = 0> <Width = 12> <Depth = 4> <FIFO>
ST_2 : Operation 21 [1/1] (0.00ns)   --->   "%SEF_Img_cols_channel = extractvalue i73 %call_ret" [xf_hud_accel.cpp:199]   --->   Operation 21 'extractvalue' 'SEF_Img_cols_channel' <Predicate = true> <Delay = 0.00> <CoreInst = "FIFO_SRL">   --->   Core 81 'FIFO_SRL' <Latency = 0> <II = 1> <Delay = 3.18> <Storage> <Opcode : 'read' 'write' 'nbread' 'nbwrite'> <Ports = 0> <Width = 12> <Depth = 4> <FIFO>
ST_2 : Operation 22 [1/1] (0.00ns)   --->   "%InImg_cols_c15_channel = extractvalue i73 %call_ret" [xf_hud_accel.cpp:199]   --->   Operation 22 'extractvalue' 'InImg_cols_c15_channel' <Predicate = true> <Delay = 0.00> <CoreInst = "FIFO_SRL">   --->   Core 81 'FIFO_SRL' <Latency = 0> <II = 1> <Delay = 3.18> <Storage> <Opcode : 'read' 'write' 'nbread' 'nbwrite'> <Ports = 0> <Width = 12> <Depth = 2> <FIFO>
ST_2 : Operation 23 [1/1] (0.00ns)   --->   "%LEF_Img_rows_c16_channel = extractvalue i73 %call_ret" [xf_hud_accel.cpp:199]   --->   Operation 23 'extractvalue' 'LEF_Img_rows_c16_channel' <Predicate = true> <Delay = 0.00> <CoreInst = "FIFO_SRL">   --->   Core 81 'FIFO_SRL' <Latency = 0> <II = 1> <Delay = 3.18> <Storage> <Opcode : 'read' 'write' 'nbread' 'nbwrite'> <Ports = 0> <Width = 12> <Depth = 3> <FIFO>

State 3 <SV = 2> <Delay = 2.40>
ST_3 : Operation 24 [2/2] (2.40ns)   --->   "%call_ln202 = call void @AXIVideo2BayerMat<0, 4320, 3848, 2, 3>, i16 %in_ptr_V_data_V, i2 %in_ptr_V_keep_V, i2 %in_ptr_V_strb_V, i1 %in_ptr_V_user_V, i1 %in_ptr_V_last_V, i1 %in_ptr_V_id_V, i1 %in_ptr_V_dest_V, i13 %InImg_rows_channel, i12 %InImg_cols_c15_channel, i16 %InImg_data, i12 %InImg_cols_c" [xf_hud_accel.cpp:202]   --->   Operation 24 'call' 'call_ln202' <Predicate = true> <Delay = 2.40> <CoreType = "Generic">   --->   Core 0 '' <Latency = 0> <II = 1> <Delay = 1.00> <Generic> <Opcode : >

State 4 <SV = 3> <Delay = 0.00>
ST_4 : Operation 25 [1/2] (0.00ns)   --->   "%call_ln202 = call void @AXIVideo2BayerMat<0, 4320, 3848, 2, 3>, i16 %in_ptr_V_data_V, i2 %in_ptr_V_keep_V, i2 %in_ptr_V_strb_V, i1 %in_ptr_V_user_V, i1 %in_ptr_V_last_V, i1 %in_ptr_V_id_V, i1 %in_ptr_V_dest_V, i13 %InImg_rows_channel, i12 %InImg_cols_c15_channel, i16 %InImg_data, i12 %InImg_cols_c" [xf_hud_accel.cpp:202]   --->   Operation 25 'call' 'call_ln202' <Predicate = true> <Delay = 0.00> <CoreType = "Generic">   --->   Core 0 '' <Latency = 0> <II = 1> <Delay = 1.00> <Generic> <Opcode : >

State 5 <SV = 4> <Delay = 2.40>
ST_5 : Operation 26 [2/2] (2.40ns)   --->   "%call_ln204 = call void @extractExposureFrames<0, 8, 8, 2160, 3840, 2, 3, 3, 3, 0>, i12 %InImg_cols_c, i16 %InImg_data, i12 %LEF_Img_rows_c16_channel, i16 %LEF_Img_data, i16 %SEF_Img_data, i12 %LEF_Img_rows_c" [xf_hud_accel.cpp:204]   --->   Operation 26 'call' 'call_ln204' <Predicate = true> <Delay = 2.40> <CoreType = "Generic">   --->   Core 0 '' <Latency = 0> <II = 1> <Delay = 1.00> <Generic> <Opcode : >

State 6 <SV = 5> <Delay = 0.00>
ST_6 : Operation 27 [1/2] (0.00ns)   --->   "%call_ln204 = call void @extractExposureFrames<0, 8, 8, 2160, 3840, 2, 3, 3, 3, 0>, i12 %InImg_cols_c, i16 %InImg_data, i12 %LEF_Img_rows_c16_channel, i16 %LEF_Img_data, i16 %SEF_Img_data, i12 %LEF_Img_rows_c" [xf_hud_accel.cpp:204]   --->   Operation 27 'call' 'call_ln204' <Predicate = true> <Delay = 0.00> <CoreType = "Generic">   --->   Core 0 '' <Latency = 0> <II = 1> <Delay = 1.00> <Generic> <Opcode : >

State 7 <SV = 6> <Delay = 1.20>
ST_7 : Operation 28 [2/2] (1.20ns)   --->   "%call_ln208 = call void @GRAYMat2AXIvideo<0, 2160, 3840, 2, 3>, i12 %LEF_Img_rows_c, i12 %LEF_Img_cols_channel, i16 %LEF_Img_data, i16 %lef_ptr_V_data_V, i2 %lef_ptr_V_keep_V, i2 %lef_ptr_V_strb_V, i1 %lef_ptr_V_user_V, i1 %lef_ptr_V_last_V, i1 %lef_ptr_V_id_V, i1 %lef_ptr_V_dest_V" [xf_hud_accel.cpp:208]   --->   Operation 28 'call' 'call_ln208' <Predicate = true> <Delay = 1.20> <CoreType = "Generic">   --->   Core 0 '' <Latency = 0> <II = 1> <Delay = 1.00> <Generic> <Opcode : >
ST_7 : Operation 29 [2/2] (1.20ns)   --->   "%call_ln209 = call void @GRAYMat2AXIvideo<0, 2160, 3840, 2, 3>.1, i12 %SEF_Img_rows_channel, i12 %SEF_Img_cols_channel, i16 %SEF_Img_data, i16 %sef_ptr_V_data_V, i2 %sef_ptr_V_keep_V, i2 %sef_ptr_V_strb_V, i1 %sef_ptr_V_user_V, i1 %sef_ptr_V_last_V, i1 %sef_ptr_V_id_V, i1 %sef_ptr_V_dest_V" [xf_hud_accel.cpp:209]   --->   Operation 29 'call' 'call_ln209' <Predicate = true> <Delay = 1.20> <CoreType = "Generic">   --->   Core 0 '' <Latency = 0> <II = 1> <Delay = 1.00> <Generic> <Opcode : >

State 8 <SV = 7> <Delay = 0.00>
ST_8 : Operation 30 [1/2] (0.00ns)   --->   "%call_ln208 = call void @GRAYMat2AXIvideo<0, 2160, 3840, 2, 3>, i12 %LEF_Img_rows_c, i12 %LEF_Img_cols_channel, i16 %LEF_Img_data, i16 %lef_ptr_V_data_V, i2 %lef_ptr_V_keep_V, i2 %lef_ptr_V_strb_V, i1 %lef_ptr_V_user_V, i1 %lef_ptr_V_last_V, i1 %lef_ptr_V_id_V, i1 %lef_ptr_V_dest_V" [xf_hud_accel.cpp:208]   --->   Operation 30 'call' 'call_ln208' <Predicate = true> <Delay = 0.00> <CoreType = "Generic">   --->   Core 0 '' <Latency = 0> <II = 1> <Delay = 1.00> <Generic> <Opcode : >
ST_8 : Operation 31 [1/2] (0.00ns)   --->   "%call_ln209 = call void @GRAYMat2AXIvideo<0, 2160, 3840, 2, 3>.1, i12 %SEF_Img_rows_channel, i12 %SEF_Img_cols_channel, i16 %SEF_Img_data, i16 %sef_ptr_V_data_V, i2 %sef_ptr_V_keep_V, i2 %sef_ptr_V_strb_V, i1 %sef_ptr_V_user_V, i1 %sef_ptr_V_last_V, i1 %sef_ptr_V_id_V, i1 %sef_ptr_V_dest_V" [xf_hud_accel.cpp:209]   --->   Operation 31 'call' 'call_ln209' <Predicate = true> <Delay = 0.00> <CoreType = "Generic">   --->   Core 0 '' <Latency = 0> <II = 1> <Delay = 1.00> <Generic> <Opcode : >

State 9 <SV = 8> <Delay = 0.00>
ST_9 : Operation 32 [1/1] (0.00ns)   --->   "%empty = specchannel i32 @_ssdm_op_SpecChannel, void @LEF_Img_OC_rows_c_str, i32 1, void @p_str, void @p_str, i32 2, i32 0, i12 %LEF_Img_rows_c, i12 %LEF_Img_rows_c" [xf_hud_accel.cpp:199]   --->   Operation 32 'specchannel' 'empty' <Predicate = true> <Delay = 0.00>
ST_9 : Operation 33 [1/1] (0.00ns)   --->   "%specinterface_ln199 = specinterface void @_ssdm_op_SpecInterface, i12 %LEF_Img_rows_c, void @ap_fifo_str, i32 0, i32 0, void @p_str, i32 0, i32 0, void @p_str, void @p_str, void @p_str, i32 2, i32 2, i32 16, i32 16, void @p_str, void @p_str, i32 4294967295, i32 0" [xf_hud_accel.cpp:199]   --->   Operation 33 'specinterface' 'specinterface_ln199' <Predicate = true> <Delay = 0.00>
ST_9 : Operation 34 [1/1] (0.00ns)   --->   "%empty_31 = specchannel i32 @_ssdm_op_SpecChannel, void @InImg_OC_cols_c_str, i32 1, void @p_str, void @p_str, i32 2, i32 0, i12 %InImg_cols_c, i12 %InImg_cols_c" [xf_hud_accel.cpp:199]   --->   Operation 34 'specchannel' 'empty_31' <Predicate = true> <Delay = 0.00>
ST_9 : Operation 35 [1/1] (0.00ns)   --->   "%specinterface_ln199 = specinterface void @_ssdm_op_SpecInterface, i12 %InImg_cols_c, void @ap_fifo_str, i32 0, i32 0, void @p_str, i32 0, i32 0, void @p_str, void @p_str, void @p_str, i32 2, i32 2, i32 16, i32 16, void @p_str, void @p_str, i32 4294967295, i32 0" [xf_hud_accel.cpp:199]   --->   Operation 35 'specinterface' 'specinterface_ln199' <Predicate = true> <Delay = 0.00>
ST_9 : Operation 36 [1/1] (0.00ns)   --->   "%specdataflowpipeline_ln199 = specdataflowpipeline void @_ssdm_op_SpecDataflowPipeline, i32 4294967295, i32 0, void @empty_18" [xf_hud_accel.cpp:199]   --->   Operation 36 'specdataflowpipeline' 'specdataflowpipeline_ln199' <Predicate = true> <Delay = 0.00>
ST_9 : Operation 37 [1/1] (0.00ns)   --->   "%spectopmodule_ln169 = spectopmodule void @_ssdm_op_SpecTopModule, void @empty_2" [xf_hud_accel.cpp:169]   --->   Operation 37 'spectopmodule' 'spectopmodule_ln169' <Predicate = true> <Delay = 0.00>
ST_9 : Operation 38 [1/1] (0.00ns)   --->   "%specinterface_ln0 = specinterface void @_ssdm_op_SpecInterface, i16 %in_ptr_V_data_V, i2 %in_ptr_V_keep_V, i2 %in_ptr_V_strb_V, i1 %in_ptr_V_user_V, i1 %in_ptr_V_last_V, i1 %in_ptr_V_id_V, i1 %in_ptr_V_dest_V, void @empty_20, i32 1, i32 1, void @empty_19, i32 0, i32 0, void @empty_18, void @empty_18, void @empty_18, i32 0, i32 0, i32 0, i32 0, void @empty_18, void @empty_18, i32 4294967295, i32 0"   --->   Operation 38 'specinterface' 'specinterface_ln0' <Predicate = true> <Delay = 0.00>
ST_9 : Operation 39 [1/1] (0.00ns)   --->   "%specbitsmap_ln0 = specbitsmap void @_ssdm_op_SpecBitsMap, i16 %in_ptr_V_data_V"   --->   Operation 39 'specbitsmap' 'specbitsmap_ln0' <Predicate = true> <Delay = 0.00>
ST_9 : Operation 40 [1/1] (0.00ns)   --->   "%specbitsmap_ln0 = specbitsmap void @_ssdm_op_SpecBitsMap, i2 %in_ptr_V_keep_V"   --->   Operation 40 'specbitsmap' 'specbitsmap_ln0' <Predicate = true> <Delay = 0.00>
ST_9 : Operation 41 [1/1] (0.00ns)   --->   "%specbitsmap_ln0 = specbitsmap void @_ssdm_op_SpecBitsMap, i2 %in_ptr_V_strb_V"   --->   Operation 41 'specbitsmap' 'specbitsmap_ln0' <Predicate = true> <Delay = 0.00>
ST_9 : Operation 42 [1/1] (0.00ns)   --->   "%specbitsmap_ln0 = specbitsmap void @_ssdm_op_SpecBitsMap, i1 %in_ptr_V_user_V"   --->   Operation 42 'specbitsmap' 'specbitsmap_ln0' <Predicate = true> <Delay = 0.00>
ST_9 : Operation 43 [1/1] (0.00ns)   --->   "%specbitsmap_ln0 = specbitsmap void @_ssdm_op_SpecBitsMap, i1 %in_ptr_V_last_V"   --->   Operation 43 'specbitsmap' 'specbitsmap_ln0' <Predicate = true> <Delay = 0.00>
ST_9 : Operation 44 [1/1] (0.00ns)   --->   "%specbitsmap_ln0 = specbitsmap void @_ssdm_op_SpecBitsMap, i1 %in_ptr_V_id_V"   --->   Operation 44 'specbitsmap' 'specbitsmap_ln0' <Predicate = true> <Delay = 0.00>
ST_9 : Operation 45 [1/1] (0.00ns)   --->   "%specbitsmap_ln0 = specbitsmap void @_ssdm_op_SpecBitsMap, i1 %in_ptr_V_dest_V"   --->   Operation 45 'specbitsmap' 'specbitsmap_ln0' <Predicate = true> <Delay = 0.00>
ST_9 : Operation 46 [1/1] (0.00ns)   --->   "%specinterface_ln0 = specinterface void @_ssdm_op_SpecInterface, i16 %lef_ptr_V_data_V, i2 %lef_ptr_V_keep_V, i2 %lef_ptr_V_strb_V, i1 %lef_ptr_V_user_V, i1 %lef_ptr_V_last_V, i1 %lef_ptr_V_id_V, i1 %lef_ptr_V_dest_V, void @empty_20, i32 1, i32 1, void @empty_19, i32 0, i32 0, void @empty_18, void @empty_18, void @empty_18, i32 0, i32 0, i32 0, i32 0, void @empty_18, void @empty_18, i32 4294967295, i32 0"   --->   Operation 46 'specinterface' 'specinterface_ln0' <Predicate = true> <Delay = 0.00>
ST_9 : Operation 47 [1/1] (0.00ns)   --->   "%specbitsmap_ln0 = specbitsmap void @_ssdm_op_SpecBitsMap, i16 %lef_ptr_V_data_V"   --->   Operation 47 'specbitsmap' 'specbitsmap_ln0' <Predicate = true> <Delay = 0.00>
ST_9 : Operation 48 [1/1] (0.00ns)   --->   "%specbitsmap_ln0 = specbitsmap void @_ssdm_op_SpecBitsMap, i2 %lef_ptr_V_keep_V"   --->   Operation 48 'specbitsmap' 'specbitsmap_ln0' <Predicate = true> <Delay = 0.00>
ST_9 : Operation 49 [1/1] (0.00ns)   --->   "%specbitsmap_ln0 = specbitsmap void @_ssdm_op_SpecBitsMap, i2 %lef_ptr_V_strb_V"   --->   Operation 49 'specbitsmap' 'specbitsmap_ln0' <Predicate = true> <Delay = 0.00>
ST_9 : Operation 50 [1/1] (0.00ns)   --->   "%specbitsmap_ln0 = specbitsmap void @_ssdm_op_SpecBitsMap, i1 %lef_ptr_V_user_V"   --->   Operation 50 'specbitsmap' 'specbitsmap_ln0' <Predicate = true> <Delay = 0.00>
ST_9 : Operation 51 [1/1] (0.00ns)   --->   "%specbitsmap_ln0 = specbitsmap void @_ssdm_op_SpecBitsMap, i1 %lef_ptr_V_last_V"   --->   Operation 51 'specbitsmap' 'specbitsmap_ln0' <Predicate = true> <Delay = 0.00>
ST_9 : Operation 52 [1/1] (0.00ns)   --->   "%specbitsmap_ln0 = specbitsmap void @_ssdm_op_SpecBitsMap, i1 %lef_ptr_V_id_V"   --->   Operation 52 'specbitsmap' 'specbitsmap_ln0' <Predicate = true> <Delay = 0.00>
ST_9 : Operation 53 [1/1] (0.00ns)   --->   "%specbitsmap_ln0 = specbitsmap void @_ssdm_op_SpecBitsMap, i1 %lef_ptr_V_dest_V"   --->   Operation 53 'specbitsmap' 'specbitsmap_ln0' <Predicate = true> <Delay = 0.00>
ST_9 : Operation 54 [1/1] (0.00ns)   --->   "%specinterface_ln0 = specinterface void @_ssdm_op_SpecInterface, i16 %sef_ptr_V_data_V, i2 %sef_ptr_V_keep_V, i2 %sef_ptr_V_strb_V, i1 %sef_ptr_V_user_V, i1 %sef_ptr_V_last_V, i1 %sef_ptr_V_id_V, i1 %sef_ptr_V_dest_V, void @empty_20, i32 1, i32 1, void @empty_19, i32 0, i32 0, void @empty_18, void @empty_18, void @empty_18, i32 0, i32 0, i32 0, i32 0, void @empty_18, void @empty_18, i32 4294967295, i32 0"   --->   Operation 54 'specinterface' 'specinterface_ln0' <Predicate = true> <Delay = 0.00>
ST_9 : Operation 55 [1/1] (0.00ns)   --->   "%specbitsmap_ln0 = specbitsmap void @_ssdm_op_SpecBitsMap, i16 %sef_ptr_V_data_V"   --->   Operation 55 'specbitsmap' 'specbitsmap_ln0' <Predicate = true> <Delay = 0.00>
ST_9 : Operation 56 [1/1] (0.00ns)   --->   "%specbitsmap_ln0 = specbitsmap void @_ssdm_op_SpecBitsMap, i2 %sef_ptr_V_keep_V"   --->   Operation 56 'specbitsmap' 'specbitsmap_ln0' <Predicate = true> <Delay = 0.00>
ST_9 : Operation 57 [1/1] (0.00ns)   --->   "%specbitsmap_ln0 = specbitsmap void @_ssdm_op_SpecBitsMap, i2 %sef_ptr_V_strb_V"   --->   Operation 57 'specbitsmap' 'specbitsmap_ln0' <Predicate = true> <Delay = 0.00>
ST_9 : Operation 58 [1/1] (0.00ns)   --->   "%specbitsmap_ln0 = specbitsmap void @_ssdm_op_SpecBitsMap, i1 %sef_ptr_V_user_V"   --->   Operation 58 'specbitsmap' 'specbitsmap_ln0' <Predicate = true> <Delay = 0.00>
ST_9 : Operation 59 [1/1] (0.00ns)   --->   "%specbitsmap_ln0 = specbitsmap void @_ssdm_op_SpecBitsMap, i1 %sef_ptr_V_last_V"   --->   Operation 59 'specbitsmap' 'specbitsmap_ln0' <Predicate = true> <Delay = 0.00>
ST_9 : Operation 60 [1/1] (0.00ns)   --->   "%specbitsmap_ln0 = specbitsmap void @_ssdm_op_SpecBitsMap, i1 %sef_ptr_V_id_V"   --->   Operation 60 'specbitsmap' 'specbitsmap_ln0' <Predicate = true> <Delay = 0.00>
ST_9 : Operation 61 [1/1] (0.00ns)   --->   "%specbitsmap_ln0 = specbitsmap void @_ssdm_op_SpecBitsMap, i1 %sef_ptr_V_dest_V"   --->   Operation 61 'specbitsmap' 'specbitsmap_ln0' <Predicate = true> <Delay = 0.00>
ST_9 : Operation 62 [1/1] (0.00ns)   --->   "%specbitsmap_ln0 = specbitsmap void @_ssdm_op_SpecBitsMap, i16 %height"   --->   Operation 62 'specbitsmap' 'specbitsmap_ln0' <Predicate = true> <Delay = 0.00>
ST_9 : Operation 63 [1/1] (0.00ns)   --->   "%specinterface_ln0 = specinterface void @_ssdm_op_SpecInterface, i16 %height, void @empty_4, i32 0, i32 0, void @empty_18, i32 0, i32 0, void @empty_3, void @empty_14, void @empty_18, i32 0, i32 0, i32 0, i32 0, void @empty_18, void @empty_18, i32 4294967295, i32 0"   --->   Operation 63 'specinterface' 'specinterface_ln0' <Predicate = true> <Delay = 0.00>
ST_9 : Operation 64 [1/1] (0.00ns)   --->   "%specinterface_ln0 = specinterface void @_ssdm_op_SpecInterface, i16 %height, void @empty_15, i32 0, i32 0, void @empty_18, i32 0, i32 0, void @empty_18, void @empty_18, void @empty_18, i32 0, i32 0, i32 0, i32 0, void @empty_18, void @empty_18, i32 4294967295, i32 0"   --->   Operation 64 'specinterface' 'specinterface_ln0' <Predicate = true> <Delay = 0.00>
ST_9 : Operation 65 [1/1] (0.00ns)   --->   "%specbitsmap_ln0 = specbitsmap void @_ssdm_op_SpecBitsMap, i16 %width"   --->   Operation 65 'specbitsmap' 'specbitsmap_ln0' <Predicate = true> <Delay = 0.00>
ST_9 : Operation 66 [1/1] (0.00ns)   --->   "%specinterface_ln0 = specinterface void @_ssdm_op_SpecInterface, i16 %width, void @empty_4, i32 0, i32 0, void @empty_18, i32 0, i32 0, void @empty_3, void @empty_17, void @empty_18, i32 0, i32 0, i32 0, i32 0, void @empty_18, void @empty_18, i32 4294967295, i32 0"   --->   Operation 66 'specinterface' 'specinterface_ln0' <Predicate = true> <Delay = 0.00>
ST_9 : Operation 67 [1/1] (0.00ns)   --->   "%specinterface_ln0 = specinterface void @_ssdm_op_SpecInterface, i16 %width, void @empty_15, i32 0, i32 0, void @empty_18, i32 0, i32 0, void @empty_18, void @empty_18, void @empty_18, i32 0, i32 0, i32 0, i32 0, void @empty_18, void @empty_18, i32 4294967295, i32 0"   --->   Operation 67 'specinterface' 'specinterface_ln0' <Predicate = true> <Delay = 0.00>
ST_9 : Operation 68 [1/1] (0.00ns)   --->   "%specinterface_ln0 = specinterface void @_ssdm_op_SpecInterface, i32 0, void @empty_4, i32 0, i32 0, void @empty_18, i32 0, i32 0, void @empty_3, void @empty_18, void @empty_18, i32 0, i32 0, i32 0, i32 0, void @empty_18, void @empty_18, i32 4294967295, i32 0"   --->   Operation 68 'specinterface' 'specinterface_ln0' <Predicate = true> <Delay = 0.00>
ST_9 : Operation 69 [1/1] (0.00ns)   --->   "%empty_32 = specchannel i32 @_ssdm_op_SpecChannel, void @InImg_OC_data_str, i32 1, void @p_str, void @p_str, i32 3, i32 3, i16 %InImg_data, i16 %InImg_data"   --->   Operation 69 'specchannel' 'empty_32' <Predicate = true> <Delay = 0.00>
ST_9 : Operation 70 [1/1] (0.00ns)   --->   "%specinterface_ln0 = specinterface void @_ssdm_op_SpecInterface, i16 %InImg_data, void @empty_16, i32 0, i32 0, void @empty_18, i32 0, i32 0, void @empty_18, void @empty_18, void @empty_18, i32 0, i32 0, i32 0, i32 0, void @empty_18, void @empty_18, i32 4294967295, i32 0"   --->   Operation 70 'specinterface' 'specinterface_ln0' <Predicate = true> <Delay = 0.00>
ST_9 : Operation 71 [1/1] (0.00ns)   --->   "%empty_33 = specchannel i32 @_ssdm_op_SpecChannel, void @LEF_Img_OC_data_str, i32 1, void @p_str, void @p_str, i32 3, i32 3, i16 %LEF_Img_data, i16 %LEF_Img_data"   --->   Operation 71 'specchannel' 'empty_33' <Predicate = true> <Delay = 0.00>
ST_9 : Operation 72 [1/1] (0.00ns)   --->   "%specinterface_ln0 = specinterface void @_ssdm_op_SpecInterface, i16 %LEF_Img_data, void @empty_16, i32 0, i32 0, void @empty_18, i32 0, i32 0, void @empty_18, void @empty_18, void @empty_18, i32 0, i32 0, i32 0, i32 0, void @empty_18, void @empty_18, i32 4294967295, i32 0"   --->   Operation 72 'specinterface' 'specinterface_ln0' <Predicate = true> <Delay = 0.00>
ST_9 : Operation 73 [1/1] (0.00ns)   --->   "%empty_34 = specchannel i32 @_ssdm_op_SpecChannel, void @SEF_Img_OC_data_str, i32 1, void @p_str, void @p_str, i32 3, i32 3, i16 %SEF_Img_data, i16 %SEF_Img_data"   --->   Operation 73 'specchannel' 'empty_34' <Predicate = true> <Delay = 0.00>
ST_9 : Operation 74 [1/1] (0.00ns)   --->   "%specinterface_ln0 = specinterface void @_ssdm_op_SpecInterface, i16 %SEF_Img_data, void @empty_16, i32 0, i32 0, void @empty_18, i32 0, i32 0, void @empty_18, void @empty_18, void @empty_18, i32 0, i32 0, i32 0, i32 0, void @empty_18, void @empty_18, i32 4294967295, i32 0"   --->   Operation 74 'specinterface' 'specinterface_ln0' <Predicate = true> <Delay = 0.00>
ST_9 : Operation 75 [1/1] (0.00ns)   --->   "%ret_ln210 = ret" [xf_hud_accel.cpp:210]   --->   Operation 75 'ret' 'ret_ln210' <Predicate = true> <Delay = 0.00>


============================================================
+ Verbose Summary: Binding
============================================================
STG Binding: 
---------------- STG Properties BEGIN ----------------
- Is combinational: 0
- Is one-state seq: 0
- Is datapath-only: 0
- Is pipelined: 0
- Is top level: 1
Port [ Return ] is wired: 1; IO mode=ap_ctrl_hs:ce=0
Port [ in_ptr_V_data_V]:  wired=1; compound=1; hidden=0; nouse=0; global=0; static=0; extern=0; dir=0; type=0; pingpong=0; private_global=0; IO mode=axis:ce=0
Port [ in_ptr_V_keep_V]:  wired=1; compound=1; hidden=0; nouse=0; global=0; static=0; extern=0; dir=0; type=0; pingpong=0; private_global=0; IO mode=axis:ce=0
Port [ in_ptr_V_strb_V]:  wired=1; compound=1; hidden=0; nouse=0; global=0; static=0; extern=0; dir=0; type=0; pingpong=0; private_global=0; IO mode=axis:ce=0
Port [ in_ptr_V_user_V]:  wired=1; compound=1; hidden=0; nouse=0; global=0; static=0; extern=0; dir=0; type=0; pingpong=0; private_global=0; IO mode=axis:ce=0
Port [ in_ptr_V_last_V]:  wired=1; compound=1; hidden=0; nouse=0; global=0; static=0; extern=0; dir=0; type=0; pingpong=0; private_global=0; IO mode=axis:ce=0
Port [ in_ptr_V_id_V]:  wired=1; compound=1; hidden=0; nouse=0; global=0; static=0; extern=0; dir=0; type=0; pingpong=0; private_global=0; IO mode=axis:ce=0
Port [ in_ptr_V_dest_V]:  wired=1; compound=1; hidden=0; nouse=0; global=0; static=0; extern=0; dir=0; type=0; pingpong=0; private_global=0; IO mode=axis:ce=0
Port [ lef_ptr_V_data_V]:  wired=1; compound=1; hidden=0; nouse=0; global=0; static=0; extern=0; dir=1; type=0; pingpong=0; private_global=0; IO mode=axis:ce=0
Port [ lef_ptr_V_keep_V]:  wired=1; compound=1; hidden=0; nouse=0; global=0; static=0; extern=0; dir=1; type=0; pingpong=0; private_global=0; IO mode=axis:ce=0
Port [ lef_ptr_V_strb_V]:  wired=1; compound=1; hidden=0; nouse=0; global=0; static=0; extern=0; dir=1; type=0; pingpong=0; private_global=0; IO mode=axis:ce=0
Port [ lef_ptr_V_user_V]:  wired=1; compound=1; hidden=0; nouse=0; global=0; static=0; extern=0; dir=1; type=0; pingpong=0; private_global=0; IO mode=axis:ce=0
Port [ lef_ptr_V_last_V]:  wired=1; compound=1; hidden=0; nouse=0; global=0; static=0; extern=0; dir=1; type=0; pingpong=0; private_global=0; IO mode=axis:ce=0
Port [ lef_ptr_V_id_V]:  wired=1; compound=1; hidden=0; nouse=0; global=0; static=0; extern=0; dir=1; type=0; pingpong=0; private_global=0; IO mode=axis:ce=0
Port [ lef_ptr_V_dest_V]:  wired=1; compound=1; hidden=0; nouse=0; global=0; static=0; extern=0; dir=1; type=0; pingpong=0; private_global=0; IO mode=axis:ce=0
Port [ sef_ptr_V_data_V]:  wired=1; compound=1; hidden=0; nouse=0; global=0; static=0; extern=0; dir=1; type=0; pingpong=0; private_global=0; IO mode=axis:ce=0
Port [ sef_ptr_V_keep_V]:  wired=1; compound=1; hidden=0; nouse=0; global=0; static=0; extern=0; dir=1; type=0; pingpong=0; private_global=0; IO mode=axis:ce=0
Port [ sef_ptr_V_strb_V]:  wired=1; compound=1; hidden=0; nouse=0; global=0; static=0; extern=0; dir=1; type=0; pingpong=0; private_global=0; IO mode=axis:ce=0
Port [ sef_ptr_V_user_V]:  wired=1; compound=1; hidden=0; nouse=0; global=0; static=0; extern=0; dir=1; type=0; pingpong=0; private_global=0; IO mode=axis:ce=0
Port [ sef_ptr_V_last_V]:  wired=1; compound=1; hidden=0; nouse=0; global=0; static=0; extern=0; dir=1; type=0; pingpong=0; private_global=0; IO mode=axis:ce=0
Port [ sef_ptr_V_id_V]:  wired=1; compound=1; hidden=0; nouse=0; global=0; static=0; extern=0; dir=1; type=0; pingpong=0; private_global=0; IO mode=axis:ce=0
Port [ sef_ptr_V_dest_V]:  wired=1; compound=1; hidden=0; nouse=0; global=0; static=0; extern=0; dir=1; type=0; pingpong=0; private_global=0; IO mode=axis:ce=0
Port [ height]:  wired=1; compound=0; hidden=0; nouse=0; global=0; static=0; extern=0; dir=0; type=0; pingpong=0; private_global=0; IO mode=ap_none:ce=0
Port [ width]:  wired=1; compound=0; hidden=0; nouse=0; global=0; static=0; extern=0; dir=0; type=0; pingpong=0; private_global=0; IO mode=ap_none:ce=0
---------------- STG Properties END ------------------

---------------- Datapath Model BEGIN ----------------

<LifeTime>
<method=bitvector/>
width_read                 (read                ) [ 0010000000]
height_read                (read                ) [ 0010000000]
LEF_Img_rows_c             (alloca              ) [ 0011111111]
InImg_cols_c               (alloca              ) [ 0011111111]
InImg_data                 (alloca              ) [ 0011111111]
LEF_Img_data               (alloca              ) [ 0011111111]
SEF_Img_data               (alloca              ) [ 0011111111]
call_ret                   (call                ) [ 0000000000]
InImg_rows_channel         (extractvalue        ) [ 0001100000]
LEF_Img_cols_channel       (extractvalue        ) [ 0001111110]
SEF_Img_rows_channel       (extractvalue        ) [ 0001111110]
SEF_Img_cols_channel       (extractvalue        ) [ 0001111110]
InImg_cols_c15_channel     (extractvalue        ) [ 0001100000]
LEF_Img_rows_c16_channel   (extractvalue        ) [ 0001111000]
call_ln202                 (call                ) [ 0000000000]
call_ln204                 (call                ) [ 0000000000]
call_ln208                 (call                ) [ 0000000000]
call_ln209                 (call                ) [ 0000000000]
empty                      (specchannel         ) [ 0000000000]
specinterface_ln199        (specinterface       ) [ 0000000000]
empty_31                   (specchannel         ) [ 0000000000]
specinterface_ln199        (specinterface       ) [ 0000000000]
specdataflowpipeline_ln199 (specdataflowpipeline) [ 0000000000]
spectopmodule_ln169        (spectopmodule       ) [ 0000000000]
specinterface_ln0          (specinterface       ) [ 0000000000]
specbitsmap_ln0            (specbitsmap         ) [ 0000000000]
specbitsmap_ln0            (specbitsmap         ) [ 0000000000]
specbitsmap_ln0            (specbitsmap         ) [ 0000000000]
specbitsmap_ln0            (specbitsmap         ) [ 0000000000]
specbitsmap_ln0            (specbitsmap         ) [ 0000000000]
specbitsmap_ln0            (specbitsmap         ) [ 0000000000]
specbitsmap_ln0            (specbitsmap         ) [ 0000000000]
specinterface_ln0          (specinterface       ) [ 0000000000]
specbitsmap_ln0            (specbitsmap         ) [ 0000000000]
specbitsmap_ln0            (specbitsmap         ) [ 0000000000]
specbitsmap_ln0            (specbitsmap         ) [ 0000000000]
specbitsmap_ln0            (specbitsmap         ) [ 0000000000]
specbitsmap_ln0            (specbitsmap         ) [ 0000000000]
specbitsmap_ln0            (specbitsmap         ) [ 0000000000]
specbitsmap_ln0            (specbitsmap         ) [ 0000000000]
specinterface_ln0          (specinterface       ) [ 0000000000]
specbitsmap_ln0            (specbitsmap         ) [ 0000000000]
specbitsmap_ln0            (specbitsmap         ) [ 0000000000]
specbitsmap_ln0            (specbitsmap         ) [ 0000000000]
specbitsmap_ln0            (specbitsmap         ) [ 0000000000]
specbitsmap_ln0            (specbitsmap         ) [ 0000000000]
specbitsmap_ln0            (specbitsmap         ) [ 0000000000]
specbitsmap_ln0            (specbitsmap         ) [ 0000000000]
specbitsmap_ln0            (specbitsmap         ) [ 0000000000]
specinterface_ln0          (specinterface       ) [ 0000000000]
specinterface_ln0          (specinterface       ) [ 0000000000]
specbitsmap_ln0            (specbitsmap         ) [ 0000000000]
specinterface_ln0          (specinterface       ) [ 0000000000]
specinterface_ln0          (specinterface       ) [ 0000000000]
specinterface_ln0          (specinterface       ) [ 0000000000]
empty_32                   (specchannel         ) [ 0000000000]
specinterface_ln0          (specinterface       ) [ 0000000000]
empty_33                   (specchannel         ) [ 0000000000]
specinterface_ln0          (specinterface       ) [ 0000000000]
empty_34                   (specchannel         ) [ 0000000000]
specinterface_ln0          (specinterface       ) [ 0000000000]
ret_ln210                  (ret                 ) [ 0000000000]
</LifeTime>

<model>

<comp_list>
<comp id="0" class="1000" name="in_ptr_V_data_V">
<pin_list>
<pin id="1" dir="1" index="0" bw="1" slack="0"/>
</pin_list>
<bind>
<StgValue><ssdm name="in_ptr_V_data_V"/></StgValue>
</bind>
</comp>

<comp id="2" class="1000" name="in_ptr_V_keep_V">
<pin_list>
<pin id="3" dir="1" index="0" bw="1" slack="0"/>
</pin_list>
<bind>
<StgValue><ssdm name="in_ptr_V_keep_V"/></StgValue>
</bind>
</comp>

<comp id="4" class="1000" name="in_ptr_V_strb_V">
<pin_list>
<pin id="5" dir="1" index="0" bw="1" slack="0"/>
</pin_list>
<bind>
<StgValue><ssdm name="in_ptr_V_strb_V"/></StgValue>
</bind>
</comp>

<comp id="6" class="1000" name="in_ptr_V_user_V">
<pin_list>
<pin id="7" dir="1" index="0" bw="1" slack="0"/>
</pin_list>
<bind>
<StgValue><ssdm name="in_ptr_V_user_V"/></StgValue>
</bind>
</comp>

<comp id="8" class="1000" name="in_ptr_V_last_V">
<pin_list>
<pin id="9" dir="1" index="0" bw="1" slack="0"/>
</pin_list>
<bind>
<StgValue><ssdm name="in_ptr_V_last_V"/></StgValue>
</bind>
</comp>

<comp id="10" class="1000" name="in_ptr_V_id_V">
<pin_list>
<pin id="11" dir="1" index="0" bw="1" slack="0"/>
</pin_list>
<bind>
<StgValue><ssdm name="in_ptr_V_id_V"/></StgValue>
</bind>
</comp>

<comp id="12" class="1000" name="in_ptr_V_dest_V">
<pin_list>
<pin id="13" dir="1" index="0" bw="1" slack="0"/>
</pin_list>
<bind>
<StgValue><ssdm name="in_ptr_V_dest_V"/></StgValue>
</bind>
</comp>

<comp id="14" class="1000" name="lef_ptr_V_data_V">
<pin_list>
<pin id="15" dir="1" index="0" bw="1" slack="0"/>
</pin_list>
<bind>
<StgValue><ssdm name="lef_ptr_V_data_V"/></StgValue>
</bind>
</comp>

<comp id="16" class="1000" name="lef_ptr_V_keep_V">
<pin_list>
<pin id="17" dir="1" index="0" bw="1" slack="0"/>
</pin_list>
<bind>
<StgValue><ssdm name="lef_ptr_V_keep_V"/></StgValue>
</bind>
</comp>

<comp id="18" class="1000" name="lef_ptr_V_strb_V">
<pin_list>
<pin id="19" dir="1" index="0" bw="1" slack="0"/>
</pin_list>
<bind>
<StgValue><ssdm name="lef_ptr_V_strb_V"/></StgValue>
</bind>
</comp>

<comp id="20" class="1000" name="lef_ptr_V_user_V">
<pin_list>
<pin id="21" dir="1" index="0" bw="1" slack="0"/>
</pin_list>
<bind>
<StgValue><ssdm name="lef_ptr_V_user_V"/></StgValue>
</bind>
</comp>

<comp id="22" class="1000" name="lef_ptr_V_last_V">
<pin_list>
<pin id="23" dir="1" index="0" bw="1" slack="0"/>
</pin_list>
<bind>
<StgValue><ssdm name="lef_ptr_V_last_V"/></StgValue>
</bind>
</comp>

<comp id="24" class="1000" name="lef_ptr_V_id_V">
<pin_list>
<pin id="25" dir="1" index="0" bw="1" slack="0"/>
</pin_list>
<bind>
<StgValue><ssdm name="lef_ptr_V_id_V"/></StgValue>
</bind>
</comp>

<comp id="26" class="1000" name="lef_ptr_V_dest_V">
<pin_list>
<pin id="27" dir="1" index="0" bw="1" slack="0"/>
</pin_list>
<bind>
<StgValue><ssdm name="lef_ptr_V_dest_V"/></StgValue>
</bind>
</comp>

<comp id="28" class="1000" name="sef_ptr_V_data_V">
<pin_list>
<pin id="29" dir="1" index="0" bw="1" slack="0"/>
</pin_list>
<bind>
<StgValue><ssdm name="sef_ptr_V_data_V"/></StgValue>
</bind>
</comp>

<comp id="30" class="1000" name="sef_ptr_V_keep_V">
<pin_list>
<pin id="31" dir="1" index="0" bw="1" slack="0"/>
</pin_list>
<bind>
<StgValue><ssdm name="sef_ptr_V_keep_V"/></StgValue>
</bind>
</comp>

<comp id="32" class="1000" name="sef_ptr_V_strb_V">
<pin_list>
<pin id="33" dir="1" index="0" bw="1" slack="0"/>
</pin_list>
<bind>
<StgValue><ssdm name="sef_ptr_V_strb_V"/></StgValue>
</bind>
</comp>

<comp id="34" class="1000" name="sef_ptr_V_user_V">
<pin_list>
<pin id="35" dir="1" index="0" bw="1" slack="0"/>
</pin_list>
<bind>
<StgValue><ssdm name="sef_ptr_V_user_V"/></StgValue>
</bind>
</comp>

<comp id="36" class="1000" name="sef_ptr_V_last_V">
<pin_list>
<pin id="37" dir="1" index="0" bw="1" slack="0"/>
</pin_list>
<bind>
<StgValue><ssdm name="sef_ptr_V_last_V"/></StgValue>
</bind>
</comp>

<comp id="38" class="1000" name="sef_ptr_V_id_V">
<pin_list>
<pin id="39" dir="1" index="0" bw="1" slack="0"/>
</pin_list>
<bind>
<StgValue><ssdm name="sef_ptr_V_id_V"/></StgValue>
</bind>
</comp>

<comp id="40" class="1000" name="sef_ptr_V_dest_V">
<pin_list>
<pin id="41" dir="1" index="0" bw="1" slack="0"/>
</pin_list>
<bind>
<StgValue><ssdm name="sef_ptr_V_dest_V"/></StgValue>
</bind>
</comp>

<comp id="42" class="1000" name="height">
<pin_list>
<pin id="43" dir="1" index="0" bw="1" slack="0"/>
</pin_list>
<bind>
<StgValue><ssdm name="height"/></StgValue>
</bind>
</comp>

<comp id="44" class="1000" name="width">
<pin_list>
<pin id="45" dir="1" index="0" bw="1" slack="0"/>
</pin_list>
<bind>
<StgValue><ssdm name="width"/></StgValue>
</bind>
</comp>

<comp id="46" class="1001" name="const_46">
<pin_list>
<pin id="47" dir="1" index="0" bw="1" slack="0"/>
</pin_list>
<bind>
<StgValue><ssdm name="_ssdm_op_Read.s_axilite.i16"/></StgValue>
</bind>
</comp>

<comp id="48" class="1001" name="const_48">
<pin_list>
<pin id="49" dir="1" index="0" bw="1" slack="0"/>
</pin_list>
<bind>
<StgValue><ssdm name=""/></StgValue>
</bind>
</comp>

<comp id="50" class="1001" name="const_50">
<pin_list>
<pin id="51" dir="1" index="0" bw="1" slack="0"/>
</pin_list>
<bind>
<StgValue><ssdm name="Block_entry5_proc"/></StgValue>
</bind>
</comp>

<comp id="52" class="1001" name="const_52">
<pin_list>
<pin id="53" dir="1" index="0" bw="1" slack="0"/>
</pin_list>
<bind>
<StgValue><ssdm name="AXIVideo2BayerMat<0, 4320, 3848, 2, 3>"/></StgValue>
</bind>
</comp>

<comp id="54" class="1001" name="const_54">
<pin_list>
<pin id="55" dir="1" index="0" bw="1" slack="0"/>
</pin_list>
<bind>
<StgValue><ssdm name="extractExposureFrames<0, 8, 8, 2160, 3840, 2, 3, 3, 3, 0>"/></StgValue>
</bind>
</comp>

<comp id="56" class="1001" name="const_56">
<pin_list>
<pin id="57" dir="1" index="0" bw="1" slack="0"/>
</pin_list>
<bind>
<StgValue><ssdm name="GRAYMat2AXIvideo<0, 2160, 3840, 2, 3>"/></StgValue>
</bind>
</comp>

<comp id="58" class="1001" name="const_58">
<pin_list>
<pin id="59" dir="1" index="0" bw="1" slack="0"/>
</pin_list>
<bind>
<StgValue><ssdm name="GRAYMat2AXIvideo<0, 2160, 3840, 2, 3>.1"/></StgValue>
</bind>
</comp>

<comp id="60" class="1001" name="const_60">
<pin_list>
<pin id="61" dir="1" index="0" bw="1" slack="2147483647"/>
</pin_list>
<bind>
<StgValue><ssdm name="_ssdm_op_SpecChannel"/></StgValue>
</bind>
</comp>

<comp id="62" class="1001" name="const_62">
<pin_list>
<pin id="63" dir="1" index="0" bw="1" slack="2147483647"/>
</pin_list>
<bind>
<StgValue><ssdm name="LEF_Img_OC_rows_c_str"/></StgValue>
</bind>
</comp>

<comp id="64" class="1001" name="const_64">
<pin_list>
<pin id="65" dir="1" index="0" bw="1" slack="2147483647"/>
</pin_list>
<bind>
<StgValue><ssdm name=""/></StgValue>
</bind>
</comp>

<comp id="66" class="1001" name="const_66">
<pin_list>
<pin id="67" dir="1" index="0" bw="1" slack="2147483647"/>
</pin_list>
<bind>
<StgValue><ssdm name="p_str"/></StgValue>
</bind>
</comp>

<comp id="68" class="1001" name="const_68">
<pin_list>
<pin id="69" dir="1" index="0" bw="1" slack="2147483647"/>
</pin_list>
<bind>
<StgValue><ssdm name=""/></StgValue>
</bind>
</comp>

<comp id="70" class="1001" name="const_70">
<pin_list>
<pin id="71" dir="1" index="0" bw="1" slack="2147483647"/>
</pin_list>
<bind>
<StgValue><ssdm name=""/></StgValue>
</bind>
</comp>

<comp id="72" class="1001" name="const_72">
<pin_list>
<pin id="73" dir="1" index="0" bw="1" slack="2147483647"/>
</pin_list>
<bind>
<StgValue><ssdm name="_ssdm_op_SpecInterface"/></StgValue>
</bind>
</comp>

<comp id="74" class="1001" name="const_74">
<pin_list>
<pin id="75" dir="1" index="0" bw="1" slack="2147483647"/>
</pin_list>
<bind>
<StgValue><ssdm name="ap_fifo_str"/></StgValue>
</bind>
</comp>

<comp id="76" class="1001" name="const_76">
<pin_list>
<pin id="77" dir="1" index="0" bw="1" slack="2147483647"/>
</pin_list>
<bind>
<StgValue><ssdm name=""/></StgValue>
</bind>
</comp>

<comp id="78" class="1001" name="const_78">
<pin_list>
<pin id="79" dir="1" index="0" bw="1" slack="2147483647"/>
</pin_list>
<bind>
<StgValue><ssdm name=""/></StgValue>
</bind>
</comp>

<comp id="80" class="1001" name="const_80">
<pin_list>
<pin id="81" dir="1" index="0" bw="1" slack="2147483647"/>
</pin_list>
<bind>
<StgValue><ssdm name="InImg_OC_cols_c_str"/></StgValue>
</bind>
</comp>

<comp id="82" class="1001" name="const_82">
<pin_list>
<pin id="83" dir="1" index="0" bw="1" slack="2147483647"/>
</pin_list>
<bind>
<StgValue><ssdm name="_ssdm_op_SpecDataflowPipeline"/></StgValue>
</bind>
</comp>

<comp id="84" class="1001" name="const_84">
<pin_list>
<pin id="85" dir="1" index="0" bw="1" slack="2147483647"/>
</pin_list>
<bind>
<StgValue><ssdm name="empty_18"/></StgValue>
</bind>
</comp>

<comp id="86" class="1001" name="const_86">
<pin_list>
<pin id="87" dir="1" index="0" bw="1" slack="2147483647"/>
</pin_list>
<bind>
<StgValue><ssdm name="_ssdm_op_SpecTopModule"/></StgValue>
</bind>
</comp>

<comp id="88" class="1001" name="const_88">
<pin_list>
<pin id="89" dir="1" index="0" bw="1" slack="2147483647"/>
</pin_list>
<bind>
<StgValue><ssdm name="empty_2"/></StgValue>
</bind>
</comp>

<comp id="90" class="1001" name="const_90">
<pin_list>
<pin id="91" dir="1" index="0" bw="1" slack="2147483647"/>
</pin_list>
<bind>
<StgValue><ssdm name="empty_20"/></StgValue>
</bind>
</comp>

<comp id="92" class="1001" name="const_92">
<pin_list>
<pin id="93" dir="1" index="0" bw="1" slack="2147483647"/>
</pin_list>
<bind>
<StgValue><ssdm name="empty_19"/></StgValue>
</bind>
</comp>

<comp id="94" class="1001" name="const_94">
<pin_list>
<pin id="95" dir="1" index="0" bw="1" slack="2147483647"/>
</pin_list>
<bind>
<StgValue><ssdm name="_ssdm_op_SpecBitsMap"/></StgValue>
</bind>
</comp>

<comp id="96" class="1001" name="const_96">
<pin_list>
<pin id="97" dir="1" index="0" bw="1" slack="2147483647"/>
</pin_list>
<bind>
<StgValue><ssdm name="empty_4"/></StgValue>
</bind>
</comp>

<comp id="98" class="1001" name="const_98">
<pin_list>
<pin id="99" dir="1" index="0" bw="1" slack="2147483647"/>
</pin_list>
<bind>
<StgValue><ssdm name="empty_3"/></StgValue>
</bind>
</comp>

<comp id="100" class="1001" name="const_100">
<pin_list>
<pin id="101" dir="1" index="0" bw="1" slack="2147483647"/>
</pin_list>
<bind>
<StgValue><ssdm name="empty_14"/></StgValue>
</bind>
</comp>

<comp id="102" class="1001" name="const_102">
<pin_list>
<pin id="103" dir="1" index="0" bw="1" slack="2147483647"/>
</pin_list>
<bind>
<StgValue><ssdm name="empty_15"/></StgValue>
</bind>
</comp>

<comp id="104" class="1001" name="const_104">
<pin_list>
<pin id="105" dir="1" index="0" bw="1" slack="2147483647"/>
</pin_list>
<bind>
<StgValue><ssdm name="empty_17"/></StgValue>
</bind>
</comp>

<comp id="106" class="1001" name="const_106">
<pin_list>
<pin id="107" dir="1" index="0" bw="1" slack="2147483647"/>
</pin_list>
<bind>
<StgValue><ssdm name="InImg_OC_data_str"/></StgValue>
</bind>
</comp>

<comp id="108" class="1001" name="const_108">
<pin_list>
<pin id="109" dir="1" index="0" bw="1" slack="2147483647"/>
</pin_list>
<bind>
<StgValue><ssdm name=""/></StgValue>
</bind>
</comp>

<comp id="110" class="1001" name="const_110">
<pin_list>
<pin id="111" dir="1" index="0" bw="1" slack="2147483647"/>
</pin_list>
<bind>
<StgValue><ssdm name="empty_16"/></StgValue>
</bind>
</comp>

<comp id="112" class="1001" name="const_112">
<pin_list>
<pin id="113" dir="1" index="0" bw="1" slack="2147483647"/>
</pin_list>
<bind>
<StgValue><ssdm name="LEF_Img_OC_data_str"/></StgValue>
</bind>
</comp>

<comp id="114" class="1001" name="const_114">
<pin_list>
<pin id="115" dir="1" index="0" bw="1" slack="2147483647"/>
</pin_list>
<bind>
<StgValue><ssdm name="SEF_Img_OC_data_str"/></StgValue>
</bind>
</comp>

<comp id="116" class="1004" name="LEF_Img_rows_c_fu_116">
<pin_list>
<pin id="117" dir="0" index="0" bw="1" slack="0"/>
<pin id="118" dir="1" index="1" bw="12" slack="4"/>
</pin_list>
<bind>
<opcode="alloca(26) " fcode="alloca"/>
<opset="LEF_Img_rows_c/1 "/>
</bind>
</comp>

<comp id="120" class="1004" name="InImg_cols_c_fu_120">
<pin_list>
<pin id="121" dir="0" index="0" bw="1" slack="0"/>
<pin id="122" dir="1" index="1" bw="12" slack="2"/>
</pin_list>
<bind>
<opcode="alloca(26) " fcode="alloca"/>
<opset="InImg_cols_c/1 "/>
</bind>
</comp>

<comp id="124" class="1004" name="InImg_data_fu_124">
<pin_list>
<pin id="125" dir="0" index="0" bw="1" slack="0"/>
<pin id="126" dir="1" index="1" bw="16" slack="2"/>
</pin_list>
<bind>
<opcode="alloca(26) " fcode="alloca"/>
<opset="InImg_data/1 "/>
</bind>
</comp>

<comp id="128" class="1004" name="LEF_Img_data_fu_128">
<pin_list>
<pin id="129" dir="0" index="0" bw="1" slack="0"/>
<pin id="130" dir="1" index="1" bw="16" slack="4"/>
</pin_list>
<bind>
<opcode="alloca(26) " fcode="alloca"/>
<opset="LEF_Img_data/1 "/>
</bind>
</comp>

<comp id="132" class="1004" name="SEF_Img_data_fu_132">
<pin_list>
<pin id="133" dir="0" index="0" bw="1" slack="0"/>
<pin id="134" dir="1" index="1" bw="16" slack="4"/>
</pin_list>
<bind>
<opcode="alloca(26) " fcode="alloca"/>
<opset="SEF_Img_data/1 "/>
</bind>
</comp>

<comp id="136" class="1004" name="width_read_read_fu_136">
<pin_list>
<pin id="137" dir="0" index="0" bw="16" slack="0"/>
<pin id="138" dir="0" index="1" bw="16" slack="0"/>
<pin id="139" dir="1" index="2" bw="16" slack="1"/>
</pin_list>
<bind>
<opcode="read(1150) " fcode="read"/>
<opset="width_read/1 "/>
</bind>
</comp>

<comp id="142" class="1004" name="height_read_read_fu_142">
<pin_list>
<pin id="143" dir="0" index="0" bw="16" slack="0"/>
<pin id="144" dir="0" index="1" bw="16" slack="0"/>
<pin id="145" dir="1" index="2" bw="16" slack="1"/>
</pin_list>
<bind>
<opcode="read(1150) " fcode="read"/>
<opset="height_read/1 "/>
</bind>
</comp>

<comp id="148" class="1004" name="call_ret_Block_entry5_proc_fu_148">
<pin_list>
<pin id="149" dir="0" index="0" bw="73" slack="0"/>
<pin id="150" dir="0" index="1" bw="16" slack="1"/>
<pin id="151" dir="0" index="2" bw="16" slack="1"/>
<pin id="152" dir="1" index="3" bw="73" slack="0"/>
</pin_list>
<bind>
<opcode="call(48) " fcode="call"/>
<opset="call_ret/2 "/>
</bind>
</comp>

<comp id="154" class="1004" name="grp_AXIVideo2BayerMat_0_4320_3848_2_3_s_fu_154">
<pin_list>
<pin id="155" dir="0" index="0" bw="0" slack="0"/>
<pin id="156" dir="0" index="1" bw="16" slack="0"/>
<pin id="157" dir="0" index="2" bw="2" slack="0"/>
<pin id="158" dir="0" index="3" bw="2" slack="0"/>
<pin id="159" dir="0" index="4" bw="1" slack="0"/>
<pin id="160" dir="0" index="5" bw="1" slack="0"/>
<pin id="161" dir="0" index="6" bw="1" slack="0"/>
<pin id="162" dir="0" index="7" bw="1" slack="0"/>
<pin id="163" dir="0" index="8" bw="13" slack="1"/>
<pin id="164" dir="0" index="9" bw="12" slack="1"/>
<pin id="165" dir="0" index="10" bw="16" slack="2"/>
<pin id="166" dir="0" index="11" bw="12" slack="2"/>
<pin id="167" dir="1" index="12" bw="0" slack="2147483647"/>
</pin_list>
<bind>
<opcode="call(48) " fcode="call"/>
<opset="call_ln202/3 "/>
</bind>
</comp>

<comp id="176" class="1004" name="grp_extractExposureFrames_0_8_8_2160_3840_2_3_3_3_0_s_fu_176">
<pin_list>
<pin id="177" dir="0" index="0" bw="0" slack="0"/>
<pin id="178" dir="0" index="1" bw="12" slack="4"/>
<pin id="179" dir="0" index="2" bw="16" slack="4"/>
<pin id="180" dir="0" index="3" bw="12" slack="3"/>
<pin id="181" dir="0" index="4" bw="16" slack="4"/>
<pin id="182" dir="0" index="5" bw="16" slack="4"/>
<pin id="183" dir="0" index="6" bw="12" slack="4"/>
<pin id="184" dir="1" index="7" bw="0" slack="2147483647"/>
</pin_list>
<bind>
<opcode="call(48) " fcode="call"/>
<opset="call_ln204/5 "/>
</bind>
</comp>

<comp id="186" class="1004" name="grp_GRAYMat2AXIvideo_0_2160_3840_2_3_s_fu_186">
<pin_list>
<pin id="187" dir="0" index="0" bw="0" slack="0"/>
<pin id="188" dir="0" index="1" bw="12" slack="6"/>
<pin id="189" dir="0" index="2" bw="12" slack="5"/>
<pin id="190" dir="0" index="3" bw="16" slack="6"/>
<pin id="191" dir="0" index="4" bw="16" slack="0"/>
<pin id="192" dir="0" index="5" bw="2" slack="0"/>
<pin id="193" dir="0" index="6" bw="2" slack="0"/>
<pin id="194" dir="0" index="7" bw="1" slack="0"/>
<pin id="195" dir="0" index="8" bw="1" slack="0"/>
<pin id="196" dir="0" index="9" bw="1" slack="0"/>
<pin id="197" dir="0" index="10" bw="1" slack="0"/>
<pin id="198" dir="1" index="11" bw="0" slack="2147483647"/>
</pin_list>
<bind>
<opcode="call(48) " fcode="call"/>
<opset="call_ln208/7 "/>
</bind>
</comp>

<comp id="207" class="1004" name="grp_GRAYMat2AXIvideo_0_2160_3840_2_3_1_fu_207">
<pin_list>
<pin id="208" dir="0" index="0" bw="0" slack="0"/>
<pin id="209" dir="0" index="1" bw="12" slack="5"/>
<pin id="210" dir="0" index="2" bw="12" slack="5"/>
<pin id="211" dir="0" index="3" bw="16" slack="6"/>
<pin id="212" dir="0" index="4" bw="16" slack="0"/>
<pin id="213" dir="0" index="5" bw="2" slack="0"/>
<pin id="214" dir="0" index="6" bw="2" slack="0"/>
<pin id="215" dir="0" index="7" bw="1" slack="0"/>
<pin id="216" dir="0" index="8" bw="1" slack="0"/>
<pin id="217" dir="0" index="9" bw="1" slack="0"/>
<pin id="218" dir="0" index="10" bw="1" slack="0"/>
<pin id="219" dir="1" index="11" bw="0" slack="2147483647"/>
</pin_list>
<bind>
<opcode="call(48) " fcode="call"/>
<opset="call_ln209/7 "/>
</bind>
</comp>

<comp id="228" class="1004" name="InImg_rows_channel_fu_228">
<pin_list>
<pin id="229" dir="0" index="0" bw="73" slack="0"/>
<pin id="230" dir="1" index="1" bw="13" slack="1"/>
</pin_list>
<bind>
<opcode="extractvalue(56) " fcode="extractvalue"/>
<opset="InImg_rows_channel/2 "/>
</bind>
</comp>

<comp id="232" class="1004" name="LEF_Img_cols_channel_fu_232">
<pin_list>
<pin id="233" dir="0" index="0" bw="73" slack="0"/>
<pin id="234" dir="1" index="1" bw="12" slack="5"/>
</pin_list>
<bind>
<opcode="extractvalue(56) " fcode="extractvalue"/>
<opset="LEF_Img_cols_channel/2 "/>
</bind>
</comp>

<comp id="236" class="1004" name="SEF_Img_rows_channel_fu_236">
<pin_list>
<pin id="237" dir="0" index="0" bw="73" slack="0"/>
<pin id="238" dir="1" index="1" bw="12" slack="5"/>
</pin_list>
<bind>
<opcode="extractvalue(56) " fcode="extractvalue"/>
<opset="SEF_Img_rows_channel/2 "/>
</bind>
</comp>

<comp id="240" class="1004" name="SEF_Img_cols_channel_fu_240">
<pin_list>
<pin id="241" dir="0" index="0" bw="73" slack="0"/>
<pin id="242" dir="1" index="1" bw="12" slack="5"/>
</pin_list>
<bind>
<opcode="extractvalue(56) " fcode="extractvalue"/>
<opset="SEF_Img_cols_channel/2 "/>
</bind>
</comp>

<comp id="244" class="1004" name="InImg_cols_c15_channel_fu_244">
<pin_list>
<pin id="245" dir="0" index="0" bw="73" slack="0"/>
<pin id="246" dir="1" index="1" bw="12" slack="1"/>
</pin_list>
<bind>
<opcode="extractvalue(56) " fcode="extractvalue"/>
<opset="InImg_cols_c15_channel/2 "/>
</bind>
</comp>

<comp id="248" class="1004" name="LEF_Img_rows_c16_channel_fu_248">
<pin_list>
<pin id="249" dir="0" index="0" bw="73" slack="0"/>
<pin id="250" dir="1" index="1" bw="12" slack="3"/>
</pin_list>
<bind>
<opcode="extractvalue(56) " fcode="extractvalue"/>
<opset="LEF_Img_rows_c16_channel/2 "/>
</bind>
</comp>

<comp id="252" class="1005" name="width_read_reg_252">
<pin_list>
<pin id="253" dir="0" index="0" bw="16" slack="1"/>
<pin id="254" dir="1" index="1" bw="16" slack="1"/>
</pin_list>
<bind>
<opset="width_read "/>
</bind>
</comp>

<comp id="257" class="1005" name="height_read_reg_257">
<pin_list>
<pin id="258" dir="0" index="0" bw="16" slack="1"/>
<pin id="259" dir="1" index="1" bw="16" slack="1"/>
</pin_list>
<bind>
<opset="height_read "/>
</bind>
</comp>

<comp id="262" class="1005" name="LEF_Img_rows_c_reg_262">
<pin_list>
<pin id="263" dir="0" index="0" bw="12" slack="4"/>
<pin id="264" dir="1" index="1" bw="12" slack="4"/>
</pin_list>
<bind>
<opset="LEF_Img_rows_c "/>
</bind>
</comp>

<comp id="268" class="1005" name="InImg_cols_c_reg_268">
<pin_list>
<pin id="269" dir="0" index="0" bw="12" slack="2"/>
<pin id="270" dir="1" index="1" bw="12" slack="2"/>
</pin_list>
<bind>
<opset="InImg_cols_c "/>
</bind>
</comp>

<comp id="274" class="1005" name="InImg_data_reg_274">
<pin_list>
<pin id="275" dir="0" index="0" bw="16" slack="2"/>
<pin id="276" dir="1" index="1" bw="16" slack="2"/>
</pin_list>
<bind>
<opset="InImg_data "/>
</bind>
</comp>

<comp id="280" class="1005" name="LEF_Img_data_reg_280">
<pin_list>
<pin id="281" dir="0" index="0" bw="16" slack="4"/>
<pin id="282" dir="1" index="1" bw="16" slack="4"/>
</pin_list>
<bind>
<opset="LEF_Img_data "/>
</bind>
</comp>

<comp id="286" class="1005" name="SEF_Img_data_reg_286">
<pin_list>
<pin id="287" dir="0" index="0" bw="16" slack="4"/>
<pin id="288" dir="1" index="1" bw="16" slack="4"/>
</pin_list>
<bind>
<opset="SEF_Img_data "/>
</bind>
</comp>

<comp id="292" class="1005" name="InImg_rows_channel_reg_292">
<pin_list>
<pin id="293" dir="0" index="0" bw="13" slack="1"/>
<pin id="294" dir="1" index="1" bw="13" slack="1"/>
</pin_list>
<bind>
<opset="InImg_rows_channel "/>
</bind>
</comp>

<comp id="297" class="1005" name="LEF_Img_cols_channel_reg_297">
<pin_list>
<pin id="298" dir="0" index="0" bw="12" slack="5"/>
<pin id="299" dir="1" index="1" bw="12" slack="5"/>
</pin_list>
<bind>
<opset="LEF_Img_cols_channel "/>
</bind>
</comp>

<comp id="302" class="1005" name="SEF_Img_rows_channel_reg_302">
<pin_list>
<pin id="303" dir="0" index="0" bw="12" slack="5"/>
<pin id="304" dir="1" index="1" bw="12" slack="5"/>
</pin_list>
<bind>
<opset="SEF_Img_rows_channel "/>
</bind>
</comp>

<comp id="307" class="1005" name="SEF_Img_cols_channel_reg_307">
<pin_list>
<pin id="308" dir="0" index="0" bw="12" slack="5"/>
<pin id="309" dir="1" index="1" bw="12" slack="5"/>
</pin_list>
<bind>
<opset="SEF_Img_cols_channel "/>
</bind>
</comp>

<comp id="312" class="1005" name="InImg_cols_c15_channel_reg_312">
<pin_list>
<pin id="313" dir="0" index="0" bw="12" slack="1"/>
<pin id="314" dir="1" index="1" bw="12" slack="1"/>
</pin_list>
<bind>
<opset="InImg_cols_c15_channel "/>
</bind>
</comp>

<comp id="317" class="1005" name="LEF_Img_rows_c16_channel_reg_317">
<pin_list>
<pin id="318" dir="0" index="0" bw="12" slack="3"/>
<pin id="319" dir="1" index="1" bw="12" slack="3"/>
</pin_list>
<bind>
<opset="LEF_Img_rows_c16_channel "/>
</bind>
</comp>

</comp_list>

<net_list>
<net id="119"><net_src comp="48" pin="0"/><net_sink comp="116" pin=0"/></net>

<net id="123"><net_src comp="48" pin="0"/><net_sink comp="120" pin=0"/></net>

<net id="127"><net_src comp="48" pin="0"/><net_sink comp="124" pin=0"/></net>

<net id="131"><net_src comp="48" pin="0"/><net_sink comp="128" pin=0"/></net>

<net id="135"><net_src comp="48" pin="0"/><net_sink comp="132" pin=0"/></net>

<net id="140"><net_src comp="46" pin="0"/><net_sink comp="136" pin=0"/></net>

<net id="141"><net_src comp="44" pin="0"/><net_sink comp="136" pin=1"/></net>

<net id="146"><net_src comp="46" pin="0"/><net_sink comp="142" pin=0"/></net>

<net id="147"><net_src comp="42" pin="0"/><net_sink comp="142" pin=1"/></net>

<net id="153"><net_src comp="50" pin="0"/><net_sink comp="148" pin=0"/></net>

<net id="168"><net_src comp="52" pin="0"/><net_sink comp="154" pin=0"/></net>

<net id="169"><net_src comp="0" pin="0"/><net_sink comp="154" pin=1"/></net>

<net id="170"><net_src comp="2" pin="0"/><net_sink comp="154" pin=2"/></net>

<net id="171"><net_src comp="4" pin="0"/><net_sink comp="154" pin=3"/></net>

<net id="172"><net_src comp="6" pin="0"/><net_sink comp="154" pin=4"/></net>

<net id="173"><net_src comp="8" pin="0"/><net_sink comp="154" pin=5"/></net>

<net id="174"><net_src comp="10" pin="0"/><net_sink comp="154" pin=6"/></net>

<net id="175"><net_src comp="12" pin="0"/><net_sink comp="154" pin=7"/></net>

<net id="185"><net_src comp="54" pin="0"/><net_sink comp="176" pin=0"/></net>

<net id="199"><net_src comp="56" pin="0"/><net_sink comp="186" pin=0"/></net>

<net id="200"><net_src comp="14" pin="0"/><net_sink comp="186" pin=4"/></net>

<net id="201"><net_src comp="16" pin="0"/><net_sink comp="186" pin=5"/></net>

<net id="202"><net_src comp="18" pin="0"/><net_sink comp="186" pin=6"/></net>

<net id="203"><net_src comp="20" pin="0"/><net_sink comp="186" pin=7"/></net>

<net id="204"><net_src comp="22" pin="0"/><net_sink comp="186" pin=8"/></net>

<net id="205"><net_src comp="24" pin="0"/><net_sink comp="186" pin=9"/></net>

<net id="206"><net_src comp="26" pin="0"/><net_sink comp="186" pin=10"/></net>

<net id="220"><net_src comp="58" pin="0"/><net_sink comp="207" pin=0"/></net>

<net id="221"><net_src comp="28" pin="0"/><net_sink comp="207" pin=4"/></net>

<net id="222"><net_src comp="30" pin="0"/><net_sink comp="207" pin=5"/></net>

<net id="223"><net_src comp="32" pin="0"/><net_sink comp="207" pin=6"/></net>

<net id="224"><net_src comp="34" pin="0"/><net_sink comp="207" pin=7"/></net>

<net id="225"><net_src comp="36" pin="0"/><net_sink comp="207" pin=8"/></net>

<net id="226"><net_src comp="38" pin="0"/><net_sink comp="207" pin=9"/></net>

<net id="227"><net_src comp="40" pin="0"/><net_sink comp="207" pin=10"/></net>

<net id="231"><net_src comp="148" pin="3"/><net_sink comp="228" pin=0"/></net>

<net id="235"><net_src comp="148" pin="3"/><net_sink comp="232" pin=0"/></net>

<net id="239"><net_src comp="148" pin="3"/><net_sink comp="236" pin=0"/></net>

<net id="243"><net_src comp="148" pin="3"/><net_sink comp="240" pin=0"/></net>

<net id="247"><net_src comp="148" pin="3"/><net_sink comp="244" pin=0"/></net>

<net id="251"><net_src comp="148" pin="3"/><net_sink comp="248" pin=0"/></net>

<net id="255"><net_src comp="136" pin="2"/><net_sink comp="252" pin=0"/></net>

<net id="256"><net_src comp="252" pin="1"/><net_sink comp="148" pin=2"/></net>

<net id="260"><net_src comp="142" pin="2"/><net_sink comp="257" pin=0"/></net>

<net id="261"><net_src comp="257" pin="1"/><net_sink comp="148" pin=1"/></net>

<net id="265"><net_src comp="116" pin="1"/><net_sink comp="262" pin=0"/></net>

<net id="266"><net_src comp="262" pin="1"/><net_sink comp="176" pin=6"/></net>

<net id="267"><net_src comp="262" pin="1"/><net_sink comp="186" pin=1"/></net>

<net id="271"><net_src comp="120" pin="1"/><net_sink comp="268" pin=0"/></net>

<net id="272"><net_src comp="268" pin="1"/><net_sink comp="154" pin=11"/></net>

<net id="273"><net_src comp="268" pin="1"/><net_sink comp="176" pin=1"/></net>

<net id="277"><net_src comp="124" pin="1"/><net_sink comp="274" pin=0"/></net>

<net id="278"><net_src comp="274" pin="1"/><net_sink comp="154" pin=10"/></net>

<net id="279"><net_src comp="274" pin="1"/><net_sink comp="176" pin=2"/></net>

<net id="283"><net_src comp="128" pin="1"/><net_sink comp="280" pin=0"/></net>

<net id="284"><net_src comp="280" pin="1"/><net_sink comp="176" pin=4"/></net>

<net id="285"><net_src comp="280" pin="1"/><net_sink comp="186" pin=3"/></net>

<net id="289"><net_src comp="132" pin="1"/><net_sink comp="286" pin=0"/></net>

<net id="290"><net_src comp="286" pin="1"/><net_sink comp="176" pin=5"/></net>

<net id="291"><net_src comp="286" pin="1"/><net_sink comp="207" pin=3"/></net>

<net id="295"><net_src comp="228" pin="1"/><net_sink comp="292" pin=0"/></net>

<net id="296"><net_src comp="292" pin="1"/><net_sink comp="154" pin=8"/></net>

<net id="300"><net_src comp="232" pin="1"/><net_sink comp="297" pin=0"/></net>

<net id="301"><net_src comp="297" pin="1"/><net_sink comp="186" pin=2"/></net>

<net id="305"><net_src comp="236" pin="1"/><net_sink comp="302" pin=0"/></net>

<net id="306"><net_src comp="302" pin="1"/><net_sink comp="207" pin=1"/></net>

<net id="310"><net_src comp="240" pin="1"/><net_sink comp="307" pin=0"/></net>

<net id="311"><net_src comp="307" pin="1"/><net_sink comp="207" pin=2"/></net>

<net id="315"><net_src comp="244" pin="1"/><net_sink comp="312" pin=0"/></net>

<net id="316"><net_src comp="312" pin="1"/><net_sink comp="154" pin=9"/></net>

<net id="320"><net_src comp="248" pin="1"/><net_sink comp="317" pin=0"/></net>

<net id="321"><net_src comp="317" pin="1"/><net_sink comp="176" pin=3"/></net>

</net_list>

</model> 
---------------- Datapath Model END ------------------

* FSMD analyzer results:
  - Output states:
	Port: lef_ptr_V_data_V | {7 8 }
	Port: lef_ptr_V_keep_V | {7 8 }
	Port: lef_ptr_V_strb_V | {7 8 }
	Port: lef_ptr_V_user_V | {7 8 }
	Port: lef_ptr_V_last_V | {7 8 }
	Port: lef_ptr_V_id_V | {7 8 }
	Port: lef_ptr_V_dest_V | {7 8 }
	Port: sef_ptr_V_data_V | {7 8 }
	Port: sef_ptr_V_keep_V | {7 8 }
	Port: sef_ptr_V_strb_V | {7 8 }
	Port: sef_ptr_V_user_V | {7 8 }
	Port: sef_ptr_V_last_V | {7 8 }
	Port: sef_ptr_V_id_V | {7 8 }
	Port: sef_ptr_V_dest_V | {7 8 }
 - Input state : 
	Port: extractEFrames_accel : in_ptr_V_data_V | {3 4 }
	Port: extractEFrames_accel : in_ptr_V_keep_V | {3 4 }
	Port: extractEFrames_accel : in_ptr_V_strb_V | {3 4 }
	Port: extractEFrames_accel : in_ptr_V_user_V | {3 4 }
	Port: extractEFrames_accel : in_ptr_V_last_V | {3 4 }
	Port: extractEFrames_accel : in_ptr_V_id_V | {3 4 }
	Port: extractEFrames_accel : in_ptr_V_dest_V | {3 4 }
	Port: extractEFrames_accel : height | {1 }
	Port: extractEFrames_accel : width | {1 }
  - Chain level:
	State 1
	State 2
		InImg_rows_channel : 1
		LEF_Img_cols_channel : 1
		SEF_Img_rows_channel : 1
		SEF_Img_cols_channel : 1
		InImg_cols_c15_channel : 1
		LEF_Img_rows_c16_channel : 1
	State 3
	State 4
	State 5
	State 6
	State 7
	State 8
	State 9


============================================================
+ Verbose Summary: Datapath Resource usage 
============================================================

* Functional unit list:
|----------|--------------------------------------------------------------|---------|---------|---------|---------|
| Operation|                        Functional Unit                       |   BRAM  |  Delay  |    FF   |   LUT   |
|----------|--------------------------------------------------------------|---------|---------|---------|---------|
|          |               call_ret_Block_entry5_proc_fu_148              |    0    |    0    |    0    |    19   |
|          |        grp_AXIVideo2BayerMat_0_4320_3848_2_3_s_fu_154        |    0    |  1.324  |   160   |    83   |
|   call   | grp_extractExposureFrames_0_8_8_2160_3840_2_3_3_3_0_s_fu_176 |    16   |  25.156 |   748   |   800   |
|          |         grp_GRAYMat2AXIvideo_0_2160_3840_2_3_s_fu_186        |    0    |    0    |    76   |   101   |
|          |         grp_GRAYMat2AXIvideo_0_2160_3840_2_3_1_fu_207        |    0    |    0    |    76   |   101   |
|----------|--------------------------------------------------------------|---------|---------|---------|---------|
|   read   |                    width_read_read_fu_136                    |    0    |    0    |    0    |    0    |
|          |                    height_read_read_fu_142                   |    0    |    0    |    0    |    0    |
|----------|--------------------------------------------------------------|---------|---------|---------|---------|
|          |                   InImg_rows_channel_fu_228                  |    0    |    0    |    0    |    0    |
|          |                  LEF_Img_cols_channel_fu_232                 |    0    |    0    |    0    |    0    |
|extractvalue|                  SEF_Img_rows_channel_fu_236                 |    0    |    0    |    0    |    0    |
|          |                  SEF_Img_cols_channel_fu_240                 |    0    |    0    |    0    |    0    |
|          |                 InImg_cols_c15_channel_fu_244                |    0    |    0    |    0    |    0    |
|          |                LEF_Img_rows_c16_channel_fu_248               |    0    |    0    |    0    |    0    |
|----------|--------------------------------------------------------------|---------|---------|---------|---------|
|   Total  |                                                              |    16   |  26.48  |   1060  |   1104  |
|----------|--------------------------------------------------------------|---------|---------|---------|---------|

Memories:
N/A

* Register list:
+--------------------------------+--------+
|                                |   FF   |
+--------------------------------+--------+
| InImg_cols_c15_channel_reg_312 |   12   |
|      InImg_cols_c_reg_268      |   12   |
|       InImg_data_reg_274       |   16   |
|   InImg_rows_channel_reg_292   |   13   |
|  LEF_Img_cols_channel_reg_297  |   12   |
|      LEF_Img_data_reg_280      |   16   |
|LEF_Img_rows_c16_channel_reg_317|   12   |
|     LEF_Img_rows_c_reg_262     |   12   |
|  SEF_Img_cols_channel_reg_307  |   12   |
|      SEF_Img_data_reg_286      |   16   |
|  SEF_Img_rows_channel_reg_302  |   12   |
|       height_read_reg_257      |   16   |
|       width_read_reg_252       |   16   |
+--------------------------------+--------+
|              Total             |   177  |
+--------------------------------+--------+

* Multiplexer (MUX) list: 
|--------|------|------|------|--------|
|  Comp  |  Pin | Size |  BW  | S x BW |
|--------|------|------|------|--------|
|  Total |      |      |      |    0   |
|--------|------|------|------|--------|



* Summary:
+-----------+--------+--------+--------+--------+
|           |  BRAM  |  Delay |   FF   |   LUT  |
+-----------+--------+--------+--------+--------+
|  Function |   16   |   26   |  1060  |  1104  |
|   Memory  |    -   |    -   |    -   |    -   |
|Multiplexer|    -   |    -   |    -   |    -   |
|  Register |    -   |    -   |   177  |    -   |
+-----------+--------+--------+--------+--------+
|   Total   |   16   |   26   |  1237  |  1104  |
+-----------+--------+--------+--------+--------+
