

================================================================
== Vitis HLS Report for 'GRAYMat2AXIvideo_0_2160_3840_2_3_1'
================================================================
* Date:           Sun Sep  4 20:23:20 2022

* Version:        2022.1 (Build 3526262 on Mon Apr 18 15:47:01 MDT 2022)
* Project:        hud3.prj
* Solution:       sol1 (Vivado IP Flow Target)
* Product family: zynq
* Target device:  xc7z045-ffg900-2


================================================================
== Performance Estimates
================================================================
+ Timing: 
    * Summary: 
    +--------+---------+----------+------------+
    |  Clock |  Target | Estimated| Uncertainty|
    +--------+---------+----------+------------+
    |ap_clk  |  3.30 ns|  3.180 ns|     0.89 ns|
    +--------+---------+----------+------------+

+ Latency: 
    * Summary: 
    +---------+---------+----------+-----------+-----+---------+---------+
    |  Latency (cycles) |  Latency (absolute)  |    Interval   | Pipeline|
    |   min   |   max   |    min   |    max    | min |   max   |   Type  |
    +---------+---------+----------+-----------+-----+---------+---------+
    |        3|  4160163|  9.900 ns|  13.729 ms|    3|  4160163|       no|
    +---------+---------+----------+-----------+-----+---------+---------+

    + Detail: 
        * Instance: 
        +------------------------------------------------------------------------+--------------------------------------------------------------+---------+---------+-----------+----------+-----+------+---------+
        |                                                                        |                                                              |  Latency (cycles) |  Latency (absolute)  |  Interval  | Pipeline|
        |                                Instance                                |                            Module                            |   min   |   max   |    min    |    max   | min |  max |   Type  |
        +------------------------------------------------------------------------+--------------------------------------------------------------+---------+---------+-----------+----------+-----+------+---------+
        |grp_GRAYMat2AXIvideo_0_2160_3840_2_3_1_Pipeline_loop_col_mat2axi_fu_88  |GRAYMat2AXIvideo_0_2160_3840_2_3_1_Pipeline_loop_col_mat2axi  |        4|     1923|  13.200 ns|  6.346 us|    4|  1923|       no|
        +------------------------------------------------------------------------+--------------------------------------------------------------+---------+---------+-----------+----------+-----+------+---------+

        * Loop: 
        +--------------------+---------+---------+----------+-----------+-----------+----------+----------+
        |                    |  Latency (cycles) | Iteration|  Initiation Interval  |   Trip   |          |
        |      Loop Name     |   min   |   max   |  Latency |  achieved |   target  |   Count  | Pipelined|
        +--------------------+---------+---------+----------+-----------+-----------+----------+----------+
        |- loop_row_mat2axi  |        0|  4160160|  2 ~ 1926|          -|          -|  0 ~ 2160|        no|
        +--------------------+---------+---------+----------+-----------+-----------+----------+----------+



================================================================
== Utilization Estimates
================================================================
* Summary: 
+-----------------+---------+-----+--------+--------+-----+
|       Name      | BRAM_18K| DSP |   FF   |   LUT  | URAM|
+-----------------+---------+-----+--------+--------+-----+
|DSP              |        -|    -|       -|       -|    -|
|Expression       |        -|    -|       0|      37|    -|
|FIFO             |        -|    -|       -|       -|    -|
|Instance         |        -|    -|      18|      91|    -|
|Memory           |        -|    -|       -|       -|    -|
|Multiplexer      |        -|    -|       -|      56|    -|
|Register         |        -|    -|      57|       -|    -|
+-----------------+---------+-----+--------+--------+-----+
|Total            |        0|    0|      75|     184|    0|
+-----------------+---------+-----+--------+--------+-----+
|Available        |     1090|  900|  437200|  218600|    0|
+-----------------+---------+-----+--------+--------+-----+
|Utilization (%)  |        0|    0|      ~0|      ~0|    0|
+-----------------+---------+-----+--------+--------+-----+

+ Detail: 
    * Instance: 
    +------------------------------------------------------------------------+--------------------------------------------------------------+---------+----+----+----+-----+
    |                                Instance                                |                            Module                            | BRAM_18K| DSP| FF | LUT| URAM|
    +------------------------------------------------------------------------+--------------------------------------------------------------+---------+----+----+----+-----+
    |grp_GRAYMat2AXIvideo_0_2160_3840_2_3_1_Pipeline_loop_col_mat2axi_fu_88  |GRAYMat2AXIvideo_0_2160_3840_2_3_1_Pipeline_loop_col_mat2axi  |        0|   0|  18|  91|    0|
    +------------------------------------------------------------------------+--------------------------------------------------------------+---------+----+----+----+-----+
    |Total                                                                   |                                                              |        0|   0|  18|  91|    0|
    +------------------------------------------------------------------------+--------------------------------------------------------------+---------+----+----+----+-----+

    * DSP: 
    N/A

    * Memory: 
    N/A

    * FIFO: 
    N/A

    * Expression: 
    +------------------------------------------------------------------------------------------------+----------+----+---+----+------------+------------+
    |                                          Variable Name                                         | Operation| DSP| FF| LUT| Bitwidth P0| Bitwidth P1|
    +------------------------------------------------------------------------------------------------+----------+----+---+----+------------+------------+
    |i_2_fu_153_p2                                                                                   |         +|   0|  0|  12|          12|           1|
    |sub_fu_134_p2                                                                                   |         +|   0|  0|  12|          12|           2|
    |ap_block_state5_on_subcall_done                                                                 |       and|   0|  0|   1|           1|           1|
    |grp_GRAYMat2AXIvideo_0_2160_3840_2_3_1_Pipeline_loop_col_mat2axi_fu_88_m_axis_video_sef_TREADY  |       and|   0|  0|   1|           1|           1|
    |cmp45_fu_140_p2                                                                                 |      icmp|   0|  0|   5|          11|           1|
    |icmp_ln121_fu_148_p2                                                                            |      icmp|   0|  0|   5|          12|          12|
    |ap_block_state1                                                                                 |        or|   0|  0|   1|           1|           1|
    +------------------------------------------------------------------------------------------------+----------+----+---+----+------------+------------+
    |Total                                                                                           |          |   0|  0|  37|          50|          19|
    +------------------------------------------------------------------------------------------------+----------+----+---+----+------------+------------+

    * Multiplexer: 
    +----------------------+----+-----------+-----+-----------+
    |         Name         | LUT| Input Size| Bits| Total Bits|
    +----------------------+----+-----------+-----+-----------+
    |SEF_Img_data158_read  |   9|          2|    1|          2|
    |ap_NS_fsm             |  29|          7|    1|          7|
    |ap_done               |   9|          2|    1|          2|
    |i_fu_68               |   9|          2|   12|         24|
    +----------------------+----+-----------+-----+-----------+
    |Total                 |  56|         13|   15|         35|
    +----------------------+----+-----------+-----+-----------+

    * Register: 
    +-------------------------------------------------------------------------------------+----+----+-----+-----------+
    |                                         Name                                        | FF | LUT| Bits| Const Bits|
    +-------------------------------------------------------------------------------------+----+----+-----+-----------+
    |ap_CS_fsm                                                                            |   6|   0|    6|          0|
    |ap_done_reg                                                                          |   1|   0|    1|          0|
    |cmp45_reg_203                                                                        |   1|   0|    1|          0|
    |cols_reg_186                                                                         |  11|   0|   11|          0|
    |grp_GRAYMat2AXIvideo_0_2160_3840_2_3_1_Pipeline_loop_col_mat2axi_fu_88_ap_start_reg  |   1|   0|    1|          0|
    |i_2_reg_210                                                                          |  12|   0|   12|          0|
    |i_fu_68                                                                              |  12|   0|   12|          0|
    |sof_fu_72                                                                            |   1|   0|    1|          0|
    |sub_reg_198                                                                          |  12|   0|   12|          0|
    +-------------------------------------------------------------------------------------+----+----+-----+-----------+
    |Total                                                                                |  57|   0|   57|          0|
    +-------------------------------------------------------------------------------------+----+----+-----+-----------+



================================================================
== Interface
================================================================
* Summary: 
+--------------------------------+-----+-----+------------+-----------------------------------------+--------------+
|            RTL Ports           | Dir | Bits|  Protocol  |              Source Object              |    C Type    |
+--------------------------------+-----+-----+------------+-----------------------------------------+--------------+
|ap_clk                          |   in|    1|  ap_ctrl_hs|  GRAYMat2AXIvideo<0, 2160, 3840, 2, 3>.1|  return value|
|ap_rst                          |   in|    1|  ap_ctrl_hs|  GRAYMat2AXIvideo<0, 2160, 3840, 2, 3>.1|  return value|
|ap_start                        |   in|    1|  ap_ctrl_hs|  GRAYMat2AXIvideo<0, 2160, 3840, 2, 3>.1|  return value|
|ap_done                         |  out|    1|  ap_ctrl_hs|  GRAYMat2AXIvideo<0, 2160, 3840, 2, 3>.1|  return value|
|ap_continue                     |   in|    1|  ap_ctrl_hs|  GRAYMat2AXIvideo<0, 2160, 3840, 2, 3>.1|  return value|
|ap_idle                         |  out|    1|  ap_ctrl_hs|  GRAYMat2AXIvideo<0, 2160, 3840, 2, 3>.1|  return value|
|ap_ready                        |  out|    1|  ap_ctrl_hs|  GRAYMat2AXIvideo<0, 2160, 3840, 2, 3>.1|  return value|
|p_read                          |   in|   12|     ap_none|                                   p_read|        scalar|
|p_read1                         |   in|   12|     ap_none|                                  p_read1|        scalar|
|SEF_Img_data158_dout            |   in|   16|     ap_fifo|                          SEF_Img_data158|       pointer|
|SEF_Img_data158_num_data_valid  |   in|    3|     ap_fifo|                          SEF_Img_data158|       pointer|
|SEF_Img_data158_fifo_cap        |   in|    3|     ap_fifo|                          SEF_Img_data158|       pointer|
|SEF_Img_data158_empty_n         |   in|    1|     ap_fifo|                          SEF_Img_data158|       pointer|
|SEF_Img_data158_read            |  out|    1|     ap_fifo|                          SEF_Img_data158|       pointer|
|m_axis_video_sef_TDATA          |  out|   16|        axis|                m_axis_video_sef_V_data_V|       pointer|
|m_axis_video_sef_TVALID         |  out|    1|        axis|                m_axis_video_sef_V_dest_V|       pointer|
|m_axis_video_sef_TREADY         |   in|    1|        axis|                m_axis_video_sef_V_dest_V|       pointer|
|m_axis_video_sef_TDEST          |  out|    1|        axis|                m_axis_video_sef_V_dest_V|       pointer|
|m_axis_video_sef_TKEEP          |  out|    2|        axis|                m_axis_video_sef_V_keep_V|       pointer|
|m_axis_video_sef_TSTRB          |  out|    2|        axis|                m_axis_video_sef_V_strb_V|       pointer|
|m_axis_video_sef_TUSER          |  out|    1|        axis|                m_axis_video_sef_V_user_V|       pointer|
|m_axis_video_sef_TLAST          |  out|    1|        axis|                m_axis_video_sef_V_last_V|       pointer|
|m_axis_video_sef_TID            |  out|    1|        axis|                  m_axis_video_sef_V_id_V|       pointer|
+--------------------------------+-----+-----+------------+-----------------------------------------+--------------+

============================================================
+ Verbose Summary: Synthesis Manager
============================================================
InlineROM: 1
ExposeGlobal: 0
============================================================
+ Verbose Summary: CDFG Model
============================================================
IsTopModel: 0
ResetActiveHigh: 1
IsCombinational: 2
IsDatapathOnly: 0
HasWiredReturn: 1
HasMFsm: 0
HasVarLatency: 1
IsPipeline: 0
IsRtlPipelined: 0
IsInstanceOverlapped: 0
IsDontTouch: 0
HasImplIP: 0
IsGatedGlobalClock: 0


============================================================
+ Verbose Summary: Schedule
============================================================
* Number of FSM states : 6
* Pipeline : 0
* Dataflow Pipeline: 0

* FSM state transitions: 
1 --> 2 
2 --> 3 
3 --> 6 4 5 
4 --> 5 
5 --> 3 
6 --> 

* FSM state operations: 

State 1 <SV = 0> <Delay = 1.29>
ST_1 : Operation 7 [1/1] (0.00ns)   --->   "%i = alloca i32 1"   --->   Operation 7 'alloca' 'i' <Predicate = true> <Delay = 0.00>
ST_1 : Operation 8 [1/1] (0.00ns)   --->   "%sof = alloca i32 1"   --->   Operation 8 'alloca' 'sof' <Predicate = true> <Delay = 0.00>
ST_1 : Operation 9 [1/1] (1.20ns)   --->   "%p_read_3 = read i12 @_ssdm_op_Read.ap_auto.i12, i12 %p_read1" [/home/trevor/Documents/xilinx/basys3_pong2/vitis/hud3/xf_hud_accel.cpp:108]   --->   Operation 9 'read' 'p_read_3' <Predicate = true> <Delay = 1.20> <CoreInst = "FIFO_SRL">   --->   Core 81 'FIFO_SRL' <Latency = 0> <II = 1> <Delay = 3.40> <Storage> <Opcode : 'read' 'write' 'nbread' 'nbwrite'> <Ports = 0> <Width = -1> <Depth = -1> <FIFO>
ST_1 : Operation 10 [1/1] (0.00ns)   --->   "%cols = partselect i11 @_ssdm_op_PartSelect.i11.i12.i32.i32, i12 %p_read_3, i32 1, i32 11" [/home/trevor/Documents/xilinx/basys3_pong2/vitis/hud3/xf_hud_accel.cpp:109]   --->   Operation 10 'partselect' 'cols' <Predicate = true> <Delay = 0.00>
ST_1 : Operation 11 [1/1] (1.29ns)   --->   "%store_ln121 = store i1 1, i1 %sof" [/home/trevor/Documents/xilinx/basys3_pong2/vitis/hud3/xf_hud_accel.cpp:121]   --->   Operation 11 'store' 'store_ln121' <Predicate = true> <Delay = 1.29>
ST_1 : Operation 12 [1/1] (1.29ns)   --->   "%store_ln121 = store i12 0, i12 %i" [/home/trevor/Documents/xilinx/basys3_pong2/vitis/hud3/xf_hud_accel.cpp:121]   --->   Operation 12 'store' 'store_ln121' <Predicate = true> <Delay = 1.29>

State 2 <SV = 1> <Delay = 1.88>
ST_2 : Operation 13 [1/1] (0.00ns)   --->   "%specinterface_ln0 = specinterface void @_ssdm_op_SpecInterface, i16 %SEF_Img_data158, void @empty_16, i32 0, i32 0, void @empty_18, i32 0, i32 0, void @empty_18, void @empty_18, void @empty_18, i32 0, i32 0, i32 0, i32 0, void @empty_18, void @empty_18, i32 4294967295, i32 0"   --->   Operation 13 'specinterface' 'specinterface_ln0' <Predicate = true> <Delay = 0.00>
ST_2 : Operation 14 [1/1] (0.00ns)   --->   "%specinterface_ln0 = specinterface void @_ssdm_op_SpecInterface, i1 %m_axis_video_sef_V_dest_V, i1 %m_axis_video_sef_V_id_V, i1 %m_axis_video_sef_V_last_V, i1 %m_axis_video_sef_V_user_V, i2 %m_axis_video_sef_V_strb_V, i2 %m_axis_video_sef_V_keep_V, i16 %m_axis_video_sef_V_data_V, void @empty_20, i32 1, i32 1, void @empty_19, i32 0, i32 0, void @empty_18, void @empty_18, void @empty_18, i32 0, i32 0, i32 0, i32 0, void @empty_18, void @empty_18, i32 4294967295, i32 0"   --->   Operation 14 'specinterface' 'specinterface_ln0' <Predicate = true> <Delay = 0.00>
ST_2 : Operation 15 [1/1] (1.20ns)   --->   "%p_read_4 = read i12 @_ssdm_op_Read.ap_auto.i12, i12 %p_read" [/home/trevor/Documents/xilinx/basys3_pong2/vitis/hud3/xf_hud_accel.cpp:108]   --->   Operation 15 'read' 'p_read_4' <Predicate = true> <Delay = 1.20> <CoreInst = "FIFO_SRL">   --->   Core 81 'FIFO_SRL' <Latency = 0> <II = 1> <Delay = 3.40> <Storage> <Opcode : 'read' 'write' 'nbread' 'nbwrite'> <Ports = 0> <Width = -1> <Depth = -1> <FIFO>
ST_2 : Operation 16 [1/1] (0.00ns)   --->   "%zext_ln109 = zext i11 %cols" [/home/trevor/Documents/xilinx/basys3_pong2/vitis/hud3/xf_hud_accel.cpp:109]   --->   Operation 16 'zext' 'zext_ln109' <Predicate = true> <Delay = 0.00>
ST_2 : Operation 17 [1/1] (1.48ns)   --->   "%sub = add i12 %zext_ln109, i12 4095" [/home/trevor/Documents/xilinx/basys3_pong2/vitis/hud3/xf_hud_accel.cpp:109]   --->   Operation 17 'add' 'sub' <Predicate = true> <Delay = 1.48> <CoreInst = "Adder">   --->   Core 1 'Adder' <Latency = 0> <II = 1> <Delay = 1.54> <FuncUnit> <Opcode : 'add' 'sub'> <InPorts = 2> <OutPorts = 1>
ST_2 : Operation 18 [1/1] (1.88ns)   --->   "%cmp45 = icmp_eq  i11 %cols, i11 0" [/home/trevor/Documents/xilinx/basys3_pong2/vitis/hud3/xf_hud_accel.cpp:109]   --->   Operation 18 'icmp' 'cmp45' <Predicate = true> <Delay = 1.88> <CoreInst = "Cmp">   --->   Core 9 'Cmp' <Latency = 0> <II = 1> <Delay = 1.88> <FuncUnit> <Opcode : 'icmp'> <InPorts = 2> <OutPorts = 1>
ST_2 : Operation 19 [1/1] (0.00ns)   --->   "%br_ln121 = br void %loop_col_mat2axi" [/home/trevor/Documents/xilinx/basys3_pong2/vitis/hud3/xf_hud_accel.cpp:121]   --->   Operation 19 'br' 'br_ln121' <Predicate = true> <Delay = 0.00>

State 3 <SV = 2> <Delay = 1.82>
ST_3 : Operation 20 [1/1] (0.00ns)   --->   "%i_1 = load i12 %i" [/home/trevor/Documents/xilinx/basys3_pong2/vitis/hud3/xf_hud_accel.cpp:121]   --->   Operation 20 'load' 'i_1' <Predicate = true> <Delay = 0.00>
ST_3 : Operation 21 [1/1] (1.82ns)   --->   "%icmp_ln121 = icmp_eq  i12 %i_1, i12 %p_read_4" [/home/trevor/Documents/xilinx/basys3_pong2/vitis/hud3/xf_hud_accel.cpp:121]   --->   Operation 21 'icmp' 'icmp_ln121' <Predicate = true> <Delay = 1.82> <CoreInst = "Cmp">   --->   Core 9 'Cmp' <Latency = 0> <II = 1> <Delay = 1.82> <FuncUnit> <Opcode : 'icmp'> <InPorts = 2> <OutPorts = 1>
ST_3 : Operation 22 [1/1] (1.54ns)   --->   "%i_2 = add i12 %i_1, i12 1" [/home/trevor/Documents/xilinx/basys3_pong2/vitis/hud3/xf_hud_accel.cpp:121]   --->   Operation 22 'add' 'i_2' <Predicate = true> <Delay = 1.54> <CoreInst = "Adder">   --->   Core 1 'Adder' <Latency = 0> <II = 1> <Delay = 1.54> <FuncUnit> <Opcode : 'add' 'sub'> <InPorts = 2> <OutPorts = 1>
ST_3 : Operation 23 [1/1] (0.00ns)   --->   "%br_ln121 = br i1 %icmp_ln121, void %loop_col_mat2axi.split, void %for.end42.loopexit" [/home/trevor/Documents/xilinx/basys3_pong2/vitis/hud3/xf_hud_accel.cpp:121]   --->   Operation 23 'br' 'br_ln121' <Predicate = true> <Delay = 0.00>
ST_3 : Operation 24 [1/1] (0.00ns)   --->   "%speclooptripcount_ln123 = speclooptripcount void @_ssdm_op_SpecLoopTripCount, i64 0, i64 2160, i64 2160" [/home/trevor/Documents/xilinx/basys3_pong2/vitis/hud3/xf_hud_accel.cpp:123]   --->   Operation 24 'speclooptripcount' 'speclooptripcount_ln123' <Predicate = (!icmp_ln121)> <Delay = 0.00>
ST_3 : Operation 25 [1/1] (0.00ns)   --->   "%specloopname_ln118 = specloopname void @_ssdm_op_SpecLoopName, void @empty" [/home/trevor/Documents/xilinx/basys3_pong2/vitis/hud3/xf_hud_accel.cpp:118]   --->   Operation 25 'specloopname' 'specloopname_ln118' <Predicate = (!icmp_ln121)> <Delay = 0.00>
ST_3 : Operation 26 [1/1] (0.00ns)   --->   "%br_ln126 = br i1 %cmp45, void %for.body6.preheader, void %for.inc40" [/home/trevor/Documents/xilinx/basys3_pong2/vitis/hud3/xf_hud_accel.cpp:126]   --->   Operation 26 'br' 'br_ln126' <Predicate = (!icmp_ln121)> <Delay = 0.00>

State 4 <SV = 3> <Delay = 3.18>
ST_4 : Operation 27 [1/1] (0.00ns)   --->   "%sof_load = load i1 %sof"   --->   Operation 27 'load' 'sof_load' <Predicate = true> <Delay = 0.00>
ST_4 : Operation 28 [1/1] (0.00ns)   --->   "%empty = wait i32 @_ssdm_op_Wait"   --->   Operation 28 'wait' 'empty' <Predicate = true> <Delay = 0.00>
ST_4 : Operation 29 [2/2] (3.18ns)   --->   "%call_ln109 = call void @GRAYMat2AXIvideo<0, 2160, 3840, 2, 3>.1_Pipeline_loop_col_mat2axi, i1 %sof_load, i11 %cols, i12 %sub, i16 %SEF_Img_data158, i16 %m_axis_video_sef_V_data_V, i2 %m_axis_video_sef_V_keep_V, i2 %m_axis_video_sef_V_strb_V, i1 %m_axis_video_sef_V_user_V, i1 %m_axis_video_sef_V_last_V, i1 %m_axis_video_sef_V_id_V, i1 %m_axis_video_sef_V_dest_V" [/home/trevor/Documents/xilinx/basys3_pong2/vitis/hud3/xf_hud_accel.cpp:109]   --->   Operation 29 'call' 'call_ln109' <Predicate = true> <Delay = 3.18> <CoreType = "Generic">   --->   Core 0 '' <Latency = 0> <II = 1> <Delay = 1.00> <Generic> <Opcode : >

State 5 <SV = 4> <Delay = 1.29>
ST_5 : Operation 30 [1/2] (1.20ns)   --->   "%call_ln109 = call void @GRAYMat2AXIvideo<0, 2160, 3840, 2, 3>.1_Pipeline_loop_col_mat2axi, i1 %sof_load, i11 %cols, i12 %sub, i16 %SEF_Img_data158, i16 %m_axis_video_sef_V_data_V, i2 %m_axis_video_sef_V_keep_V, i2 %m_axis_video_sef_V_strb_V, i1 %m_axis_video_sef_V_user_V, i1 %m_axis_video_sef_V_last_V, i1 %m_axis_video_sef_V_id_V, i1 %m_axis_video_sef_V_dest_V" [/home/trevor/Documents/xilinx/basys3_pong2/vitis/hud3/xf_hud_accel.cpp:109]   --->   Operation 30 'call' 'call_ln109' <Predicate = (!cmp45)> <Delay = 1.20> <CoreType = "Generic">   --->   Core 0 '' <Latency = 0> <II = 1> <Delay = 1.00> <Generic> <Opcode : >
ST_5 : Operation 31 [1/1] (1.29ns)   --->   "%store_ln0 = store i1 0, i1 %sof"   --->   Operation 31 'store' 'store_ln0' <Predicate = (!cmp45)> <Delay = 1.29>
ST_5 : Operation 32 [1/1] (0.00ns)   --->   "%br_ln0 = br void %for.inc40"   --->   Operation 32 'br' 'br_ln0' <Predicate = (!cmp45)> <Delay = 0.00>
ST_5 : Operation 33 [1/1] (1.29ns)   --->   "%store_ln121 = store i12 %i_2, i12 %i" [/home/trevor/Documents/xilinx/basys3_pong2/vitis/hud3/xf_hud_accel.cpp:121]   --->   Operation 33 'store' 'store_ln121' <Predicate = true> <Delay = 1.29>
ST_5 : Operation 34 [1/1] (0.00ns)   --->   "%br_ln121 = br void %loop_col_mat2axi" [/home/trevor/Documents/xilinx/basys3_pong2/vitis/hud3/xf_hud_accel.cpp:121]   --->   Operation 34 'br' 'br_ln121' <Predicate = true> <Delay = 0.00>

State 6 <SV = 5> <Delay = 0.00>
ST_6 : Operation 35 [1/1] (0.00ns)   --->   "%ret_ln164 = ret" [/home/trevor/Documents/xilinx/basys3_pong2/vitis/hud3/xf_hud_accel.cpp:164]   --->   Operation 35 'ret' 'ret_ln164' <Predicate = true> <Delay = 0.00>


============================================================
+ Verbose Summary: Binding
============================================================
STG Binding: 
---------------- STG Properties BEGIN ----------------
- Is combinational: 0
- Is one-state seq: 0
- Is datapath-only: 0
- Is pipelined: 0
- Is top level: 0
Port [ Return ] is wired: 1; IO mode=ap_ctrl_hs:ce=0
Port [ p_read]:  wired=1; compound=0; hidden=0; nouse=0; global=0; static=0; extern=0; dir=0; type=0; pingpong=0; private_global=0; IO mode=ap_none:ce=0
Port [ p_read1]:  wired=1; compound=0; hidden=0; nouse=0; global=0; static=0; extern=0; dir=0; type=0; pingpong=0; private_global=0; IO mode=ap_none:ce=0
Port [ SEF_Img_data158]:  wired=1; compound=1; hidden=0; nouse=0; global=0; static=0; extern=0; dir=0; type=3; pingpong=0; private_global=0; IO mode=ap_fifo:ce=0
Port [ m_axis_video_sef_V_data_V]:  wired=1; compound=1; hidden=0; nouse=0; global=0; static=0; extern=0; dir=1; type=0; pingpong=0; private_global=0; IO mode=axis:ce=0
Port [ m_axis_video_sef_V_keep_V]:  wired=1; compound=1; hidden=0; nouse=0; global=0; static=0; extern=0; dir=1; type=0; pingpong=0; private_global=0; IO mode=axis:ce=0
Port [ m_axis_video_sef_V_strb_V]:  wired=1; compound=1; hidden=0; nouse=0; global=0; static=0; extern=0; dir=1; type=0; pingpong=0; private_global=0; IO mode=axis:ce=0
Port [ m_axis_video_sef_V_user_V]:  wired=1; compound=1; hidden=0; nouse=0; global=0; static=0; extern=0; dir=1; type=0; pingpong=0; private_global=0; IO mode=axis:ce=0
Port [ m_axis_video_sef_V_last_V]:  wired=1; compound=1; hidden=0; nouse=0; global=0; static=0; extern=0; dir=1; type=0; pingpong=0; private_global=0; IO mode=axis:ce=0
Port [ m_axis_video_sef_V_id_V]:  wired=1; compound=1; hidden=0; nouse=0; global=0; static=0; extern=0; dir=1; type=0; pingpong=0; private_global=0; IO mode=axis:ce=0
Port [ m_axis_video_sef_V_dest_V]:  wired=1; compound=1; hidden=0; nouse=0; global=0; static=0; extern=0; dir=1; type=0; pingpong=0; private_global=0; IO mode=axis:ce=0
---------------- STG Properties END ------------------

---------------- Datapath Model BEGIN ----------------

<LifeTime>
<method=bitvector/>
i                       (alloca           ) [ 0111110]
sof                     (alloca           ) [ 0111110]
p_read_3                (read             ) [ 0000000]
cols                    (partselect       ) [ 0011110]
store_ln121             (store            ) [ 0000000]
store_ln121             (store            ) [ 0000000]
specinterface_ln0       (specinterface    ) [ 0000000]
specinterface_ln0       (specinterface    ) [ 0000000]
p_read_4                (read             ) [ 0001110]
zext_ln109              (zext             ) [ 0000000]
sub                     (add              ) [ 0001110]
cmp45                   (icmp             ) [ 0001110]
br_ln121                (br               ) [ 0000000]
i_1                     (load             ) [ 0000000]
icmp_ln121              (icmp             ) [ 0001110]
i_2                     (add              ) [ 0000110]
br_ln121                (br               ) [ 0000000]
speclooptripcount_ln123 (speclooptripcount) [ 0000000]
specloopname_ln118      (specloopname     ) [ 0000000]
br_ln126                (br               ) [ 0000000]
sof_load                (load             ) [ 0001010]
empty                   (wait             ) [ 0000000]
call_ln109              (call             ) [ 0000000]
store_ln0               (store            ) [ 0000000]
br_ln0                  (br               ) [ 0000000]
store_ln121             (store            ) [ 0000000]
br_ln121                (br               ) [ 0000000]
ret_ln164               (ret              ) [ 0000000]
</LifeTime>

<model>

<comp_list>
<comp id="0" class="1000" name="p_read">
<pin_list>
<pin id="1" dir="1" index="0" bw="1" slack="0"/>
</pin_list>
<bind>
<StgValue><ssdm name="p_read"/></StgValue>
</bind>
</comp>

<comp id="2" class="1000" name="p_read1">
<pin_list>
<pin id="3" dir="1" index="0" bw="1" slack="0"/>
</pin_list>
<bind>
<StgValue><ssdm name="p_read1"/></StgValue>
</bind>
</comp>

<comp id="4" class="1000" name="SEF_Img_data158">
<pin_list>
<pin id="5" dir="1" index="0" bw="1" slack="0"/>
</pin_list>
<bind>
<StgValue><ssdm name="SEF_Img_data158"/></StgValue>
</bind>
</comp>

<comp id="6" class="1000" name="m_axis_video_sef_V_data_V">
<pin_list>
<pin id="7" dir="1" index="0" bw="1" slack="0"/>
</pin_list>
<bind>
<StgValue><ssdm name="m_axis_video_sef_V_data_V"/></StgValue>
</bind>
</comp>

<comp id="8" class="1000" name="m_axis_video_sef_V_keep_V">
<pin_list>
<pin id="9" dir="1" index="0" bw="1" slack="0"/>
</pin_list>
<bind>
<StgValue><ssdm name="m_axis_video_sef_V_keep_V"/></StgValue>
</bind>
</comp>

<comp id="10" class="1000" name="m_axis_video_sef_V_strb_V">
<pin_list>
<pin id="11" dir="1" index="0" bw="1" slack="0"/>
</pin_list>
<bind>
<StgValue><ssdm name="m_axis_video_sef_V_strb_V"/></StgValue>
</bind>
</comp>

<comp id="12" class="1000" name="m_axis_video_sef_V_user_V">
<pin_list>
<pin id="13" dir="1" index="0" bw="1" slack="0"/>
</pin_list>
<bind>
<StgValue><ssdm name="m_axis_video_sef_V_user_V"/></StgValue>
</bind>
</comp>

<comp id="14" class="1000" name="m_axis_video_sef_V_last_V">
<pin_list>
<pin id="15" dir="1" index="0" bw="1" slack="0"/>
</pin_list>
<bind>
<StgValue><ssdm name="m_axis_video_sef_V_last_V"/></StgValue>
</bind>
</comp>

<comp id="16" class="1000" name="m_axis_video_sef_V_id_V">
<pin_list>
<pin id="17" dir="1" index="0" bw="1" slack="0"/>
</pin_list>
<bind>
<StgValue><ssdm name="m_axis_video_sef_V_id_V"/></StgValue>
</bind>
</comp>

<comp id="18" class="1000" name="m_axis_video_sef_V_dest_V">
<pin_list>
<pin id="19" dir="1" index="0" bw="1" slack="0"/>
</pin_list>
<bind>
<StgValue><ssdm name="m_axis_video_sef_V_dest_V"/></StgValue>
</bind>
</comp>

<comp id="20" class="1001" name="const_20">
<pin_list>
<pin id="21" dir="1" index="0" bw="1" slack="0"/>
</pin_list>
<bind>
<StgValue><ssdm name=""/></StgValue>
</bind>
</comp>

<comp id="22" class="1001" name="const_22">
<pin_list>
<pin id="23" dir="1" index="0" bw="1" slack="0"/>
</pin_list>
<bind>
<StgValue><ssdm name="_ssdm_op_Read.ap_auto.i12"/></StgValue>
</bind>
</comp>

<comp id="24" class="1001" name="const_24">
<pin_list>
<pin id="25" dir="1" index="0" bw="1" slack="0"/>
</pin_list>
<bind>
<StgValue><ssdm name="_ssdm_op_PartSelect.i11.i12.i32.i32"/></StgValue>
</bind>
</comp>

<comp id="26" class="1001" name="const_26">
<pin_list>
<pin id="27" dir="1" index="0" bw="1" slack="0"/>
</pin_list>
<bind>
<StgValue><ssdm name=""/></StgValue>
</bind>
</comp>

<comp id="28" class="1001" name="const_28">
<pin_list>
<pin id="29" dir="1" index="0" bw="1" slack="0"/>
</pin_list>
<bind>
<StgValue><ssdm name=""/></StgValue>
</bind>
</comp>

<comp id="30" class="1001" name="const_30">
<pin_list>
<pin id="31" dir="1" index="0" bw="1" slack="0"/>
</pin_list>
<bind>
<StgValue><ssdm name=""/></StgValue>
</bind>
</comp>

<comp id="32" class="1001" name="const_32">
<pin_list>
<pin id="33" dir="1" index="0" bw="1" slack="2147483647"/>
</pin_list>
<bind>
<StgValue><ssdm name="_ssdm_op_SpecInterface"/></StgValue>
</bind>
</comp>

<comp id="34" class="1001" name="const_34">
<pin_list>
<pin id="35" dir="1" index="0" bw="1" slack="2147483647"/>
</pin_list>
<bind>
<StgValue><ssdm name="empty_16"/></StgValue>
</bind>
</comp>

<comp id="36" class="1001" name="const_36">
<pin_list>
<pin id="37" dir="1" index="0" bw="1" slack="2147483647"/>
</pin_list>
<bind>
<StgValue><ssdm name=""/></StgValue>
</bind>
</comp>

<comp id="38" class="1001" name="const_38">
<pin_list>
<pin id="39" dir="1" index="0" bw="1" slack="2147483647"/>
</pin_list>
<bind>
<StgValue><ssdm name="empty_18"/></StgValue>
</bind>
</comp>

<comp id="40" class="1001" name="const_40">
<pin_list>
<pin id="41" dir="1" index="0" bw="1" slack="2147483647"/>
</pin_list>
<bind>
<StgValue><ssdm name=""/></StgValue>
</bind>
</comp>

<comp id="42" class="1001" name="const_42">
<pin_list>
<pin id="43" dir="1" index="0" bw="1" slack="2147483647"/>
</pin_list>
<bind>
<StgValue><ssdm name="empty_20"/></StgValue>
</bind>
</comp>

<comp id="44" class="1001" name="const_44">
<pin_list>
<pin id="45" dir="1" index="0" bw="1" slack="2147483647"/>
</pin_list>
<bind>
<StgValue><ssdm name="empty_19"/></StgValue>
</bind>
</comp>

<comp id="46" class="1001" name="const_46">
<pin_list>
<pin id="47" dir="1" index="0" bw="1" slack="0"/>
</pin_list>
<bind>
<StgValue><ssdm name=""/></StgValue>
</bind>
</comp>

<comp id="48" class="1001" name="const_48">
<pin_list>
<pin id="49" dir="1" index="0" bw="1" slack="0"/>
</pin_list>
<bind>
<StgValue><ssdm name=""/></StgValue>
</bind>
</comp>

<comp id="50" class="1001" name="const_50">
<pin_list>
<pin id="51" dir="1" index="0" bw="1" slack="0"/>
</pin_list>
<bind>
<StgValue><ssdm name=""/></StgValue>
</bind>
</comp>

<comp id="52" class="1001" name="const_52">
<pin_list>
<pin id="53" dir="1" index="0" bw="1" slack="2147483647"/>
</pin_list>
<bind>
<StgValue><ssdm name="_ssdm_op_SpecLoopTripCount"/></StgValue>
</bind>
</comp>

<comp id="54" class="1001" name="const_54">
<pin_list>
<pin id="55" dir="1" index="0" bw="1" slack="2147483647"/>
</pin_list>
<bind>
<StgValue><ssdm name=""/></StgValue>
</bind>
</comp>

<comp id="56" class="1001" name="const_56">
<pin_list>
<pin id="57" dir="1" index="0" bw="1" slack="2147483647"/>
</pin_list>
<bind>
<StgValue><ssdm name=""/></StgValue>
</bind>
</comp>

<comp id="58" class="1001" name="const_58">
<pin_list>
<pin id="59" dir="1" index="0" bw="1" slack="2147483647"/>
</pin_list>
<bind>
<StgValue><ssdm name="_ssdm_op_SpecLoopName"/></StgValue>
</bind>
</comp>

<comp id="60" class="1001" name="const_60">
<pin_list>
<pin id="61" dir="1" index="0" bw="1" slack="2147483647"/>
</pin_list>
<bind>
<StgValue><ssdm name="empty"/></StgValue>
</bind>
</comp>

<comp id="62" class="1001" name="const_62">
<pin_list>
<pin id="63" dir="1" index="0" bw="1" slack="2147483647"/>
</pin_list>
<bind>
<StgValue><ssdm name="_ssdm_op_Wait"/></StgValue>
</bind>
</comp>

<comp id="64" class="1001" name="const_64">
<pin_list>
<pin id="65" dir="1" index="0" bw="1" slack="0"/>
</pin_list>
<bind>
<StgValue><ssdm name="GRAYMat2AXIvideo<0, 2160, 3840, 2, 3>.1_Pipeline_loop_col_mat2axi"/></StgValue>
</bind>
</comp>

<comp id="66" class="1001" name="const_66">
<pin_list>
<pin id="67" dir="1" index="0" bw="1" slack="0"/>
</pin_list>
<bind>
<StgValue><ssdm name=""/></StgValue>
</bind>
</comp>

<comp id="68" class="1004" name="i_fu_68">
<pin_list>
<pin id="69" dir="0" index="0" bw="1" slack="0"/>
<pin id="70" dir="1" index="1" bw="12" slack="0"/>
</pin_list>
<bind>
<opcode="alloca(26) " fcode="alloca"/>
<opset="i/1 "/>
</bind>
</comp>

<comp id="72" class="1004" name="sof_fu_72">
<pin_list>
<pin id="73" dir="0" index="0" bw="1" slack="0"/>
<pin id="74" dir="1" index="1" bw="1" slack="0"/>
</pin_list>
<bind>
<opcode="alloca(26) " fcode="alloca"/>
<opset="sof/1 "/>
</bind>
</comp>

<comp id="76" class="1004" name="p_read_3_read_fu_76">
<pin_list>
<pin id="77" dir="0" index="0" bw="12" slack="0"/>
<pin id="78" dir="0" index="1" bw="12" slack="0"/>
<pin id="79" dir="1" index="2" bw="12" slack="0"/>
</pin_list>
<bind>
<opcode="read(1150) " fcode="read"/>
<opset="p_read_3/1 "/>
</bind>
</comp>

<comp id="82" class="1004" name="p_read_4_read_fu_82">
<pin_list>
<pin id="83" dir="0" index="0" bw="12" slack="0"/>
<pin id="84" dir="0" index="1" bw="12" slack="0"/>
<pin id="85" dir="1" index="2" bw="12" slack="1"/>
</pin_list>
<bind>
<opcode="read(1150) " fcode="read"/>
<opset="p_read_4/2 "/>
</bind>
</comp>

<comp id="88" class="1004" name="grp_GRAYMat2AXIvideo_0_2160_3840_2_3_1_Pipeline_loop_col_mat2axi_fu_88">
<pin_list>
<pin id="89" dir="0" index="0" bw="0" slack="0"/>
<pin id="90" dir="0" index="1" bw="1" slack="0"/>
<pin id="91" dir="0" index="2" bw="11" slack="3"/>
<pin id="92" dir="0" index="3" bw="12" slack="2"/>
<pin id="93" dir="0" index="4" bw="16" slack="0"/>
<pin id="94" dir="0" index="5" bw="16" slack="0"/>
<pin id="95" dir="0" index="6" bw="2" slack="0"/>
<pin id="96" dir="0" index="7" bw="2" slack="0"/>
<pin id="97" dir="0" index="8" bw="1" slack="0"/>
<pin id="98" dir="0" index="9" bw="1" slack="0"/>
<pin id="99" dir="0" index="10" bw="1" slack="0"/>
<pin id="100" dir="0" index="11" bw="1" slack="0"/>
<pin id="101" dir="1" index="12" bw="0" slack="2147483647"/>
</pin_list>
<bind>
<opcode="call(48) " fcode="call"/>
<opset="call_ln109/4 "/>
</bind>
</comp>

<comp id="111" class="1004" name="cols_fu_111">
<pin_list>
<pin id="112" dir="0" index="0" bw="11" slack="0"/>
<pin id="113" dir="0" index="1" bw="12" slack="0"/>
<pin id="114" dir="0" index="2" bw="1" slack="0"/>
<pin id="115" dir="0" index="3" bw="5" slack="0"/>
<pin id="116" dir="1" index="4" bw="11" slack="1"/>
</pin_list>
<bind>
<opcode="partselect(1002) " fcode="partselect"/>
<opset="cols/1 "/>
</bind>
</comp>

<comp id="121" class="1004" name="store_ln121_store_fu_121">
<pin_list>
<pin id="122" dir="0" index="0" bw="1" slack="0"/>
<pin id="123" dir="0" index="1" bw="1" slack="0"/>
<pin id="124" dir="1" index="2" bw="0" slack="2147483647"/>
</pin_list>
<bind>
<opcode="store(28) " fcode="store"/>
<opset="store_ln121/1 "/>
</bind>
</comp>

<comp id="126" class="1004" name="store_ln121_store_fu_126">
<pin_list>
<pin id="127" dir="0" index="0" bw="1" slack="0"/>
<pin id="128" dir="0" index="1" bw="12" slack="0"/>
<pin id="129" dir="1" index="2" bw="0" slack="2147483647"/>
</pin_list>
<bind>
<opcode="store(28) " fcode="store"/>
<opset="store_ln121/1 "/>
</bind>
</comp>

<comp id="131" class="1004" name="zext_ln109_fu_131">
<pin_list>
<pin id="132" dir="0" index="0" bw="11" slack="1"/>
<pin id="133" dir="1" index="1" bw="12" slack="0"/>
</pin_list>
<bind>
<opcode="zext(34) " fcode="zext"/>
<opset="zext_ln109/2 "/>
</bind>
</comp>

<comp id="134" class="1004" name="sub_fu_134">
<pin_list>
<pin id="135" dir="0" index="0" bw="11" slack="0"/>
<pin id="136" dir="0" index="1" bw="1" slack="0"/>
<pin id="137" dir="1" index="2" bw="12" slack="2"/>
</pin_list>
<bind>
<opcode="add(8) " fcode="add"/>
<opset="sub/2 "/>
</bind>
</comp>

<comp id="140" class="1004" name="cmp45_fu_140">
<pin_list>
<pin id="141" dir="0" index="0" bw="11" slack="1"/>
<pin id="142" dir="0" index="1" bw="11" slack="0"/>
<pin id="143" dir="1" index="2" bw="1" slack="1"/>
</pin_list>
<bind>
<opcode="icmp(45) " fcode="icmp"/>
<opset="cmp45/2 "/>
</bind>
</comp>

<comp id="145" class="1004" name="i_1_load_fu_145">
<pin_list>
<pin id="146" dir="0" index="0" bw="12" slack="2"/>
<pin id="147" dir="1" index="1" bw="12" slack="0"/>
</pin_list>
<bind>
<opcode="load(27) " fcode="load"/>
<opset="i_1/3 "/>
</bind>
</comp>

<comp id="148" class="1004" name="icmp_ln121_fu_148">
<pin_list>
<pin id="149" dir="0" index="0" bw="12" slack="0"/>
<pin id="150" dir="0" index="1" bw="12" slack="1"/>
<pin id="151" dir="1" index="2" bw="1" slack="2147483647"/>
</pin_list>
<bind>
<opcode="icmp(45) " fcode="icmp"/>
<opset="icmp_ln121/3 "/>
</bind>
</comp>

<comp id="153" class="1004" name="i_2_fu_153">
<pin_list>
<pin id="154" dir="0" index="0" bw="12" slack="0"/>
<pin id="155" dir="0" index="1" bw="1" slack="0"/>
<pin id="156" dir="1" index="2" bw="12" slack="2"/>
</pin_list>
<bind>
<opcode="add(8) " fcode="add"/>
<opset="i_2/3 "/>
</bind>
</comp>

<comp id="159" class="1004" name="sof_load_load_fu_159">
<pin_list>
<pin id="160" dir="0" index="0" bw="1" slack="3"/>
<pin id="161" dir="1" index="1" bw="1" slack="0"/>
</pin_list>
<bind>
<opcode="load(27) " fcode="load"/>
<opset="sof_load/4 "/>
</bind>
</comp>

<comp id="163" class="1004" name="store_ln0_store_fu_163">
<pin_list>
<pin id="164" dir="0" index="0" bw="1" slack="0"/>
<pin id="165" dir="0" index="1" bw="1" slack="4"/>
<pin id="166" dir="1" index="2" bw="0" slack="2147483647"/>
</pin_list>
<bind>
<opcode="store(28) " fcode="store"/>
<opset="store_ln0/5 "/>
</bind>
</comp>

<comp id="168" class="1004" name="store_ln121_store_fu_168">
<pin_list>
<pin id="169" dir="0" index="0" bw="12" slack="2"/>
<pin id="170" dir="0" index="1" bw="12" slack="4"/>
<pin id="171" dir="1" index="2" bw="0" slack="2147483647"/>
</pin_list>
<bind>
<opcode="store(28) " fcode="store"/>
<opset="store_ln121/5 "/>
</bind>
</comp>

<comp id="172" class="1005" name="i_reg_172">
<pin_list>
<pin id="173" dir="0" index="0" bw="12" slack="0"/>
<pin id="174" dir="1" index="1" bw="12" slack="0"/>
</pin_list>
<bind>
<opset="i "/>
</bind>
</comp>

<comp id="179" class="1005" name="sof_reg_179">
<pin_list>
<pin id="180" dir="0" index="0" bw="1" slack="0"/>
<pin id="181" dir="1" index="1" bw="1" slack="0"/>
</pin_list>
<bind>
<opset="sof "/>
</bind>
</comp>

<comp id="186" class="1005" name="cols_reg_186">
<pin_list>
<pin id="187" dir="0" index="0" bw="11" slack="1"/>
<pin id="188" dir="1" index="1" bw="11" slack="1"/>
</pin_list>
<bind>
<opset="cols "/>
</bind>
</comp>

<comp id="193" class="1005" name="p_read_4_reg_193">
<pin_list>
<pin id="194" dir="0" index="0" bw="12" slack="1"/>
<pin id="195" dir="1" index="1" bw="12" slack="1"/>
</pin_list>
<bind>
<opset="p_read_4 "/>
</bind>
</comp>

<comp id="198" class="1005" name="sub_reg_198">
<pin_list>
<pin id="199" dir="0" index="0" bw="12" slack="2"/>
<pin id="200" dir="1" index="1" bw="12" slack="2"/>
</pin_list>
<bind>
<opset="sub "/>
</bind>
</comp>

<comp id="203" class="1005" name="cmp45_reg_203">
<pin_list>
<pin id="204" dir="0" index="0" bw="1" slack="1"/>
<pin id="205" dir="1" index="1" bw="1" slack="2147483647"/>
</pin_list>
<bind>
<opset="cmp45 "/>
</bind>
</comp>

<comp id="210" class="1005" name="i_2_reg_210">
<pin_list>
<pin id="211" dir="0" index="0" bw="12" slack="2"/>
<pin id="212" dir="1" index="1" bw="12" slack="2"/>
</pin_list>
<bind>
<opset="i_2 "/>
</bind>
</comp>

</comp_list>

<net_list>
<net id="71"><net_src comp="20" pin="0"/><net_sink comp="68" pin=0"/></net>

<net id="75"><net_src comp="20" pin="0"/><net_sink comp="72" pin=0"/></net>

<net id="80"><net_src comp="22" pin="0"/><net_sink comp="76" pin=0"/></net>

<net id="81"><net_src comp="2" pin="0"/><net_sink comp="76" pin=1"/></net>

<net id="86"><net_src comp="22" pin="0"/><net_sink comp="82" pin=0"/></net>

<net id="87"><net_src comp="0" pin="0"/><net_sink comp="82" pin=1"/></net>

<net id="102"><net_src comp="64" pin="0"/><net_sink comp="88" pin=0"/></net>

<net id="103"><net_src comp="4" pin="0"/><net_sink comp="88" pin=4"/></net>

<net id="104"><net_src comp="6" pin="0"/><net_sink comp="88" pin=5"/></net>

<net id="105"><net_src comp="8" pin="0"/><net_sink comp="88" pin=6"/></net>

<net id="106"><net_src comp="10" pin="0"/><net_sink comp="88" pin=7"/></net>

<net id="107"><net_src comp="12" pin="0"/><net_sink comp="88" pin=8"/></net>

<net id="108"><net_src comp="14" pin="0"/><net_sink comp="88" pin=9"/></net>

<net id="109"><net_src comp="16" pin="0"/><net_sink comp="88" pin=10"/></net>

<net id="110"><net_src comp="18" pin="0"/><net_sink comp="88" pin=11"/></net>

<net id="117"><net_src comp="24" pin="0"/><net_sink comp="111" pin=0"/></net>

<net id="118"><net_src comp="76" pin="2"/><net_sink comp="111" pin=1"/></net>

<net id="119"><net_src comp="20" pin="0"/><net_sink comp="111" pin=2"/></net>

<net id="120"><net_src comp="26" pin="0"/><net_sink comp="111" pin=3"/></net>

<net id="125"><net_src comp="28" pin="0"/><net_sink comp="121" pin=0"/></net>

<net id="130"><net_src comp="30" pin="0"/><net_sink comp="126" pin=0"/></net>

<net id="138"><net_src comp="131" pin="1"/><net_sink comp="134" pin=0"/></net>

<net id="139"><net_src comp="46" pin="0"/><net_sink comp="134" pin=1"/></net>

<net id="144"><net_src comp="48" pin="0"/><net_sink comp="140" pin=1"/></net>

<net id="152"><net_src comp="145" pin="1"/><net_sink comp="148" pin=0"/></net>

<net id="157"><net_src comp="145" pin="1"/><net_sink comp="153" pin=0"/></net>

<net id="158"><net_src comp="50" pin="0"/><net_sink comp="153" pin=1"/></net>

<net id="162"><net_src comp="159" pin="1"/><net_sink comp="88" pin=1"/></net>

<net id="167"><net_src comp="66" pin="0"/><net_sink comp="163" pin=0"/></net>

<net id="175"><net_src comp="68" pin="1"/><net_sink comp="172" pin=0"/></net>

<net id="176"><net_src comp="172" pin="1"/><net_sink comp="126" pin=1"/></net>

<net id="177"><net_src comp="172" pin="1"/><net_sink comp="145" pin=0"/></net>

<net id="178"><net_src comp="172" pin="1"/><net_sink comp="168" pin=1"/></net>

<net id="182"><net_src comp="72" pin="1"/><net_sink comp="179" pin=0"/></net>

<net id="183"><net_src comp="179" pin="1"/><net_sink comp="121" pin=1"/></net>

<net id="184"><net_src comp="179" pin="1"/><net_sink comp="159" pin=0"/></net>

<net id="185"><net_src comp="179" pin="1"/><net_sink comp="163" pin=1"/></net>

<net id="189"><net_src comp="111" pin="4"/><net_sink comp="186" pin=0"/></net>

<net id="190"><net_src comp="186" pin="1"/><net_sink comp="131" pin=0"/></net>

<net id="191"><net_src comp="186" pin="1"/><net_sink comp="140" pin=0"/></net>

<net id="192"><net_src comp="186" pin="1"/><net_sink comp="88" pin=2"/></net>

<net id="196"><net_src comp="82" pin="2"/><net_sink comp="193" pin=0"/></net>

<net id="197"><net_src comp="193" pin="1"/><net_sink comp="148" pin=1"/></net>

<net id="201"><net_src comp="134" pin="2"/><net_sink comp="198" pin=0"/></net>

<net id="202"><net_src comp="198" pin="1"/><net_sink comp="88" pin=3"/></net>

<net id="206"><net_src comp="140" pin="2"/><net_sink comp="203" pin=0"/></net>

<net id="213"><net_src comp="153" pin="2"/><net_sink comp="210" pin=0"/></net>

<net id="214"><net_src comp="210" pin="1"/><net_sink comp="168" pin=0"/></net>

</net_list>

</model> 
---------------- Datapath Model END ------------------

* FSMD analyzer results:
  - Output states:
	Port: m_axis_video_sef_V_data_V | {4 5 }
	Port: m_axis_video_sef_V_keep_V | {4 5 }
	Port: m_axis_video_sef_V_strb_V | {4 5 }
	Port: m_axis_video_sef_V_user_V | {4 5 }
	Port: m_axis_video_sef_V_last_V | {4 5 }
	Port: m_axis_video_sef_V_id_V | {4 5 }
	Port: m_axis_video_sef_V_dest_V | {4 5 }
 - Input state : 
	Port: GRAYMat2AXIvideo<0, 2160, 3840, 2, 3>.1 : p_read | {2 }
	Port: GRAYMat2AXIvideo<0, 2160, 3840, 2, 3>.1 : p_read1 | {1 }
	Port: GRAYMat2AXIvideo<0, 2160, 3840, 2, 3>.1 : SEF_Img_data158 | {4 5 }
	Port: GRAYMat2AXIvideo<0, 2160, 3840, 2, 3>.1 : m_axis_video_sef_V_data_V | {}
	Port: GRAYMat2AXIvideo<0, 2160, 3840, 2, 3>.1 : m_axis_video_sef_V_keep_V | {}
	Port: GRAYMat2AXIvideo<0, 2160, 3840, 2, 3>.1 : m_axis_video_sef_V_strb_V | {}
	Port: GRAYMat2AXIvideo<0, 2160, 3840, 2, 3>.1 : m_axis_video_sef_V_user_V | {}
	Port: GRAYMat2AXIvideo<0, 2160, 3840, 2, 3>.1 : m_axis_video_sef_V_last_V | {}
	Port: GRAYMat2AXIvideo<0, 2160, 3840, 2, 3>.1 : m_axis_video_sef_V_id_V | {}
	Port: GRAYMat2AXIvideo<0, 2160, 3840, 2, 3>.1 : m_axis_video_sef_V_dest_V | {}
  - Chain level:
	State 1
		store_ln121 : 1
		store_ln121 : 1
	State 2
		sub : 1
	State 3
		icmp_ln121 : 1
		i_2 : 1
		br_ln121 : 2
	State 4
		call_ln109 : 1
	State 5
	State 6


============================================================
+ Verbose Summary: Datapath Resource usage 
============================================================

* Functional unit list:
|----------|------------------------------------------------------------------------|---------|---------|
| Operation|                             Functional Unit                            |    FF   |   LUT   |
|----------|------------------------------------------------------------------------|---------|---------|
|   call   | grp_GRAYMat2AXIvideo_0_2160_3840_2_3_1_Pipeline_loop_col_mat2axi_fu_88 |    15   |    21   |
|----------|------------------------------------------------------------------------|---------|---------|
|    add   |                               sub_fu_134                               |    0    |    11   |
|          |                               i_2_fu_153                               |    0    |    12   |
|----------|------------------------------------------------------------------------|---------|---------|
|   icmp   |                              cmp45_fu_140                              |    0    |    5    |
|          |                            icmp_ln121_fu_148                           |    0    |    5    |
|----------|------------------------------------------------------------------------|---------|---------|
|   read   |                           p_read_3_read_fu_76                          |    0    |    0    |
|          |                           p_read_4_read_fu_82                          |    0    |    0    |
|----------|------------------------------------------------------------------------|---------|---------|
|partselect|                               cols_fu_111                              |    0    |    0    |
|----------|------------------------------------------------------------------------|---------|---------|
|   zext   |                            zext_ln109_fu_131                           |    0    |    0    |
|----------|------------------------------------------------------------------------|---------|---------|
|   Total  |                                                                        |    15   |    54   |
|----------|------------------------------------------------------------------------|---------|---------|

Memories:
N/A

* Register list:
+----------------+--------+
|                |   FF   |
+----------------+--------+
|  cmp45_reg_203 |    1   |
|  cols_reg_186  |   11   |
|   i_2_reg_210  |   12   |
|    i_reg_172   |   12   |
|p_read_4_reg_193|   12   |
|   sof_reg_179  |    1   |
|   sub_reg_198  |   12   |
+----------------+--------+
|      Total     |   61   |
+----------------+--------+

* Multiplexer (MUX) list: 
|--------|------|------|------|--------|
|  Comp  |  Pin | Size |  BW  | S x BW |
|--------|------|------|------|--------|
|  Total |      |      |      |    0   |
|--------|------|------|------|--------|



* Summary:
+-----------+--------+--------+
|           |   FF   |   LUT  |
+-----------+--------+--------+
|  Function |   15   |   54   |
|   Memory  |    -   |    -   |
|Multiplexer|    -   |    -   |
|  Register |   61   |    -   |
+-----------+--------+--------+
|   Total   |   76   |   54   |
+-----------+--------+--------+
