

================================================================
== Vitis HLS Report for 'AXIvideo2MultiPixStream'
================================================================
* Date:           Tue Sep  6 19:46:55 2022

* Version:        2022.1 (Build 3526262 on Mon Apr 18 15:47:01 MDT 2022)
* Project:        prj
* Solution:       sol (Vivado IP Flow Target)
* Product family: artix7
* Target device:  xc7a35t-cpg236-1


================================================================
== Performance Estimates
================================================================
+ Timing: 
    * Summary: 
    +--------+----------+----------+------------+
    |  Clock |  Target  | Estimated| Uncertainty|
    +--------+----------+----------+------------+
    |ap_clk  |  20.00 ns|  5.899 ns|     5.40 ns|
    +--------+----------+----------+------------+

+ Latency: 
    * Summary: 
    +---------+---------+-----------+-----------+-----+--------+---------+
    |  Latency (cycles) |   Latency (absolute)  |   Interval   | Pipeline|
    |   min   |   max   |    min    |    max    | min |   max  |   Type  |
    +---------+---------+-----------+-----------+-----+--------+---------+
    |        2|   648006|  40.000 ns|  12.960 ms|    2|  648006|       no|
    +---------+---------+-----------+-----------+-----+--------+---------+

    + Detail: 
        * Instance: 
        +-----------------------------------------------------------------+------------------------------------------------------+---------+---------+-----------+-----------+-----+-----+---------+
        |                                                                 |                                                      |  Latency (cycles) |   Latency (absolute)  |  Interval | Pipeline|
        |                             Instance                            |                        Module                        |   min   |   max   |    min    |    max    | min | max |   Type  |
        +-----------------------------------------------------------------+------------------------------------------------------+---------+---------+-----------+-----------+-----+-----+---------+
        |grp_AXIvideo2MultiPixStream_Pipeline_loop_wait_for_start_fu_185  |AXIvideo2MultiPixStream_Pipeline_loop_wait_for_start  |        2|        2|  40.000 ns|  40.000 ns|    2|    2|       no|
        |grp_AXIvideo2MultiPixStream_Pipeline_loop_width_fu_205           |AXIvideo2MultiPixStream_Pipeline_loop_width           |        3|      802|  60.000 ns|  16.040 us|    3|  802|       no|
        |grp_AXIvideo2MultiPixStream_Pipeline_loop_wait_for_eol_fu_232    |AXIvideo2MultiPixStream_Pipeline_loop_wait_for_eol    |        2|        2|  40.000 ns|  40.000 ns|    2|    2|       no|
        |grp_reg_unsigned_short_2_fu_258                                  |reg_unsigned_short_2                                  |        1|        1|  20.000 ns|  20.000 ns|    1|    1|      yes|
        |grp_reg_unsigned_short_2_fu_264                                  |reg_unsigned_short_2                                  |        1|        1|  20.000 ns|  20.000 ns|    1|    1|      yes|
        +-----------------------------------------------------------------+------------------------------------------------------+---------+---------+-----------+-----------+-----+-----+---------+

        * Loop: 
        +---------------+---------+---------+----------+-----------+-----------+---------+----------+
        |               |  Latency (cycles) | Iteration|  Initiation Interval  |   Trip  |          |
        |   Loop Name   |   min   |   max   |  Latency |  achieved |   target  |  Count  | Pipelined|
        +---------------+---------+---------+----------+-----------+-----------+---------+----------+
        |- loop_height  |        0|   648000|   7 ~ 810|          -|          -|  0 ~ 800|        no|
        +---------------+---------+---------+----------+-----------+-----------+---------+----------+



================================================================
== Utilization Estimates
================================================================
* Summary: 
+-----------------+---------+----+-------+-------+-----+
|       Name      | BRAM_18K| DSP|   FF  |  LUT  | URAM|
+-----------------+---------+----+-------+-------+-----+
|DSP              |        -|   -|      -|      -|    -|
|Expression       |        -|   -|      0|     41|    -|
|FIFO             |        -|   -|      -|      -|    -|
|Instance         |        -|   -|     47|    233|    -|
|Memory           |        -|   -|      -|      -|    -|
|Multiplexer      |        -|   -|      -|    152|    -|
|Register         |        -|   -|    109|      -|    -|
+-----------------+---------+----+-------+-------+-----+
|Total            |        0|   0|    156|    426|    0|
+-----------------+---------+----+-------+-------+-----+
|Available        |      100|  90|  41600|  20800|    0|
+-----------------+---------+----+-------+-------+-----+
|Utilization (%)  |        0|   0|     ~0|      2|    0|
+-----------------+---------+----+-------+-------+-----+

+ Detail: 
    * Instance: 
    +-----------------------------------------------------------------+------------------------------------------------------+---------+----+----+-----+-----+
    |                             Instance                            |                        Module                        | BRAM_18K| DSP| FF | LUT | URAM|
    +-----------------------------------------------------------------+------------------------------------------------------+---------+----+----+-----+-----+
    |grp_AXIvideo2MultiPixStream_Pipeline_loop_wait_for_eol_fu_232    |AXIvideo2MultiPixStream_Pipeline_loop_wait_for_eol    |        0|   0|   4|   51|    0|
    |grp_AXIvideo2MultiPixStream_Pipeline_loop_wait_for_start_fu_185  |AXIvideo2MultiPixStream_Pipeline_loop_wait_for_start  |        0|   0|   3|   33|    0|
    |grp_AXIvideo2MultiPixStream_Pipeline_loop_width_fu_205           |AXIvideo2MultiPixStream_Pipeline_loop_width           |        0|   0|  40|  149|    0|
    |grp_reg_unsigned_short_2_fu_258                                  |reg_unsigned_short_2                                  |        0|   0|   0|    0|    0|
    |grp_reg_unsigned_short_2_fu_264                                  |reg_unsigned_short_2                                  |        0|   0|   0|    0|    0|
    +-----------------------------------------------------------------+------------------------------------------------------+---------+----+----+-----+-----+
    |Total                                                            |                                                      |        0|   0|  47|  233|    0|
    +-----------------------------------------------------------------+------------------------------------------------------+---------+----+----+-----+-----+

    * DSP: 
    N/A

    * Memory: 
    N/A

    * FIFO: 
    N/A

    * Expression: 
    +-----------------------+----------+----+---+----+------------+------------+
    |     Variable Name     | Operation| DSP| FF| LUT| Bitwidth P0| Bitwidth P1|
    +-----------------------+----------+----+---+----+------------+------------+
    |i_7_fu_300_p2          |         +|   0|  0|  17|          10|           1|
    |cmp8262_fu_283_p2      |      icmp|   0|  0|  11|          10|           1|
    |icmp_ln3056_fu_295_p2  |      icmp|   0|  0|  11|          10|          10|
    |ap_block_state1        |        or|   0|  0|   2|           1|           1|
    +-----------------------+----------+----+---+----+------------+------------+
    |Total                  |          |   0|  0|  41|          31|          13|
    +-----------------------+----------+----+---+----+------------+------------+

    * Multiplexer: 
    +--------------------------+----+-----------+-----+-----------+
    |           Name           | LUT| Input Size| Bits| Total Bits|
    +--------------------------+----+-----------+-----+-----------+
    |ap_NS_fsm                 |  45|         11|    1|         11|
    |ap_done                   |   9|          2|    1|          2|
    |axi_data_2_lcssa_reg_152  |   9|          2|   24|         48|
    |axi_data_V_fu_108         |   9|          2|   24|         48|
    |axi_last_2_lcssa_reg_162  |   9|          2|    1|          2|
    |axi_last_V_10_reg_142     |   9|          2|    1|          2|
    |eol_0_lcssa_reg_173       |   9|          2|    1|          2|
    |i_fu_104                  |   9|          2|   10|         20|
    |p_read_c48_blk_n          |   9|          2|    1|          2|
    |real_start                |   9|          2|    1|          2|
    |s_axis_video_TREADY       |  17|          4|    1|          4|
    |srcLayer0_write           |   9|          2|    1|          2|
    +--------------------------+----+-----------+-----+-----------+
    |Total                     | 152|         35|   67|        145|
    +--------------------------+----+-----------+-----+-----------+

    * Register: 
    +------------------------------------------------------------------------------+----+----+-----+-----------+
    |                                     Name                                     | FF | LUT| Bits| Const Bits|
    +------------------------------------------------------------------------------+----+----+-----+-----------+
    |ap_CS_fsm                                                                     |  10|   0|   10|          0|
    |ap_done_reg                                                                   |   1|   0|    1|          0|
    |axi_data_2_lcssa_reg_152                                                      |  24|   0|   24|          0|
    |axi_data_V_fu_108                                                             |  24|   0|   24|          0|
    |axi_last_2_lcssa_reg_162                                                      |   1|   0|    1|          0|
    |axi_last_V_10_reg_142                                                         |   1|   0|    1|          0|
    |axi_last_V_12_loc_fu_88                                                       |   1|   0|    1|          0|
    |cmp8262_reg_391                                                               |   1|   0|    1|          0|
    |cols_reg_361                                                                  |  10|   0|   10|          0|
    |eol_0_lcssa_reg_173                                                           |   1|   0|    1|          0|
    |grp_AXIvideo2MultiPixStream_Pipeline_loop_wait_for_eol_fu_232_ap_start_reg    |   1|   0|    1|          0|
    |grp_AXIvideo2MultiPixStream_Pipeline_loop_wait_for_start_fu_185_ap_start_reg  |   1|   0|    1|          0|
    |grp_AXIvideo2MultiPixStream_Pipeline_loop_width_fu_205_ap_start_reg           |   1|   0|    1|          0|
    |i_7_reg_401                                                                   |  10|   0|   10|          0|
    |i_fu_104                                                                      |  10|   0|   10|          0|
    |rows_reg_356                                                                  |  10|   0|   10|          0|
    |sof_fu_112                                                                    |   1|   0|    1|          0|
    |start_once_reg                                                                |   1|   0|    1|          0|
    +------------------------------------------------------------------------------+----+----+-----+-----------+
    |Total                                                                         | 109|   0|  109|          0|
    +------------------------------------------------------------------------------+----+----+-----+-----------+



================================================================
== Interface
================================================================
* Summary: 
+---------------------------+-----+-----+------------+-------------------------+--------------+
|         RTL Ports         | Dir | Bits|  Protocol  |      Source Object      |    C Type    |
+---------------------------+-----+-----+------------+-------------------------+--------------+
|ap_clk                     |   in|    1|  ap_ctrl_hs|  AXIvideo2MultiPixStream|  return value|
|ap_rst                     |   in|    1|  ap_ctrl_hs|  AXIvideo2MultiPixStream|  return value|
|ap_start                   |   in|    1|  ap_ctrl_hs|  AXIvideo2MultiPixStream|  return value|
|start_full_n               |   in|    1|  ap_ctrl_hs|  AXIvideo2MultiPixStream|  return value|
|ap_done                    |  out|    1|  ap_ctrl_hs|  AXIvideo2MultiPixStream|  return value|
|ap_continue                |   in|    1|  ap_ctrl_hs|  AXIvideo2MultiPixStream|  return value|
|ap_idle                    |  out|    1|  ap_ctrl_hs|  AXIvideo2MultiPixStream|  return value|
|ap_ready                   |  out|    1|  ap_ctrl_hs|  AXIvideo2MultiPixStream|  return value|
|start_out                  |  out|    1|  ap_ctrl_hs|  AXIvideo2MultiPixStream|  return value|
|start_write                |  out|    1|  ap_ctrl_hs|  AXIvideo2MultiPixStream|  return value|
|s_axis_video_TDATA         |   in|   24|        axis|    s_axis_video_V_data_V|       pointer|
|s_axis_video_TVALID        |   in|    1|        axis|    s_axis_video_V_dest_V|       pointer|
|s_axis_video_TREADY        |  out|    1|        axis|    s_axis_video_V_dest_V|       pointer|
|s_axis_video_TDEST         |   in|    1|        axis|    s_axis_video_V_dest_V|       pointer|
|s_axis_video_TKEEP         |   in|    3|        axis|    s_axis_video_V_keep_V|       pointer|
|s_axis_video_TSTRB         |   in|    3|        axis|    s_axis_video_V_strb_V|       pointer|
|s_axis_video_TUSER         |   in|    1|        axis|    s_axis_video_V_user_V|       pointer|
|s_axis_video_TLAST         |   in|    1|        axis|    s_axis_video_V_last_V|       pointer|
|s_axis_video_TID           |   in|    1|        axis|      s_axis_video_V_id_V|       pointer|
|srcLayer0_din              |  out|   24|     ap_fifo|                srcLayer0|       pointer|
|srcLayer0_num_data_valid   |   in|    2|     ap_fifo|                srcLayer0|       pointer|
|srcLayer0_fifo_cap         |   in|    2|     ap_fifo|                srcLayer0|       pointer|
|srcLayer0_full_n           |   in|    1|     ap_fifo|                srcLayer0|       pointer|
|srcLayer0_write            |  out|    1|     ap_fifo|                srcLayer0|       pointer|
|Height                     |   in|   10|   ap_stable|                   Height|        scalar|
|WidthIn                    |   in|   10|   ap_stable|                  WidthIn|        scalar|
|layerEnableFlag            |   in|    1|     ap_none|          layerEnableFlag|        scalar|
|p_read_c48_din             |  out|    1|     ap_fifo|               p_read_c48|       pointer|
|p_read_c48_num_data_valid  |   in|    2|     ap_fifo|               p_read_c48|       pointer|
|p_read_c48_fifo_cap        |   in|    2|     ap_fifo|               p_read_c48|       pointer|
|p_read_c48_full_n          |   in|    1|     ap_fifo|               p_read_c48|       pointer|
|p_read_c48_write           |  out|    1|     ap_fifo|               p_read_c48|       pointer|
+---------------------------+-----+-----+------------+-------------------------+--------------+

============================================================
+ Verbose Summary: Synthesis Manager
============================================================
InlineROM: 1
ExposeGlobal: 0
============================================================
+ Verbose Summary: CDFG Model
============================================================
IsTopModel: 0
ResetActiveHigh: 1
IsCombinational: 2
IsDatapathOnly: 0
HasWiredReturn: 1
HasMFsm: 0
HasVarLatency: 1
IsPipeline: 0
IsRtlPipelined: 0
IsInstanceOverlapped: 0
IsDontTouch: 0
HasImplIP: 0
IsGatedGlobalClock: 0


============================================================
+ Verbose Summary: Schedule
============================================================
* Number of FSM states : 10
* Pipeline : 0
* Dataflow Pipeline: 0

* FSM state transitions: 
1 --> 2 
2 --> 3 5 
3 --> 4 
4 --> 5 
5 --> 6 7 
6 --> 7 
7 --> 8 
8 --> 9 
9 --> 10 
10 --> 5 

* FSM state operations: 

State 1 <SV = 0> <Delay = 3.90>
ST_1 : Operation 11 [1/1] (0.00ns)   --->   "%layerEnableFlag_read = read i1 @_ssdm_op_Read.ap_auto.i1, i1 %layerEnableFlag"   --->   Operation 11 'read' 'layerEnableFlag_read' <Predicate = true> <Delay = 0.00>
ST_1 : Operation 12 [1/1] (0.00ns)   --->   "%WidthIn_read = read i10 @_ssdm_op_Read.ap_auto.i10, i10 %WidthIn"   --->   Operation 12 'read' 'WidthIn_read' <Predicate = true> <Delay = 0.00>
ST_1 : Operation 13 [1/1] (0.00ns)   --->   "%Height_read = read i10 @_ssdm_op_Read.ap_auto.i10, i10 %Height"   --->   Operation 13 'read' 'Height_read' <Predicate = true> <Delay = 0.00>
ST_1 : Operation 14 [1/1] (0.00ns)   --->   "%axi_last_V_12_loc = alloca i32 1"   --->   Operation 14 'alloca' 'axi_last_V_12_loc' <Predicate = true> <Delay = 0.00>
ST_1 : Operation 15 [1/1] (0.00ns)   --->   "%axi_data_V_11_loc = alloca i32 1"   --->   Operation 15 'alloca' 'axi_data_V_11_loc' <Predicate = true> <Delay = 0.00>
ST_1 : Operation 16 [1/1] (0.00ns)   --->   "%eol_loc = alloca i32 1"   --->   Operation 16 'alloca' 'eol_loc' <Predicate = true> <Delay = 0.00>
ST_1 : Operation 17 [1/1] (0.00ns)   --->   "%axi_last_V_loc = alloca i32 1"   --->   Operation 17 'alloca' 'axi_last_V_loc' <Predicate = true> <Delay = 0.00>
ST_1 : Operation 18 [1/1] (3.90ns)   --->   "%write_ln0 = write void @_ssdm_op_Write.ap_fifo.i1P0A, i1 %p_read_c48, i1 %layerEnableFlag_read"   --->   Operation 18 'write' 'write_ln0' <Predicate = true> <Delay = 3.90> <CoreInst = "FIFO_SRL">   --->   Core 81 'FIFO_SRL' <Latency = 0> <II = 1> <Delay = 3.90> <Storage> <Opcode : 'read' 'write' 'nbread' 'nbwrite'> <Ports = 0> <Width = 1> <Depth = 2> <FIFO>
ST_1 : Operation 19 [2/2] (0.00ns)   --->   "%rows = call i10 @reg<unsigned short>2, i10 %Height_read" [/home/trevor/Documents/xilinx/basys3_pong2/vivado/pong_2/pong_2.runs/design_1_v_mix_0_0_synth_1/prj/sol/.autopilot/db/v_mix.cpp:3035]   --->   Operation 19 'call' 'rows' <Predicate = true> <Delay = 0.00> <CoreType = "Generic">   --->   Core 0 '' <Latency = 0> <II = 1> <Delay = 1.00> <Generic> <Opcode : >
ST_1 : Operation 20 [2/2] (0.00ns)   --->   "%cols = call i10 @reg<unsigned short>2, i10 %WidthIn_read" [/home/trevor/Documents/xilinx/basys3_pong2/vivado/pong_2/pong_2.runs/design_1_v_mix_0_0_synth_1/prj/sol/.autopilot/db/v_mix.cpp:3036]   --->   Operation 20 'call' 'cols' <Predicate = true> <Delay = 0.00> <CoreType = "Generic">   --->   Core 0 '' <Latency = 0> <II = 1> <Delay = 1.00> <Generic> <Opcode : >

State 2 <SV = 1> <Delay = 1.61>
ST_2 : Operation 21 [1/1] (0.00ns)   --->   "%specinterface_ln0 = specinterface void @_ssdm_op_SpecInterface, i1 %p_read_c48, void @ap_fifo_str, i32 0, i32 0, void @p_str, i32 0, i32 0, void @p_str, void @p_str, void @p_str, i32 2, i32 2, i32 16, i32 16, void @p_str, void @ScalarProp_str, i32 4294967295, i32 0"   --->   Operation 21 'specinterface' 'specinterface_ln0' <Predicate = true> <Delay = 0.00>
ST_2 : Operation 22 [1/1] (0.00ns)   --->   "%specstablecontent_ln0 = specstablecontent void @_ssdm_op_SpecStableContent, i10 %Height, void "   --->   Operation 22 'specstablecontent' 'specstablecontent_ln0' <Predicate = true> <Delay = 0.00>
ST_2 : Operation 23 [1/1] (0.00ns)   --->   "%specstablecontent_ln0 = specstablecontent void @_ssdm_op_SpecStableContent, i10 %WidthIn, void "   --->   Operation 23 'specstablecontent' 'specstablecontent_ln0' <Predicate = true> <Delay = 0.00>
ST_2 : Operation 24 [1/1] (0.00ns)   --->   "%specinterface_ln0 = specinterface void @_ssdm_op_SpecInterface, i24 %srcLayer0, void @empty_42, i32 0, i32 0, void @empty_38, i32 0, i32 0, void @empty_38, void @empty_38, void @empty_38, i32 0, i32 0, i32 0, i32 0, void @empty_38, void @empty_38, i32 4294967295, i32 0"   --->   Operation 24 'specinterface' 'specinterface_ln0' <Predicate = true> <Delay = 0.00>
ST_2 : Operation 25 [1/1] (0.00ns)   --->   "%specinterface_ln0 = specinterface void @_ssdm_op_SpecInterface, i24 %s_axis_video_V_data_V, i3 %s_axis_video_V_keep_V, i3 %s_axis_video_V_strb_V, i1 %s_axis_video_V_user_V, i1 %s_axis_video_V_last_V, i1 %s_axis_video_V_id_V, i1 %s_axis_video_V_dest_V, void @empty_3, i32 0, i32 0, void @empty_29, i32 0, i32 0, void @empty_38, void @empty_38, void @empty_38, i32 0, i32 0, i32 0, i32 0, void @empty_38, void @empty_38, i32 4294967295, i32 0"   --->   Operation 25 'specinterface' 'specinterface_ln0' <Predicate = true> <Delay = 0.00>
ST_2 : Operation 26 [1/2] (0.00ns)   --->   "%rows = call i10 @reg<unsigned short>2, i10 %Height_read" [/home/trevor/Documents/xilinx/basys3_pong2/vivado/pong_2/pong_2.runs/design_1_v_mix_0_0_synth_1/prj/sol/.autopilot/db/v_mix.cpp:3035]   --->   Operation 26 'call' 'rows' <Predicate = true> <Delay = 0.00> <CoreType = "Generic">   --->   Core 0 '' <Latency = 0> <II = 1> <Delay = 1.00> <Generic> <Opcode : >
ST_2 : Operation 27 [1/2] (0.00ns)   --->   "%cols = call i10 @reg<unsigned short>2, i10 %WidthIn_read" [/home/trevor/Documents/xilinx/basys3_pong2/vivado/pong_2/pong_2.runs/design_1_v_mix_0_0_synth_1/prj/sol/.autopilot/db/v_mix.cpp:3036]   --->   Operation 27 'call' 'cols' <Predicate = true> <Delay = 0.00> <CoreType = "Generic">   --->   Core 0 '' <Latency = 0> <II = 1> <Delay = 1.00> <Generic> <Opcode : >
ST_2 : Operation 28 [1/1] (0.00ns)   --->   "%br_ln3045 = br i1 %layerEnableFlag_read, void %if.end71, void %while.cond.preheader" [/home/trevor/Documents/xilinx/basys3_pong2/vivado/pong_2/pong_2.runs/design_1_v_mix_0_0_synth_1/prj/sol/.autopilot/db/v_mix.cpp:3045]   --->   Operation 28 'br' 'br_ln3045' <Predicate = true> <Delay = 0.00>
ST_2 : Operation 29 [1/1] (0.00ns)   --->   "%i = alloca i32 1"   --->   Operation 29 'alloca' 'i' <Predicate = (layerEnableFlag_read)> <Delay = 0.00>
ST_2 : Operation 30 [1/1] (0.00ns)   --->   "%axi_data_V = alloca i32 1"   --->   Operation 30 'alloca' 'axi_data_V' <Predicate = (layerEnableFlag_read)> <Delay = 0.00>
ST_2 : Operation 31 [1/1] (0.00ns)   --->   "%sof = alloca i32 1"   --->   Operation 31 'alloca' 'sof' <Predicate = (layerEnableFlag_read)> <Delay = 0.00>
ST_2 : Operation 32 [1/1] (0.00ns)   --->   "%empty = wait i32 @_ssdm_op_Wait"   --->   Operation 32 'wait' 'empty' <Predicate = (layerEnableFlag_read)> <Delay = 0.00>
ST_2 : Operation 33 [2/2] (1.61ns)   --->   "%call_ln0 = call void @AXIvideo2MultiPixStream_Pipeline_loop_wait_for_start, i24 %s_axis_video_V_data_V, i3 %s_axis_video_V_keep_V, i3 %s_axis_video_V_strb_V, i1 %s_axis_video_V_user_V, i1 %s_axis_video_V_last_V, i1 %s_axis_video_V_id_V, i1 %s_axis_video_V_dest_V, i24 %axi_data_V, i1 %axi_last_V_loc"   --->   Operation 33 'call' 'call_ln0' <Predicate = (layerEnableFlag_read)> <Delay = 1.61> <CoreType = "Generic">   --->   Core 0 '' <Latency = 0> <II = 1> <Delay = 1.00> <Generic> <Opcode : >
ST_2 : Operation 34 [1/1] (1.61ns)   --->   "%store_ln3056 = store i1 1, i1 %sof" [/home/trevor/Documents/xilinx/basys3_pong2/vivado/pong_2/pong_2.runs/design_1_v_mix_0_0_synth_1/prj/sol/.autopilot/db/v_mix.cpp:3056]   --->   Operation 34 'store' 'store_ln3056' <Predicate = (layerEnableFlag_read)> <Delay = 1.61>
ST_2 : Operation 35 [1/1] (1.61ns)   --->   "%store_ln3056 = store i10 0, i10 %i" [/home/trevor/Documents/xilinx/basys3_pong2/vivado/pong_2/pong_2.runs/design_1_v_mix_0_0_synth_1/prj/sol/.autopilot/db/v_mix.cpp:3056]   --->   Operation 35 'store' 'store_ln3056' <Predicate = (layerEnableFlag_read)> <Delay = 1.61>

State 3 <SV = 2> <Delay = 0.00>
ST_3 : Operation 36 [1/2] (0.00ns)   --->   "%call_ln0 = call void @AXIvideo2MultiPixStream_Pipeline_loop_wait_for_start, i24 %s_axis_video_V_data_V, i3 %s_axis_video_V_keep_V, i3 %s_axis_video_V_strb_V, i1 %s_axis_video_V_user_V, i1 %s_axis_video_V_last_V, i1 %s_axis_video_V_id_V, i1 %s_axis_video_V_dest_V, i24 %axi_data_V, i1 %axi_last_V_loc"   --->   Operation 36 'call' 'call_ln0' <Predicate = true> <Delay = 0.00> <CoreType = "Generic">   --->   Core 0 '' <Latency = 0> <II = 1> <Delay = 1.00> <Generic> <Opcode : >

State 4 <SV = 3> <Delay = 1.70>
ST_4 : Operation 37 [1/1] (0.00ns)   --->   "%axi_last_V_loc_load = load i1 %axi_last_V_loc"   --->   Operation 37 'load' 'axi_last_V_loc_load' <Predicate = true> <Delay = 0.00>
ST_4 : Operation 38 [1/1] (0.00ns)   --->   "%empty_165 = wait i32 @_ssdm_op_Wait"   --->   Operation 38 'wait' 'empty_165' <Predicate = true> <Delay = 0.00>
ST_4 : Operation 39 [1/1] (1.70ns)   --->   "%cmp8262 = icmp_eq  i10 %cols, i10 0" [/home/trevor/Documents/xilinx/basys3_pong2/vivado/pong_2/pong_2.runs/design_1_v_mix_0_0_synth_1/prj/sol/.autopilot/db/v_mix.cpp:3036]   --->   Operation 39 'icmp' 'cmp8262' <Predicate = true> <Delay = 1.70> <CoreInst = "Cmp">   --->   Core 9 'Cmp' <Latency = 0> <II = 1> <Delay = 1.70> <FuncUnit> <Opcode : 'icmp'> <InPorts = 2> <OutPorts = 1>
ST_4 : Operation 40 [1/1] (1.61ns)   --->   "%br_ln3056 = br void %loop_width" [/home/trevor/Documents/xilinx/basys3_pong2/vivado/pong_2/pong_2.runs/design_1_v_mix_0_0_synth_1/prj/sol/.autopilot/db/v_mix.cpp:3056]   --->   Operation 40 'br' 'br_ln3056' <Predicate = true> <Delay = 1.61>

State 5 <SV = 4> <Delay = 5.89>
ST_5 : Operation 41 [1/1] (0.00ns)   --->   "%axi_last_V_10 = phi i1 %axi_last_V_loc_load, void %while.cond.preheader, i1 %axi_last_V_12_loc_load, void %loop_wait_for_eol"   --->   Operation 41 'phi' 'axi_last_V_10' <Predicate = (layerEnableFlag_read)> <Delay = 0.00>
ST_5 : Operation 42 [1/1] (0.00ns)   --->   "%i_6 = load i10 %i" [/home/trevor/Documents/xilinx/basys3_pong2/vivado/pong_2/pong_2.runs/design_1_v_mix_0_0_synth_1/prj/sol/.autopilot/db/v_mix.cpp:3056]   --->   Operation 42 'load' 'i_6' <Predicate = (layerEnableFlag_read)> <Delay = 0.00>
ST_5 : Operation 43 [1/1] (0.00ns)   --->   "%axi_data_V_8 = load i24 %axi_data_V"   --->   Operation 43 'load' 'axi_data_V_8' <Predicate = (layerEnableFlag_read)> <Delay = 0.00>
ST_5 : Operation 44 [1/1] (1.70ns)   --->   "%icmp_ln3056 = icmp_eq  i10 %i_6, i10 %rows" [/home/trevor/Documents/xilinx/basys3_pong2/vivado/pong_2/pong_2.runs/design_1_v_mix_0_0_synth_1/prj/sol/.autopilot/db/v_mix.cpp:3056]   --->   Operation 44 'icmp' 'icmp_ln3056' <Predicate = (layerEnableFlag_read)> <Delay = 1.70> <CoreInst = "Cmp">   --->   Core 9 'Cmp' <Latency = 0> <II = 1> <Delay = 1.70> <FuncUnit> <Opcode : 'icmp'> <InPorts = 2> <OutPorts = 1>
ST_5 : Operation 45 [1/1] (0.00ns)   --->   "%speclooptripcount_ln0 = speclooptripcount void @_ssdm_op_SpecLoopTripCount, i64 0, i64 800, i64 0"   --->   Operation 45 'speclooptripcount' 'speclooptripcount_ln0' <Predicate = (layerEnableFlag_read)> <Delay = 0.00>
ST_5 : Operation 46 [1/1] (2.12ns)   --->   "%i_7 = add i10 %i_6, i10 1" [/home/trevor/Documents/xilinx/basys3_pong2/vivado/pong_2/pong_2.runs/design_1_v_mix_0_0_synth_1/prj/sol/.autopilot/db/v_mix.cpp:3056]   --->   Operation 46 'add' 'i_7' <Predicate = (layerEnableFlag_read)> <Delay = 2.12> <CoreInst = "Adder">   --->   Core 1 'Adder' <Latency = 0> <II = 1> <Delay = 2.12> <FuncUnit> <Opcode : 'add' 'sub'> <InPorts = 2> <OutPorts = 1>
ST_5 : Operation 47 [1/1] (0.00ns)   --->   "%br_ln3056 = br i1 %icmp_ln3056, void %loop_width.split, void %if.end71.loopexit" [/home/trevor/Documents/xilinx/basys3_pong2/vivado/pong_2/pong_2.runs/design_1_v_mix_0_0_synth_1/prj/sol/.autopilot/db/v_mix.cpp:3056]   --->   Operation 47 'br' 'br_ln3056' <Predicate = (layerEnableFlag_read)> <Delay = 0.00>
ST_5 : Operation 48 [1/1] (0.00ns)   --->   "%specloopname_ln3031 = specloopname void @_ssdm_op_SpecLoopName, void @empty_13" [/home/trevor/Documents/xilinx/basys3_pong2/vivado/pong_2/pong_2.runs/design_1_v_mix_0_0_synth_1/prj/sol/.autopilot/db/v_mix.cpp:3031]   --->   Operation 48 'specloopname' 'specloopname_ln3031' <Predicate = (layerEnableFlag_read & !icmp_ln3056)> <Delay = 0.00>
ST_5 : Operation 49 [1/1] (1.61ns)   --->   "%br_ln3060 = br i1 %cmp8262, void %for.body10.preheader, void %loop_wait_for_eol" [/home/trevor/Documents/xilinx/basys3_pong2/vivado/pong_2/pong_2.runs/design_1_v_mix_0_0_synth_1/prj/sol/.autopilot/db/v_mix.cpp:3060]   --->   Operation 49 'br' 'br_ln3060' <Predicate = (layerEnableFlag_read & !icmp_ln3056)> <Delay = 1.61>
ST_5 : Operation 50 [1/1] (0.00ns)   --->   "%sof_load = load i1 %sof"   --->   Operation 50 'load' 'sof_load' <Predicate = (layerEnableFlag_read & !icmp_ln3056 & !cmp8262)> <Delay = 0.00>
ST_5 : Operation 51 [1/1] (0.00ns)   --->   "%empty_166 = wait i32 @_ssdm_op_Wait"   --->   Operation 51 'wait' 'empty_166' <Predicate = (layerEnableFlag_read & !icmp_ln3056 & !cmp8262)> <Delay = 0.00>
ST_5 : Operation 52 [2/2] (4.19ns)   --->   "%call_ln3036 = call void @AXIvideo2MultiPixStream_Pipeline_loop_width, i1 %sof_load, i1 %axi_last_V_10, i24 %axi_data_V_8, i10 %cols, i24 %srcLayer0, i24 %s_axis_video_V_data_V, i3 %s_axis_video_V_keep_V, i3 %s_axis_video_V_strb_V, i1 %s_axis_video_V_user_V, i1 %s_axis_video_V_last_V, i1 %s_axis_video_V_id_V, i1 %s_axis_video_V_dest_V, i1 %eol_loc, i24 %axi_data_V_11_loc" [/home/trevor/Documents/xilinx/basys3_pong2/vivado/pong_2/pong_2.runs/design_1_v_mix_0_0_synth_1/prj/sol/.autopilot/db/v_mix.cpp:3036]   --->   Operation 52 'call' 'call_ln3036' <Predicate = (layerEnableFlag_read & !icmp_ln3056 & !cmp8262)> <Delay = 4.19> <CoreType = "Generic">   --->   Core 0 '' <Latency = 0> <II = 1> <Delay = 1.00> <Generic> <Opcode : >
ST_5 : Operation 53 [1/1] (0.00ns)   --->   "%br_ln0 = br void %if.end71"   --->   Operation 53 'br' 'br_ln0' <Predicate = (layerEnableFlag_read & icmp_ln3056)> <Delay = 0.00>
ST_5 : Operation 54 [1/1] (0.00ns)   --->   "%ret_ln0 = ret"   --->   Operation 54 'ret' 'ret_ln0' <Predicate = (icmp_ln3056) | (!layerEnableFlag_read)> <Delay = 0.00>

State 6 <SV = 5> <Delay = 3.31>
ST_6 : Operation 55 [1/2] (3.31ns)   --->   "%call_ln3036 = call void @AXIvideo2MultiPixStream_Pipeline_loop_width, i1 %sof_load, i1 %axi_last_V_10, i24 %axi_data_V_8, i10 %cols, i24 %srcLayer0, i24 %s_axis_video_V_data_V, i3 %s_axis_video_V_keep_V, i3 %s_axis_video_V_strb_V, i1 %s_axis_video_V_user_V, i1 %s_axis_video_V_last_V, i1 %s_axis_video_V_id_V, i1 %s_axis_video_V_dest_V, i1 %eol_loc, i24 %axi_data_V_11_loc" [/home/trevor/Documents/xilinx/basys3_pong2/vivado/pong_2/pong_2.runs/design_1_v_mix_0_0_synth_1/prj/sol/.autopilot/db/v_mix.cpp:3036]   --->   Operation 55 'call' 'call_ln3036' <Predicate = true> <Delay = 3.31> <CoreType = "Generic">   --->   Core 0 '' <Latency = 0> <II = 1> <Delay = 1.00> <Generic> <Opcode : >

State 7 <SV = 6> <Delay = 1.61>
ST_7 : Operation 56 [1/1] (0.00ns)   --->   "%eol_loc_load = load i1 %eol_loc"   --->   Operation 56 'load' 'eol_loc_load' <Predicate = (!cmp8262)> <Delay = 0.00>
ST_7 : Operation 57 [1/1] (0.00ns)   --->   "%axi_data_V_11_loc_load = load i24 %axi_data_V_11_loc"   --->   Operation 57 'load' 'axi_data_V_11_loc_load' <Predicate = (!cmp8262)> <Delay = 0.00>
ST_7 : Operation 58 [1/1] (0.00ns)   --->   "%empty_167 = wait i32 @_ssdm_op_Wait"   --->   Operation 58 'wait' 'empty_167' <Predicate = (!cmp8262)> <Delay = 0.00>
ST_7 : Operation 59 [1/1] (1.61ns)   --->   "%store_ln0 = store i1 0, i1 %sof"   --->   Operation 59 'store' 'store_ln0' <Predicate = (!cmp8262)> <Delay = 1.61>
ST_7 : Operation 60 [1/1] (1.61ns)   --->   "%br_ln0 = br void %loop_wait_for_eol"   --->   Operation 60 'br' 'br_ln0' <Predicate = (!cmp8262)> <Delay = 1.61>
ST_7 : Operation 61 [1/1] (1.61ns)   --->   "%store_ln3056 = store i10 %i_7, i10 %i" [/home/trevor/Documents/xilinx/basys3_pong2/vivado/pong_2/pong_2.runs/design_1_v_mix_0_0_synth_1/prj/sol/.autopilot/db/v_mix.cpp:3056]   --->   Operation 61 'store' 'store_ln3056' <Predicate = true> <Delay = 1.61>

State 8 <SV = 7> <Delay = 3.22>
ST_8 : Operation 62 [1/1] (0.00ns)   --->   "%axi_data_2_lcssa = phi i24 %axi_data_V_11_loc_load, void %for.body10.preheader, i24 %axi_data_V_8, void %loop_width.split"   --->   Operation 62 'phi' 'axi_data_2_lcssa' <Predicate = true> <Delay = 0.00>
ST_8 : Operation 63 [1/1] (0.00ns)   --->   "%axi_last_2_lcssa = phi i1 %eol_loc_load, void %for.body10.preheader, i1 %axi_last_V_10, void %loop_width.split"   --->   Operation 63 'phi' 'axi_last_2_lcssa' <Predicate = true> <Delay = 0.00>
ST_8 : Operation 64 [1/1] (0.00ns)   --->   "%eol_0_lcssa = phi i1 %eol_loc_load, void %for.body10.preheader, i1 0, void %loop_width.split"   --->   Operation 64 'phi' 'eol_0_lcssa' <Predicate = true> <Delay = 0.00>
ST_8 : Operation 65 [1/1] (0.00ns)   --->   "%empty_168 = wait i32 @_ssdm_op_Wait"   --->   Operation 65 'wait' 'empty_168' <Predicate = true> <Delay = 0.00>
ST_8 : Operation 66 [2/2] (3.22ns)   --->   "%call_ln0 = call void @AXIvideo2MultiPixStream_Pipeline_loop_wait_for_eol, i24 %axi_data_2_lcssa, i1 %axi_last_2_lcssa, i1 %eol_0_lcssa, i24 %s_axis_video_V_data_V, i3 %s_axis_video_V_keep_V, i3 %s_axis_video_V_strb_V, i1 %s_axis_video_V_user_V, i1 %s_axis_video_V_last_V, i1 %s_axis_video_V_id_V, i1 %s_axis_video_V_dest_V, i24 %axi_data_V, i1 %axi_last_V_12_loc"   --->   Operation 66 'call' 'call_ln0' <Predicate = true> <Delay = 3.22> <CoreType = "Generic">   --->   Core 0 '' <Latency = 0> <II = 1> <Delay = 1.00> <Generic> <Opcode : >

State 9 <SV = 8> <Delay = 1.61>
ST_9 : Operation 67 [1/2] (1.61ns)   --->   "%call_ln0 = call void @AXIvideo2MultiPixStream_Pipeline_loop_wait_for_eol, i24 %axi_data_2_lcssa, i1 %axi_last_2_lcssa, i1 %eol_0_lcssa, i24 %s_axis_video_V_data_V, i3 %s_axis_video_V_keep_V, i3 %s_axis_video_V_strb_V, i1 %s_axis_video_V_user_V, i1 %s_axis_video_V_last_V, i1 %s_axis_video_V_id_V, i1 %s_axis_video_V_dest_V, i24 %axi_data_V, i1 %axi_last_V_12_loc"   --->   Operation 67 'call' 'call_ln0' <Predicate = true> <Delay = 1.61> <CoreType = "Generic">   --->   Core 0 '' <Latency = 0> <II = 1> <Delay = 1.00> <Generic> <Opcode : >

State 10 <SV = 9> <Delay = 0.00>
ST_10 : Operation 68 [1/1] (0.00ns)   --->   "%axi_last_V_12_loc_load = load i1 %axi_last_V_12_loc"   --->   Operation 68 'load' 'axi_last_V_12_loc_load' <Predicate = true> <Delay = 0.00>
ST_10 : Operation 69 [1/1] (0.00ns)   --->   "%br_ln3056 = br void %loop_width" [/home/trevor/Documents/xilinx/basys3_pong2/vivado/pong_2/pong_2.runs/design_1_v_mix_0_0_synth_1/prj/sol/.autopilot/db/v_mix.cpp:3056]   --->   Operation 69 'br' 'br_ln3056' <Predicate = true> <Delay = 0.00>


============================================================
+ Verbose Summary: Binding
============================================================
STG Binding: 
---------------- STG Properties BEGIN ----------------
- Is combinational: 0
- Is one-state seq: 0
- Is datapath-only: 0
- Is pipelined: 0
- Is top level: 0
Port [ Return ] is wired: 1; IO mode=ap_ctrl_hs:ce=0
Port [ s_axis_video_V_data_V]:  wired=1; compound=1; hidden=0; nouse=0; global=0; static=0; extern=0; dir=0; type=0; pingpong=0; private_global=0; IO mode=axis:ce=0
Port [ s_axis_video_V_keep_V]:  wired=1; compound=1; hidden=0; nouse=0; global=0; static=0; extern=0; dir=0; type=0; pingpong=0; private_global=0; IO mode=axis:ce=0
Port [ s_axis_video_V_strb_V]:  wired=1; compound=1; hidden=0; nouse=0; global=0; static=0; extern=0; dir=0; type=0; pingpong=0; private_global=0; IO mode=axis:ce=0
Port [ s_axis_video_V_user_V]:  wired=1; compound=1; hidden=0; nouse=0; global=0; static=0; extern=0; dir=0; type=0; pingpong=0; private_global=0; IO mode=axis:ce=0
Port [ s_axis_video_V_last_V]:  wired=1; compound=1; hidden=0; nouse=0; global=0; static=0; extern=0; dir=0; type=0; pingpong=0; private_global=0; IO mode=axis:ce=0
Port [ s_axis_video_V_id_V]:  wired=1; compound=1; hidden=0; nouse=0; global=0; static=0; extern=0; dir=0; type=0; pingpong=0; private_global=0; IO mode=axis:ce=0
Port [ s_axis_video_V_dest_V]:  wired=1; compound=1; hidden=0; nouse=0; global=0; static=0; extern=0; dir=0; type=0; pingpong=0; private_global=0; IO mode=axis:ce=0
Port [ srcLayer0]:  wired=1; compound=1; hidden=0; nouse=0; global=0; static=0; extern=0; dir=1; type=3; pingpong=0; private_global=0; IO mode=ap_fifo:ce=0
Port [ Height]:  wired=1; compound=0; hidden=0; nouse=0; global=0; static=0; extern=0; dir=0; type=0; pingpong=0; private_global=0; IO mode=ap_stable:ce=0
Port [ WidthIn]:  wired=1; compound=0; hidden=0; nouse=0; global=0; static=0; extern=0; dir=0; type=0; pingpong=0; private_global=0; IO mode=ap_stable:ce=0
Port [ layerEnableFlag]:  wired=1; compound=0; hidden=0; nouse=0; global=0; static=0; extern=0; dir=0; type=0; pingpong=0; private_global=0; IO mode=ap_none:ce=0
Port [ p_read_c48]:  wired=1; compound=1; hidden=0; nouse=0; global=0; static=0; extern=0; dir=1; type=3; pingpong=0; private_global=0; IO mode=ap_fifo:ce=0
---------------- STG Properties END ------------------

---------------- Datapath Model BEGIN ----------------

<LifeTime>
<method=bitvector/>
layerEnableFlag_read   (read             ) [ 00111111111]
WidthIn_read           (read             ) [ 00000000000]
Height_read            (read             ) [ 00000000000]
axi_last_V_12_loc      (alloca           ) [ 00111111111]
axi_data_V_11_loc      (alloca           ) [ 00111111111]
eol_loc                (alloca           ) [ 00111111111]
axi_last_V_loc         (alloca           ) [ 00111000000]
write_ln0              (write            ) [ 00000000000]
specinterface_ln0      (specinterface    ) [ 00000000000]
specstablecontent_ln0  (specstablecontent) [ 00000000000]
specstablecontent_ln0  (specstablecontent) [ 00000000000]
specinterface_ln0      (specinterface    ) [ 00000000000]
specinterface_ln0      (specinterface    ) [ 00000000000]
rows                   (call             ) [ 00011111111]
cols                   (call             ) [ 00011111111]
br_ln3045              (br               ) [ 00000000000]
i                      (alloca           ) [ 00111111111]
axi_data_V             (alloca           ) [ 00111111111]
sof                    (alloca           ) [ 00111111111]
empty                  (wait             ) [ 00000000000]
store_ln3056           (store            ) [ 00000000000]
store_ln3056           (store            ) [ 00000000000]
call_ln0               (call             ) [ 00000000000]
axi_last_V_loc_load    (load             ) [ 00001111111]
empty_165              (wait             ) [ 00000000000]
cmp8262                (icmp             ) [ 00000111111]
br_ln3056              (br               ) [ 00001111111]
axi_last_V_10          (phi              ) [ 00000111100]
i_6                    (load             ) [ 00000000000]
axi_data_V_8           (load             ) [ 00000111111]
icmp_ln3056            (icmp             ) [ 00000111111]
speclooptripcount_ln0  (speclooptripcount) [ 00000000000]
i_7                    (add              ) [ 00000011000]
br_ln3056              (br               ) [ 00000000000]
specloopname_ln3031    (specloopname     ) [ 00000000000]
br_ln3060              (br               ) [ 00000111111]
sof_load               (load             ) [ 00000010000]
empty_166              (wait             ) [ 00000000000]
br_ln0                 (br               ) [ 00000000000]
ret_ln0                (ret              ) [ 00000000000]
call_ln3036            (call             ) [ 00000000000]
eol_loc_load           (load             ) [ 00000111111]
axi_data_V_11_loc_load (load             ) [ 00000111111]
empty_167              (wait             ) [ 00000000000]
store_ln0              (store            ) [ 00000000000]
br_ln0                 (br               ) [ 00000111111]
store_ln3056           (store            ) [ 00000000000]
axi_data_2_lcssa       (phi              ) [ 00000000110]
axi_last_2_lcssa       (phi              ) [ 00000000110]
eol_0_lcssa            (phi              ) [ 00000000110]
empty_168              (wait             ) [ 00000000000]
call_ln0               (call             ) [ 00000000000]
axi_last_V_12_loc_load (load             ) [ 00001111111]
br_ln3056              (br               ) [ 00001111111]
</LifeTime>

<model>

<comp_list>
<comp id="0" class="1000" name="s_axis_video_V_data_V">
<pin_list>
<pin id="1" dir="1" index="0" bw="1" slack="0"/>
</pin_list>
<bind>
<StgValue><ssdm name="s_axis_video_V_data_V"/></StgValue>
</bind>
</comp>

<comp id="2" class="1000" name="s_axis_video_V_keep_V">
<pin_list>
<pin id="3" dir="1" index="0" bw="1" slack="0"/>
</pin_list>
<bind>
<StgValue><ssdm name="s_axis_video_V_keep_V"/></StgValue>
</bind>
</comp>

<comp id="4" class="1000" name="s_axis_video_V_strb_V">
<pin_list>
<pin id="5" dir="1" index="0" bw="1" slack="0"/>
</pin_list>
<bind>
<StgValue><ssdm name="s_axis_video_V_strb_V"/></StgValue>
</bind>
</comp>

<comp id="6" class="1000" name="s_axis_video_V_user_V">
<pin_list>
<pin id="7" dir="1" index="0" bw="1" slack="0"/>
</pin_list>
<bind>
<StgValue><ssdm name="s_axis_video_V_user_V"/></StgValue>
</bind>
</comp>

<comp id="8" class="1000" name="s_axis_video_V_last_V">
<pin_list>
<pin id="9" dir="1" index="0" bw="1" slack="0"/>
</pin_list>
<bind>
<StgValue><ssdm name="s_axis_video_V_last_V"/></StgValue>
</bind>
</comp>

<comp id="10" class="1000" name="s_axis_video_V_id_V">
<pin_list>
<pin id="11" dir="1" index="0" bw="1" slack="0"/>
</pin_list>
<bind>
<StgValue><ssdm name="s_axis_video_V_id_V"/></StgValue>
</bind>
</comp>

<comp id="12" class="1000" name="s_axis_video_V_dest_V">
<pin_list>
<pin id="13" dir="1" index="0" bw="1" slack="0"/>
</pin_list>
<bind>
<StgValue><ssdm name="s_axis_video_V_dest_V"/></StgValue>
</bind>
</comp>

<comp id="14" class="1000" name="srcLayer0">
<pin_list>
<pin id="15" dir="1" index="0" bw="1" slack="0"/>
</pin_list>
<bind>
<StgValue><ssdm name="srcLayer0"/></StgValue>
</bind>
</comp>

<comp id="16" class="1000" name="Height">
<pin_list>
<pin id="17" dir="1" index="0" bw="1" slack="0"/>
</pin_list>
<bind>
<StgValue><ssdm name="Height"/></StgValue>
</bind>
</comp>

<comp id="18" class="1000" name="WidthIn">
<pin_list>
<pin id="19" dir="1" index="0" bw="1" slack="0"/>
</pin_list>
<bind>
<StgValue><ssdm name="WidthIn"/></StgValue>
</bind>
</comp>

<comp id="20" class="1000" name="layerEnableFlag">
<pin_list>
<pin id="21" dir="1" index="0" bw="1" slack="0"/>
</pin_list>
<bind>
<StgValue><ssdm name="layerEnableFlag"/></StgValue>
</bind>
</comp>

<comp id="22" class="1000" name="p_read_c48">
<pin_list>
<pin id="23" dir="1" index="0" bw="1" slack="0"/>
</pin_list>
<bind>
<StgValue><ssdm name="p_read_c48"/></StgValue>
</bind>
</comp>

<comp id="24" class="1001" name="const_24">
<pin_list>
<pin id="25" dir="1" index="0" bw="1" slack="0"/>
</pin_list>
<bind>
<StgValue><ssdm name="_ssdm_op_Read.ap_auto.i1"/></StgValue>
</bind>
</comp>

<comp id="26" class="1001" name="const_26">
<pin_list>
<pin id="27" dir="1" index="0" bw="1" slack="0"/>
</pin_list>
<bind>
<StgValue><ssdm name="_ssdm_op_Read.ap_auto.i10"/></StgValue>
</bind>
</comp>

<comp id="28" class="1001" name="const_28">
<pin_list>
<pin id="29" dir="1" index="0" bw="1" slack="0"/>
</pin_list>
<bind>
<StgValue><ssdm name=""/></StgValue>
</bind>
</comp>

<comp id="30" class="1001" name="const_30">
<pin_list>
<pin id="31" dir="1" index="0" bw="1" slack="0"/>
</pin_list>
<bind>
<StgValue><ssdm name="_ssdm_op_Write.ap_fifo.i1P0A"/></StgValue>
</bind>
</comp>

<comp id="32" class="1001" name="const_32">
<pin_list>
<pin id="33" dir="1" index="0" bw="1" slack="0"/>
</pin_list>
<bind>
<StgValue><ssdm name="reg<unsigned short>2"/></StgValue>
</bind>
</comp>

<comp id="34" class="1001" name="const_34">
<pin_list>
<pin id="35" dir="1" index="0" bw="1" slack="2147483647"/>
</pin_list>
<bind>
<StgValue><ssdm name="_ssdm_op_SpecInterface"/></StgValue>
</bind>
</comp>

<comp id="36" class="1001" name="const_36">
<pin_list>
<pin id="37" dir="1" index="0" bw="1" slack="2147483647"/>
</pin_list>
<bind>
<StgValue><ssdm name="ap_fifo_str"/></StgValue>
</bind>
</comp>

<comp id="38" class="1001" name="const_38">
<pin_list>
<pin id="39" dir="1" index="0" bw="1" slack="2147483647"/>
</pin_list>
<bind>
<StgValue><ssdm name=""/></StgValue>
</bind>
</comp>

<comp id="40" class="1001" name="const_40">
<pin_list>
<pin id="41" dir="1" index="0" bw="1" slack="2147483647"/>
</pin_list>
<bind>
<StgValue><ssdm name="p_str"/></StgValue>
</bind>
</comp>

<comp id="42" class="1001" name="const_42">
<pin_list>
<pin id="43" dir="1" index="0" bw="1" slack="2147483647"/>
</pin_list>
<bind>
<StgValue><ssdm name=""/></StgValue>
</bind>
</comp>

<comp id="44" class="1001" name="const_44">
<pin_list>
<pin id="45" dir="1" index="0" bw="1" slack="2147483647"/>
</pin_list>
<bind>
<StgValue><ssdm name=""/></StgValue>
</bind>
</comp>

<comp id="46" class="1001" name="const_46">
<pin_list>
<pin id="47" dir="1" index="0" bw="1" slack="2147483647"/>
</pin_list>
<bind>
<StgValue><ssdm name="ScalarProp_str"/></StgValue>
</bind>
</comp>

<comp id="48" class="1001" name="const_48">
<pin_list>
<pin id="49" dir="1" index="0" bw="1" slack="2147483647"/>
</pin_list>
<bind>
<StgValue><ssdm name=""/></StgValue>
</bind>
</comp>

<comp id="50" class="1001" name="const_50">
<pin_list>
<pin id="51" dir="1" index="0" bw="1" slack="2147483647"/>
</pin_list>
<bind>
<StgValue><ssdm name="_ssdm_op_SpecStableContent"/></StgValue>
</bind>
</comp>

<comp id="52" class="1001" name="const_52">
<pin_list>
<pin id="53" dir="1" index="0" bw="1" slack="2147483647"/>
</pin_list>
<bind>
<StgValue><ssdm name=""/></StgValue>
</bind>
</comp>

<comp id="54" class="1001" name="const_54">
<pin_list>
<pin id="55" dir="1" index="0" bw="1" slack="2147483647"/>
</pin_list>
<bind>
<StgValue><ssdm name="empty_42"/></StgValue>
</bind>
</comp>

<comp id="56" class="1001" name="const_56">
<pin_list>
<pin id="57" dir="1" index="0" bw="1" slack="2147483647"/>
</pin_list>
<bind>
<StgValue><ssdm name="empty_38"/></StgValue>
</bind>
</comp>

<comp id="58" class="1001" name="const_58">
<pin_list>
<pin id="59" dir="1" index="0" bw="1" slack="2147483647"/>
</pin_list>
<bind>
<StgValue><ssdm name="empty_3"/></StgValue>
</bind>
</comp>

<comp id="60" class="1001" name="const_60">
<pin_list>
<pin id="61" dir="1" index="0" bw="1" slack="2147483647"/>
</pin_list>
<bind>
<StgValue><ssdm name="empty_29"/></StgValue>
</bind>
</comp>

<comp id="62" class="1001" name="const_62">
<pin_list>
<pin id="63" dir="1" index="0" bw="1" slack="2147483647"/>
</pin_list>
<bind>
<StgValue><ssdm name="_ssdm_op_Wait"/></StgValue>
</bind>
</comp>

<comp id="64" class="1001" name="const_64">
<pin_list>
<pin id="65" dir="1" index="0" bw="1" slack="0"/>
</pin_list>
<bind>
<StgValue><ssdm name="AXIvideo2MultiPixStream_Pipeline_loop_wait_for_start"/></StgValue>
</bind>
</comp>

<comp id="66" class="1001" name="const_66">
<pin_list>
<pin id="67" dir="1" index="0" bw="1" slack="0"/>
</pin_list>
<bind>
<StgValue><ssdm name=""/></StgValue>
</bind>
</comp>

<comp id="68" class="1001" name="const_68">
<pin_list>
<pin id="69" dir="1" index="0" bw="1" slack="0"/>
</pin_list>
<bind>
<StgValue><ssdm name=""/></StgValue>
</bind>
</comp>

<comp id="70" class="1001" name="const_70">
<pin_list>
<pin id="71" dir="1" index="0" bw="1" slack="2147483647"/>
</pin_list>
<bind>
<StgValue><ssdm name="_ssdm_op_SpecLoopTripCount"/></StgValue>
</bind>
</comp>

<comp id="72" class="1001" name="const_72">
<pin_list>
<pin id="73" dir="1" index="0" bw="1" slack="2147483647"/>
</pin_list>
<bind>
<StgValue><ssdm name=""/></StgValue>
</bind>
</comp>

<comp id="74" class="1001" name="const_74">
<pin_list>
<pin id="75" dir="1" index="0" bw="1" slack="2147483647"/>
</pin_list>
<bind>
<StgValue><ssdm name=""/></StgValue>
</bind>
</comp>

<comp id="76" class="1001" name="const_76">
<pin_list>
<pin id="77" dir="1" index="0" bw="1" slack="0"/>
</pin_list>
<bind>
<StgValue><ssdm name=""/></StgValue>
</bind>
</comp>

<comp id="78" class="1001" name="const_78">
<pin_list>
<pin id="79" dir="1" index="0" bw="1" slack="2147483647"/>
</pin_list>
<bind>
<StgValue><ssdm name="_ssdm_op_SpecLoopName"/></StgValue>
</bind>
</comp>

<comp id="80" class="1001" name="const_80">
<pin_list>
<pin id="81" dir="1" index="0" bw="1" slack="2147483647"/>
</pin_list>
<bind>
<StgValue><ssdm name="empty_13"/></StgValue>
</bind>
</comp>

<comp id="82" class="1001" name="const_82">
<pin_list>
<pin id="83" dir="1" index="0" bw="1" slack="0"/>
</pin_list>
<bind>
<StgValue><ssdm name="AXIvideo2MultiPixStream_Pipeline_loop_width"/></StgValue>
</bind>
</comp>

<comp id="84" class="1001" name="const_84">
<pin_list>
<pin id="85" dir="1" index="0" bw="1" slack="0"/>
</pin_list>
<bind>
<StgValue><ssdm name=""/></StgValue>
</bind>
</comp>

<comp id="86" class="1001" name="const_86">
<pin_list>
<pin id="87" dir="1" index="0" bw="1" slack="0"/>
</pin_list>
<bind>
<StgValue><ssdm name="AXIvideo2MultiPixStream_Pipeline_loop_wait_for_eol"/></StgValue>
</bind>
</comp>

<comp id="88" class="1004" name="axi_last_V_12_loc_fu_88">
<pin_list>
<pin id="89" dir="0" index="0" bw="1" slack="0"/>
<pin id="90" dir="1" index="1" bw="1" slack="7"/>
</pin_list>
<bind>
<opcode="alloca(26) " fcode="alloca"/>
<opset="axi_last_V_12_loc/1 "/>
</bind>
</comp>

<comp id="92" class="1004" name="axi_data_V_11_loc_fu_92">
<pin_list>
<pin id="93" dir="0" index="0" bw="1" slack="0"/>
<pin id="94" dir="1" index="1" bw="24" slack="4"/>
</pin_list>
<bind>
<opcode="alloca(26) " fcode="alloca"/>
<opset="axi_data_V_11_loc/1 "/>
</bind>
</comp>

<comp id="96" class="1004" name="eol_loc_fu_96">
<pin_list>
<pin id="97" dir="0" index="0" bw="1" slack="0"/>
<pin id="98" dir="1" index="1" bw="1" slack="4"/>
</pin_list>
<bind>
<opcode="alloca(26) " fcode="alloca"/>
<opset="eol_loc/1 "/>
</bind>
</comp>

<comp id="100" class="1004" name="axi_last_V_loc_fu_100">
<pin_list>
<pin id="101" dir="0" index="0" bw="1" slack="0"/>
<pin id="102" dir="1" index="1" bw="1" slack="1"/>
</pin_list>
<bind>
<opcode="alloca(26) " fcode="alloca"/>
<opset="axi_last_V_loc/1 "/>
</bind>
</comp>

<comp id="104" class="1004" name="i_fu_104">
<pin_list>
<pin id="105" dir="0" index="0" bw="1" slack="0"/>
<pin id="106" dir="1" index="1" bw="10" slack="0"/>
</pin_list>
<bind>
<opcode="alloca(26) " fcode="alloca"/>
<opset="i/2 "/>
</bind>
</comp>

<comp id="108" class="1004" name="axi_data_V_fu_108">
<pin_list>
<pin id="109" dir="0" index="0" bw="1" slack="0"/>
<pin id="110" dir="1" index="1" bw="24" slack="0"/>
</pin_list>
<bind>
<opcode="alloca(26) " fcode="alloca"/>
<opset="axi_data_V/2 "/>
</bind>
</comp>

<comp id="112" class="1004" name="sof_fu_112">
<pin_list>
<pin id="113" dir="0" index="0" bw="1" slack="0"/>
<pin id="114" dir="1" index="1" bw="1" slack="0"/>
</pin_list>
<bind>
<opcode="alloca(26) " fcode="alloca"/>
<opset="sof/2 "/>
</bind>
</comp>

<comp id="116" class="1004" name="layerEnableFlag_read_read_fu_116">
<pin_list>
<pin id="117" dir="0" index="0" bw="1" slack="0"/>
<pin id="118" dir="0" index="1" bw="1" slack="0"/>
<pin id="119" dir="1" index="2" bw="1" slack="0"/>
</pin_list>
<bind>
<opcode="read(1150) " fcode="read"/>
<opset="layerEnableFlag_read/1 "/>
</bind>
</comp>

<comp id="122" class="1004" name="WidthIn_read_read_fu_122">
<pin_list>
<pin id="123" dir="0" index="0" bw="10" slack="0"/>
<pin id="124" dir="0" index="1" bw="10" slack="0"/>
<pin id="125" dir="1" index="2" bw="10" slack="0"/>
</pin_list>
<bind>
<opcode="read(1150) " fcode="read"/>
<opset="WidthIn_read/1 "/>
</bind>
</comp>

<comp id="128" class="1004" name="Height_read_read_fu_128">
<pin_list>
<pin id="129" dir="0" index="0" bw="10" slack="0"/>
<pin id="130" dir="0" index="1" bw="10" slack="0"/>
<pin id="131" dir="1" index="2" bw="10" slack="0"/>
</pin_list>
<bind>
<opcode="read(1150) " fcode="read"/>
<opset="Height_read/1 "/>
</bind>
</comp>

<comp id="134" class="1004" name="write_ln0_write_fu_134">
<pin_list>
<pin id="135" dir="0" index="0" bw="0" slack="0"/>
<pin id="136" dir="0" index="1" bw="1" slack="0"/>
<pin id="137" dir="0" index="2" bw="1" slack="0"/>
<pin id="138" dir="1" index="3" bw="0" slack="2147483647"/>
</pin_list>
<bind>
<opcode="write(1151) " fcode="write"/>
<opset="write_ln0/1 "/>
</bind>
</comp>

<comp id="142" class="1005" name="axi_last_V_10_reg_142">
<pin_list>
<pin id="143" dir="0" index="0" bw="1" slack="1"/>
<pin id="144" dir="1" index="1" bw="1" slack="3"/>
</pin_list>
<bind>
<opset="axi_last_V_10 (phireg) "/>
</bind>
</comp>

<comp id="145" class="1004" name="axi_last_V_10_phi_fu_145">
<pin_list>
<pin id="146" dir="0" index="0" bw="1" slack="2147483647"/>
<pin id="147" dir="0" index="1" bw="0" slack="2147483647"/>
<pin id="148" dir="0" index="2" bw="1" slack="2147483647"/>
<pin id="149" dir="0" index="3" bw="0" slack="2147483647"/>
<pin id="150" dir="1" index="4" bw="1" slack="0"/>
</pin_list>
<bind>
<opcode="phi(47) " fcode="phi"/>
<opset="axi_last_V_10/5 "/>
</bind>
</comp>

<comp id="152" class="1005" name="axi_data_2_lcssa_reg_152">
<pin_list>
<pin id="153" dir="0" index="0" bw="24" slack="1"/>
<pin id="154" dir="1" index="1" bw="24" slack="2147483647"/>
</pin_list>
<bind>
<opset="axi_data_2_lcssa (phireg) "/>
</bind>
</comp>

<comp id="155" class="1004" name="axi_data_2_lcssa_phi_fu_155">
<pin_list>
<pin id="156" dir="0" index="0" bw="24" slack="2147483647"/>
<pin id="157" dir="0" index="1" bw="0" slack="2147483647"/>
<pin id="158" dir="0" index="2" bw="24" slack="2147483647"/>
<pin id="159" dir="0" index="3" bw="0" slack="2147483647"/>
<pin id="160" dir="1" index="4" bw="24" slack="0"/>
</pin_list>
<bind>
<opcode="phi(47) " fcode="phi"/>
<opset="axi_data_2_lcssa/8 "/>
</bind>
</comp>

<comp id="162" class="1005" name="axi_last_2_lcssa_reg_162">
<pin_list>
<pin id="163" dir="0" index="0" bw="1" slack="1"/>
<pin id="164" dir="1" index="1" bw="1" slack="2147483647"/>
</pin_list>
<bind>
<opset="axi_last_2_lcssa (phireg) "/>
</bind>
</comp>

<comp id="165" class="1004" name="axi_last_2_lcssa_phi_fu_165">
<pin_list>
<pin id="166" dir="0" index="0" bw="1" slack="2147483647"/>
<pin id="167" dir="0" index="1" bw="0" slack="2147483647"/>
<pin id="168" dir="0" index="2" bw="1" slack="3"/>
<pin id="169" dir="0" index="3" bw="0" slack="2147483647"/>
<pin id="170" dir="1" index="4" bw="1" slack="0"/>
</pin_list>
<bind>
<opcode="phi(47) " fcode="phi"/>
<opset="axi_last_2_lcssa/8 "/>
</bind>
</comp>

<comp id="173" class="1005" name="eol_0_lcssa_reg_173">
<pin_list>
<pin id="174" dir="0" index="0" bw="1" slack="1"/>
<pin id="175" dir="1" index="1" bw="1" slack="3"/>
</pin_list>
<bind>
<opset="eol_0_lcssa (phireg) "/>
</bind>
</comp>

<comp id="177" class="1004" name="eol_0_lcssa_phi_fu_177">
<pin_list>
<pin id="178" dir="0" index="0" bw="1" slack="2147483647"/>
<pin id="179" dir="0" index="1" bw="0" slack="2147483647"/>
<pin id="180" dir="0" index="2" bw="1" slack="3"/>
<pin id="181" dir="0" index="3" bw="0" slack="2147483647"/>
<pin id="182" dir="1" index="4" bw="1" slack="0"/>
</pin_list>
<bind>
<opcode="phi(47) " fcode="phi"/>
<opset="eol_0_lcssa/8 "/>
</bind>
</comp>

<comp id="185" class="1004" name="grp_AXIvideo2MultiPixStream_Pipeline_loop_wait_for_start_fu_185">
<pin_list>
<pin id="186" dir="0" index="0" bw="0" slack="0"/>
<pin id="187" dir="0" index="1" bw="24" slack="0"/>
<pin id="188" dir="0" index="2" bw="3" slack="0"/>
<pin id="189" dir="0" index="3" bw="3" slack="0"/>
<pin id="190" dir="0" index="4" bw="1" slack="0"/>
<pin id="191" dir="0" index="5" bw="1" slack="0"/>
<pin id="192" dir="0" index="6" bw="1" slack="0"/>
<pin id="193" dir="0" index="7" bw="1" slack="0"/>
<pin id="194" dir="0" index="8" bw="24" slack="0"/>
<pin id="195" dir="0" index="9" bw="1" slack="1"/>
<pin id="196" dir="1" index="10" bw="0" slack="2147483647"/>
</pin_list>
<bind>
<opcode="call(48) " fcode="call"/>
<opset="call_ln0/2 "/>
</bind>
</comp>

<comp id="205" class="1004" name="grp_AXIvideo2MultiPixStream_Pipeline_loop_width_fu_205">
<pin_list>
<pin id="206" dir="0" index="0" bw="0" slack="0"/>
<pin id="207" dir="0" index="1" bw="1" slack="0"/>
<pin id="208" dir="0" index="2" bw="1" slack="0"/>
<pin id="209" dir="0" index="3" bw="24" slack="0"/>
<pin id="210" dir="0" index="4" bw="10" slack="3"/>
<pin id="211" dir="0" index="5" bw="24" slack="0"/>
<pin id="212" dir="0" index="6" bw="24" slack="0"/>
<pin id="213" dir="0" index="7" bw="3" slack="0"/>
<pin id="214" dir="0" index="8" bw="3" slack="0"/>
<pin id="215" dir="0" index="9" bw="1" slack="0"/>
<pin id="216" dir="0" index="10" bw="1" slack="0"/>
<pin id="217" dir="0" index="11" bw="1" slack="0"/>
<pin id="218" dir="0" index="12" bw="1" slack="0"/>
<pin id="219" dir="0" index="13" bw="1" slack="4"/>
<pin id="220" dir="0" index="14" bw="24" slack="4"/>
<pin id="221" dir="1" index="15" bw="0" slack="2147483647"/>
</pin_list>
<bind>
<opcode="call(48) " fcode="call"/>
<opset="call_ln3036/5 "/>
</bind>
</comp>

<comp id="232" class="1004" name="grp_AXIvideo2MultiPixStream_Pipeline_loop_wait_for_eol_fu_232">
<pin_list>
<pin id="233" dir="0" index="0" bw="0" slack="0"/>
<pin id="234" dir="0" index="1" bw="24" slack="0"/>
<pin id="235" dir="0" index="2" bw="1" slack="0"/>
<pin id="236" dir="0" index="3" bw="1" slack="0"/>
<pin id="237" dir="0" index="4" bw="24" slack="0"/>
<pin id="238" dir="0" index="5" bw="3" slack="0"/>
<pin id="239" dir="0" index="6" bw="3" slack="0"/>
<pin id="240" dir="0" index="7" bw="1" slack="0"/>
<pin id="241" dir="0" index="8" bw="1" slack="0"/>
<pin id="242" dir="0" index="9" bw="1" slack="0"/>
<pin id="243" dir="0" index="10" bw="1" slack="0"/>
<pin id="244" dir="0" index="11" bw="24" slack="6"/>
<pin id="245" dir="0" index="12" bw="1" slack="7"/>
<pin id="246" dir="1" index="13" bw="0" slack="2147483647"/>
</pin_list>
<bind>
<opcode="call(48) " fcode="call"/>
<opset="call_ln0/8 "/>
</bind>
</comp>

<comp id="258" class="1004" name="grp_reg_unsigned_short_2_fu_258">
<pin_list>
<pin id="259" dir="0" index="0" bw="10" slack="0"/>
<pin id="260" dir="0" index="1" bw="10" slack="0"/>
<pin id="261" dir="1" index="2" bw="10" slack="3"/>
</pin_list>
<bind>
<opcode="call(48) " fcode="call"/>
<opset="rows/1 "/>
</bind>
</comp>

<comp id="264" class="1004" name="grp_reg_unsigned_short_2_fu_264">
<pin_list>
<pin id="265" dir="0" index="0" bw="10" slack="0"/>
<pin id="266" dir="0" index="1" bw="10" slack="0"/>
<pin id="267" dir="1" index="2" bw="10" slack="2"/>
</pin_list>
<bind>
<opcode="call(48) " fcode="call"/>
<opset="cols/1 "/>
</bind>
</comp>

<comp id="270" class="1004" name="store_ln3056_store_fu_270">
<pin_list>
<pin id="271" dir="0" index="0" bw="1" slack="0"/>
<pin id="272" dir="0" index="1" bw="1" slack="0"/>
<pin id="273" dir="1" index="2" bw="0" slack="2147483647"/>
</pin_list>
<bind>
<opcode="store(28) " fcode="store"/>
<opset="store_ln3056/2 "/>
</bind>
</comp>

<comp id="275" class="1004" name="store_ln3056_store_fu_275">
<pin_list>
<pin id="276" dir="0" index="0" bw="1" slack="0"/>
<pin id="277" dir="0" index="1" bw="10" slack="0"/>
<pin id="278" dir="1" index="2" bw="0" slack="2147483647"/>
</pin_list>
<bind>
<opcode="store(28) " fcode="store"/>
<opset="store_ln3056/2 "/>
</bind>
</comp>

<comp id="280" class="1004" name="axi_last_V_loc_load_load_fu_280">
<pin_list>
<pin id="281" dir="0" index="0" bw="1" slack="3"/>
<pin id="282" dir="1" index="1" bw="1" slack="2147483647"/>
</pin_list>
<bind>
<opcode="load(27) " fcode="load"/>
<opset="axi_last_V_loc_load/4 "/>
</bind>
</comp>

<comp id="283" class="1004" name="cmp8262_fu_283">
<pin_list>
<pin id="284" dir="0" index="0" bw="10" slack="2"/>
<pin id="285" dir="0" index="1" bw="10" slack="0"/>
<pin id="286" dir="1" index="2" bw="1" slack="1"/>
</pin_list>
<bind>
<opcode="icmp(45) " fcode="icmp"/>
<opset="cmp8262/4 "/>
</bind>
</comp>

<comp id="288" class="1004" name="i_6_load_fu_288">
<pin_list>
<pin id="289" dir="0" index="0" bw="10" slack="3"/>
<pin id="290" dir="1" index="1" bw="10" slack="0"/>
</pin_list>
<bind>
<opcode="load(27) " fcode="load"/>
<opset="i_6/5 "/>
</bind>
</comp>

<comp id="291" class="1004" name="axi_data_V_8_load_fu_291">
<pin_list>
<pin id="292" dir="0" index="0" bw="24" slack="3"/>
<pin id="293" dir="1" index="1" bw="24" slack="0"/>
</pin_list>
<bind>
<opcode="load(27) " fcode="load"/>
<opset="axi_data_V_8/5 "/>
</bind>
</comp>

<comp id="295" class="1004" name="icmp_ln3056_fu_295">
<pin_list>
<pin id="296" dir="0" index="0" bw="10" slack="0"/>
<pin id="297" dir="0" index="1" bw="10" slack="3"/>
<pin id="298" dir="1" index="2" bw="1" slack="2147483647"/>
</pin_list>
<bind>
<opcode="icmp(45) " fcode="icmp"/>
<opset="icmp_ln3056/5 "/>
</bind>
</comp>

<comp id="300" class="1004" name="i_7_fu_300">
<pin_list>
<pin id="301" dir="0" index="0" bw="10" slack="0"/>
<pin id="302" dir="0" index="1" bw="1" slack="0"/>
<pin id="303" dir="1" index="2" bw="10" slack="2"/>
</pin_list>
<bind>
<opcode="add(8) " fcode="add"/>
<opset="i_7/5 "/>
</bind>
</comp>

<comp id="306" class="1004" name="sof_load_load_fu_306">
<pin_list>
<pin id="307" dir="0" index="0" bw="1" slack="3"/>
<pin id="308" dir="1" index="1" bw="1" slack="0"/>
</pin_list>
<bind>
<opcode="load(27) " fcode="load"/>
<opset="sof_load/5 "/>
</bind>
</comp>

<comp id="310" class="1004" name="eol_loc_load_load_fu_310">
<pin_list>
<pin id="311" dir="0" index="0" bw="1" slack="6"/>
<pin id="312" dir="1" index="1" bw="1" slack="2147483647"/>
</pin_list>
<bind>
<opcode="load(27) " fcode="load"/>
<opset="eol_loc_load/7 "/>
</bind>
</comp>

<comp id="313" class="1004" name="axi_data_V_11_loc_load_load_fu_313">
<pin_list>
<pin id="314" dir="0" index="0" bw="24" slack="6"/>
<pin id="315" dir="1" index="1" bw="24" slack="2147483647"/>
</pin_list>
<bind>
<opcode="load(27) " fcode="load"/>
<opset="axi_data_V_11_loc_load/7 "/>
</bind>
</comp>

<comp id="316" class="1004" name="store_ln0_store_fu_316">
<pin_list>
<pin id="317" dir="0" index="0" bw="1" slack="0"/>
<pin id="318" dir="0" index="1" bw="1" slack="5"/>
<pin id="319" dir="1" index="2" bw="0" slack="2147483647"/>
</pin_list>
<bind>
<opcode="store(28) " fcode="store"/>
<opset="store_ln0/7 "/>
</bind>
</comp>

<comp id="321" class="1004" name="store_ln3056_store_fu_321">
<pin_list>
<pin id="322" dir="0" index="0" bw="10" slack="2"/>
<pin id="323" dir="0" index="1" bw="10" slack="5"/>
<pin id="324" dir="1" index="2" bw="0" slack="2147483647"/>
</pin_list>
<bind>
<opcode="store(28) " fcode="store"/>
<opset="store_ln3056/7 "/>
</bind>
</comp>

<comp id="325" class="1004" name="axi_last_V_12_loc_load_load_fu_325">
<pin_list>
<pin id="326" dir="0" index="0" bw="1" slack="9"/>
<pin id="327" dir="1" index="1" bw="1" slack="2147483647"/>
</pin_list>
<bind>
<opcode="load(27) " fcode="load"/>
<opset="axi_last_V_12_loc_load/10 "/>
</bind>
</comp>

<comp id="328" class="1005" name="layerEnableFlag_read_reg_328">
<pin_list>
<pin id="329" dir="0" index="0" bw="1" slack="1"/>
<pin id="330" dir="1" index="1" bw="1" slack="2147483647"/>
</pin_list>
<bind>
<opset="layerEnableFlag_read "/>
</bind>
</comp>

<comp id="332" class="1005" name="axi_last_V_12_loc_reg_332">
<pin_list>
<pin id="333" dir="0" index="0" bw="1" slack="7"/>
<pin id="334" dir="1" index="1" bw="1" slack="7"/>
</pin_list>
<bind>
<opset="axi_last_V_12_loc "/>
</bind>
</comp>

<comp id="338" class="1005" name="axi_data_V_11_loc_reg_338">
<pin_list>
<pin id="339" dir="0" index="0" bw="24" slack="4"/>
<pin id="340" dir="1" index="1" bw="24" slack="4"/>
</pin_list>
<bind>
<opset="axi_data_V_11_loc "/>
</bind>
</comp>

<comp id="344" class="1005" name="eol_loc_reg_344">
<pin_list>
<pin id="345" dir="0" index="0" bw="1" slack="4"/>
<pin id="346" dir="1" index="1" bw="1" slack="4"/>
</pin_list>
<bind>
<opset="eol_loc "/>
</bind>
</comp>

<comp id="350" class="1005" name="axi_last_V_loc_reg_350">
<pin_list>
<pin id="351" dir="0" index="0" bw="1" slack="1"/>
<pin id="352" dir="1" index="1" bw="1" slack="1"/>
</pin_list>
<bind>
<opset="axi_last_V_loc "/>
</bind>
</comp>

<comp id="356" class="1005" name="rows_reg_356">
<pin_list>
<pin id="357" dir="0" index="0" bw="10" slack="3"/>
<pin id="358" dir="1" index="1" bw="10" slack="3"/>
</pin_list>
<bind>
<opset="rows "/>
</bind>
</comp>

<comp id="361" class="1005" name="cols_reg_361">
<pin_list>
<pin id="362" dir="0" index="0" bw="10" slack="2"/>
<pin id="363" dir="1" index="1" bw="10" slack="2"/>
</pin_list>
<bind>
<opset="cols "/>
</bind>
</comp>

<comp id="367" class="1005" name="i_reg_367">
<pin_list>
<pin id="368" dir="0" index="0" bw="10" slack="0"/>
<pin id="369" dir="1" index="1" bw="10" slack="0"/>
</pin_list>
<bind>
<opset="i "/>
</bind>
</comp>

<comp id="374" class="1005" name="axi_data_V_reg_374">
<pin_list>
<pin id="375" dir="0" index="0" bw="24" slack="0"/>
<pin id="376" dir="1" index="1" bw="24" slack="0"/>
</pin_list>
<bind>
<opset="axi_data_V "/>
</bind>
</comp>

<comp id="381" class="1005" name="sof_reg_381">
<pin_list>
<pin id="382" dir="0" index="0" bw="1" slack="0"/>
<pin id="383" dir="1" index="1" bw="1" slack="0"/>
</pin_list>
<bind>
<opset="sof "/>
</bind>
</comp>

<comp id="391" class="1005" name="cmp8262_reg_391">
<pin_list>
<pin id="392" dir="0" index="0" bw="1" slack="1"/>
<pin id="393" dir="1" index="1" bw="1" slack="2147483647"/>
</pin_list>
<bind>
<opset="cmp8262 "/>
</bind>
</comp>

<comp id="401" class="1005" name="i_7_reg_401">
<pin_list>
<pin id="402" dir="0" index="0" bw="10" slack="2"/>
<pin id="403" dir="1" index="1" bw="10" slack="2"/>
</pin_list>
<bind>
<opset="i_7 "/>
</bind>
</comp>

</comp_list>

<net_list>
<net id="91"><net_src comp="28" pin="0"/><net_sink comp="88" pin=0"/></net>

<net id="95"><net_src comp="28" pin="0"/><net_sink comp="92" pin=0"/></net>

<net id="99"><net_src comp="28" pin="0"/><net_sink comp="96" pin=0"/></net>

<net id="103"><net_src comp="28" pin="0"/><net_sink comp="100" pin=0"/></net>

<net id="107"><net_src comp="28" pin="0"/><net_sink comp="104" pin=0"/></net>

<net id="111"><net_src comp="28" pin="0"/><net_sink comp="108" pin=0"/></net>

<net id="115"><net_src comp="28" pin="0"/><net_sink comp="112" pin=0"/></net>

<net id="120"><net_src comp="24" pin="0"/><net_sink comp="116" pin=0"/></net>

<net id="121"><net_src comp="20" pin="0"/><net_sink comp="116" pin=1"/></net>

<net id="126"><net_src comp="26" pin="0"/><net_sink comp="122" pin=0"/></net>

<net id="127"><net_src comp="18" pin="0"/><net_sink comp="122" pin=1"/></net>

<net id="132"><net_src comp="26" pin="0"/><net_sink comp="128" pin=0"/></net>

<net id="133"><net_src comp="16" pin="0"/><net_sink comp="128" pin=1"/></net>

<net id="139"><net_src comp="30" pin="0"/><net_sink comp="134" pin=0"/></net>

<net id="140"><net_src comp="22" pin="0"/><net_sink comp="134" pin=1"/></net>

<net id="141"><net_src comp="116" pin="2"/><net_sink comp="134" pin=2"/></net>

<net id="151"><net_src comp="145" pin="4"/><net_sink comp="142" pin=0"/></net>

<net id="161"><net_src comp="155" pin="4"/><net_sink comp="152" pin=0"/></net>

<net id="171"><net_src comp="142" pin="1"/><net_sink comp="165" pin=2"/></net>

<net id="172"><net_src comp="165" pin="4"/><net_sink comp="162" pin=0"/></net>

<net id="176"><net_src comp="84" pin="0"/><net_sink comp="173" pin=0"/></net>

<net id="183"><net_src comp="173" pin="1"/><net_sink comp="177" pin=2"/></net>

<net id="184"><net_src comp="177" pin="4"/><net_sink comp="173" pin=0"/></net>

<net id="197"><net_src comp="64" pin="0"/><net_sink comp="185" pin=0"/></net>

<net id="198"><net_src comp="0" pin="0"/><net_sink comp="185" pin=1"/></net>

<net id="199"><net_src comp="2" pin="0"/><net_sink comp="185" pin=2"/></net>

<net id="200"><net_src comp="4" pin="0"/><net_sink comp="185" pin=3"/></net>

<net id="201"><net_src comp="6" pin="0"/><net_sink comp="185" pin=4"/></net>

<net id="202"><net_src comp="8" pin="0"/><net_sink comp="185" pin=5"/></net>

<net id="203"><net_src comp="10" pin="0"/><net_sink comp="185" pin=6"/></net>

<net id="204"><net_src comp="12" pin="0"/><net_sink comp="185" pin=7"/></net>

<net id="222"><net_src comp="82" pin="0"/><net_sink comp="205" pin=0"/></net>

<net id="223"><net_src comp="145" pin="4"/><net_sink comp="205" pin=2"/></net>

<net id="224"><net_src comp="14" pin="0"/><net_sink comp="205" pin=5"/></net>

<net id="225"><net_src comp="0" pin="0"/><net_sink comp="205" pin=6"/></net>

<net id="226"><net_src comp="2" pin="0"/><net_sink comp="205" pin=7"/></net>

<net id="227"><net_src comp="4" pin="0"/><net_sink comp="205" pin=8"/></net>

<net id="228"><net_src comp="6" pin="0"/><net_sink comp="205" pin=9"/></net>

<net id="229"><net_src comp="8" pin="0"/><net_sink comp="205" pin=10"/></net>

<net id="230"><net_src comp="10" pin="0"/><net_sink comp="205" pin=11"/></net>

<net id="231"><net_src comp="12" pin="0"/><net_sink comp="205" pin=12"/></net>

<net id="247"><net_src comp="86" pin="0"/><net_sink comp="232" pin=0"/></net>

<net id="248"><net_src comp="155" pin="4"/><net_sink comp="232" pin=1"/></net>

<net id="249"><net_src comp="165" pin="4"/><net_sink comp="232" pin=2"/></net>

<net id="250"><net_src comp="177" pin="4"/><net_sink comp="232" pin=3"/></net>

<net id="251"><net_src comp="0" pin="0"/><net_sink comp="232" pin=4"/></net>

<net id="252"><net_src comp="2" pin="0"/><net_sink comp="232" pin=5"/></net>

<net id="253"><net_src comp="4" pin="0"/><net_sink comp="232" pin=6"/></net>

<net id="254"><net_src comp="6" pin="0"/><net_sink comp="232" pin=7"/></net>

<net id="255"><net_src comp="8" pin="0"/><net_sink comp="232" pin=8"/></net>

<net id="256"><net_src comp="10" pin="0"/><net_sink comp="232" pin=9"/></net>

<net id="257"><net_src comp="12" pin="0"/><net_sink comp="232" pin=10"/></net>

<net id="262"><net_src comp="32" pin="0"/><net_sink comp="258" pin=0"/></net>

<net id="263"><net_src comp="128" pin="2"/><net_sink comp="258" pin=1"/></net>

<net id="268"><net_src comp="32" pin="0"/><net_sink comp="264" pin=0"/></net>

<net id="269"><net_src comp="122" pin="2"/><net_sink comp="264" pin=1"/></net>

<net id="274"><net_src comp="66" pin="0"/><net_sink comp="270" pin=0"/></net>

<net id="279"><net_src comp="68" pin="0"/><net_sink comp="275" pin=0"/></net>

<net id="287"><net_src comp="68" pin="0"/><net_sink comp="283" pin=1"/></net>

<net id="294"><net_src comp="291" pin="1"/><net_sink comp="205" pin=3"/></net>

<net id="299"><net_src comp="288" pin="1"/><net_sink comp="295" pin=0"/></net>

<net id="304"><net_src comp="288" pin="1"/><net_sink comp="300" pin=0"/></net>

<net id="305"><net_src comp="76" pin="0"/><net_sink comp="300" pin=1"/></net>

<net id="309"><net_src comp="306" pin="1"/><net_sink comp="205" pin=1"/></net>

<net id="320"><net_src comp="84" pin="0"/><net_sink comp="316" pin=0"/></net>

<net id="331"><net_src comp="116" pin="2"/><net_sink comp="328" pin=0"/></net>

<net id="335"><net_src comp="88" pin="1"/><net_sink comp="332" pin=0"/></net>

<net id="336"><net_src comp="332" pin="1"/><net_sink comp="232" pin=12"/></net>

<net id="337"><net_src comp="332" pin="1"/><net_sink comp="325" pin=0"/></net>

<net id="341"><net_src comp="92" pin="1"/><net_sink comp="338" pin=0"/></net>

<net id="342"><net_src comp="338" pin="1"/><net_sink comp="205" pin=14"/></net>

<net id="343"><net_src comp="338" pin="1"/><net_sink comp="313" pin=0"/></net>

<net id="347"><net_src comp="96" pin="1"/><net_sink comp="344" pin=0"/></net>

<net id="348"><net_src comp="344" pin="1"/><net_sink comp="205" pin=13"/></net>

<net id="349"><net_src comp="344" pin="1"/><net_sink comp="310" pin=0"/></net>

<net id="353"><net_src comp="100" pin="1"/><net_sink comp="350" pin=0"/></net>

<net id="354"><net_src comp="350" pin="1"/><net_sink comp="185" pin=9"/></net>

<net id="355"><net_src comp="350" pin="1"/><net_sink comp="280" pin=0"/></net>

<net id="359"><net_src comp="258" pin="2"/><net_sink comp="356" pin=0"/></net>

<net id="360"><net_src comp="356" pin="1"/><net_sink comp="295" pin=1"/></net>

<net id="364"><net_src comp="264" pin="2"/><net_sink comp="361" pin=0"/></net>

<net id="365"><net_src comp="361" pin="1"/><net_sink comp="283" pin=0"/></net>

<net id="366"><net_src comp="361" pin="1"/><net_sink comp="205" pin=4"/></net>

<net id="370"><net_src comp="104" pin="1"/><net_sink comp="367" pin=0"/></net>

<net id="371"><net_src comp="367" pin="1"/><net_sink comp="275" pin=1"/></net>

<net id="372"><net_src comp="367" pin="1"/><net_sink comp="288" pin=0"/></net>

<net id="373"><net_src comp="367" pin="1"/><net_sink comp="321" pin=1"/></net>

<net id="377"><net_src comp="108" pin="1"/><net_sink comp="374" pin=0"/></net>

<net id="378"><net_src comp="374" pin="1"/><net_sink comp="185" pin=8"/></net>

<net id="379"><net_src comp="374" pin="1"/><net_sink comp="291" pin=0"/></net>

<net id="380"><net_src comp="374" pin="1"/><net_sink comp="232" pin=11"/></net>

<net id="384"><net_src comp="112" pin="1"/><net_sink comp="381" pin=0"/></net>

<net id="385"><net_src comp="381" pin="1"/><net_sink comp="270" pin=1"/></net>

<net id="386"><net_src comp="381" pin="1"/><net_sink comp="306" pin=0"/></net>

<net id="387"><net_src comp="381" pin="1"/><net_sink comp="316" pin=1"/></net>

<net id="394"><net_src comp="283" pin="2"/><net_sink comp="391" pin=0"/></net>

<net id="404"><net_src comp="300" pin="2"/><net_sink comp="401" pin=0"/></net>

<net id="405"><net_src comp="401" pin="1"/><net_sink comp="321" pin=0"/></net>

</net_list>

</model> 
---------------- Datapath Model END ------------------

* FSMD analyzer results:
  - Output states:
	Port: s_axis_video_V_data_V | {}
	Port: s_axis_video_V_keep_V | {}
	Port: s_axis_video_V_strb_V | {}
	Port: s_axis_video_V_user_V | {}
	Port: s_axis_video_V_last_V | {}
	Port: s_axis_video_V_id_V | {}
	Port: s_axis_video_V_dest_V | {}
	Port: srcLayer0 | {5 6 }
	Port: p_read_c48 | {1 }
 - Input state : 
	Port: AXIvideo2MultiPixStream : s_axis_video_V_data_V | {2 3 5 6 8 9 }
	Port: AXIvideo2MultiPixStream : s_axis_video_V_keep_V | {2 3 5 6 8 9 }
	Port: AXIvideo2MultiPixStream : s_axis_video_V_strb_V | {2 3 5 6 8 9 }
	Port: AXIvideo2MultiPixStream : s_axis_video_V_user_V | {2 3 5 6 8 9 }
	Port: AXIvideo2MultiPixStream : s_axis_video_V_last_V | {2 3 5 6 8 9 }
	Port: AXIvideo2MultiPixStream : s_axis_video_V_id_V | {2 3 5 6 8 9 }
	Port: AXIvideo2MultiPixStream : s_axis_video_V_dest_V | {2 3 5 6 8 9 }
	Port: AXIvideo2MultiPixStream : Height | {1 }
	Port: AXIvideo2MultiPixStream : WidthIn | {1 }
	Port: AXIvideo2MultiPixStream : layerEnableFlag | {1 }
  - Chain level:
	State 1
	State 2
		call_ln0 : 1
		store_ln3056 : 1
		store_ln3056 : 1
	State 3
	State 4
	State 5
		icmp_ln3056 : 1
		i_7 : 1
		br_ln3056 : 2
		call_ln3036 : 1
	State 6
	State 7
	State 8
		call_ln0 : 1
	State 9
	State 10


============================================================
+ Verbose Summary: Datapath Resource usage 
============================================================

* Functional unit list:
|----------|-----------------------------------------------------------------|---------|---------|
| Operation|                         Functional Unit                         |    FF   |   LUT   |
|----------|-----------------------------------------------------------------|---------|---------|
|          | grp_AXIvideo2MultiPixStream_Pipeline_loop_wait_for_start_fu_185 |    1    |    0    |
|          |      grp_AXIvideo2MultiPixStream_Pipeline_loop_width_fu_205     |    39   |    30   |
|   call   |  grp_AXIvideo2MultiPixStream_Pipeline_loop_wait_for_eol_fu_232  |    3    |    0    |
|          |                 grp_reg_unsigned_short_2_fu_258                 |    10   |    0    |
|          |                 grp_reg_unsigned_short_2_fu_264                 |    10   |    0    |
|----------|-----------------------------------------------------------------|---------|---------|
|   icmp   |                          cmp8262_fu_283                         |    0    |    11   |
|          |                        icmp_ln3056_fu_295                       |    0    |    11   |
|----------|-----------------------------------------------------------------|---------|---------|
|    add   |                            i_7_fu_300                           |    0    |    17   |
|----------|-----------------------------------------------------------------|---------|---------|
|          |                 layerEnableFlag_read_read_fu_116                |    0    |    0    |
|   read   |                     WidthIn_read_read_fu_122                    |    0    |    0    |
|          |                     Height_read_read_fu_128                     |    0    |    0    |
|----------|-----------------------------------------------------------------|---------|---------|
|   write  |                      write_ln0_write_fu_134                     |    0    |    0    |
|----------|-----------------------------------------------------------------|---------|---------|
|   Total  |                                                                 |    63   |    69   |
|----------|-----------------------------------------------------------------|---------|---------|

Memories:
N/A

* Register list:
+----------------------------+--------+
|                            |   FF   |
+----------------------------+--------+
|  axi_data_2_lcssa_reg_152  |   24   |
|  axi_data_V_11_loc_reg_338 |   24   |
|     axi_data_V_reg_374     |   24   |
|  axi_last_2_lcssa_reg_162  |    1   |
|    axi_last_V_10_reg_142   |    1   |
|  axi_last_V_12_loc_reg_332 |    1   |
|   axi_last_V_loc_reg_350   |    1   |
|       cmp8262_reg_391      |    1   |
|        cols_reg_361        |   10   |
|     eol_0_lcssa_reg_173    |    1   |
|       eol_loc_reg_344      |    1   |
|         i_7_reg_401        |   10   |
|          i_reg_367         |   10   |
|layerEnableFlag_read_reg_328|    1   |
|        rows_reg_356        |   10   |
|         sof_reg_381        |    1   |
+----------------------------+--------+
|            Total           |   121  |
+----------------------------+--------+

* Multiplexer (MUX) list: 
|---------------------|------|------|------|--------||---------||---------|
|         Comp        |  Pin | Size |  BW  | S x BW ||  Delay  ||   LUT   |
|---------------------|------|------|------|--------||---------||---------|
| eol_0_lcssa_reg_173 |  p0  |   2  |   1  |    2   ||    9    |
|---------------------|------|------|------|--------||---------||---------|
|        Total        |      |      |      |    2   ||   1.61  ||    9    |
|---------------------|------|------|------|--------||---------||---------|



* Summary:
+-----------+--------+--------+--------+
|           |  Delay |   FF   |   LUT  |
+-----------+--------+--------+--------+
|  Function |    -   |   63   |   69   |
|   Memory  |    -   |    -   |    -   |
|Multiplexer|    1   |    -   |    9   |
|  Register |    -   |   121  |    -   |
+-----------+--------+--------+--------+
|   Total   |    1   |   184  |   78   |
+-----------+--------+--------+--------+
