

================================================================
== Vitis HLS Report for 'MultiPixStream2AXIvideo_Pipeline_VITIS_LOOP_3188_3'
================================================================
* Date:           Tue Sep  6 19:46:52 2022

* Version:        2022.1 (Build 3526262 on Mon Apr 18 15:47:01 MDT 2022)
* Project:        prj
* Solution:       sol (Vivado IP Flow Target)
* Product family: artix7
* Target device:  xc7a35t-cpg236-1


================================================================
== Performance Estimates
================================================================
+ Timing: 
    * Summary: 
    +--------+----------+----------+------------+
    |  Clock |  Target  | Estimated| Uncertainty|
    +--------+----------+----------+------------+
    |ap_clk  |  20.00 ns|  3.908 ns|     5.40 ns|
    +--------+----------+----------+------------+

+ Latency: 
    * Summary: 
    +---------+---------+-----------+-----------+-----+-----+---------+
    |  Latency (cycles) |   Latency (absolute)  |  Interval | Pipeline|
    |   min   |   max   |    min    |    max    | min | max |   Type  |
    +---------+---------+-----------+-----------+-----+-----+---------+
    |        4|      803|  80.000 ns|  16.060 us|    4|  803|       no|
    +---------+---------+-----------+-----------+-----+-----+---------+

    + Detail: 
        * Instance: 
        N/A

        * Loop: 
        +---------------------+---------+---------+----------+-----------+-----------+---------+----------+
        |                     |  Latency (cycles) | Iteration|  Initiation Interval  |   Trip  |          |
        |      Loop Name      |   min   |   max   |  Latency |  achieved |   target  |  Count  | Pipelined|
        +---------------------+---------+---------+----------+-----------+-----------+---------+----------+
        |- VITIS_LOOP_3188_3  |        2|      801|         2|          1|          1|  1 ~ 800|       yes|
        +---------------------+---------+---------+----------+-----------+-----------+---------+----------+

============================================================
+ Verbose Summary: Synthesis Manager
============================================================
InlineROM: 1
ExposeGlobal: 0
============================================================
+ Verbose Summary: CDFG Model
============================================================
IsTopModel: 0
ResetActiveHigh: 1
IsCombinational: 0
IsDatapathOnly: 0
HasWiredReturn: 1
HasMFsm: 2
HasVarLatency: 1
IsPipeline: 0
IsRtlPipelined: 0
IsInstanceOverlapped: 0
IsDontTouch: 0
HasImplIP: 0
IsGatedGlobalClock: 0

+ Individual pipeline summary: 
  * Pipeline-0: initiation interval (II) = 1, depth = 2


============================================================
+ Verbose Summary: Schedule
============================================================
* Number of FSM states : 2
* Pipeline : 1
  Pipeline-0 : II = 1, D = 2, States = { 1 2 }
* Dataflow Pipeline: 0

* FSM state transitions: 
1 --> 2 
2 --> 

* FSM state operations: 

State 1 <SV = 0> <Delay = 3.73>
ST_1 : Operation 5 [1/1] (0.00ns)   --->   "%j = alloca i32 1"   --->   Operation 5 'alloca' 'j' <Predicate = true> <Delay = 0.00>
ST_1 : Operation 6 [1/1] (0.00ns)   --->   "%specinterface_ln0 = specinterface void @_ssdm_op_SpecInterface, i1 %m_axis_video_V_dest_V, i1 %m_axis_video_V_id_V, i1 %m_axis_video_V_last_V, i1 %m_axis_video_V_user_V, i3 %m_axis_video_V_strb_V, i3 %m_axis_video_V_keep_V, i24 %m_axis_video_V_data_V, void @empty_3, i32 0, i32 0, void @empty_29, i32 0, i32 0, void @empty_38, void @empty_38, void @empty_38, i32 0, i32 0, i32 0, i32 0, void @empty_38, void @empty_38, i32 4294967295, i32 0"   --->   Operation 6 'specinterface' 'specinterface_ln0' <Predicate = true> <Delay = 0.00>
ST_1 : Operation 7 [1/1] (0.00ns)   --->   "%specinterface_ln0 = specinterface void @_ssdm_op_SpecInterface, i24 %out420, void @empty_42, i32 0, i32 0, void @empty_38, i32 0, i32 0, void @empty_38, void @empty_38, void @empty_38, i32 0, i32 0, i32 0, i32 0, void @empty_38, void @empty_38, i32 4294967295, i32 0"   --->   Operation 7 'specinterface' 'specinterface_ln0' <Predicate = true> <Delay = 0.00>
ST_1 : Operation 8 [1/1] (0.00ns)   --->   "%sub_i_read = read i11 @_ssdm_op_Read.ap_auto.i11, i11 %sub_i"   --->   Operation 8 'read' 'sub_i_read' <Predicate = true> <Delay = 0.00>
ST_1 : Operation 9 [1/1] (0.00ns)   --->   "%cols_read = read i10 @_ssdm_op_Read.ap_auto.i10, i10 %cols"   --->   Operation 9 'read' 'cols_read' <Predicate = true> <Delay = 0.00>
ST_1 : Operation 10 [1/1] (0.00ns)   --->   "%sof_read = read i1 @_ssdm_op_Read.ap_auto.i1, i1 %sof"   --->   Operation 10 'read' 'sof_read' <Predicate = true> <Delay = 0.00>
ST_1 : Operation 11 [1/1] (1.61ns)   --->   "%store_ln0 = store i10 0, i10 %j"   --->   Operation 11 'store' 'store_ln0' <Predicate = true> <Delay = 1.61>
ST_1 : Operation 12 [1/1] (1.61ns)   --->   "%br_ln0 = br void %for.body34.i"   --->   Operation 12 'br' 'br_ln0' <Predicate = true> <Delay = 1.61>
ST_1 : Operation 13 [1/1] (0.00ns)   --->   "%j_1 = load i10 %j" [/home/trevor/Documents/xilinx/basys3_pong2/vivado/pong_2/pong_2.runs/design_1_v_mix_0_0_synth_1/prj/sol/.autopilot/db/v_mix.cpp:3188->/home/trevor/Documents/xilinx/basys3_pong2/vivado/pong_2/pong_2.runs/design_1_v_mix_0_0_synth_1/prj/sol/.autopilot/db/v_mix.cpp:1758]   --->   Operation 13 'load' 'j_1' <Predicate = true> <Delay = 0.00>
ST_1 : Operation 14 [1/1] (0.00ns)   --->   "%zext_ln3188 = zext i10 %j_1" [/home/trevor/Documents/xilinx/basys3_pong2/vivado/pong_2/pong_2.runs/design_1_v_mix_0_0_synth_1/prj/sol/.autopilot/db/v_mix.cpp:3188->/home/trevor/Documents/xilinx/basys3_pong2/vivado/pong_2/pong_2.runs/design_1_v_mix_0_0_synth_1/prj/sol/.autopilot/db/v_mix.cpp:1758]   --->   Operation 14 'zext' 'zext_ln3188' <Predicate = true> <Delay = 0.00>
ST_1 : Operation 15 [1/1] (1.70ns)   --->   "%icmp_ln3188 = icmp_eq  i10 %j_1, i10 %cols_read" [/home/trevor/Documents/xilinx/basys3_pong2/vivado/pong_2/pong_2.runs/design_1_v_mix_0_0_synth_1/prj/sol/.autopilot/db/v_mix.cpp:3188->/home/trevor/Documents/xilinx/basys3_pong2/vivado/pong_2/pong_2.runs/design_1_v_mix_0_0_synth_1/prj/sol/.autopilot/db/v_mix.cpp:1758]   --->   Operation 15 'icmp' 'icmp_ln3188' <Predicate = true> <Delay = 1.70> <CoreInst = "Cmp">   --->   Core 9 'Cmp' <Latency = 0> <II = 1> <Delay = 1.70> <FuncUnit> <Opcode : 'icmp'> <InPorts = 2> <OutPorts = 1>
ST_1 : Operation 16 [1/1] (2.12ns)   --->   "%j_2 = add i10 %j_1, i10 1" [/home/trevor/Documents/xilinx/basys3_pong2/vivado/pong_2/pong_2.runs/design_1_v_mix_0_0_synth_1/prj/sol/.autopilot/db/v_mix.cpp:3188->/home/trevor/Documents/xilinx/basys3_pong2/vivado/pong_2/pong_2.runs/design_1_v_mix_0_0_synth_1/prj/sol/.autopilot/db/v_mix.cpp:1758]   --->   Operation 16 'add' 'j_2' <Predicate = true> <Delay = 2.12> <CoreInst = "Adder">   --->   Core 1 'Adder' <Latency = 0> <II = 1> <Delay = 2.12> <FuncUnit> <Opcode : 'add' 'sub'> <InPorts = 2> <OutPorts = 1>
ST_1 : Operation 17 [1/1] (0.00ns)   --->   "%br_ln3188 = br i1 %icmp_ln3188, void %for.body34.split.i, void %for.inc78.i.loopexit.exitStub" [/home/trevor/Documents/xilinx/basys3_pong2/vivado/pong_2/pong_2.runs/design_1_v_mix_0_0_synth_1/prj/sol/.autopilot/db/v_mix.cpp:3188->/home/trevor/Documents/xilinx/basys3_pong2/vivado/pong_2/pong_2.runs/design_1_v_mix_0_0_synth_1/prj/sol/.autopilot/db/v_mix.cpp:1758]   --->   Operation 17 'br' 'br_ln3188' <Predicate = true> <Delay = 0.00>
ST_1 : Operation 18 [1/1] (1.81ns)   --->   "%axi_last_V = icmp_eq  i11 %zext_ln3188, i11 %sub_i_read" [/home/trevor/Documents/xilinx/basys3_pong2/vivado/pong_2/pong_2.runs/design_1_v_mix_0_0_synth_1/prj/sol/.autopilot/db/v_mix.cpp:3201->/home/trevor/Documents/xilinx/basys3_pong2/vivado/pong_2/pong_2.runs/design_1_v_mix_0_0_synth_1/prj/sol/.autopilot/db/v_mix.cpp:1758]   --->   Operation 18 'icmp' 'axi_last_V' <Predicate = (!icmp_ln3188)> <Delay = 1.81> <CoreInst = "Cmp">   --->   Core 9 'Cmp' <Latency = 0> <II = 1> <Delay = 1.81> <FuncUnit> <Opcode : 'icmp'> <InPorts = 2> <OutPorts = 1>
ST_1 : Operation 19 [1/1] (1.61ns)   --->   "%store_ln3188 = store i10 %j_2, i10 %j" [/home/trevor/Documents/xilinx/basys3_pong2/vivado/pong_2/pong_2.runs/design_1_v_mix_0_0_synth_1/prj/sol/.autopilot/db/v_mix.cpp:3188->/home/trevor/Documents/xilinx/basys3_pong2/vivado/pong_2/pong_2.runs/design_1_v_mix_0_0_synth_1/prj/sol/.autopilot/db/v_mix.cpp:1758]   --->   Operation 19 'store' 'store_ln3188' <Predicate = (!icmp_ln3188)> <Delay = 1.61>
ST_1 : Operation 20 [1/1] (0.00ns)   --->   "%br_ln3188 = br void %for.body34.i" [/home/trevor/Documents/xilinx/basys3_pong2/vivado/pong_2/pong_2.runs/design_1_v_mix_0_0_synth_1/prj/sol/.autopilot/db/v_mix.cpp:3188->/home/trevor/Documents/xilinx/basys3_pong2/vivado/pong_2/pong_2.runs/design_1_v_mix_0_0_synth_1/prj/sol/.autopilot/db/v_mix.cpp:1758]   --->   Operation 20 'br' 'br_ln3188' <Predicate = (!icmp_ln3188)> <Delay = 0.00>

State 2 <SV = 1> <Delay = 3.90>
ST_2 : Operation 21 [1/1] (0.00ns)   --->   "%sof_2 = phi i1 0, void %for.body34.split.i, i1 %sof_read, void %newFuncRoot"   --->   Operation 21 'phi' 'sof_2' <Predicate = true> <Delay = 0.00>
ST_2 : Operation 22 [1/1] (0.00ns)   --->   "%speclooptripcount_ln0 = speclooptripcount void @_ssdm_op_SpecLoopTripCount, i64 1, i64 800, i64 0"   --->   Operation 22 'speclooptripcount' 'speclooptripcount_ln0' <Predicate = true> <Delay = 0.00>
ST_2 : Operation 23 [1/1] (0.00ns)   --->   "%specpipeline_ln3191 = specpipeline void @_ssdm_op_SpecPipeline, i32 1, i32 0, i32 0, i32 0, void @empty_38" [/home/trevor/Documents/xilinx/basys3_pong2/vivado/pong_2/pong_2.runs/design_1_v_mix_0_0_synth_1/prj/sol/.autopilot/db/v_mix.cpp:3191->/home/trevor/Documents/xilinx/basys3_pong2/vivado/pong_2/pong_2.runs/design_1_v_mix_0_0_synth_1/prj/sol/.autopilot/db/v_mix.cpp:1758]   --->   Operation 23 'specpipeline' 'specpipeline_ln3191' <Predicate = (!icmp_ln3188)> <Delay = 0.00>
ST_2 : Operation 24 [1/1] (0.00ns)   --->   "%specloopname_ln3185 = specloopname void @_ssdm_op_SpecLoopName, void @empty_16" [/home/trevor/Documents/xilinx/basys3_pong2/vivado/pong_2/pong_2.runs/design_1_v_mix_0_0_synth_1/prj/sol/.autopilot/db/v_mix.cpp:3185->/home/trevor/Documents/xilinx/basys3_pong2/vivado/pong_2/pong_2.runs/design_1_v_mix_0_0_synth_1/prj/sol/.autopilot/db/v_mix.cpp:1758]   --->   Operation 24 'specloopname' 'specloopname_ln3185' <Predicate = (!icmp_ln3188)> <Delay = 0.00>
ST_2 : Operation 25 [1/1] (3.90ns)   --->   "%out420_read = read i24 @_ssdm_op_Read.ap_fifo.volatile.i24P0A, i24 %out420" [/opt/Xilinx/Vitis_HLS/2022.1/common/technology/autopilot/hls_stream_39.h:145]   --->   Operation 25 'read' 'out420_read' <Predicate = (!icmp_ln3188)> <Delay = 3.90> <CoreInst = "FIFO_SRL">   --->   Core 81 'FIFO_SRL' <Latency = 0> <II = 1> <Delay = 3.90> <Storage> <Opcode : 'read' 'write' 'nbread' 'nbwrite'> <Ports = 0> <Width = 24> <Depth = 2> <FIFO>
ST_2 : Operation 26 [1/1] (0.00ns)   --->   "%trunc_ln145 = trunc i24 %out420_read" [/opt/Xilinx/Vitis_HLS/2022.1/common/technology/autopilot/hls_stream_39.h:145]   --->   Operation 26 'trunc' 'trunc_ln145' <Predicate = (!icmp_ln3188)> <Delay = 0.00>
ST_2 : Operation 27 [1/1] (0.00ns)   --->   "%tmp = partselect i16 @_ssdm_op_PartSelect.i16.i24.i32.i32, i24 %out420_read, i32 8, i32 23"   --->   Operation 27 'partselect' 'tmp' <Predicate = (!icmp_ln3188)> <Delay = 0.00>
ST_2 : Operation 28 [1/1] (0.00ns)   --->   "%p_Result_s = bitconcatenate i24 @_ssdm_op_BitConcatenate.i24.i8.i16, i8 %trunc_ln145, i16 %tmp"   --->   Operation 28 'bitconcatenate' 'p_Result_s' <Predicate = (!icmp_ln3188)> <Delay = 0.00>
ST_2 : Operation 29 [1/1] (0.00ns)   --->   "%write_ln304 = write void @_ssdm_op_Write.axis.volatile.i24P0A.i3P0A.i3P0A.i1P0A.i1P0A.i1P0A.i1P0A, i24 %m_axis_video_V_data_V, i3 %m_axis_video_V_keep_V, i3 %m_axis_video_V_strb_V, i1 %m_axis_video_V_user_V, i1 %m_axis_video_V_last_V, i1 %m_axis_video_V_id_V, i1 %m_axis_video_V_dest_V, i24 %p_Result_s, i3 7, i3 0, i1 %sof_2, i1 %axi_last_V, i1 0, i1 0"   --->   Operation 29 'write' 'write_ln304' <Predicate = (!icmp_ln3188)> <Delay = 0.00> <CoreInst = "axis">   --->   Core 115 'axis' <Latency = 0> <II = 1> <Delay = 1.00> <Adapter> <Opcode : >
ST_2 : Operation 30 [1/1] (0.00ns)   --->   "%ret_ln0 = ret"   --->   Operation 30 'ret' 'ret_ln0' <Predicate = (icmp_ln3188)> <Delay = 0.00>


============================================================
+ Verbose Summary: Timing violations
============================================================
Target clock period: 20ns, clock uncertainty: 5.4ns.

 <State 1>: 3.73ns
The critical path consists of the following:
	'alloca' operation ('j') [12]  (0 ns)
	'load' operation ('j', /home/trevor/Documents/xilinx/basys3_pong2/vivado/pong_2/pong_2.runs/design_1_v_mix_0_0_synth_1/prj/sol/.autopilot/db/v_mix.cpp:3188->/home/trevor/Documents/xilinx/basys3_pong2/vivado/pong_2/pong_2.runs/design_1_v_mix_0_0_synth_1/prj/sol/.autopilot/db/v_mix.cpp:1758) on local variable 'j' [22]  (0 ns)
	'add' operation ('j', /home/trevor/Documents/xilinx/basys3_pong2/vivado/pong_2/pong_2.runs/design_1_v_mix_0_0_synth_1/prj/sol/.autopilot/db/v_mix.cpp:3188->/home/trevor/Documents/xilinx/basys3_pong2/vivado/pong_2/pong_2.runs/design_1_v_mix_0_0_synth_1/prj/sol/.autopilot/db/v_mix.cpp:1758) [26]  (2.12 ns)
	'store' operation ('store_ln3188', /home/trevor/Documents/xilinx/basys3_pong2/vivado/pong_2/pong_2.runs/design_1_v_mix_0_0_synth_1/prj/sol/.autopilot/db/v_mix.cpp:3188->/home/trevor/Documents/xilinx/basys3_pong2/vivado/pong_2/pong_2.runs/design_1_v_mix_0_0_synth_1/prj/sol/.autopilot/db/v_mix.cpp:1758) of variable 'j', /home/trevor/Documents/xilinx/basys3_pong2/vivado/pong_2/pong_2.runs/design_1_v_mix_0_0_synth_1/prj/sol/.autopilot/db/v_mix.cpp:3188->/home/trevor/Documents/xilinx/basys3_pong2/vivado/pong_2/pong_2.runs/design_1_v_mix_0_0_synth_1/prj/sol/.autopilot/db/v_mix.cpp:1758 on local variable 'j' [37]  (1.61 ns)

 <State 2>: 3.91ns
The critical path consists of the following:
	fifo read operation ('out420_read', /opt/Xilinx/Vitis_HLS/2022.1/common/technology/autopilot/hls_stream_39.h:145) on port 'out420' (/opt/Xilinx/Vitis_HLS/2022.1/common/technology/autopilot/hls_stream_39.h:145) [32]  (3.91 ns)


============================================================
+ Verbose Summary: Binding
============================================================
N/A
* FSMD analyzer results:
  - Output states:
 - Input state : 
  - Chain level:
	State 1
	State 2


============================================================
+ Verbose Summary: Datapath Resource usage 
============================================================
N/A
