

================================================================
== Vitis HLS Report for 'MultiPixStream2AXIvideo_Pipeline_VITIS_LOOP_3188_3'
================================================================
* Date:           Mon Sep  5 13:09:00 2022

* Version:        2022.1 (Build 3526262 on Mon Apr 18 15:47:01 MDT 2022)
* Project:        prj
* Solution:       sol (Vivado IP Flow Target)
* Product family: artix7
* Target device:  xc7a35t-cpg236-1


================================================================
== Performance Estimates
================================================================
+ Timing: 
    * Summary: 
    +--------+----------+----------+------------+
    |  Clock |  Target  | Estimated| Uncertainty|
    +--------+----------+----------+------------+
    |ap_clk  |  20.00 ns|  3.908 ns|     5.40 ns|
    +--------+----------+----------+------------+

+ Latency: 
    * Summary: 
    +---------+---------+-----------+-----------+-----+-----+---------+
    |  Latency (cycles) |   Latency (absolute)  |  Interval | Pipeline|
    |   min   |   max   |    min    |    max    | min | max |   Type  |
    +---------+---------+-----------+-----------+-----+-----+---------+
    |        4|      803|  80.000 ns|  16.060 us|    4|  803|       no|
    +---------+---------+-----------+-----------+-----+-----+---------+

    + Detail: 
        * Instance: 
        N/A

        * Loop: 
        +---------------------+---------+---------+----------+-----------+-----------+---------+----------+
        |                     |  Latency (cycles) | Iteration|  Initiation Interval  |   Trip  |          |
        |      Loop Name      |   min   |   max   |  Latency |  achieved |   target  |  Count  | Pipelined|
        +---------------------+---------+---------+----------+-----------+-----------+---------+----------+
        |- VITIS_LOOP_3188_3  |        2|      801|         2|          1|          1|  1 ~ 800|       yes|
        +---------------------+---------+---------+----------+-----------+-----------+---------+----------+

============================================================
+ Verbose Summary: Synthesis Manager
============================================================
InlineROM: 1
ExposeGlobal: 0
============================================================
+ Verbose Summary: CDFG Model
============================================================
IsTopModel: 0
ResetActiveHigh: 1
IsCombinational: 0
IsDatapathOnly: 0
HasWiredReturn: 1
HasMFsm: 2
HasVarLatency: 1
IsPipeline: 0
IsRtlPipelined: 0
IsInstanceOverlapped: 0
IsDontTouch: 0
HasImplIP: 0
IsGatedGlobalClock: 0

+ Individual pipeline summary: 
  * Pipeline-0: initiation interval (II) = 1, depth = 2


============================================================
+ Verbose Summary: Schedule
============================================================
* Number of FSM states : 2
* Pipeline : 1
  Pipeline-0 : II = 1, D = 2, States = { 1 2 }
* Dataflow Pipeline: 0

* FSM state transitions: 
1 --> 2 
2 --> 

* FSM state operations: 

State 1 <SV = 0> <Delay = 3.73>
ST_1 : Operation 5 [1/1] (0.00ns)   --->   "%j = alloca i32 1"   --->   Operation 5 'alloca' 'j' <Predicate = true> <Delay = 0.00>
ST_1 : Operation 6 [1/1] (0.00ns)   --->   "%specinterface_ln0 = specinterface void @_ssdm_op_SpecInterface, i1 %m_axis_video_V_dest_V, i1 %m_axis_video_V_id_V, i1 %m_axis_video_V_last_V, i1 %m_axis_video_V_user_V, i3 %m_axis_video_V_strb_V, i3 %m_axis_video_V_keep_V, i24 %m_axis_video_V_data_V, void @empty_3, i32 0, i32 0, void @empty_29, i32 0, i32 0, void @empty_38, void @empty_38, void @empty_38, i32 0, i32 0, i32 0, i32 0, void @empty_38, void @empty_38, i32 4294967295, i32 0"   --->   Operation 6 'specinterface' 'specinterface_ln0' <Predicate = true> <Delay = 0.00>
ST_1 : Operation 7 [1/1] (0.00ns)   --->   "%specinterface_ln0 = specinterface void @_ssdm_op_SpecInterface, i24 %out420, void @empty_42, i32 0, i32 0, void @empty_38, i32 0, i32 0, void @empty_38, void @empty_38, void @empty_38, i32 0, i32 0, i32 0, i32 0, void @empty_38, void @empty_38, i32 4294967295, i32 0"   --->   Operation 7 'specinterface' 'specinterface_ln0' <Predicate = true> <Delay = 0.00>
ST_1 : Operation 8 [1/1] (0.00ns)   --->   "%sub_i_read = read i11 @_ssdm_op_Read.ap_auto.i11, i11 %sub_i"   --->   Operation 8 'read' 'sub_i_read' <Predicate = true> <Delay = 0.00>
ST_1 : Operation 9 [1/1] (0.00ns)   --->   "%cols_read = read i10 @_ssdm_op_Read.ap_auto.i10, i10 %cols"   --->   Operation 9 'read' 'cols_read' <Predicate = true> <Delay = 0.00>
ST_1 : Operation 10 [1/1] (0.00ns)   --->   "%sof_read = read i1 @_ssdm_op_Read.ap_auto.i1, i1 %sof"   --->   Operation 10 'read' 'sof_read' <Predicate = true> <Delay = 0.00>
ST_1 : Operation 11 [1/1] (1.61ns)   --->   "%store_ln0 = store i10 0, i10 %j"   --->   Operation 11 'store' 'store_ln0' <Predicate = true> <Delay = 1.61>
ST_1 : Operation 12 [1/1] (1.61ns)   --->   "%br_ln0 = br void %for.body34.i"   --->   Operation 12 'br' 'br_ln0' <Predicate = true> <Delay = 1.61>
ST_1 : Operation 13 [1/1] (0.00ns)   --->   "%j_1 = load i10 %j" [/home/trevor/Documents/xilinx/basys3_pong2/vivado/pong_2/pong_2.runs/design_1_v_mix_0_0_synth_1/prj/sol/.autopilot/db/v_mix.cpp:3188->/home/trevor/Documents/xilinx/basys3_pong2/vivado/pong_2/pong_2.runs/design_1_v_mix_0_0_synth_1/prj/sol/.autopilot/db/v_mix.cpp:1758]   --->   Operation 13 'load' 'j_1' <Predicate = true> <Delay = 0.00>
ST_1 : Operation 14 [1/1] (0.00ns)   --->   "%zext_ln3188 = zext i10 %j_1" [/home/trevor/Documents/xilinx/basys3_pong2/vivado/pong_2/pong_2.runs/design_1_v_mix_0_0_synth_1/prj/sol/.autopilot/db/v_mix.cpp:3188->/home/trevor/Documents/xilinx/basys3_pong2/vivado/pong_2/pong_2.runs/design_1_v_mix_0_0_synth_1/prj/sol/.autopilot/db/v_mix.cpp:1758]   --->   Operation 14 'zext' 'zext_ln3188' <Predicate = true> <Delay = 0.00>
ST_1 : Operation 15 [1/1] (1.70ns)   --->   "%icmp_ln3188 = icmp_eq  i10 %j_1, i10 %cols_read" [/home/trevor/Documents/xilinx/basys3_pong2/vivado/pong_2/pong_2.runs/design_1_v_mix_0_0_synth_1/prj/sol/.autopilot/db/v_mix.cpp:3188->/home/trevor/Documents/xilinx/basys3_pong2/vivado/pong_2/pong_2.runs/design_1_v_mix_0_0_synth_1/prj/sol/.autopilot/db/v_mix.cpp:1758]   --->   Operation 15 'icmp' 'icmp_ln3188' <Predicate = true> <Delay = 1.70> <CoreInst = "Cmp">   --->   Core 9 'Cmp' <Latency = 0> <II = 1> <Delay = 1.70> <FuncUnit> <Opcode : 'icmp'> <InPorts = 2> <OutPorts = 1>
ST_1 : Operation 16 [1/1] (2.12ns)   --->   "%j_2 = add i10 %j_1, i10 1" [/home/trevor/Documents/xilinx/basys3_pong2/vivado/pong_2/pong_2.runs/design_1_v_mix_0_0_synth_1/prj/sol/.autopilot/db/v_mix.cpp:3188->/home/trevor/Documents/xilinx/basys3_pong2/vivado/pong_2/pong_2.runs/design_1_v_mix_0_0_synth_1/prj/sol/.autopilot/db/v_mix.cpp:1758]   --->   Operation 16 'add' 'j_2' <Predicate = true> <Delay = 2.12> <CoreInst = "Adder">   --->   Core 1 'Adder' <Latency = 0> <II = 1> <Delay = 2.12> <FuncUnit> <Opcode : 'add' 'sub'> <InPorts = 2> <OutPorts = 1>
ST_1 : Operation 17 [1/1] (0.00ns)   --->   "%br_ln3188 = br i1 %icmp_ln3188, void %for.body34.split.i, void %for.inc78.i.loopexit.exitStub" [/home/trevor/Documents/xilinx/basys3_pong2/vivado/pong_2/pong_2.runs/design_1_v_mix_0_0_synth_1/prj/sol/.autopilot/db/v_mix.cpp:3188->/home/trevor/Documents/xilinx/basys3_pong2/vivado/pong_2/pong_2.runs/design_1_v_mix_0_0_synth_1/prj/sol/.autopilot/db/v_mix.cpp:1758]   --->   Operation 17 'br' 'br_ln3188' <Predicate = true> <Delay = 0.00>
ST_1 : Operation 18 [1/1] (1.81ns)   --->   "%axi_last_V = icmp_eq  i11 %zext_ln3188, i11 %sub_i_read" [/home/trevor/Documents/xilinx/basys3_pong2/vivado/pong_2/pong_2.runs/design_1_v_mix_0_0_synth_1/prj/sol/.autopilot/db/v_mix.cpp:3201->/home/trevor/Documents/xilinx/basys3_pong2/vivado/pong_2/pong_2.runs/design_1_v_mix_0_0_synth_1/prj/sol/.autopilot/db/v_mix.cpp:1758]   --->   Operation 18 'icmp' 'axi_last_V' <Predicate = (!icmp_ln3188)> <Delay = 1.81> <CoreInst = "Cmp">   --->   Core 9 'Cmp' <Latency = 0> <II = 1> <Delay = 1.81> <FuncUnit> <Opcode : 'icmp'> <InPorts = 2> <OutPorts = 1>
ST_1 : Operation 19 [1/1] (1.61ns)   --->   "%store_ln3188 = store i10 %j_2, i10 %j" [/home/trevor/Documents/xilinx/basys3_pong2/vivado/pong_2/pong_2.runs/design_1_v_mix_0_0_synth_1/prj/sol/.autopilot/db/v_mix.cpp:3188->/home/trevor/Documents/xilinx/basys3_pong2/vivado/pong_2/pong_2.runs/design_1_v_mix_0_0_synth_1/prj/sol/.autopilot/db/v_mix.cpp:1758]   --->   Operation 19 'store' 'store_ln3188' <Predicate = (!icmp_ln3188)> <Delay = 1.61>
ST_1 : Operation 20 [1/1] (0.00ns)   --->   "%br_ln3188 = br void %for.body34.i" [/home/trevor/Documents/xilinx/basys3_pong2/vivado/pong_2/pong_2.runs/design_1_v_mix_0_0_synth_1/prj/sol/.autopilot/db/v_mix.cpp:3188->/home/trevor/Documents/xilinx/basys3_pong2/vivado/pong_2/pong_2.runs/design_1_v_mix_0_0_synth_1/prj/sol/.autopilot/db/v_mix.cpp:1758]   --->   Operation 20 'br' 'br_ln3188' <Predicate = (!icmp_ln3188)> <Delay = 0.00>

State 2 <SV = 1> <Delay = 3.90>
ST_2 : Operation 21 [1/1] (0.00ns)   --->   "%sof_2 = phi i1 0, void %for.body34.split.i, i1 %sof_read, void %newFuncRoot"   --->   Operation 21 'phi' 'sof_2' <Predicate = true> <Delay = 0.00>
ST_2 : Operation 22 [1/1] (0.00ns)   --->   "%speclooptripcount_ln0 = speclooptripcount void @_ssdm_op_SpecLoopTripCount, i64 1, i64 800, i64 0"   --->   Operation 22 'speclooptripcount' 'speclooptripcount_ln0' <Predicate = true> <Delay = 0.00>
ST_2 : Operation 23 [1/1] (0.00ns)   --->   "%specpipeline_ln3191 = specpipeline void @_ssdm_op_SpecPipeline, i32 1, i32 0, i32 0, i32 0, void @empty_38" [/home/trevor/Documents/xilinx/basys3_pong2/vivado/pong_2/pong_2.runs/design_1_v_mix_0_0_synth_1/prj/sol/.autopilot/db/v_mix.cpp:3191->/home/trevor/Documents/xilinx/basys3_pong2/vivado/pong_2/pong_2.runs/design_1_v_mix_0_0_synth_1/prj/sol/.autopilot/db/v_mix.cpp:1758]   --->   Operation 23 'specpipeline' 'specpipeline_ln3191' <Predicate = (!icmp_ln3188)> <Delay = 0.00>
ST_2 : Operation 24 [1/1] (0.00ns)   --->   "%specloopname_ln3185 = specloopname void @_ssdm_op_SpecLoopName, void @empty_16" [/home/trevor/Documents/xilinx/basys3_pong2/vivado/pong_2/pong_2.runs/design_1_v_mix_0_0_synth_1/prj/sol/.autopilot/db/v_mix.cpp:3185->/home/trevor/Documents/xilinx/basys3_pong2/vivado/pong_2/pong_2.runs/design_1_v_mix_0_0_synth_1/prj/sol/.autopilot/db/v_mix.cpp:1758]   --->   Operation 24 'specloopname' 'specloopname_ln3185' <Predicate = (!icmp_ln3188)> <Delay = 0.00>
ST_2 : Operation 25 [1/1] (3.90ns)   --->   "%out420_read = read i24 @_ssdm_op_Read.ap_fifo.volatile.i24P0A, i24 %out420" [/opt/Xilinx/Vitis_HLS/2022.1/common/technology/autopilot/hls_stream_39.h:145]   --->   Operation 25 'read' 'out420_read' <Predicate = (!icmp_ln3188)> <Delay = 3.90> <CoreInst = "FIFO_SRL">   --->   Core 81 'FIFO_SRL' <Latency = 0> <II = 1> <Delay = 3.90> <Storage> <Opcode : 'read' 'write' 'nbread' 'nbwrite'> <Ports = 0> <Width = 24> <Depth = 2> <FIFO>
ST_2 : Operation 26 [1/1] (0.00ns)   --->   "%trunc_ln145 = trunc i24 %out420_read" [/opt/Xilinx/Vitis_HLS/2022.1/common/technology/autopilot/hls_stream_39.h:145]   --->   Operation 26 'trunc' 'trunc_ln145' <Predicate = (!icmp_ln3188)> <Delay = 0.00>
ST_2 : Operation 27 [1/1] (0.00ns)   --->   "%tmp = partselect i16 @_ssdm_op_PartSelect.i16.i24.i32.i32, i24 %out420_read, i32 8, i32 23"   --->   Operation 27 'partselect' 'tmp' <Predicate = (!icmp_ln3188)> <Delay = 0.00>
ST_2 : Operation 28 [1/1] (0.00ns)   --->   "%p_Result_s = bitconcatenate i24 @_ssdm_op_BitConcatenate.i24.i8.i16, i8 %trunc_ln145, i16 %tmp"   --->   Operation 28 'bitconcatenate' 'p_Result_s' <Predicate = (!icmp_ln3188)> <Delay = 0.00>
ST_2 : Operation 29 [1/1] (0.00ns)   --->   "%write_ln304 = write void @_ssdm_op_Write.axis.volatile.i24P0A.i3P0A.i3P0A.i1P0A.i1P0A.i1P0A.i1P0A, i24 %m_axis_video_V_data_V, i3 %m_axis_video_V_keep_V, i3 %m_axis_video_V_strb_V, i1 %m_axis_video_V_user_V, i1 %m_axis_video_V_last_V, i1 %m_axis_video_V_id_V, i1 %m_axis_video_V_dest_V, i24 %p_Result_s, i3 7, i3 0, i1 %sof_2, i1 %axi_last_V, i1 0, i1 0"   --->   Operation 29 'write' 'write_ln304' <Predicate = (!icmp_ln3188)> <Delay = 0.00> <CoreInst = "axis">   --->   Core 115 'axis' <Latency = 0> <II = 1> <Delay = 1.00> <Adapter> <Opcode : >
ST_2 : Operation 30 [1/1] (0.00ns)   --->   "%ret_ln0 = ret"   --->   Operation 30 'ret' 'ret_ln0' <Predicate = (icmp_ln3188)> <Delay = 0.00>


============================================================
+ Verbose Summary: Binding
============================================================
STG Binding: 
---------------- STG Properties BEGIN ----------------
- Is combinational: 0
- Is one-state seq: 0
- Is datapath-only: 0
- Is pipelined: 0
- Is top level: 0
Port [ Return ] is wired: 1; IO mode=ap_ctrl_hs:ce=0
Port [ sof]:  wired=1; compound=0; hidden=0; nouse=0; global=0; static=0; extern=0; dir=0; type=0; pingpong=0; private_global=0; IO mode=ap_none:ce=0
Port [ cols]:  wired=1; compound=0; hidden=0; nouse=0; global=0; static=0; extern=0; dir=0; type=0; pingpong=0; private_global=0; IO mode=ap_none:ce=0
Port [ sub_i]:  wired=1; compound=0; hidden=0; nouse=0; global=0; static=0; extern=0; dir=0; type=0; pingpong=0; private_global=0; IO mode=ap_none:ce=0
Port [ out420]:  wired=1; compound=1; hidden=0; nouse=0; global=0; static=0; extern=0; dir=0; type=3; pingpong=0; private_global=0; IO mode=ap_fifo:ce=0
Port [ m_axis_video_V_data_V]:  wired=1; compound=1; hidden=0; nouse=0; global=0; static=0; extern=0; dir=1; type=0; pingpong=0; private_global=0; IO mode=axis:ce=0
Port [ m_axis_video_V_keep_V]:  wired=1; compound=1; hidden=0; nouse=0; global=0; static=0; extern=0; dir=1; type=0; pingpong=0; private_global=0; IO mode=axis:ce=0
Port [ m_axis_video_V_strb_V]:  wired=1; compound=1; hidden=0; nouse=0; global=0; static=0; extern=0; dir=1; type=0; pingpong=0; private_global=0; IO mode=axis:ce=0
Port [ m_axis_video_V_user_V]:  wired=1; compound=1; hidden=0; nouse=0; global=0; static=0; extern=0; dir=1; type=0; pingpong=0; private_global=0; IO mode=axis:ce=0
Port [ m_axis_video_V_last_V]:  wired=1; compound=1; hidden=0; nouse=0; global=0; static=0; extern=0; dir=1; type=0; pingpong=0; private_global=0; IO mode=axis:ce=0
Port [ m_axis_video_V_id_V]:  wired=1; compound=1; hidden=0; nouse=0; global=0; static=0; extern=0; dir=1; type=0; pingpong=0; private_global=0; IO mode=axis:ce=0
Port [ m_axis_video_V_dest_V]:  wired=1; compound=1; hidden=0; nouse=0; global=0; static=0; extern=0; dir=1; type=0; pingpong=0; private_global=0; IO mode=axis:ce=0
---------------- STG Properties END ------------------

---------------- Datapath Model BEGIN ----------------

<LifeTime>
<method=bitvector/>
j                     (alloca           ) [ 010]
specinterface_ln0     (specinterface    ) [ 000]
specinterface_ln0     (specinterface    ) [ 000]
sub_i_read            (read             ) [ 000]
cols_read             (read             ) [ 000]
sof_read              (read             ) [ 011]
store_ln0             (store            ) [ 000]
br_ln0                (br               ) [ 011]
j_1                   (load             ) [ 000]
zext_ln3188           (zext             ) [ 000]
icmp_ln3188           (icmp             ) [ 011]
j_2                   (add              ) [ 000]
br_ln3188             (br               ) [ 000]
axi_last_V            (icmp             ) [ 011]
store_ln3188          (store            ) [ 000]
br_ln3188             (br               ) [ 011]
sof_2                 (phi              ) [ 011]
speclooptripcount_ln0 (speclooptripcount) [ 000]
specpipeline_ln3191   (specpipeline     ) [ 000]
specloopname_ln3185   (specloopname     ) [ 000]
out420_read           (read             ) [ 000]
trunc_ln145           (trunc            ) [ 000]
tmp                   (partselect       ) [ 000]
p_Result_s            (bitconcatenate   ) [ 000]
write_ln304           (write            ) [ 000]
ret_ln0               (ret              ) [ 000]
</LifeTime>

<model>

<comp_list>
<comp id="0" class="1000" name="sof">
<pin_list>
<pin id="1" dir="1" index="0" bw="1" slack="0"/>
</pin_list>
<bind>
<StgValue><ssdm name="sof"/></StgValue>
</bind>
</comp>

<comp id="2" class="1000" name="cols">
<pin_list>
<pin id="3" dir="1" index="0" bw="1" slack="0"/>
</pin_list>
<bind>
<StgValue><ssdm name="cols"/></StgValue>
</bind>
</comp>

<comp id="4" class="1000" name="sub_i">
<pin_list>
<pin id="5" dir="1" index="0" bw="1" slack="0"/>
</pin_list>
<bind>
<StgValue><ssdm name="sub_i"/></StgValue>
</bind>
</comp>

<comp id="6" class="1000" name="out420">
<pin_list>
<pin id="7" dir="1" index="0" bw="1" slack="0"/>
</pin_list>
<bind>
<StgValue><ssdm name="out420"/></StgValue>
</bind>
</comp>

<comp id="8" class="1000" name="m_axis_video_V_data_V">
<pin_list>
<pin id="9" dir="1" index="0" bw="1" slack="0"/>
</pin_list>
<bind>
<StgValue><ssdm name="m_axis_video_V_data_V"/></StgValue>
</bind>
</comp>

<comp id="10" class="1000" name="m_axis_video_V_keep_V">
<pin_list>
<pin id="11" dir="1" index="0" bw="1" slack="0"/>
</pin_list>
<bind>
<StgValue><ssdm name="m_axis_video_V_keep_V"/></StgValue>
</bind>
</comp>

<comp id="12" class="1000" name="m_axis_video_V_strb_V">
<pin_list>
<pin id="13" dir="1" index="0" bw="1" slack="0"/>
</pin_list>
<bind>
<StgValue><ssdm name="m_axis_video_V_strb_V"/></StgValue>
</bind>
</comp>

<comp id="14" class="1000" name="m_axis_video_V_user_V">
<pin_list>
<pin id="15" dir="1" index="0" bw="1" slack="0"/>
</pin_list>
<bind>
<StgValue><ssdm name="m_axis_video_V_user_V"/></StgValue>
</bind>
</comp>

<comp id="16" class="1000" name="m_axis_video_V_last_V">
<pin_list>
<pin id="17" dir="1" index="0" bw="1" slack="0"/>
</pin_list>
<bind>
<StgValue><ssdm name="m_axis_video_V_last_V"/></StgValue>
</bind>
</comp>

<comp id="18" class="1000" name="m_axis_video_V_id_V">
<pin_list>
<pin id="19" dir="1" index="0" bw="1" slack="0"/>
</pin_list>
<bind>
<StgValue><ssdm name="m_axis_video_V_id_V"/></StgValue>
</bind>
</comp>

<comp id="20" class="1000" name="m_axis_video_V_dest_V">
<pin_list>
<pin id="21" dir="1" index="0" bw="1" slack="0"/>
</pin_list>
<bind>
<StgValue><ssdm name="m_axis_video_V_dest_V"/></StgValue>
</bind>
</comp>

<comp id="22" class="1001" name="const_22">
<pin_list>
<pin id="23" dir="1" index="0" bw="1" slack="0"/>
</pin_list>
<bind>
<StgValue><ssdm name=""/></StgValue>
</bind>
</comp>

<comp id="24" class="1001" name="const_24">
<pin_list>
<pin id="25" dir="1" index="0" bw="1" slack="2147483647"/>
</pin_list>
<bind>
<StgValue><ssdm name="_ssdm_op_SpecInterface"/></StgValue>
</bind>
</comp>

<comp id="26" class="1001" name="const_26">
<pin_list>
<pin id="27" dir="1" index="0" bw="1" slack="2147483647"/>
</pin_list>
<bind>
<StgValue><ssdm name="empty_3"/></StgValue>
</bind>
</comp>

<comp id="28" class="1001" name="const_28">
<pin_list>
<pin id="29" dir="1" index="0" bw="1" slack="2147483647"/>
</pin_list>
<bind>
<StgValue><ssdm name=""/></StgValue>
</bind>
</comp>

<comp id="30" class="1001" name="const_30">
<pin_list>
<pin id="31" dir="1" index="0" bw="1" slack="2147483647"/>
</pin_list>
<bind>
<StgValue><ssdm name="empty_29"/></StgValue>
</bind>
</comp>

<comp id="32" class="1001" name="const_32">
<pin_list>
<pin id="33" dir="1" index="0" bw="1" slack="2147483647"/>
</pin_list>
<bind>
<StgValue><ssdm name="empty_38"/></StgValue>
</bind>
</comp>

<comp id="34" class="1001" name="const_34">
<pin_list>
<pin id="35" dir="1" index="0" bw="1" slack="2147483647"/>
</pin_list>
<bind>
<StgValue><ssdm name=""/></StgValue>
</bind>
</comp>

<comp id="36" class="1001" name="const_36">
<pin_list>
<pin id="37" dir="1" index="0" bw="1" slack="2147483647"/>
</pin_list>
<bind>
<StgValue><ssdm name="empty_42"/></StgValue>
</bind>
</comp>

<comp id="38" class="1001" name="const_38">
<pin_list>
<pin id="39" dir="1" index="0" bw="1" slack="0"/>
</pin_list>
<bind>
<StgValue><ssdm name="_ssdm_op_Read.ap_auto.i11"/></StgValue>
</bind>
</comp>

<comp id="40" class="1001" name="const_40">
<pin_list>
<pin id="41" dir="1" index="0" bw="1" slack="0"/>
</pin_list>
<bind>
<StgValue><ssdm name="_ssdm_op_Read.ap_auto.i10"/></StgValue>
</bind>
</comp>

<comp id="42" class="1001" name="const_42">
<pin_list>
<pin id="43" dir="1" index="0" bw="1" slack="0"/>
</pin_list>
<bind>
<StgValue><ssdm name="_ssdm_op_Read.ap_auto.i1"/></StgValue>
</bind>
</comp>

<comp id="44" class="1001" name="const_44">
<pin_list>
<pin id="45" dir="1" index="0" bw="1" slack="0"/>
</pin_list>
<bind>
<StgValue><ssdm name=""/></StgValue>
</bind>
</comp>

<comp id="46" class="1001" name="const_46">
<pin_list>
<pin id="47" dir="1" index="0" bw="1" slack="0"/>
</pin_list>
<bind>
<StgValue><ssdm name=""/></StgValue>
</bind>
</comp>

<comp id="48" class="1001" name="const_48">
<pin_list>
<pin id="49" dir="1" index="0" bw="1" slack="1"/>
</pin_list>
<bind>
<StgValue><ssdm name=""/></StgValue>
</bind>
</comp>

<comp id="50" class="1001" name="const_50">
<pin_list>
<pin id="51" dir="1" index="0" bw="1" slack="2147483647"/>
</pin_list>
<bind>
<StgValue><ssdm name="_ssdm_op_SpecLoopTripCount"/></StgValue>
</bind>
</comp>

<comp id="52" class="1001" name="const_52">
<pin_list>
<pin id="53" dir="1" index="0" bw="1" slack="2147483647"/>
</pin_list>
<bind>
<StgValue><ssdm name=""/></StgValue>
</bind>
</comp>

<comp id="54" class="1001" name="const_54">
<pin_list>
<pin id="55" dir="1" index="0" bw="1" slack="2147483647"/>
</pin_list>
<bind>
<StgValue><ssdm name=""/></StgValue>
</bind>
</comp>

<comp id="56" class="1001" name="const_56">
<pin_list>
<pin id="57" dir="1" index="0" bw="1" slack="2147483647"/>
</pin_list>
<bind>
<StgValue><ssdm name=""/></StgValue>
</bind>
</comp>

<comp id="58" class="1001" name="const_58">
<pin_list>
<pin id="59" dir="1" index="0" bw="1" slack="2147483647"/>
</pin_list>
<bind>
<StgValue><ssdm name="_ssdm_op_SpecPipeline"/></StgValue>
</bind>
</comp>

<comp id="60" class="1001" name="const_60">
<pin_list>
<pin id="61" dir="1" index="0" bw="1" slack="2147483647"/>
</pin_list>
<bind>
<StgValue><ssdm name="_ssdm_op_SpecLoopName"/></StgValue>
</bind>
</comp>

<comp id="62" class="1001" name="const_62">
<pin_list>
<pin id="63" dir="1" index="0" bw="1" slack="2147483647"/>
</pin_list>
<bind>
<StgValue><ssdm name="empty_16"/></StgValue>
</bind>
</comp>

<comp id="64" class="1001" name="const_64">
<pin_list>
<pin id="65" dir="1" index="0" bw="1" slack="0"/>
</pin_list>
<bind>
<StgValue><ssdm name="_ssdm_op_Read.ap_fifo.volatile.i24P0A"/></StgValue>
</bind>
</comp>

<comp id="66" class="1001" name="const_66">
<pin_list>
<pin id="67" dir="1" index="0" bw="1" slack="0"/>
</pin_list>
<bind>
<StgValue><ssdm name="_ssdm_op_PartSelect.i16.i24.i32.i32"/></StgValue>
</bind>
</comp>

<comp id="68" class="1001" name="const_68">
<pin_list>
<pin id="69" dir="1" index="0" bw="1" slack="0"/>
</pin_list>
<bind>
<StgValue><ssdm name=""/></StgValue>
</bind>
</comp>

<comp id="70" class="1001" name="const_70">
<pin_list>
<pin id="71" dir="1" index="0" bw="1" slack="0"/>
</pin_list>
<bind>
<StgValue><ssdm name=""/></StgValue>
</bind>
</comp>

<comp id="72" class="1001" name="const_72">
<pin_list>
<pin id="73" dir="1" index="0" bw="1" slack="0"/>
</pin_list>
<bind>
<StgValue><ssdm name="_ssdm_op_BitConcatenate.i24.i8.i16"/></StgValue>
</bind>
</comp>

<comp id="74" class="1001" name="const_74">
<pin_list>
<pin id="75" dir="1" index="0" bw="1" slack="0"/>
</pin_list>
<bind>
<StgValue><ssdm name="_ssdm_op_Write.axis.volatile.i24P0A.i3P0A.i3P0A.i1P0A.i1P0A.i1P0A.i1P0A"/></StgValue>
</bind>
</comp>

<comp id="76" class="1001" name="const_76">
<pin_list>
<pin id="77" dir="1" index="0" bw="1" slack="0"/>
</pin_list>
<bind>
<StgValue><ssdm name=""/></StgValue>
</bind>
</comp>

<comp id="78" class="1001" name="const_78">
<pin_list>
<pin id="79" dir="1" index="0" bw="1" slack="0"/>
</pin_list>
<bind>
<StgValue><ssdm name=""/></StgValue>
</bind>
</comp>

<comp id="80" class="1001" name="const_80">
<pin_list>
<pin id="81" dir="1" index="0" bw="1" slack="0"/>
</pin_list>
<bind>
<StgValue><ssdm name=""/></StgValue>
</bind>
</comp>

<comp id="82" class="1004" name="j_fu_82">
<pin_list>
<pin id="83" dir="0" index="0" bw="1" slack="0"/>
<pin id="84" dir="1" index="1" bw="10" slack="0"/>
</pin_list>
<bind>
<opcode="alloca(26) " fcode="alloca"/>
<opset="j/1 "/>
</bind>
</comp>

<comp id="86" class="1004" name="sub_i_read_read_fu_86">
<pin_list>
<pin id="87" dir="0" index="0" bw="11" slack="0"/>
<pin id="88" dir="0" index="1" bw="11" slack="0"/>
<pin id="89" dir="1" index="2" bw="11" slack="0"/>
</pin_list>
<bind>
<opcode="read(1150) " fcode="read"/>
<opset="sub_i_read/1 "/>
</bind>
</comp>

<comp id="92" class="1004" name="cols_read_read_fu_92">
<pin_list>
<pin id="93" dir="0" index="0" bw="10" slack="0"/>
<pin id="94" dir="0" index="1" bw="10" slack="0"/>
<pin id="95" dir="1" index="2" bw="10" slack="0"/>
</pin_list>
<bind>
<opcode="read(1150) " fcode="read"/>
<opset="cols_read/1 "/>
</bind>
</comp>

<comp id="98" class="1004" name="sof_read_read_fu_98">
<pin_list>
<pin id="99" dir="0" index="0" bw="1" slack="0"/>
<pin id="100" dir="0" index="1" bw="1" slack="0"/>
<pin id="101" dir="1" index="2" bw="1" slack="1"/>
</pin_list>
<bind>
<opcode="read(1150) " fcode="read"/>
<opset="sof_read/1 "/>
</bind>
</comp>

<comp id="104" class="1004" name="out420_read_read_fu_104">
<pin_list>
<pin id="105" dir="0" index="0" bw="24" slack="0"/>
<pin id="106" dir="0" index="1" bw="24" slack="0"/>
<pin id="107" dir="1" index="2" bw="24" slack="0"/>
</pin_list>
<bind>
<opcode="read(1150) " fcode="read"/>
<opset="out420_read/2 "/>
</bind>
</comp>

<comp id="110" class="1004" name="write_ln304_write_fu_110">
<pin_list>
<pin id="111" dir="0" index="0" bw="0" slack="0"/>
<pin id="112" dir="0" index="1" bw="24" slack="0"/>
<pin id="113" dir="0" index="2" bw="3" slack="0"/>
<pin id="114" dir="0" index="3" bw="3" slack="0"/>
<pin id="115" dir="0" index="4" bw="1" slack="0"/>
<pin id="116" dir="0" index="5" bw="1" slack="0"/>
<pin id="117" dir="0" index="6" bw="1" slack="0"/>
<pin id="118" dir="0" index="7" bw="1" slack="0"/>
<pin id="119" dir="0" index="8" bw="24" slack="0"/>
<pin id="120" dir="0" index="9" bw="1" slack="0"/>
<pin id="121" dir="0" index="10" bw="1" slack="0"/>
<pin id="122" dir="0" index="11" bw="1" slack="0"/>
<pin id="123" dir="0" index="12" bw="1" slack="1"/>
<pin id="124" dir="0" index="13" bw="1" slack="0"/>
<pin id="125" dir="0" index="14" bw="1" slack="0"/>
<pin id="126" dir="1" index="15" bw="0" slack="2147483647"/>
</pin_list>
<bind>
<opcode="write(1151) " fcode="write"/>
<opset="write_ln304/2 "/>
</bind>
</comp>

<comp id="139" class="1005" name="sof_2_reg_139">
<pin_list>
<pin id="140" dir="0" index="0" bw="1" slack="1"/>
<pin id="141" dir="1" index="1" bw="1" slack="1"/>
</pin_list>
<bind>
<opset="sof_2 (phireg) "/>
</bind>
</comp>

<comp id="143" class="1004" name="sof_2_phi_fu_143">
<pin_list>
<pin id="144" dir="0" index="0" bw="1" slack="1"/>
<pin id="145" dir="0" index="1" bw="0" slack="2147483647"/>
<pin id="146" dir="0" index="2" bw="1" slack="1"/>
<pin id="147" dir="0" index="3" bw="0" slack="2147483647"/>
<pin id="148" dir="1" index="4" bw="1" slack="0"/>
</pin_list>
<bind>
<opcode="phi(47) " fcode="phi"/>
<opset="sof_2/2 "/>
</bind>
</comp>

<comp id="151" class="1004" name="store_ln0_store_fu_151">
<pin_list>
<pin id="152" dir="0" index="0" bw="1" slack="0"/>
<pin id="153" dir="0" index="1" bw="10" slack="0"/>
<pin id="154" dir="1" index="2" bw="0" slack="2147483647"/>
</pin_list>
<bind>
<opcode="store(28) " fcode="store"/>
<opset="store_ln0/1 "/>
</bind>
</comp>

<comp id="156" class="1004" name="j_1_load_fu_156">
<pin_list>
<pin id="157" dir="0" index="0" bw="10" slack="0"/>
<pin id="158" dir="1" index="1" bw="10" slack="0"/>
</pin_list>
<bind>
<opcode="load(27) " fcode="load"/>
<opset="j_1/1 "/>
</bind>
</comp>

<comp id="159" class="1004" name="zext_ln3188_fu_159">
<pin_list>
<pin id="160" dir="0" index="0" bw="10" slack="0"/>
<pin id="161" dir="1" index="1" bw="11" slack="0"/>
</pin_list>
<bind>
<opcode="zext(34) " fcode="zext"/>
<opset="zext_ln3188/1 "/>
</bind>
</comp>

<comp id="163" class="1004" name="icmp_ln3188_fu_163">
<pin_list>
<pin id="164" dir="0" index="0" bw="10" slack="0"/>
<pin id="165" dir="0" index="1" bw="10" slack="0"/>
<pin id="166" dir="1" index="2" bw="1" slack="1"/>
</pin_list>
<bind>
<opcode="icmp(45) " fcode="icmp"/>
<opset="icmp_ln3188/1 "/>
</bind>
</comp>

<comp id="169" class="1004" name="j_2_fu_169">
<pin_list>
<pin id="170" dir="0" index="0" bw="10" slack="0"/>
<pin id="171" dir="0" index="1" bw="1" slack="0"/>
<pin id="172" dir="1" index="2" bw="10" slack="0"/>
</pin_list>
<bind>
<opcode="add(8) " fcode="add"/>
<opset="j_2/1 "/>
</bind>
</comp>

<comp id="175" class="1004" name="axi_last_V_fu_175">
<pin_list>
<pin id="176" dir="0" index="0" bw="10" slack="0"/>
<pin id="177" dir="0" index="1" bw="11" slack="0"/>
<pin id="178" dir="1" index="2" bw="1" slack="1"/>
</pin_list>
<bind>
<opcode="icmp(45) " fcode="icmp"/>
<opset="axi_last_V/1 "/>
</bind>
</comp>

<comp id="181" class="1004" name="store_ln3188_store_fu_181">
<pin_list>
<pin id="182" dir="0" index="0" bw="10" slack="0"/>
<pin id="183" dir="0" index="1" bw="10" slack="0"/>
<pin id="184" dir="1" index="2" bw="0" slack="2147483647"/>
</pin_list>
<bind>
<opcode="store(28) " fcode="store"/>
<opset="store_ln3188/1 "/>
</bind>
</comp>

<comp id="186" class="1004" name="trunc_ln145_fu_186">
<pin_list>
<pin id="187" dir="0" index="0" bw="24" slack="0"/>
<pin id="188" dir="1" index="1" bw="8" slack="0"/>
</pin_list>
<bind>
<opcode="trunc(33) " fcode="trunc"/>
<opset="trunc_ln145/2 "/>
</bind>
</comp>

<comp id="190" class="1004" name="tmp_fu_190">
<pin_list>
<pin id="191" dir="0" index="0" bw="16" slack="0"/>
<pin id="192" dir="0" index="1" bw="24" slack="0"/>
<pin id="193" dir="0" index="2" bw="5" slack="0"/>
<pin id="194" dir="0" index="3" bw="6" slack="0"/>
<pin id="195" dir="1" index="4" bw="16" slack="0"/>
</pin_list>
<bind>
<opcode="partselect(1002) " fcode="partselect"/>
<opset="tmp/2 "/>
</bind>
</comp>

<comp id="200" class="1004" name="p_Result_s_fu_200">
<pin_list>
<pin id="201" dir="0" index="0" bw="24" slack="0"/>
<pin id="202" dir="0" index="1" bw="8" slack="0"/>
<pin id="203" dir="0" index="2" bw="16" slack="0"/>
<pin id="204" dir="1" index="3" bw="24" slack="0"/>
</pin_list>
<bind>
<opcode="bitconcatenate(1004) " fcode="bitconcatenate"/>
<opset="p_Result_s/2 "/>
</bind>
</comp>

<comp id="209" class="1005" name="j_reg_209">
<pin_list>
<pin id="210" dir="0" index="0" bw="10" slack="0"/>
<pin id="211" dir="1" index="1" bw="10" slack="0"/>
</pin_list>
<bind>
<opset="j "/>
</bind>
</comp>

<comp id="216" class="1005" name="sof_read_reg_216">
<pin_list>
<pin id="217" dir="0" index="0" bw="1" slack="1"/>
<pin id="218" dir="1" index="1" bw="1" slack="1"/>
</pin_list>
<bind>
<opset="sof_read "/>
</bind>
</comp>

<comp id="221" class="1005" name="icmp_ln3188_reg_221">
<pin_list>
<pin id="222" dir="0" index="0" bw="1" slack="1"/>
<pin id="223" dir="1" index="1" bw="1" slack="2147483647"/>
</pin_list>
<bind>
<opset="icmp_ln3188 "/>
</bind>
</comp>

<comp id="225" class="1005" name="axi_last_V_reg_225">
<pin_list>
<pin id="226" dir="0" index="0" bw="1" slack="1"/>
<pin id="227" dir="1" index="1" bw="1" slack="1"/>
</pin_list>
<bind>
<opset="axi_last_V "/>
</bind>
</comp>

</comp_list>

<net_list>
<net id="85"><net_src comp="22" pin="0"/><net_sink comp="82" pin=0"/></net>

<net id="90"><net_src comp="38" pin="0"/><net_sink comp="86" pin=0"/></net>

<net id="91"><net_src comp="4" pin="0"/><net_sink comp="86" pin=1"/></net>

<net id="96"><net_src comp="40" pin="0"/><net_sink comp="92" pin=0"/></net>

<net id="97"><net_src comp="2" pin="0"/><net_sink comp="92" pin=1"/></net>

<net id="102"><net_src comp="42" pin="0"/><net_sink comp="98" pin=0"/></net>

<net id="103"><net_src comp="0" pin="0"/><net_sink comp="98" pin=1"/></net>

<net id="108"><net_src comp="64" pin="0"/><net_sink comp="104" pin=0"/></net>

<net id="109"><net_src comp="6" pin="0"/><net_sink comp="104" pin=1"/></net>

<net id="127"><net_src comp="74" pin="0"/><net_sink comp="110" pin=0"/></net>

<net id="128"><net_src comp="8" pin="0"/><net_sink comp="110" pin=1"/></net>

<net id="129"><net_src comp="10" pin="0"/><net_sink comp="110" pin=2"/></net>

<net id="130"><net_src comp="12" pin="0"/><net_sink comp="110" pin=3"/></net>

<net id="131"><net_src comp="14" pin="0"/><net_sink comp="110" pin=4"/></net>

<net id="132"><net_src comp="16" pin="0"/><net_sink comp="110" pin=5"/></net>

<net id="133"><net_src comp="18" pin="0"/><net_sink comp="110" pin=6"/></net>

<net id="134"><net_src comp="20" pin="0"/><net_sink comp="110" pin=7"/></net>

<net id="135"><net_src comp="76" pin="0"/><net_sink comp="110" pin=9"/></net>

<net id="136"><net_src comp="78" pin="0"/><net_sink comp="110" pin=10"/></net>

<net id="137"><net_src comp="80" pin="0"/><net_sink comp="110" pin=13"/></net>

<net id="138"><net_src comp="80" pin="0"/><net_sink comp="110" pin=14"/></net>

<net id="142"><net_src comp="48" pin="0"/><net_sink comp="139" pin=0"/></net>

<net id="149"><net_src comp="139" pin="1"/><net_sink comp="143" pin=0"/></net>

<net id="150"><net_src comp="143" pin="4"/><net_sink comp="110" pin=11"/></net>

<net id="155"><net_src comp="44" pin="0"/><net_sink comp="151" pin=0"/></net>

<net id="162"><net_src comp="156" pin="1"/><net_sink comp="159" pin=0"/></net>

<net id="167"><net_src comp="156" pin="1"/><net_sink comp="163" pin=0"/></net>

<net id="168"><net_src comp="92" pin="2"/><net_sink comp="163" pin=1"/></net>

<net id="173"><net_src comp="156" pin="1"/><net_sink comp="169" pin=0"/></net>

<net id="174"><net_src comp="46" pin="0"/><net_sink comp="169" pin=1"/></net>

<net id="179"><net_src comp="159" pin="1"/><net_sink comp="175" pin=0"/></net>

<net id="180"><net_src comp="86" pin="2"/><net_sink comp="175" pin=1"/></net>

<net id="185"><net_src comp="169" pin="2"/><net_sink comp="181" pin=0"/></net>

<net id="189"><net_src comp="104" pin="2"/><net_sink comp="186" pin=0"/></net>

<net id="196"><net_src comp="66" pin="0"/><net_sink comp="190" pin=0"/></net>

<net id="197"><net_src comp="104" pin="2"/><net_sink comp="190" pin=1"/></net>

<net id="198"><net_src comp="68" pin="0"/><net_sink comp="190" pin=2"/></net>

<net id="199"><net_src comp="70" pin="0"/><net_sink comp="190" pin=3"/></net>

<net id="205"><net_src comp="72" pin="0"/><net_sink comp="200" pin=0"/></net>

<net id="206"><net_src comp="186" pin="1"/><net_sink comp="200" pin=1"/></net>

<net id="207"><net_src comp="190" pin="4"/><net_sink comp="200" pin=2"/></net>

<net id="208"><net_src comp="200" pin="3"/><net_sink comp="110" pin=8"/></net>

<net id="212"><net_src comp="82" pin="1"/><net_sink comp="209" pin=0"/></net>

<net id="213"><net_src comp="209" pin="1"/><net_sink comp="151" pin=1"/></net>

<net id="214"><net_src comp="209" pin="1"/><net_sink comp="156" pin=0"/></net>

<net id="215"><net_src comp="209" pin="1"/><net_sink comp="181" pin=1"/></net>

<net id="219"><net_src comp="98" pin="2"/><net_sink comp="216" pin=0"/></net>

<net id="220"><net_src comp="216" pin="1"/><net_sink comp="143" pin=2"/></net>

<net id="224"><net_src comp="163" pin="2"/><net_sink comp="221" pin=0"/></net>

<net id="228"><net_src comp="175" pin="2"/><net_sink comp="225" pin=0"/></net>

<net id="229"><net_src comp="225" pin="1"/><net_sink comp="110" pin=12"/></net>

</net_list>

</model> 
---------------- Datapath Model END ------------------

* FSMD analyzer results:
  - Output states:
	Port: m_axis_video_V_data_V | {2 }
	Port: m_axis_video_V_keep_V | {2 }
	Port: m_axis_video_V_strb_V | {2 }
	Port: m_axis_video_V_user_V | {2 }
	Port: m_axis_video_V_last_V | {2 }
	Port: m_axis_video_V_id_V | {2 }
	Port: m_axis_video_V_dest_V | {2 }
 - Input state : 
	Port: MultiPixStream2AXIvideo_Pipeline_VITIS_LOOP_3188_3 : sof | {1 }
	Port: MultiPixStream2AXIvideo_Pipeline_VITIS_LOOP_3188_3 : cols | {1 }
	Port: MultiPixStream2AXIvideo_Pipeline_VITIS_LOOP_3188_3 : sub_i | {1 }
	Port: MultiPixStream2AXIvideo_Pipeline_VITIS_LOOP_3188_3 : out420 | {2 }
  - Chain level:
	State 1
		store_ln0 : 1
		j_1 : 1
		zext_ln3188 : 2
		icmp_ln3188 : 2
		j_2 : 2
		br_ln3188 : 3
		axi_last_V : 3
		store_ln3188 : 3
	State 2
		p_Result_s : 1
		write_ln304 : 2


============================================================
+ Verbose Summary: Datapath Resource usage 
============================================================

* Functional unit list:
|----------|--------------------------|---------|---------|
| Operation|      Functional Unit     |    FF   |   LUT   |
|----------|--------------------------|---------|---------|
|   icmp   |    icmp_ln3188_fu_163    |    0    |    11   |
|          |     axi_last_V_fu_175    |    0    |    11   |
|----------|--------------------------|---------|---------|
|    add   |        j_2_fu_169        |    0    |    17   |
|----------|--------------------------|---------|---------|
|          |   sub_i_read_read_fu_86  |    0    |    0    |
|   read   |   cols_read_read_fu_92   |    0    |    0    |
|          |    sof_read_read_fu_98   |    0    |    0    |
|          |  out420_read_read_fu_104 |    0    |    0    |
|----------|--------------------------|---------|---------|
|   write  | write_ln304_write_fu_110 |    0    |    0    |
|----------|--------------------------|---------|---------|
|   zext   |    zext_ln3188_fu_159    |    0    |    0    |
|----------|--------------------------|---------|---------|
|   trunc  |    trunc_ln145_fu_186    |    0    |    0    |
|----------|--------------------------|---------|---------|
|partselect|        tmp_fu_190        |    0    |    0    |
|----------|--------------------------|---------|---------|
|bitconcatenate|     p_Result_s_fu_200    |    0    |    0    |
|----------|--------------------------|---------|---------|
|   Total  |                          |    0    |    39   |
|----------|--------------------------|---------|---------|

Memories:
N/A

* Register list:
+-------------------+--------+
|                   |   FF   |
+-------------------+--------+
| axi_last_V_reg_225|    1   |
|icmp_ln3188_reg_221|    1   |
|     j_reg_209     |   10   |
|   sof_2_reg_139   |    1   |
|  sof_read_reg_216 |    1   |
+-------------------+--------+
|       Total       |   14   |
+-------------------+--------+

* Multiplexer (MUX) list: 
|--------|------|------|------|--------|
|  Comp  |  Pin | Size |  BW  | S x BW |
|--------|------|------|------|--------|
|  Total |      |      |      |    0   |
|--------|------|------|------|--------|



* Summary:
+-----------+--------+--------+
|           |   FF   |   LUT  |
+-----------+--------+--------+
|  Function |    0   |   39   |
|   Memory  |    -   |    -   |
|Multiplexer|    -   |    -   |
|  Register |   14   |    -   |
+-----------+--------+--------+
|   Total   |   14   |   39   |
+-----------+--------+--------+
