

================================================================
== Vitis HLS Report for 'v_mix_420_to_422_false_Pipeline_VITIS_LOOP_31_2'
================================================================
* Date:           Mon Sep  5 13:08:57 2022

* Version:        2022.1 (Build 3526262 on Mon Apr 18 15:47:01 MDT 2022)
* Project:        prj
* Solution:       sol (Vivado IP Flow Target)
* Product family: artix7
* Target device:  xc7a35t-cpg236-1


================================================================
== Performance Estimates
================================================================
+ Timing: 
    * Summary: 
    +--------+----------+----------+------------+
    |  Clock |  Target  | Estimated| Uncertainty|
    +--------+----------+----------+------------+
    |ap_clk  |  20.00 ns|  7.816 ns|     5.40 ns|
    +--------+----------+----------+------------+

+ Latency: 
    * Summary: 
    +---------+---------+-----------+-----------+-----+-----+---------+
    |  Latency (cycles) |   Latency (absolute)  |  Interval | Pipeline|
    |   min   |   max   |    min    |    max    | min | max |   Type  |
    +---------+---------+-----------+-----------+-----+-----+---------+
    |        2|      802|  40.000 ns|  16.040 us|    2|  802|       no|
    +---------+---------+-----------+-----------+-----+-----+---------+

    + Detail: 
        * Instance: 
        N/A

        * Loop: 
        +-------------------+---------+---------+----------+-----------+-----------+---------+----------+
        |                   |  Latency (cycles) | Iteration|  Initiation Interval  |   Trip  |          |
        |     Loop Name     |   min   |   max   |  Latency |  achieved |   target  |  Count  | Pipelined|
        +-------------------+---------+---------+----------+-----------+-----------+---------+----------+
        |- VITIS_LOOP_31_2  |        0|      800|         2|          1|          1|  0 ~ 800|       yes|
        +-------------------+---------+---------+----------+-----------+-----------+---------+----------+

============================================================
+ Verbose Summary: Synthesis Manager
============================================================
InlineROM: 1
ExposeGlobal: 0
============================================================
+ Verbose Summary: CDFG Model
============================================================
IsTopModel: 0
ResetActiveHigh: 1
IsCombinational: 0
IsDatapathOnly: 0
HasWiredReturn: 1
HasMFsm: 2
HasVarLatency: 1
IsPipeline: 0
IsRtlPipelined: 0
IsInstanceOverlapped: 0
IsDontTouch: 0
HasImplIP: 0
IsGatedGlobalClock: 0

+ Individual pipeline summary: 
  * Pipeline-0: initiation interval (II) = 1, depth = 2


============================================================
+ Verbose Summary: Schedule
============================================================
* Number of FSM states : 2
* Pipeline : 1
  Pipeline-0 : II = 1, D = 2, States = { 1 2 }
* Dataflow Pipeline: 0

* FSM state transitions: 
1 --> 2 
2 --> 

* FSM state operations: 

State 1 <SV = 0> <Delay = 3.73>
ST_1 : Operation 5 [1/1] (0.00ns)   --->   "%x = alloca i32 1"   --->   Operation 5 'alloca' 'x' <Predicate = true> <Delay = 0.00>
ST_1 : Operation 6 [1/1] (0.00ns)   --->   "%specstablecontent_ln0 = specstablecontent void @_ssdm_op_SpecStableContent, i10 %width, void "   --->   Operation 6 'specstablecontent' 'specstablecontent_ln0' <Predicate = true> <Delay = 0.00>
ST_1 : Operation 7 [1/1] (0.00ns)   --->   "%specinterface_ln0 = specinterface void @_ssdm_op_SpecInterface, i24 %srcLayer0, void @empty_42, i32 0, i32 0, void @empty_38, i32 0, i32 0, void @empty_38, void @empty_38, void @empty_38, i32 0, i32 0, i32 0, i32 0, void @empty_38, void @empty_38, i32 4294967295, i32 0"   --->   Operation 7 'specinterface' 'specinterface_ln0' <Predicate = true> <Delay = 0.00>
ST_1 : Operation 8 [1/1] (0.00ns)   --->   "%specinterface_ln0 = specinterface void @_ssdm_op_SpecInterface, i24 %srcLayer0Yuv422, void @empty_42, i32 0, i32 0, void @empty_38, i32 0, i32 0, void @empty_38, void @empty_38, void @empty_38, i32 0, i32 0, i32 0, i32 0, void @empty_38, void @empty_38, i32 4294967295, i32 0"   --->   Operation 8 'specinterface' 'specinterface_ln0' <Predicate = true> <Delay = 0.00>
ST_1 : Operation 9 [1/1] (0.00ns)   --->   "%width_read = read i10 @_ssdm_op_Read.ap_auto.i10, i10 %width" [/home/trevor/Documents/xilinx/basys3_pong2/vivado/pong_2/pong_2.runs/design_1_v_mix_0_0_synth_1/prj/sol/.autopilot/db/v_csc.cpp:15]   --->   Operation 9 'read' 'width_read' <Predicate = true> <Delay = 0.00>
ST_1 : Operation 10 [1/1] (1.61ns)   --->   "%store_ln0 = store i10 0, i10 %x"   --->   Operation 10 'store' 'store_ln0' <Predicate = true> <Delay = 1.61>
ST_1 : Operation 11 [1/1] (0.00ns)   --->   "%br_ln0 = br void %for.inc"   --->   Operation 11 'br' 'br_ln0' <Predicate = true> <Delay = 0.00>
ST_1 : Operation 12 [1/1] (0.00ns)   --->   "%x_21 = load i10 %x" [/home/trevor/Documents/xilinx/basys3_pong2/vivado/pong_2/pong_2.runs/design_1_v_mix_0_0_synth_1/prj/sol/.autopilot/db/v_csc.cpp:31]   --->   Operation 12 'load' 'x_21' <Predicate = true> <Delay = 0.00>
ST_1 : Operation 13 [1/1] (1.70ns)   --->   "%icmp_ln31 = icmp_eq  i10 %x_21, i10 %width_read" [/home/trevor/Documents/xilinx/basys3_pong2/vivado/pong_2/pong_2.runs/design_1_v_mix_0_0_synth_1/prj/sol/.autopilot/db/v_csc.cpp:31]   --->   Operation 13 'icmp' 'icmp_ln31' <Predicate = true> <Delay = 1.70> <CoreInst = "Cmp">   --->   Core 9 'Cmp' <Latency = 0> <II = 1> <Delay = 1.70> <FuncUnit> <Opcode : 'icmp'> <InPorts = 2> <OutPorts = 1>
ST_1 : Operation 14 [1/1] (0.00ns)   --->   "%speclooptripcount_ln0 = speclooptripcount void @_ssdm_op_SpecLoopTripCount, i64 0, i64 800, i64 0"   --->   Operation 14 'speclooptripcount' 'speclooptripcount_ln0' <Predicate = true> <Delay = 0.00>
ST_1 : Operation 15 [1/1] (2.12ns)   --->   "%x_22 = add i10 %x_21, i10 1" [/home/trevor/Documents/xilinx/basys3_pong2/vivado/pong_2/pong_2.runs/design_1_v_mix_0_0_synth_1/prj/sol/.autopilot/db/v_csc.cpp:31]   --->   Operation 15 'add' 'x_22' <Predicate = true> <Delay = 2.12> <CoreInst = "Adder">   --->   Core 1 'Adder' <Latency = 0> <II = 1> <Delay = 2.12> <FuncUnit> <Opcode : 'add' 'sub'> <InPorts = 2> <OutPorts = 1>
ST_1 : Operation 16 [1/1] (0.00ns)   --->   "%br_ln31 = br i1 %icmp_ln31, void %for.inc.split, void %for.inc11.loopexit.exitStub" [/home/trevor/Documents/xilinx/basys3_pong2/vivado/pong_2/pong_2.runs/design_1_v_mix_0_0_synth_1/prj/sol/.autopilot/db/v_csc.cpp:31]   --->   Operation 16 'br' 'br_ln31' <Predicate = true> <Delay = 0.00>
ST_1 : Operation 17 [1/1] (1.61ns)   --->   "%store_ln31 = store i10 %x_22, i10 %x" [/home/trevor/Documents/xilinx/basys3_pong2/vivado/pong_2/pong_2.runs/design_1_v_mix_0_0_synth_1/prj/sol/.autopilot/db/v_csc.cpp:31]   --->   Operation 17 'store' 'store_ln31' <Predicate = (!icmp_ln31)> <Delay = 1.61>
ST_1 : Operation 23 [1/1] (0.00ns)   --->   "%ret_ln0 = ret"   --->   Operation 23 'ret' 'ret_ln0' <Predicate = (icmp_ln31)> <Delay = 0.00>

State 2 <SV = 1> <Delay = 7.81>
ST_2 : Operation 18 [1/1] (0.00ns)   --->   "%specpipeline_ln34 = specpipeline void @_ssdm_op_SpecPipeline, i32 4294967295, i32 0, i32 0, i32 0, void @empty_38" [/home/trevor/Documents/xilinx/basys3_pong2/vivado/pong_2/pong_2.runs/design_1_v_mix_0_0_synth_1/prj/sol/.autopilot/db/v_csc.cpp:34]   --->   Operation 18 'specpipeline' 'specpipeline_ln34' <Predicate = true> <Delay = 0.00>
ST_2 : Operation 19 [1/1] (0.00ns)   --->   "%specloopname_ln21 = specloopname void @_ssdm_op_SpecLoopName, void @empty_11" [/home/trevor/Documents/xilinx/basys3_pong2/vivado/pong_2/pong_2.runs/design_1_v_mix_0_0_synth_1/prj/sol/.autopilot/db/v_csc.cpp:21]   --->   Operation 19 'specloopname' 'specloopname_ln21' <Predicate = true> <Delay = 0.00>
ST_2 : Operation 20 [1/1] (3.90ns)   --->   "%srcLayer0_read = read i24 @_ssdm_op_Read.ap_fifo.volatile.i24P0A, i24 %srcLayer0" [/opt/Xilinx/Vitis_HLS/2022.1/common/technology/autopilot/hls_stream_39.h:145]   --->   Operation 20 'read' 'srcLayer0_read' <Predicate = true> <Delay = 3.90> <CoreInst = "FIFO_SRL">   --->   Core 81 'FIFO_SRL' <Latency = 0> <II = 1> <Delay = 3.90> <Storage> <Opcode : 'read' 'write' 'nbread' 'nbwrite'> <Ports = 0> <Width = 24> <Depth = 2> <FIFO>
ST_2 : Operation 21 [1/1] (3.90ns)   --->   "%write_ln174 = write void @_ssdm_op_Write.ap_fifo.volatile.i24P0A, i24 %srcLayer0Yuv422, i24 %srcLayer0_read" [/opt/Xilinx/Vitis_HLS/2022.1/common/technology/autopilot/hls_stream_39.h:174]   --->   Operation 21 'write' 'write_ln174' <Predicate = true> <Delay = 3.90> <CoreInst = "FIFO_SRL">   --->   Core 81 'FIFO_SRL' <Latency = 0> <II = 1> <Delay = 3.90> <Storage> <Opcode : 'read' 'write' 'nbread' 'nbwrite'> <Ports = 0> <Width = 24> <Depth = 2> <FIFO>
ST_2 : Operation 22 [1/1] (0.00ns)   --->   "%br_ln31 = br void %for.inc" [/home/trevor/Documents/xilinx/basys3_pong2/vivado/pong_2/pong_2.runs/design_1_v_mix_0_0_synth_1/prj/sol/.autopilot/db/v_csc.cpp:31]   --->   Operation 22 'br' 'br_ln31' <Predicate = true> <Delay = 0.00>


============================================================
+ Verbose Summary: Binding
============================================================
STG Binding: 
---------------- STG Properties BEGIN ----------------
- Is combinational: 0
- Is one-state seq: 0
- Is datapath-only: 0
- Is pipelined: 0
- Is top level: 0
Port [ Return ] is wired: 1; IO mode=ap_ctrl_hs:ce=0
Port [ width]:  wired=1; compound=0; hidden=0; nouse=0; global=0; static=0; extern=0; dir=0; type=0; pingpong=0; private_global=0; IO mode=ap_stable:ce=0
Port [ srcLayer0]:  wired=1; compound=1; hidden=0; nouse=0; global=0; static=0; extern=0; dir=0; type=3; pingpong=0; private_global=0; IO mode=ap_fifo:ce=0
Port [ srcLayer0Yuv422]:  wired=1; compound=1; hidden=0; nouse=0; global=0; static=0; extern=0; dir=1; type=3; pingpong=0; private_global=0; IO mode=ap_fifo:ce=0
---------------- STG Properties END ------------------

---------------- Datapath Model BEGIN ----------------

<LifeTime>
<method=bitvector/>
x                     (alloca           ) [ 010]
specstablecontent_ln0 (specstablecontent) [ 000]
specinterface_ln0     (specinterface    ) [ 000]
specinterface_ln0     (specinterface    ) [ 000]
width_read            (read             ) [ 000]
store_ln0             (store            ) [ 000]
br_ln0                (br               ) [ 000]
x_21                  (load             ) [ 000]
icmp_ln31             (icmp             ) [ 010]
speclooptripcount_ln0 (speclooptripcount) [ 000]
x_22                  (add              ) [ 000]
br_ln31               (br               ) [ 000]
store_ln31            (store            ) [ 000]
specpipeline_ln34     (specpipeline     ) [ 000]
specloopname_ln21     (specloopname     ) [ 000]
srcLayer0_read        (read             ) [ 000]
write_ln174           (write            ) [ 000]
br_ln31               (br               ) [ 000]
ret_ln0               (ret              ) [ 000]
</LifeTime>

<model>

<comp_list>
<comp id="0" class="1000" name="width">
<pin_list>
<pin id="1" dir="1" index="0" bw="1" slack="0"/>
</pin_list>
<bind>
<StgValue><ssdm name="width"/></StgValue>
</bind>
</comp>

<comp id="2" class="1000" name="srcLayer0">
<pin_list>
<pin id="3" dir="1" index="0" bw="1" slack="0"/>
</pin_list>
<bind>
<StgValue><ssdm name="srcLayer0"/></StgValue>
</bind>
</comp>

<comp id="4" class="1000" name="srcLayer0Yuv422">
<pin_list>
<pin id="5" dir="1" index="0" bw="1" slack="0"/>
</pin_list>
<bind>
<StgValue><ssdm name="srcLayer0Yuv422"/></StgValue>
</bind>
</comp>

<comp id="6" class="1001" name="const_6">
<pin_list>
<pin id="7" dir="1" index="0" bw="1" slack="0"/>
</pin_list>
<bind>
<StgValue><ssdm name=""/></StgValue>
</bind>
</comp>

<comp id="8" class="1001" name="const_8">
<pin_list>
<pin id="9" dir="1" index="0" bw="1" slack="2147483647"/>
</pin_list>
<bind>
<StgValue><ssdm name="_ssdm_op_SpecStableContent"/></StgValue>
</bind>
</comp>

<comp id="10" class="1001" name="const_10">
<pin_list>
<pin id="11" dir="1" index="0" bw="1" slack="2147483647"/>
</pin_list>
<bind>
<StgValue><ssdm name=""/></StgValue>
</bind>
</comp>

<comp id="12" class="1001" name="const_12">
<pin_list>
<pin id="13" dir="1" index="0" bw="1" slack="2147483647"/>
</pin_list>
<bind>
<StgValue><ssdm name="_ssdm_op_SpecInterface"/></StgValue>
</bind>
</comp>

<comp id="14" class="1001" name="const_14">
<pin_list>
<pin id="15" dir="1" index="0" bw="1" slack="2147483647"/>
</pin_list>
<bind>
<StgValue><ssdm name="empty_42"/></StgValue>
</bind>
</comp>

<comp id="16" class="1001" name="const_16">
<pin_list>
<pin id="17" dir="1" index="0" bw="1" slack="2147483647"/>
</pin_list>
<bind>
<StgValue><ssdm name=""/></StgValue>
</bind>
</comp>

<comp id="18" class="1001" name="const_18">
<pin_list>
<pin id="19" dir="1" index="0" bw="1" slack="2147483647"/>
</pin_list>
<bind>
<StgValue><ssdm name="empty_38"/></StgValue>
</bind>
</comp>

<comp id="20" class="1001" name="const_20">
<pin_list>
<pin id="21" dir="1" index="0" bw="1" slack="2147483647"/>
</pin_list>
<bind>
<StgValue><ssdm name=""/></StgValue>
</bind>
</comp>

<comp id="22" class="1001" name="const_22">
<pin_list>
<pin id="23" dir="1" index="0" bw="1" slack="0"/>
</pin_list>
<bind>
<StgValue><ssdm name="_ssdm_op_Read.ap_auto.i10"/></StgValue>
</bind>
</comp>

<comp id="24" class="1001" name="const_24">
<pin_list>
<pin id="25" dir="1" index="0" bw="1" slack="0"/>
</pin_list>
<bind>
<StgValue><ssdm name=""/></StgValue>
</bind>
</comp>

<comp id="26" class="1001" name="const_26">
<pin_list>
<pin id="27" dir="1" index="0" bw="1" slack="2147483647"/>
</pin_list>
<bind>
<StgValue><ssdm name="_ssdm_op_SpecLoopTripCount"/></StgValue>
</bind>
</comp>

<comp id="28" class="1001" name="const_28">
<pin_list>
<pin id="29" dir="1" index="0" bw="1" slack="2147483647"/>
</pin_list>
<bind>
<StgValue><ssdm name=""/></StgValue>
</bind>
</comp>

<comp id="30" class="1001" name="const_30">
<pin_list>
<pin id="31" dir="1" index="0" bw="1" slack="2147483647"/>
</pin_list>
<bind>
<StgValue><ssdm name=""/></StgValue>
</bind>
</comp>

<comp id="32" class="1001" name="const_32">
<pin_list>
<pin id="33" dir="1" index="0" bw="1" slack="0"/>
</pin_list>
<bind>
<StgValue><ssdm name=""/></StgValue>
</bind>
</comp>

<comp id="34" class="1001" name="const_34">
<pin_list>
<pin id="35" dir="1" index="0" bw="1" slack="2147483647"/>
</pin_list>
<bind>
<StgValue><ssdm name="_ssdm_op_SpecPipeline"/></StgValue>
</bind>
</comp>

<comp id="36" class="1001" name="const_36">
<pin_list>
<pin id="37" dir="1" index="0" bw="1" slack="2147483647"/>
</pin_list>
<bind>
<StgValue><ssdm name="_ssdm_op_SpecLoopName"/></StgValue>
</bind>
</comp>

<comp id="38" class="1001" name="const_38">
<pin_list>
<pin id="39" dir="1" index="0" bw="1" slack="2147483647"/>
</pin_list>
<bind>
<StgValue><ssdm name="empty_11"/></StgValue>
</bind>
</comp>

<comp id="40" class="1001" name="const_40">
<pin_list>
<pin id="41" dir="1" index="0" bw="1" slack="0"/>
</pin_list>
<bind>
<StgValue><ssdm name="_ssdm_op_Read.ap_fifo.volatile.i24P0A"/></StgValue>
</bind>
</comp>

<comp id="42" class="1001" name="const_42">
<pin_list>
<pin id="43" dir="1" index="0" bw="1" slack="0"/>
</pin_list>
<bind>
<StgValue><ssdm name="_ssdm_op_Write.ap_fifo.volatile.i24P0A"/></StgValue>
</bind>
</comp>

<comp id="44" class="1004" name="x_fu_44">
<pin_list>
<pin id="45" dir="0" index="0" bw="1" slack="0"/>
<pin id="46" dir="1" index="1" bw="10" slack="0"/>
</pin_list>
<bind>
<opcode="alloca(26) " fcode="alloca"/>
<opset="x/1 "/>
</bind>
</comp>

<comp id="48" class="1004" name="width_read_read_fu_48">
<pin_list>
<pin id="49" dir="0" index="0" bw="10" slack="0"/>
<pin id="50" dir="0" index="1" bw="10" slack="0"/>
<pin id="51" dir="1" index="2" bw="10" slack="0"/>
</pin_list>
<bind>
<opcode="read(1150) " fcode="read"/>
<opset="width_read/1 "/>
</bind>
</comp>

<comp id="54" class="1004" name="srcLayer0_read_read_fu_54">
<pin_list>
<pin id="55" dir="0" index="0" bw="24" slack="0"/>
<pin id="56" dir="0" index="1" bw="24" slack="0"/>
<pin id="57" dir="1" index="2" bw="24" slack="0"/>
</pin_list>
<bind>
<opcode="read(1150) " fcode="read"/>
<opset="srcLayer0_read/2 "/>
</bind>
</comp>

<comp id="60" class="1004" name="write_ln174_write_fu_60">
<pin_list>
<pin id="61" dir="0" index="0" bw="0" slack="0"/>
<pin id="62" dir="0" index="1" bw="24" slack="0"/>
<pin id="63" dir="0" index="2" bw="24" slack="0"/>
<pin id="64" dir="1" index="3" bw="0" slack="2147483647"/>
</pin_list>
<bind>
<opcode="write(1151) " fcode="write"/>
<opset="write_ln174/2 "/>
</bind>
</comp>

<comp id="68" class="1004" name="store_ln0_store_fu_68">
<pin_list>
<pin id="69" dir="0" index="0" bw="1" slack="0"/>
<pin id="70" dir="0" index="1" bw="10" slack="0"/>
<pin id="71" dir="1" index="2" bw="0" slack="2147483647"/>
</pin_list>
<bind>
<opcode="store(28) " fcode="store"/>
<opset="store_ln0/1 "/>
</bind>
</comp>

<comp id="73" class="1004" name="x_21_load_fu_73">
<pin_list>
<pin id="74" dir="0" index="0" bw="10" slack="0"/>
<pin id="75" dir="1" index="1" bw="10" slack="0"/>
</pin_list>
<bind>
<opcode="load(27) " fcode="load"/>
<opset="x_21/1 "/>
</bind>
</comp>

<comp id="76" class="1004" name="icmp_ln31_fu_76">
<pin_list>
<pin id="77" dir="0" index="0" bw="10" slack="0"/>
<pin id="78" dir="0" index="1" bw="10" slack="0"/>
<pin id="79" dir="1" index="2" bw="1" slack="2147483647"/>
</pin_list>
<bind>
<opcode="icmp(45) " fcode="icmp"/>
<opset="icmp_ln31/1 "/>
</bind>
</comp>

<comp id="82" class="1004" name="x_22_fu_82">
<pin_list>
<pin id="83" dir="0" index="0" bw="10" slack="0"/>
<pin id="84" dir="0" index="1" bw="1" slack="0"/>
<pin id="85" dir="1" index="2" bw="10" slack="0"/>
</pin_list>
<bind>
<opcode="add(8) " fcode="add"/>
<opset="x_22/1 "/>
</bind>
</comp>

<comp id="88" class="1004" name="store_ln31_store_fu_88">
<pin_list>
<pin id="89" dir="0" index="0" bw="10" slack="0"/>
<pin id="90" dir="0" index="1" bw="10" slack="0"/>
<pin id="91" dir="1" index="2" bw="0" slack="2147483647"/>
</pin_list>
<bind>
<opcode="store(28) " fcode="store"/>
<opset="store_ln31/1 "/>
</bind>
</comp>

<comp id="93" class="1005" name="x_reg_93">
<pin_list>
<pin id="94" dir="0" index="0" bw="10" slack="0"/>
<pin id="95" dir="1" index="1" bw="10" slack="0"/>
</pin_list>
<bind>
<opset="x "/>
</bind>
</comp>

</comp_list>

<net_list>
<net id="47"><net_src comp="6" pin="0"/><net_sink comp="44" pin=0"/></net>

<net id="52"><net_src comp="22" pin="0"/><net_sink comp="48" pin=0"/></net>

<net id="53"><net_src comp="0" pin="0"/><net_sink comp="48" pin=1"/></net>

<net id="58"><net_src comp="40" pin="0"/><net_sink comp="54" pin=0"/></net>

<net id="59"><net_src comp="2" pin="0"/><net_sink comp="54" pin=1"/></net>

<net id="65"><net_src comp="42" pin="0"/><net_sink comp="60" pin=0"/></net>

<net id="66"><net_src comp="4" pin="0"/><net_sink comp="60" pin=1"/></net>

<net id="67"><net_src comp="54" pin="2"/><net_sink comp="60" pin=2"/></net>

<net id="72"><net_src comp="24" pin="0"/><net_sink comp="68" pin=0"/></net>

<net id="80"><net_src comp="73" pin="1"/><net_sink comp="76" pin=0"/></net>

<net id="81"><net_src comp="48" pin="2"/><net_sink comp="76" pin=1"/></net>

<net id="86"><net_src comp="73" pin="1"/><net_sink comp="82" pin=0"/></net>

<net id="87"><net_src comp="32" pin="0"/><net_sink comp="82" pin=1"/></net>

<net id="92"><net_src comp="82" pin="2"/><net_sink comp="88" pin=0"/></net>

<net id="96"><net_src comp="44" pin="1"/><net_sink comp="93" pin=0"/></net>

<net id="97"><net_src comp="93" pin="1"/><net_sink comp="68" pin=1"/></net>

<net id="98"><net_src comp="93" pin="1"/><net_sink comp="73" pin=0"/></net>

<net id="99"><net_src comp="93" pin="1"/><net_sink comp="88" pin=1"/></net>

</net_list>

</model> 
---------------- Datapath Model END ------------------

* FSMD analyzer results:
  - Output states:
	Port: srcLayer0Yuv422 | {2 }
 - Input state : 
	Port: v_mix_420_to_422<false>_Pipeline_VITIS_LOOP_31_2 : width | {1 }
	Port: v_mix_420_to_422<false>_Pipeline_VITIS_LOOP_31_2 : srcLayer0 | {2 }
  - Chain level:
	State 1
		store_ln0 : 1
		x_21 : 1
		icmp_ln31 : 2
		x_22 : 2
		br_ln31 : 3
		store_ln31 : 3
	State 2


============================================================
+ Verbose Summary: Datapath Resource usage 
============================================================

* Functional unit list:
|----------|---------------------------|---------|---------|
| Operation|      Functional Unit      |    FF   |   LUT   |
|----------|---------------------------|---------|---------|
|    add   |         x_22_fu_82        |    0    |    17   |
|----------|---------------------------|---------|---------|
|   icmp   |      icmp_ln31_fu_76      |    0    |    11   |
|----------|---------------------------|---------|---------|
|   read   |   width_read_read_fu_48   |    0    |    0    |
|          | srcLayer0_read_read_fu_54 |    0    |    0    |
|----------|---------------------------|---------|---------|
|   write  |  write_ln174_write_fu_60  |    0    |    0    |
|----------|---------------------------|---------|---------|
|   Total  |                           |    0    |    28   |
|----------|---------------------------|---------|---------|

Memories:
N/A

* Register list:
+--------+--------+
|        |   FF   |
+--------+--------+
|x_reg_93|   10   |
+--------+--------+
|  Total |   10   |
+--------+--------+

* Multiplexer (MUX) list: 
|--------|------|------|------|--------|
|  Comp  |  Pin | Size |  BW  | S x BW |
|--------|------|------|------|--------|
|  Total |      |      |      |    0   |
|--------|------|------|------|--------|



* Summary:
+-----------+--------+--------+
|           |   FF   |   LUT  |
+-----------+--------+--------+
|  Function |    0   |   28   |
|   Memory  |    -   |    -   |
|Multiplexer|    -   |    -   |
|  Register |   10   |    -   |
+-----------+--------+--------+
|   Total   |   10   |   28   |
+-----------+--------+--------+
