

================================================================
== Vitis HLS Report for 'v_mix_yuv2rgb_false_s'
================================================================
* Date:           Tue Sep  6 19:46:48 2022

* Version:        2022.1 (Build 3526262 on Mon Apr 18 15:47:01 MDT 2022)
* Project:        prj
* Solution:       sol (Vivado IP Flow Target)
* Product family: artix7
* Target device:  xc7a35t-cpg236-1


================================================================
== Performance Estimates
================================================================
+ Timing: 
    * Summary: 
    +--------+----------+----------+------------+
    |  Clock |  Target  | Estimated| Uncertainty|
    +--------+----------+----------+------------+
    |ap_clk  |  20.00 ns|  7.816 ns|     5.40 ns|
    +--------+----------+----------+------------+

+ Latency: 
    * Summary: 
    +---------+---------+-----------+-----------+-----+--------+---------+
    |  Latency (cycles) |   Latency (absolute)  |   Interval   | Pipeline|
    |   min   |   max   |    min    |    max    | min |   max  |   Type  |
    +---------+---------+-----------+-----------+-----+--------+---------+
    |        1|   643201|  20.000 ns|  12.864 ms|    1|  643201|       no|
    +---------+---------+-----------+-----------+-----+--------+---------+

    + Detail: 
        * Instance: 
        N/A

        * Loop: 
        +--------------------+---------+---------+----------+-----------+-----------+---------+----------+
        |                    |  Latency (cycles) | Iteration|  Initiation Interval  |   Trip  |          |
        |      Loop Name     |   min   |   max   |  Latency |  achieved |   target  |  Count  | Pipelined|
        +--------------------+---------+---------+----------+-----------+-----------+---------+----------+
        |- VITIS_LOOP_854_1  |        0|   643200|   4 ~ 804|          -|          -|  0 ~ 800|        no|
        +--------------------+---------+---------+----------+-----------+-----------+---------+----------+

============================================================
+ Verbose Summary: Synthesis Manager
============================================================
InlineROM: 1
ExposeGlobal: 0
============================================================
+ Verbose Summary: CDFG Model
============================================================
IsTopModel: 0
ResetActiveHigh: 1
IsCombinational: 2
IsDatapathOnly: 0
HasWiredReturn: 1
HasMFsm: 0
HasVarLatency: 1
IsPipeline: 0
IsRtlPipelined: 0
IsInstanceOverlapped: 0
IsDontTouch: 0
HasImplIP: 0
IsGatedGlobalClock: 0


============================================================
+ Verbose Summary: Schedule
============================================================
* Number of FSM states : 3
* Pipeline : 0
* Dataflow Pipeline: 0

* FSM state transitions: 
1 --> 2 
2 --> 3 
3 --> 2 

* FSM state operations: 

State 1 <SV = 0> <Delay = 5.51>
ST_1 : Operation 4 [1/1] (0.00ns)   --->   "%specinterface_ln0 = specinterface void @_ssdm_op_SpecInterface, i1 %layerEnableFlag, void @ap_fifo_str, i32 0, i32 0, void @p_str, i32 0, i32 0, void @p_str, void @p_str, void @p_str, i32 2, i32 2, i32 16, i32 16, void @p_str, void @ScalarProp_str, i32 4294967295, i32 0"   --->   Operation 4 'specinterface' 'specinterface_ln0' <Predicate = true> <Delay = 0.00>
ST_1 : Operation 5 [1/1] (0.00ns)   --->   "%width_read = read i10 @_ssdm_op_Read.ap_auto.i10, i10 %width"   --->   Operation 5 'read' 'width_read' <Predicate = true> <Delay = 0.00>
ST_1 : Operation 6 [1/1] (0.00ns)   --->   "%height_read = read i10 @_ssdm_op_Read.ap_auto.i10, i10 %height"   --->   Operation 6 'read' 'height_read' <Predicate = true> <Delay = 0.00>
ST_1 : Operation 7 [1/1] (3.90ns)   --->   "%layerEnableFlag_read = read i1 @_ssdm_op_Read.ap_fifo.i1P0A, i1 %layerEnableFlag"   --->   Operation 7 'read' 'layerEnableFlag_read' <Predicate = true> <Delay = 3.90> <CoreInst = "FIFO_SRL">   --->   Core 81 'FIFO_SRL' <Latency = 0> <II = 1> <Delay = 3.90> <Storage> <Opcode : 'read' 'write' 'nbread' 'nbwrite'> <Ports = 0> <Width = 1> <Depth = 2> <FIFO>
ST_1 : Operation 8 [1/1] (0.00ns)   --->   "%specstablecontent_ln0 = specstablecontent void @_ssdm_op_SpecStableContent, i10 %height, void "   --->   Operation 8 'specstablecontent' 'specstablecontent_ln0' <Predicate = true> <Delay = 0.00>
ST_1 : Operation 9 [1/1] (0.00ns)   --->   "%specstablecontent_ln0 = specstablecontent void @_ssdm_op_SpecStableContent, i10 %width, void "   --->   Operation 9 'specstablecontent' 'specstablecontent_ln0' <Predicate = true> <Delay = 0.00>
ST_1 : Operation 10 [1/1] (0.00ns)   --->   "%specinterface_ln0 = specinterface void @_ssdm_op_SpecInterface, i24 %outLayer0, void @empty_42, i32 0, i32 0, void @empty_38, i32 0, i32 0, void @empty_38, void @empty_38, void @empty_38, i32 0, i32 0, i32 0, i32 0, void @empty_38, void @empty_38, i32 4294967295, i32 0"   --->   Operation 10 'specinterface' 'specinterface_ln0' <Predicate = true> <Delay = 0.00>
ST_1 : Operation 11 [1/1] (0.00ns)   --->   "%specinterface_ln0 = specinterface void @_ssdm_op_SpecInterface, i24 %srcLayer0Yuv, void @empty_42, i32 0, i32 0, void @empty_38, i32 0, i32 0, void @empty_38, void @empty_38, void @empty_38, i32 0, i32 0, i32 0, i32 0, void @empty_38, void @empty_38, i32 4294967295, i32 0"   --->   Operation 11 'specinterface' 'specinterface_ln0' <Predicate = true> <Delay = 0.00>
ST_1 : Operation 12 [1/1] (0.00ns)   --->   "%br_ln852 = br i1 %layerEnableFlag_read, void %if.end, void %VITIS_LOOP_856_2.preheader" [/home/trevor/Documents/xilinx/basys3_pong2/vivado/pong_2/pong_2.runs/design_1_v_mix_0_0_synth_1/prj/sol/.autopilot/db/v_csc.cpp:852]   --->   Operation 12 'br' 'br_ln852' <Predicate = true> <Delay = 0.00>
ST_1 : Operation 13 [1/1] (0.00ns)   --->   "%y = alloca i32 1"   --->   Operation 13 'alloca' 'y' <Predicate = (layerEnableFlag_read)> <Delay = 0.00>
ST_1 : Operation 14 [1/1] (1.61ns)   --->   "%store_ln854 = store i10 0, i10 %y" [/home/trevor/Documents/xilinx/basys3_pong2/vivado/pong_2/pong_2.runs/design_1_v_mix_0_0_synth_1/prj/sol/.autopilot/db/v_csc.cpp:854]   --->   Operation 14 'store' 'store_ln854' <Predicate = (layerEnableFlag_read)> <Delay = 1.61>
ST_1 : Operation 15 [1/1] (0.00ns)   --->   "%br_ln854 = br void %VITIS_LOOP_856_2" [/home/trevor/Documents/xilinx/basys3_pong2/vivado/pong_2/pong_2.runs/design_1_v_mix_0_0_synth_1/prj/sol/.autopilot/db/v_csc.cpp:854]   --->   Operation 15 'br' 'br_ln854' <Predicate = (layerEnableFlag_read)> <Delay = 0.00>

State 2 <SV = 1> <Delay = 5.01>
ST_2 : Operation 16 [1/1] (0.00ns)   --->   "%y_3 = load i10 %y" [/home/trevor/Documents/xilinx/basys3_pong2/vivado/pong_2/pong_2.runs/design_1_v_mix_0_0_synth_1/prj/sol/.autopilot/db/v_csc.cpp:854]   --->   Operation 16 'load' 'y_3' <Predicate = (layerEnableFlag_read)> <Delay = 0.00>
ST_2 : Operation 17 [1/1] (1.70ns)   --->   "%icmp_ln854 = icmp_eq  i10 %y_3, i10 %height_read" [/home/trevor/Documents/xilinx/basys3_pong2/vivado/pong_2/pong_2.runs/design_1_v_mix_0_0_synth_1/prj/sol/.autopilot/db/v_csc.cpp:854]   --->   Operation 17 'icmp' 'icmp_ln854' <Predicate = (layerEnableFlag_read)> <Delay = 1.70> <CoreInst = "Cmp">   --->   Core 9 'Cmp' <Latency = 0> <II = 1> <Delay = 1.70> <FuncUnit> <Opcode : 'icmp'> <InPorts = 2> <OutPorts = 1>
ST_2 : Operation 18 [1/1] (0.00ns)   --->   "%speclooptripcount_ln0 = speclooptripcount void @_ssdm_op_SpecLoopTripCount, i64 0, i64 800, i64 0"   --->   Operation 18 'speclooptripcount' 'speclooptripcount_ln0' <Predicate = (layerEnableFlag_read)> <Delay = 0.00>
ST_2 : Operation 19 [1/1] (2.12ns)   --->   "%y_4 = add i10 %y_3, i10 1" [/home/trevor/Documents/xilinx/basys3_pong2/vivado/pong_2/pong_2.runs/design_1_v_mix_0_0_synth_1/prj/sol/.autopilot/db/v_csc.cpp:854]   --->   Operation 19 'add' 'y_4' <Predicate = (layerEnableFlag_read)> <Delay = 2.12> <CoreInst = "Adder">   --->   Core 1 'Adder' <Latency = 0> <II = 1> <Delay = 2.12> <FuncUnit> <Opcode : 'add' 'sub'> <InPorts = 2> <OutPorts = 1>
ST_2 : Operation 20 [1/1] (0.00ns)   --->   "%br_ln854 = br i1 %icmp_ln854, void %VITIS_LOOP_856_2.split, void %if.end.loopexit" [/home/trevor/Documents/xilinx/basys3_pong2/vivado/pong_2/pong_2.runs/design_1_v_mix_0_0_synth_1/prj/sol/.autopilot/db/v_csc.cpp:854]   --->   Operation 20 'br' 'br_ln854' <Predicate = (layerEnableFlag_read)> <Delay = 0.00>
ST_2 : Operation 21 [1/1] (0.00ns)   --->   "%empty = wait i32 @_ssdm_op_Wait"   --->   Operation 21 'wait' 'empty' <Predicate = (layerEnableFlag_read & !icmp_ln854)> <Delay = 0.00>
ST_2 : Operation 22 [2/2] (3.31ns)   --->   "%call_ln0 = call void @v_mix_yuv2rgb<false>_Pipeline_VITIS_LOOP_856_2, i10 %width_read, i24 %srcLayer0Yuv, i24 %outLayer0"   --->   Operation 22 'call' 'call_ln0' <Predicate = (layerEnableFlag_read & !icmp_ln854)> <Delay = 3.31> <CoreType = "Generic">   --->   Core 0 '' <Latency = 0> <II = 1> <Delay = 1.00> <Generic> <Opcode : >
ST_2 : Operation 23 [1/1] (1.61ns)   --->   "%store_ln854 = store i10 %y_4, i10 %y" [/home/trevor/Documents/xilinx/basys3_pong2/vivado/pong_2/pong_2.runs/design_1_v_mix_0_0_synth_1/prj/sol/.autopilot/db/v_csc.cpp:854]   --->   Operation 23 'store' 'store_ln854' <Predicate = (layerEnableFlag_read & !icmp_ln854)> <Delay = 1.61>
ST_2 : Operation 24 [1/1] (0.00ns)   --->   "%br_ln0 = br void %if.end"   --->   Operation 24 'br' 'br_ln0' <Predicate = (layerEnableFlag_read & icmp_ln854)> <Delay = 0.00>
ST_2 : Operation 25 [1/1] (0.00ns)   --->   "%ret_ln865 = ret" [/home/trevor/Documents/xilinx/basys3_pong2/vivado/pong_2/pong_2.runs/design_1_v_mix_0_0_synth_1/prj/sol/.autopilot/db/v_csc.cpp:865]   --->   Operation 25 'ret' 'ret_ln865' <Predicate = (icmp_ln854) | (!layerEnableFlag_read)> <Delay = 0.00>

State 3 <SV = 2> <Delay = 0.00>
ST_3 : Operation 26 [1/1] (0.00ns)   --->   "%specloopname_ln846 = specloopname void @_ssdm_op_SpecLoopName, void @empty_6" [/home/trevor/Documents/xilinx/basys3_pong2/vivado/pong_2/pong_2.runs/design_1_v_mix_0_0_synth_1/prj/sol/.autopilot/db/v_csc.cpp:846]   --->   Operation 26 'specloopname' 'specloopname_ln846' <Predicate = true> <Delay = 0.00>
ST_3 : Operation 27 [1/2] (0.00ns)   --->   "%call_ln0 = call void @v_mix_yuv2rgb<false>_Pipeline_VITIS_LOOP_856_2, i10 %width_read, i24 %srcLayer0Yuv, i24 %outLayer0"   --->   Operation 27 'call' 'call_ln0' <Predicate = true> <Delay = 0.00> <CoreType = "Generic">   --->   Core 0 '' <Latency = 0> <II = 1> <Delay = 1.00> <Generic> <Opcode : >
ST_3 : Operation 28 [1/1] (0.00ns)   --->   "%br_ln854 = br void %VITIS_LOOP_856_2" [/home/trevor/Documents/xilinx/basys3_pong2/vivado/pong_2/pong_2.runs/design_1_v_mix_0_0_synth_1/prj/sol/.autopilot/db/v_csc.cpp:854]   --->   Operation 28 'br' 'br_ln854' <Predicate = true> <Delay = 0.00>


============================================================
+ Verbose Summary: Timing violations
============================================================
Target clock period: 20ns, clock uncertainty: 5.4ns.

 <State 1>: 5.52ns
The critical path consists of the following:
	fifo read operation ('layerEnableFlag_read') on port 'layerEnableFlag' [9]  (3.91 ns)
	blocking operation 1.61 ns on control path)

 <State 2>: 5.01ns
The critical path consists of the following:
	'load' operation ('y', /home/trevor/Documents/xilinx/basys3_pong2/vivado/pong_2/pong_2.runs/design_1_v_mix_0_0_synth_1/prj/sol/.autopilot/db/v_csc.cpp:854) on local variable 'y' [20]  (0 ns)
	'add' operation ('y', /home/trevor/Documents/xilinx/basys3_pong2/vivado/pong_2/pong_2.runs/design_1_v_mix_0_0_synth_1/prj/sol/.autopilot/db/v_csc.cpp:854) [23]  (2.12 ns)
	'store' operation ('store_ln854', /home/trevor/Documents/xilinx/basys3_pong2/vivado/pong_2/pong_2.runs/design_1_v_mix_0_0_synth_1/prj/sol/.autopilot/db/v_csc.cpp:854) of variable 'y', /home/trevor/Documents/xilinx/basys3_pong2/vivado/pong_2/pong_2.runs/design_1_v_mix_0_0_synth_1/prj/sol/.autopilot/db/v_csc.cpp:854 on local variable 'y' [29]  (1.61 ns)
	blocking operation 1.28 ns on control path)

 <State 3>: 0ns
The critical path consists of the following:


============================================================
+ Verbose Summary: Binding
============================================================
N/A
* FSMD analyzer results:
  - Output states:
 - Input state : 
  - Chain level:
	State 1
	State 2
	State 3


============================================================
+ Verbose Summary: Datapath Resource usage 
============================================================
N/A
