

================================================================
== Vitis HLS Report for 'v_mix'
================================================================
* Date:           Tue Sep  6 19:46:54 2022

* Version:        2022.1 (Build 3526262 on Mon Apr 18 15:47:01 MDT 2022)
* Project:        prj
* Solution:       sol (Vivado IP Flow Target)
* Product family: artix7
* Target device:  xc7a35t-cpg236-1


================================================================
== Performance Estimates
================================================================
+ Timing: 
    * Summary: 
    +--------+----------+----------+------------+
    |  Clock |  Target  | Estimated| Uncertainty|
    +--------+----------+----------+------------+
    |ap_clk  |  20.00 ns|  8.469 ns|     5.40 ns|
    +--------+----------+----------+------------+

+ Latency: 
    * Summary: 
    +---------+---------+----------+----------+-----+-----+---------+
    |  Latency (cycles) |  Latency (absolute) |  Interval | Pipeline|
    |   min   |   max   |    min   |    max   | min | max |   Type  |
    +---------+---------+----------+----------+-----+-----+---------+
    |        ?|        ?|         ?|         ?|    ?|    ?|       no|
    +---------+---------+----------+----------+-----+-----+---------+

    + Detail: 
        * Instance: 
        N/A

        * Loop: 
        +---------------------+---------+---------+----------+-----------+-----------+------+----------+
        |                     |  Latency (cycles) | Iteration|  Initiation Interval  | Trip |          |
        |      Loop Name      |   min   |   max   |  Latency |  achieved |   target  | Count| Pipelined|
        +---------------------+---------+---------+----------+-----------+-----------+------+----------+
        |- VITIS_LOOP_2581_1  |        2|        2|         1|          1|          1|     2|       yes|
        +---------------------+---------+---------+----------+-----------+-----------+------+----------+

============================================================
+ Verbose Summary: Synthesis Manager
============================================================
InlineROM: 1
ExposeGlobal: 0
============================================================
+ Verbose Summary: CDFG Model
============================================================
IsTopModel: 1
ResetActiveHigh: 1
IsCombinational: 0
IsDatapathOnly: 0
HasWiredReturn: 1
HasMFsm: 2
HasVarLatency: 1
IsPipeline: 0
IsRtlPipelined: 0
IsInstanceOverlapped: 0
IsDontTouch: 0
HasImplIP: 0
IsGatedGlobalClock: 0

+ Individual pipeline summary: 
  * Pipeline-0: initiation interval (II) = 1, depth = 1


============================================================
+ Verbose Summary: Schedule
============================================================
* Number of FSM states : 5
* Pipeline : 1
  Pipeline-0 : II = 1, D = 1, States = { 2 }
* Dataflow Pipeline: 0

* FSM state transitions: 
1 --> 2 
2 --> 3 2 
3 --> 4 
4 --> 5 
5 --> 

* FSM state operations: 

State 1 <SV = 0> <Delay = 1.61>
ST_1 : Operation 6 [1/1] (0.00ns)   --->   "%i = alloca i32 1"   --->   Operation 6 'alloca' 'i' <Predicate = true> <Delay = 0.00>
ST_1 : Operation 7 [1/1] (0.00ns)   --->   "%HwReg_layerAlpha = alloca i32 1"   --->   Operation 7 'alloca' 'HwReg_layerAlpha' <Predicate = true> <Delay = 0.00>
ST_1 : Operation 8 [1/1] (0.00ns)   --->   "%HwReg_layerStartX = alloca i32 1"   --->   Operation 8 'alloca' 'HwReg_layerStartX' <Predicate = true> <Delay = 0.00>
ST_1 : Operation 9 [1/1] (0.00ns)   --->   "%HwReg_layerStartY = alloca i32 1"   --->   Operation 9 'alloca' 'HwReg_layerStartY' <Predicate = true> <Delay = 0.00>
ST_1 : Operation 10 [1/1] (0.00ns)   --->   "%HwReg_layerWidth = alloca i32 1"   --->   Operation 10 'alloca' 'HwReg_layerWidth' <Predicate = true> <Delay = 0.00>
ST_1 : Operation 11 [1/1] (0.00ns)   --->   "%HwReg_layerHeight = alloca i32 1"   --->   Operation 11 'alloca' 'HwReg_layerHeight' <Predicate = true> <Delay = 0.00>
ST_1 : Operation 12 [1/1] (0.00ns)   --->   "%HwReg_layerScaleFactor = alloca i32 1"   --->   Operation 12 'alloca' 'HwReg_layerScaleFactor' <Predicate = true> <Delay = 0.00>
ST_1 : Operation 13 [1/1] (1.00ns)   --->   "%layerEnable_read = read i32 @_ssdm_op_Read.ap_none.i32, i32 %layerEnable"   --->   Operation 13 'read' 'layerEnable_read' <Predicate = true> <Delay = 1.00> <CoreInst = "s_axilite">   --->   Core 114 's_axilite' <Latency = 0> <II = 1> <Delay = 1.00> <Adapter> <Opcode : 'read' 'write'>
ST_1 : Operation 14 [1/1] (1.00ns)   --->   "%background_V_B_read = read i16 @_ssdm_op_Read.s_axilite.i16, i16 %background_V_B"   --->   Operation 14 'read' 'background_V_B_read' <Predicate = true> <Delay = 1.00> <CoreInst = "s_axilite">   --->   Core 114 's_axilite' <Latency = 0> <II = 1> <Delay = 1.00> <Adapter> <Opcode : 'read' 'write'>
ST_1 : Operation 15 [1/1] (1.00ns)   --->   "%background_U_G_read = read i16 @_ssdm_op_Read.s_axilite.i16, i16 %background_U_G"   --->   Operation 15 'read' 'background_U_G_read' <Predicate = true> <Delay = 1.00> <CoreInst = "s_axilite">   --->   Core 114 's_axilite' <Latency = 0> <II = 1> <Delay = 1.00> <Adapter> <Opcode : 'read' 'write'>
ST_1 : Operation 16 [1/1] (1.00ns)   --->   "%background_Y_R_read = read i16 @_ssdm_op_Read.s_axilite.i16, i16 %background_Y_R"   --->   Operation 16 'read' 'background_Y_R_read' <Predicate = true> <Delay = 1.00> <CoreInst = "s_axilite">   --->   Core 114 's_axilite' <Latency = 0> <II = 1> <Delay = 1.00> <Adapter> <Opcode : 'read' 'write'>
ST_1 : Operation 17 [1/1] (1.00ns)   --->   "%height_read = read i16 @_ssdm_op_Read.s_axilite.i16, i16 %height"   --->   Operation 17 'read' 'height_read' <Predicate = true> <Delay = 1.00> <CoreInst = "s_axilite">   --->   Core 114 's_axilite' <Latency = 0> <II = 1> <Delay = 1.00> <Adapter> <Opcode : 'read' 'write'>
ST_1 : Operation 18 [1/1] (1.00ns)   --->   "%width_read = read i16 @_ssdm_op_Read.s_axilite.i16, i16 %width"   --->   Operation 18 'read' 'width_read' <Predicate = true> <Delay = 1.00> <CoreInst = "s_axilite">   --->   Core 114 's_axilite' <Latency = 0> <II = 1> <Delay = 1.00> <Adapter> <Opcode : 'read' 'write'>
ST_1 : Operation 19 [1/1] (0.00ns)   --->   "%HwReg_layerEnable = trunc i32 %layerEnable_read"   --->   Operation 19 'trunc' 'HwReg_layerEnable' <Predicate = true> <Delay = 0.00>
ST_1 : Operation 20 [1/1] (0.00ns)   --->   "%HwReg_background_V_B = trunc i16 %background_V_B_read"   --->   Operation 20 'trunc' 'HwReg_background_V_B' <Predicate = true> <Delay = 0.00>
ST_1 : Operation 21 [1/1] (0.00ns)   --->   "%HwReg_background_U_G = trunc i16 %background_U_G_read"   --->   Operation 21 'trunc' 'HwReg_background_U_G' <Predicate = true> <Delay = 0.00>
ST_1 : Operation 22 [1/1] (0.00ns)   --->   "%HwReg_background_Y_R = trunc i16 %background_Y_R_read"   --->   Operation 22 'trunc' 'HwReg_background_Y_R' <Predicate = true> <Delay = 0.00>
ST_1 : Operation 23 [1/1] (0.00ns)   --->   "%HwReg_height = trunc i16 %height_read"   --->   Operation 23 'trunc' 'HwReg_height' <Predicate = true> <Delay = 0.00>
ST_1 : Operation 24 [1/1] (0.00ns)   --->   "%HwReg_width = trunc i16 %width_read"   --->   Operation 24 'trunc' 'HwReg_width' <Predicate = true> <Delay = 0.00>
ST_1 : Operation 25 [1/1] (0.00ns)   --->   "%spectopmodule_ln1767 = spectopmodule void @_ssdm_op_SpecTopModule, void @empty_4" [/home/trevor/Documents/xilinx/basys3_pong2/vivado/pong_2/pong_2.runs/design_1_v_mix_0_0_synth_1/prj/sol/.autopilot/db/v_mix.cpp:1767]   --->   Operation 25 'spectopmodule' 'spectopmodule_ln1767' <Predicate = true> <Delay = 0.00>
ST_1 : Operation 26 [1/1] (0.00ns)   --->   "%specinterface_ln0 = specinterface void @_ssdm_op_SpecInterface, i24 %s_axis_video_V_data_V, i3 %s_axis_video_V_keep_V, i3 %s_axis_video_V_strb_V, i1 %s_axis_video_V_user_V, i1 %s_axis_video_V_last_V, i1 %s_axis_video_V_id_V, i1 %s_axis_video_V_dest_V, void @empty_3, i32 1, i32 1, void @empty_29, i32 0, i32 0, void @empty_38, void @empty_38, void @empty_38, i32 0, i32 0, i32 0, i32 0, void @empty_38, void @empty_38, i32 4294967295, i32 0"   --->   Operation 26 'specinterface' 'specinterface_ln0' <Predicate = true> <Delay = 0.00>
ST_1 : Operation 27 [1/1] (0.00ns)   --->   "%specbitsmap_ln0 = specbitsmap void @_ssdm_op_SpecBitsMap, i24 %s_axis_video_V_data_V"   --->   Operation 27 'specbitsmap' 'specbitsmap_ln0' <Predicate = true> <Delay = 0.00>
ST_1 : Operation 28 [1/1] (0.00ns)   --->   "%specbitsmap_ln0 = specbitsmap void @_ssdm_op_SpecBitsMap, i3 %s_axis_video_V_keep_V"   --->   Operation 28 'specbitsmap' 'specbitsmap_ln0' <Predicate = true> <Delay = 0.00>
ST_1 : Operation 29 [1/1] (0.00ns)   --->   "%specbitsmap_ln0 = specbitsmap void @_ssdm_op_SpecBitsMap, i3 %s_axis_video_V_strb_V"   --->   Operation 29 'specbitsmap' 'specbitsmap_ln0' <Predicate = true> <Delay = 0.00>
ST_1 : Operation 30 [1/1] (0.00ns)   --->   "%specbitsmap_ln0 = specbitsmap void @_ssdm_op_SpecBitsMap, i1 %s_axis_video_V_user_V"   --->   Operation 30 'specbitsmap' 'specbitsmap_ln0' <Predicate = true> <Delay = 0.00>
ST_1 : Operation 31 [1/1] (0.00ns)   --->   "%specbitsmap_ln0 = specbitsmap void @_ssdm_op_SpecBitsMap, i1 %s_axis_video_V_last_V"   --->   Operation 31 'specbitsmap' 'specbitsmap_ln0' <Predicate = true> <Delay = 0.00>
ST_1 : Operation 32 [1/1] (0.00ns)   --->   "%specbitsmap_ln0 = specbitsmap void @_ssdm_op_SpecBitsMap, i1 %s_axis_video_V_id_V"   --->   Operation 32 'specbitsmap' 'specbitsmap_ln0' <Predicate = true> <Delay = 0.00>
ST_1 : Operation 33 [1/1] (0.00ns)   --->   "%specbitsmap_ln0 = specbitsmap void @_ssdm_op_SpecBitsMap, i1 %s_axis_video_V_dest_V"   --->   Operation 33 'specbitsmap' 'specbitsmap_ln0' <Predicate = true> <Delay = 0.00>
ST_1 : Operation 34 [1/1] (0.00ns)   --->   "%specinterface_ln0 = specinterface void @_ssdm_op_SpecInterface, i32 %s_axis_video1_V_data_V, i4 %s_axis_video1_V_keep_V, i4 %s_axis_video1_V_strb_V, i1 %s_axis_video1_V_user_V, i1 %s_axis_video1_V_last_V, i1 %s_axis_video1_V_id_V, i1 %s_axis_video1_V_dest_V, void @empty_3, i32 1, i32 1, void @empty_29, i32 0, i32 0, void @empty_38, void @empty_38, void @empty_38, i32 0, i32 0, i32 0, i32 0, void @empty_38, void @empty_38, i32 4294967295, i32 0"   --->   Operation 34 'specinterface' 'specinterface_ln0' <Predicate = true> <Delay = 0.00>
ST_1 : Operation 35 [1/1] (0.00ns)   --->   "%specbitsmap_ln0 = specbitsmap void @_ssdm_op_SpecBitsMap, i32 %s_axis_video1_V_data_V"   --->   Operation 35 'specbitsmap' 'specbitsmap_ln0' <Predicate = true> <Delay = 0.00>
ST_1 : Operation 36 [1/1] (0.00ns)   --->   "%specbitsmap_ln0 = specbitsmap void @_ssdm_op_SpecBitsMap, i4 %s_axis_video1_V_keep_V"   --->   Operation 36 'specbitsmap' 'specbitsmap_ln0' <Predicate = true> <Delay = 0.00>
ST_1 : Operation 37 [1/1] (0.00ns)   --->   "%specbitsmap_ln0 = specbitsmap void @_ssdm_op_SpecBitsMap, i4 %s_axis_video1_V_strb_V"   --->   Operation 37 'specbitsmap' 'specbitsmap_ln0' <Predicate = true> <Delay = 0.00>
ST_1 : Operation 38 [1/1] (0.00ns)   --->   "%specbitsmap_ln0 = specbitsmap void @_ssdm_op_SpecBitsMap, i1 %s_axis_video1_V_user_V"   --->   Operation 38 'specbitsmap' 'specbitsmap_ln0' <Predicate = true> <Delay = 0.00>
ST_1 : Operation 39 [1/1] (0.00ns)   --->   "%specbitsmap_ln0 = specbitsmap void @_ssdm_op_SpecBitsMap, i1 %s_axis_video1_V_last_V"   --->   Operation 39 'specbitsmap' 'specbitsmap_ln0' <Predicate = true> <Delay = 0.00>
ST_1 : Operation 40 [1/1] (0.00ns)   --->   "%specbitsmap_ln0 = specbitsmap void @_ssdm_op_SpecBitsMap, i1 %s_axis_video1_V_id_V"   --->   Operation 40 'specbitsmap' 'specbitsmap_ln0' <Predicate = true> <Delay = 0.00>
ST_1 : Operation 41 [1/1] (0.00ns)   --->   "%specbitsmap_ln0 = specbitsmap void @_ssdm_op_SpecBitsMap, i1 %s_axis_video1_V_dest_V"   --->   Operation 41 'specbitsmap' 'specbitsmap_ln0' <Predicate = true> <Delay = 0.00>
ST_1 : Operation 42 [1/1] (0.00ns)   --->   "%specbitsmap_ln0 = specbitsmap void @_ssdm_op_SpecBitsMap, i16 %width"   --->   Operation 42 'specbitsmap' 'specbitsmap_ln0' <Predicate = true> <Delay = 0.00>
ST_1 : Operation 43 [1/1] (0.00ns)   --->   "%specinterface_ln0 = specinterface void @_ssdm_op_SpecInterface, i16 %width, void @empty_37, i32 0, i32 0, void @empty_38, i32 0, i32 0, void @empty_36, void @empty_48, void @empty_38, i32 0, i32 0, i32 0, i32 0, void @empty_38, void @empty_38, i32 4294967295, i32 0"   --->   Operation 43 'specinterface' 'specinterface_ln0' <Predicate = true> <Delay = 0.00>
ST_1 : Operation 44 [1/1] (0.00ns)   --->   "%specinterface_ln0 = specinterface void @_ssdm_op_SpecInterface, i16 %width, void @empty_34, i32 0, i32 0, void @empty_38, i32 0, i32 0, void @empty_38, void @empty_38, void @empty_38, i32 0, i32 0, i32 0, i32 0, void @empty_38, void @empty_38, i32 4294967295, i32 0"   --->   Operation 44 'specinterface' 'specinterface_ln0' <Predicate = true> <Delay = 0.00>
ST_1 : Operation 45 [1/1] (0.00ns)   --->   "%specbitsmap_ln0 = specbitsmap void @_ssdm_op_SpecBitsMap, i16 %height"   --->   Operation 45 'specbitsmap' 'specbitsmap_ln0' <Predicate = true> <Delay = 0.00>
ST_1 : Operation 46 [1/1] (0.00ns)   --->   "%specinterface_ln0 = specinterface void @_ssdm_op_SpecInterface, i16 %height, void @empty_37, i32 0, i32 0, void @empty_38, i32 0, i32 0, void @empty_36, void @empty_9, void @empty_38, i32 0, i32 0, i32 0, i32 0, void @empty_38, void @empty_38, i32 4294967295, i32 0"   --->   Operation 46 'specinterface' 'specinterface_ln0' <Predicate = true> <Delay = 0.00>
ST_1 : Operation 47 [1/1] (0.00ns)   --->   "%specinterface_ln0 = specinterface void @_ssdm_op_SpecInterface, i16 %height, void @empty_34, i32 0, i32 0, void @empty_38, i32 0, i32 0, void @empty_38, void @empty_38, void @empty_38, i32 0, i32 0, i32 0, i32 0, void @empty_38, void @empty_38, i32 4294967295, i32 0"   --->   Operation 47 'specinterface' 'specinterface_ln0' <Predicate = true> <Delay = 0.00>
ST_1 : Operation 48 [1/1] (0.00ns)   --->   "%specbitsmap_ln0 = specbitsmap void @_ssdm_op_SpecBitsMap, i16 %video_format"   --->   Operation 48 'specbitsmap' 'specbitsmap_ln0' <Predicate = true> <Delay = 0.00>
ST_1 : Operation 49 [1/1] (0.00ns)   --->   "%specinterface_ln0 = specinterface void @_ssdm_op_SpecInterface, i16 %video_format, void @empty_37, i32 0, i32 0, void @empty_38, i32 0, i32 0, void @empty_36, void @empty_32, void @empty_38, i32 0, i32 0, i32 0, i32 0, void @empty_38, void @empty_38, i32 4294967295, i32 0"   --->   Operation 49 'specinterface' 'specinterface_ln0' <Predicate = true> <Delay = 0.00>
ST_1 : Operation 50 [1/1] (0.00ns)   --->   "%specinterface_ln0 = specinterface void @_ssdm_op_SpecInterface, i16 %video_format, void @empty_34, i32 0, i32 0, void @empty_38, i32 0, i32 0, void @empty_38, void @empty_38, void @empty_38, i32 0, i32 0, i32 0, i32 0, void @empty_38, void @empty_38, i32 4294967295, i32 0"   --->   Operation 50 'specinterface' 'specinterface_ln0' <Predicate = true> <Delay = 0.00>
ST_1 : Operation 51 [1/1] (0.00ns)   --->   "%specbitsmap_ln0 = specbitsmap void @_ssdm_op_SpecBitsMap, i16 %background_Y_R"   --->   Operation 51 'specbitsmap' 'specbitsmap_ln0' <Predicate = true> <Delay = 0.00>
ST_1 : Operation 52 [1/1] (0.00ns)   --->   "%specinterface_ln0 = specinterface void @_ssdm_op_SpecInterface, i16 %background_Y_R, void @empty_37, i32 0, i32 0, void @empty_38, i32 0, i32 0, void @empty_36, void @empty_7, void @empty_38, i32 0, i32 0, i32 0, i32 0, void @empty_38, void @empty_38, i32 4294967295, i32 0"   --->   Operation 52 'specinterface' 'specinterface_ln0' <Predicate = true> <Delay = 0.00>
ST_1 : Operation 53 [1/1] (0.00ns)   --->   "%specinterface_ln0 = specinterface void @_ssdm_op_SpecInterface, i16 %background_Y_R, void @empty_34, i32 0, i32 0, void @empty_38, i32 0, i32 0, void @empty_38, void @empty_38, void @empty_38, i32 0, i32 0, i32 0, i32 0, void @empty_38, void @empty_38, i32 4294967295, i32 0"   --->   Operation 53 'specinterface' 'specinterface_ln0' <Predicate = true> <Delay = 0.00>
ST_1 : Operation 54 [1/1] (0.00ns)   --->   "%specbitsmap_ln0 = specbitsmap void @_ssdm_op_SpecBitsMap, i16 %background_U_G"   --->   Operation 54 'specbitsmap' 'specbitsmap_ln0' <Predicate = true> <Delay = 0.00>
ST_1 : Operation 55 [1/1] (0.00ns)   --->   "%specinterface_ln0 = specinterface void @_ssdm_op_SpecInterface, i16 %background_U_G, void @empty_37, i32 0, i32 0, void @empty_38, i32 0, i32 0, void @empty_36, void @empty_30, void @empty_38, i32 0, i32 0, i32 0, i32 0, void @empty_38, void @empty_38, i32 4294967295, i32 0"   --->   Operation 55 'specinterface' 'specinterface_ln0' <Predicate = true> <Delay = 0.00>
ST_1 : Operation 56 [1/1] (0.00ns)   --->   "%specinterface_ln0 = specinterface void @_ssdm_op_SpecInterface, i16 %background_U_G, void @empty_34, i32 0, i32 0, void @empty_38, i32 0, i32 0, void @empty_38, void @empty_38, void @empty_38, i32 0, i32 0, i32 0, i32 0, void @empty_38, void @empty_38, i32 4294967295, i32 0"   --->   Operation 56 'specinterface' 'specinterface_ln0' <Predicate = true> <Delay = 0.00>
ST_1 : Operation 57 [1/1] (0.00ns)   --->   "%specbitsmap_ln0 = specbitsmap void @_ssdm_op_SpecBitsMap, i16 %background_V_B"   --->   Operation 57 'specbitsmap' 'specbitsmap_ln0' <Predicate = true> <Delay = 0.00>
ST_1 : Operation 58 [1/1] (0.00ns)   --->   "%specinterface_ln0 = specinterface void @_ssdm_op_SpecInterface, i16 %background_V_B, void @empty_37, i32 0, i32 0, void @empty_38, i32 0, i32 0, void @empty_36, void @empty_5, void @empty_38, i32 0, i32 0, i32 0, i32 0, void @empty_38, void @empty_38, i32 4294967295, i32 0"   --->   Operation 58 'specinterface' 'specinterface_ln0' <Predicate = true> <Delay = 0.00>
ST_1 : Operation 59 [1/1] (0.00ns)   --->   "%specinterface_ln0 = specinterface void @_ssdm_op_SpecInterface, i16 %background_V_B, void @empty_34, i32 0, i32 0, void @empty_38, i32 0, i32 0, void @empty_38, void @empty_38, void @empty_38, i32 0, i32 0, i32 0, i32 0, void @empty_38, void @empty_38, i32 4294967295, i32 0"   --->   Operation 59 'specinterface' 'specinterface_ln0' <Predicate = true> <Delay = 0.00>
ST_1 : Operation 60 [1/1] (0.00ns)   --->   "%specbitsmap_ln0 = specbitsmap void @_ssdm_op_SpecBitsMap, i32 %layerEnable"   --->   Operation 60 'specbitsmap' 'specbitsmap_ln0' <Predicate = true> <Delay = 0.00>
ST_1 : Operation 61 [1/1] (0.00ns)   --->   "%specinterface_ln0 = specinterface void @_ssdm_op_SpecInterface, i32 %layerEnable, void @empty_37, i32 0, i32 0, void @empty_38, i32 0, i32 0, void @empty_36, void @empty_40, void @empty_38, i32 0, i32 0, i32 0, i32 0, void @empty_38, void @empty_38, i32 4294967295, i32 0"   --->   Operation 61 'specinterface' 'specinterface_ln0' <Predicate = true> <Delay = 0.00>
ST_1 : Operation 62 [1/1] (0.00ns)   --->   "%specinterface_ln0 = specinterface void @_ssdm_op_SpecInterface, i32 %layerEnable, void @empty_28, i32 0, i32 0, void @empty_38, i32 0, i32 0, void @empty_38, void @empty_38, void @empty_38, i32 0, i32 0, i32 0, i32 0, void @empty_38, void @empty_38, i32 4294967295, i32 0"   --->   Operation 62 'specinterface' 'specinterface_ln0' <Predicate = true> <Delay = 0.00>
ST_1 : Operation 63 [1/1] (0.00ns)   --->   "%specbitsmap_ln0 = specbitsmap void @_ssdm_op_SpecBitsMap, i16 %layerAlpha_0"   --->   Operation 63 'specbitsmap' 'specbitsmap_ln0' <Predicate = true> <Delay = 0.00>
ST_1 : Operation 64 [1/1] (0.00ns)   --->   "%specinterface_ln0 = specinterface void @_ssdm_op_SpecInterface, i16 %layerAlpha_0, void @empty_34, i32 0, i32 0, void @empty_38, i32 0, i32 0, void @empty_38, void @empty_38, void @empty_38, i32 0, i32 0, i32 0, i32 0, void @empty_38, void @empty_38, i32 4294967295, i32 0"   --->   Operation 64 'specinterface' 'specinterface_ln0' <Predicate = true> <Delay = 0.00>
ST_1 : Operation 65 [1/1] (0.00ns)   --->   "%specbitsmap_ln0 = specbitsmap void @_ssdm_op_SpecBitsMap, i16 %layerAlpha_1"   --->   Operation 65 'specbitsmap' 'specbitsmap_ln0' <Predicate = true> <Delay = 0.00>
ST_1 : Operation 66 [1/1] (0.00ns)   --->   "%specinterface_ln0 = specinterface void @_ssdm_op_SpecInterface, i16 %layerAlpha_1, void @empty_37, i32 0, i32 0, void @empty_38, i32 0, i32 0, void @empty_36, void @empty_17, void @empty_38, i32 0, i32 0, i32 0, i32 0, void @empty_38, void @empty_38, i32 4294967295, i32 0"   --->   Operation 66 'specinterface' 'specinterface_ln0' <Predicate = true> <Delay = 0.00>
ST_1 : Operation 67 [1/1] (0.00ns)   --->   "%specinterface_ln0 = specinterface void @_ssdm_op_SpecInterface, i16 %layerAlpha_1, void @empty_34, i32 0, i32 0, void @empty_38, i32 0, i32 0, void @empty_38, void @empty_38, void @empty_38, i32 0, i32 0, i32 0, i32 0, void @empty_38, void @empty_38, i32 4294967295, i32 0"   --->   Operation 67 'specinterface' 'specinterface_ln0' <Predicate = true> <Delay = 0.00>
ST_1 : Operation 68 [1/1] (0.00ns)   --->   "%specbitsmap_ln0 = specbitsmap void @_ssdm_op_SpecBitsMap, i16 %layerStartX_0"   --->   Operation 68 'specbitsmap' 'specbitsmap_ln0' <Predicate = true> <Delay = 0.00>
ST_1 : Operation 69 [1/1] (0.00ns)   --->   "%specinterface_ln0 = specinterface void @_ssdm_op_SpecInterface, i16 %layerStartX_0, void @empty_34, i32 0, i32 0, void @empty_38, i32 0, i32 0, void @empty_38, void @empty_38, void @empty_38, i32 0, i32 0, i32 0, i32 0, void @empty_38, void @empty_38, i32 4294967295, i32 0"   --->   Operation 69 'specinterface' 'specinterface_ln0' <Predicate = true> <Delay = 0.00>
ST_1 : Operation 70 [1/1] (0.00ns)   --->   "%specbitsmap_ln0 = specbitsmap void @_ssdm_op_SpecBitsMap, i16 %layerStartX_1"   --->   Operation 70 'specbitsmap' 'specbitsmap_ln0' <Predicate = true> <Delay = 0.00>
ST_1 : Operation 71 [1/1] (0.00ns)   --->   "%specinterface_ln0 = specinterface void @_ssdm_op_SpecInterface, i16 %layerStartX_1, void @empty_37, i32 0, i32 0, void @empty_38, i32 0, i32 0, void @empty_36, void @empty_27, void @empty_38, i32 0, i32 0, i32 0, i32 0, void @empty_38, void @empty_38, i32 4294967295, i32 0"   --->   Operation 71 'specinterface' 'specinterface_ln0' <Predicate = true> <Delay = 0.00>
ST_1 : Operation 72 [1/1] (0.00ns)   --->   "%specinterface_ln0 = specinterface void @_ssdm_op_SpecInterface, i16 %layerStartX_1, void @empty_34, i32 0, i32 0, void @empty_38, i32 0, i32 0, void @empty_38, void @empty_38, void @empty_38, i32 0, i32 0, i32 0, i32 0, void @empty_38, void @empty_38, i32 4294967295, i32 0"   --->   Operation 72 'specinterface' 'specinterface_ln0' <Predicate = true> <Delay = 0.00>
ST_1 : Operation 73 [1/1] (0.00ns)   --->   "%specbitsmap_ln0 = specbitsmap void @_ssdm_op_SpecBitsMap, i16 %layerStartY_0"   --->   Operation 73 'specbitsmap' 'specbitsmap_ln0' <Predicate = true> <Delay = 0.00>
ST_1 : Operation 74 [1/1] (0.00ns)   --->   "%specinterface_ln0 = specinterface void @_ssdm_op_SpecInterface, i16 %layerStartY_0, void @empty_34, i32 0, i32 0, void @empty_38, i32 0, i32 0, void @empty_38, void @empty_38, void @empty_38, i32 0, i32 0, i32 0, i32 0, void @empty_38, void @empty_38, i32 4294967295, i32 0"   --->   Operation 74 'specinterface' 'specinterface_ln0' <Predicate = true> <Delay = 0.00>
ST_1 : Operation 75 [1/1] (0.00ns)   --->   "%specbitsmap_ln0 = specbitsmap void @_ssdm_op_SpecBitsMap, i16 %layerStartY_1"   --->   Operation 75 'specbitsmap' 'specbitsmap_ln0' <Predicate = true> <Delay = 0.00>
ST_1 : Operation 76 [1/1] (0.00ns)   --->   "%specinterface_ln0 = specinterface void @_ssdm_op_SpecInterface, i16 %layerStartY_1, void @empty_37, i32 0, i32 0, void @empty_38, i32 0, i32 0, void @empty_36, void @empty_26, void @empty_38, i32 0, i32 0, i32 0, i32 0, void @empty_38, void @empty_38, i32 4294967295, i32 0"   --->   Operation 76 'specinterface' 'specinterface_ln0' <Predicate = true> <Delay = 0.00>
ST_1 : Operation 77 [1/1] (0.00ns)   --->   "%specinterface_ln0 = specinterface void @_ssdm_op_SpecInterface, i16 %layerStartY_1, void @empty_34, i32 0, i32 0, void @empty_38, i32 0, i32 0, void @empty_38, void @empty_38, void @empty_38, i32 0, i32 0, i32 0, i32 0, void @empty_38, void @empty_38, i32 4294967295, i32 0"   --->   Operation 77 'specinterface' 'specinterface_ln0' <Predicate = true> <Delay = 0.00>
ST_1 : Operation 78 [1/1] (0.00ns)   --->   "%specbitsmap_ln0 = specbitsmap void @_ssdm_op_SpecBitsMap, i16 %layerWidth_0"   --->   Operation 78 'specbitsmap' 'specbitsmap_ln0' <Predicate = true> <Delay = 0.00>
ST_1 : Operation 79 [1/1] (0.00ns)   --->   "%specinterface_ln0 = specinterface void @_ssdm_op_SpecInterface, i16 %layerWidth_0, void @empty_34, i32 0, i32 0, void @empty_38, i32 0, i32 0, void @empty_38, void @empty_38, void @empty_38, i32 0, i32 0, i32 0, i32 0, void @empty_38, void @empty_38, i32 4294967295, i32 0"   --->   Operation 79 'specinterface' 'specinterface_ln0' <Predicate = true> <Delay = 0.00>
ST_1 : Operation 80 [1/1] (0.00ns)   --->   "%specbitsmap_ln0 = specbitsmap void @_ssdm_op_SpecBitsMap, i16 %layerWidth_1"   --->   Operation 80 'specbitsmap' 'specbitsmap_ln0' <Predicate = true> <Delay = 0.00>
ST_1 : Operation 81 [1/1] (0.00ns)   --->   "%specinterface_ln0 = specinterface void @_ssdm_op_SpecInterface, i16 %layerWidth_1, void @empty_37, i32 0, i32 0, void @empty_38, i32 0, i32 0, void @empty_36, void @empty_25, void @empty_38, i32 0, i32 0, i32 0, i32 0, void @empty_38, void @empty_38, i32 4294967295, i32 0"   --->   Operation 81 'specinterface' 'specinterface_ln0' <Predicate = true> <Delay = 0.00>
ST_1 : Operation 82 [1/1] (0.00ns)   --->   "%specinterface_ln0 = specinterface void @_ssdm_op_SpecInterface, i16 %layerWidth_1, void @empty_34, i32 0, i32 0, void @empty_38, i32 0, i32 0, void @empty_38, void @empty_38, void @empty_38, i32 0, i32 0, i32 0, i32 0, void @empty_38, void @empty_38, i32 4294967295, i32 0"   --->   Operation 82 'specinterface' 'specinterface_ln0' <Predicate = true> <Delay = 0.00>
ST_1 : Operation 83 [1/1] (0.00ns)   --->   "%specbitsmap_ln0 = specbitsmap void @_ssdm_op_SpecBitsMap, i16 %layerHeight_0"   --->   Operation 83 'specbitsmap' 'specbitsmap_ln0' <Predicate = true> <Delay = 0.00>
ST_1 : Operation 84 [1/1] (0.00ns)   --->   "%specinterface_ln0 = specinterface void @_ssdm_op_SpecInterface, i16 %layerHeight_0, void @empty_34, i32 0, i32 0, void @empty_38, i32 0, i32 0, void @empty_38, void @empty_38, void @empty_38, i32 0, i32 0, i32 0, i32 0, void @empty_38, void @empty_38, i32 4294967295, i32 0"   --->   Operation 84 'specinterface' 'specinterface_ln0' <Predicate = true> <Delay = 0.00>
ST_1 : Operation 85 [1/1] (0.00ns)   --->   "%specbitsmap_ln0 = specbitsmap void @_ssdm_op_SpecBitsMap, i16 %layerHeight_1"   --->   Operation 85 'specbitsmap' 'specbitsmap_ln0' <Predicate = true> <Delay = 0.00>
ST_1 : Operation 86 [1/1] (0.00ns)   --->   "%specinterface_ln0 = specinterface void @_ssdm_op_SpecInterface, i16 %layerHeight_1, void @empty_37, i32 0, i32 0, void @empty_38, i32 0, i32 0, void @empty_36, void @empty_24, void @empty_38, i32 0, i32 0, i32 0, i32 0, void @empty_38, void @empty_38, i32 4294967295, i32 0"   --->   Operation 86 'specinterface' 'specinterface_ln0' <Predicate = true> <Delay = 0.00>
ST_1 : Operation 87 [1/1] (0.00ns)   --->   "%specinterface_ln0 = specinterface void @_ssdm_op_SpecInterface, i16 %layerHeight_1, void @empty_34, i32 0, i32 0, void @empty_38, i32 0, i32 0, void @empty_38, void @empty_38, void @empty_38, i32 0, i32 0, i32 0, i32 0, void @empty_38, void @empty_38, i32 4294967295, i32 0"   --->   Operation 87 'specinterface' 'specinterface_ln0' <Predicate = true> <Delay = 0.00>
ST_1 : Operation 88 [1/1] (0.00ns)   --->   "%specbitsmap_ln0 = specbitsmap void @_ssdm_op_SpecBitsMap, i8 %layerScaleFactor_0"   --->   Operation 88 'specbitsmap' 'specbitsmap_ln0' <Predicate = true> <Delay = 0.00>
ST_1 : Operation 89 [1/1] (0.00ns)   --->   "%specinterface_ln0 = specinterface void @_ssdm_op_SpecInterface, i8 %layerScaleFactor_0, void @empty_34, i32 0, i32 0, void @empty_38, i32 0, i32 0, void @empty_38, void @empty_38, void @empty_38, i32 0, i32 0, i32 0, i32 0, void @empty_38, void @empty_38, i32 4294967295, i32 0"   --->   Operation 89 'specinterface' 'specinterface_ln0' <Predicate = true> <Delay = 0.00>
ST_1 : Operation 90 [1/1] (0.00ns)   --->   "%specbitsmap_ln0 = specbitsmap void @_ssdm_op_SpecBitsMap, i8 %layerScaleFactor_1"   --->   Operation 90 'specbitsmap' 'specbitsmap_ln0' <Predicate = true> <Delay = 0.00>
ST_1 : Operation 91 [1/1] (0.00ns)   --->   "%specinterface_ln0 = specinterface void @_ssdm_op_SpecInterface, i8 %layerScaleFactor_1, void @empty_37, i32 0, i32 0, void @empty_38, i32 0, i32 0, void @empty_36, void @empty_46, void @empty_38, i32 0, i32 0, i32 0, i32 0, void @empty_38, void @empty_38, i32 4294967295, i32 0"   --->   Operation 91 'specinterface' 'specinterface_ln0' <Predicate = true> <Delay = 0.00>
ST_1 : Operation 92 [1/1] (0.00ns)   --->   "%specinterface_ln0 = specinterface void @_ssdm_op_SpecInterface, i8 %layerScaleFactor_1, void @empty_34, i32 0, i32 0, void @empty_38, i32 0, i32 0, void @empty_38, void @empty_38, void @empty_38, i32 0, i32 0, i32 0, i32 0, void @empty_38, void @empty_38, i32 4294967295, i32 0"   --->   Operation 92 'specinterface' 'specinterface_ln0' <Predicate = true> <Delay = 0.00>
ST_1 : Operation 93 [1/1] (0.00ns)   --->   "%specinterface_ln0 = specinterface void @_ssdm_op_SpecInterface, i8 %layerVideoFormat, void @empty_23, i32 0, i32 0, void @empty_38, i32 4294967295, i32 0, void @empty_38, void @empty_38, void @empty_38, i32 0, i32 0, i32 0, i32 0, void @empty_38, void @empty_38, i32 4294967295, i32 0"   --->   Operation 93 'specinterface' 'specinterface_ln0' <Predicate = true> <Delay = 0.00>
ST_1 : Operation 94 [1/1] (0.00ns)   --->   "%specbitsmap_ln0 = specbitsmap void @_ssdm_op_SpecBitsMap, i8 %layerVideoFormat"   --->   Operation 94 'specbitsmap' 'specbitsmap_ln0' <Predicate = true> <Delay = 0.00>
ST_1 : Operation 95 [1/1] (0.00ns)   --->   "%specbitsmap_ln0 = specbitsmap void @_ssdm_op_SpecBitsMap, i16 %layerStride_0"   --->   Operation 95 'specbitsmap' 'specbitsmap_ln0' <Predicate = true> <Delay = 0.00>
ST_1 : Operation 96 [1/1] (0.00ns)   --->   "%specinterface_ln0 = specinterface void @_ssdm_op_SpecInterface, i16 %layerStride_0, void @empty_34, i32 0, i32 0, void @empty_38, i32 0, i32 0, void @empty_38, void @empty_38, void @empty_38, i32 0, i32 0, i32 0, i32 0, void @empty_38, void @empty_38, i32 4294967295, i32 0"   --->   Operation 96 'specinterface' 'specinterface_ln0' <Predicate = true> <Delay = 0.00>
ST_1 : Operation 97 [1/1] (0.00ns)   --->   "%specbitsmap_ln0 = specbitsmap void @_ssdm_op_SpecBitsMap, i16 %layerStride_1"   --->   Operation 97 'specbitsmap' 'specbitsmap_ln0' <Predicate = true> <Delay = 0.00>
ST_1 : Operation 98 [1/1] (0.00ns)   --->   "%specinterface_ln0 = specinterface void @_ssdm_op_SpecInterface, i16 %layerStride_1, void @empty_37, i32 0, i32 0, void @empty_38, i32 0, i32 0, void @empty_36, void @empty_44, void @empty_38, i32 0, i32 0, i32 0, i32 0, void @empty_38, void @empty_38, i32 4294967295, i32 0"   --->   Operation 98 'specinterface' 'specinterface_ln0' <Predicate = true> <Delay = 0.00>
ST_1 : Operation 99 [1/1] (0.00ns)   --->   "%specinterface_ln0 = specinterface void @_ssdm_op_SpecInterface, i16 %layerStride_1, void @empty_34, i32 0, i32 0, void @empty_38, i32 0, i32 0, void @empty_38, void @empty_38, void @empty_38, i32 0, i32 0, i32 0, i32 0, void @empty_38, void @empty_38, i32 4294967295, i32 0"   --->   Operation 99 'specinterface' 'specinterface_ln0' <Predicate = true> <Delay = 0.00>
ST_1 : Operation 100 [1/1] (0.00ns)   --->   "%specbitsmap_ln0 = specbitsmap void @_ssdm_op_SpecBitsMap, i16 %reserve"   --->   Operation 100 'specbitsmap' 'specbitsmap_ln0' <Predicate = true> <Delay = 0.00>
ST_1 : Operation 101 [1/1] (0.00ns)   --->   "%specinterface_ln0 = specinterface void @_ssdm_op_SpecInterface, i16 %reserve, void @empty_37, i32 0, i32 0, void @empty_38, i32 0, i32 0, void @empty_36, void @empty_21, void @empty_38, i32 0, i32 0, i32 0, i32 0, void @empty_38, void @empty_38, i32 4294967295, i32 0"   --->   Operation 101 'specinterface' 'specinterface_ln0' <Predicate = true> <Delay = 0.00>
ST_1 : Operation 102 [1/1] (0.00ns)   --->   "%specinterface_ln0 = specinterface void @_ssdm_op_SpecInterface, i16 %reserve, void @empty_34, i32 0, i32 0, void @empty_38, i32 0, i32 0, void @empty_38, void @empty_38, void @empty_38, i32 0, i32 0, i32 0, i32 0, void @empty_38, void @empty_38, i32 4294967295, i32 0"   --->   Operation 102 'specinterface' 'specinterface_ln0' <Predicate = true> <Delay = 0.00>
ST_1 : Operation 103 [1/1] (0.00ns)   --->   "%specbitsmap_ln0 = specbitsmap void @_ssdm_op_SpecBitsMap, i32 %K11"   --->   Operation 103 'specbitsmap' 'specbitsmap_ln0' <Predicate = true> <Delay = 0.00>
ST_1 : Operation 104 [1/1] (0.00ns)   --->   "%specinterface_ln0 = specinterface void @_ssdm_op_SpecInterface, i32 %K11, void @empty_34, i32 0, i32 0, void @empty_38, i32 0, i32 0, void @empty_38, void @empty_38, void @empty_38, i32 0, i32 0, i32 0, i32 0, void @empty_38, void @empty_38, i32 4294967295, i32 0"   --->   Operation 104 'specinterface' 'specinterface_ln0' <Predicate = true> <Delay = 0.00>
ST_1 : Operation 105 [1/1] (0.00ns)   --->   "%specbitsmap_ln0 = specbitsmap void @_ssdm_op_SpecBitsMap, i32 %K12"   --->   Operation 105 'specbitsmap' 'specbitsmap_ln0' <Predicate = true> <Delay = 0.00>
ST_1 : Operation 106 [1/1] (0.00ns)   --->   "%specinterface_ln0 = specinterface void @_ssdm_op_SpecInterface, i32 %K12, void @empty_34, i32 0, i32 0, void @empty_38, i32 0, i32 0, void @empty_38, void @empty_38, void @empty_38, i32 0, i32 0, i32 0, i32 0, void @empty_38, void @empty_38, i32 4294967295, i32 0"   --->   Operation 106 'specinterface' 'specinterface_ln0' <Predicate = true> <Delay = 0.00>
ST_1 : Operation 107 [1/1] (0.00ns)   --->   "%specbitsmap_ln0 = specbitsmap void @_ssdm_op_SpecBitsMap, i32 %K13"   --->   Operation 107 'specbitsmap' 'specbitsmap_ln0' <Predicate = true> <Delay = 0.00>
ST_1 : Operation 108 [1/1] (0.00ns)   --->   "%specinterface_ln0 = specinterface void @_ssdm_op_SpecInterface, i32 %K13, void @empty_34, i32 0, i32 0, void @empty_38, i32 0, i32 0, void @empty_38, void @empty_38, void @empty_38, i32 0, i32 0, i32 0, i32 0, void @empty_38, void @empty_38, i32 4294967295, i32 0"   --->   Operation 108 'specinterface' 'specinterface_ln0' <Predicate = true> <Delay = 0.00>
ST_1 : Operation 109 [1/1] (0.00ns)   --->   "%specbitsmap_ln0 = specbitsmap void @_ssdm_op_SpecBitsMap, i32 %K21"   --->   Operation 109 'specbitsmap' 'specbitsmap_ln0' <Predicate = true> <Delay = 0.00>
ST_1 : Operation 110 [1/1] (0.00ns)   --->   "%specinterface_ln0 = specinterface void @_ssdm_op_SpecInterface, i32 %K21, void @empty_34, i32 0, i32 0, void @empty_38, i32 0, i32 0, void @empty_38, void @empty_38, void @empty_38, i32 0, i32 0, i32 0, i32 0, void @empty_38, void @empty_38, i32 4294967295, i32 0"   --->   Operation 110 'specinterface' 'specinterface_ln0' <Predicate = true> <Delay = 0.00>
ST_1 : Operation 111 [1/1] (0.00ns)   --->   "%specbitsmap_ln0 = specbitsmap void @_ssdm_op_SpecBitsMap, i32 %K22"   --->   Operation 111 'specbitsmap' 'specbitsmap_ln0' <Predicate = true> <Delay = 0.00>
ST_1 : Operation 112 [1/1] (0.00ns)   --->   "%specinterface_ln0 = specinterface void @_ssdm_op_SpecInterface, i32 %K22, void @empty_34, i32 0, i32 0, void @empty_38, i32 0, i32 0, void @empty_38, void @empty_38, void @empty_38, i32 0, i32 0, i32 0, i32 0, void @empty_38, void @empty_38, i32 4294967295, i32 0"   --->   Operation 112 'specinterface' 'specinterface_ln0' <Predicate = true> <Delay = 0.00>
ST_1 : Operation 113 [1/1] (0.00ns)   --->   "%specbitsmap_ln0 = specbitsmap void @_ssdm_op_SpecBitsMap, i32 %K23"   --->   Operation 113 'specbitsmap' 'specbitsmap_ln0' <Predicate = true> <Delay = 0.00>
ST_1 : Operation 114 [1/1] (0.00ns)   --->   "%specinterface_ln0 = specinterface void @_ssdm_op_SpecInterface, i32 %K23, void @empty_34, i32 0, i32 0, void @empty_38, i32 0, i32 0, void @empty_38, void @empty_38, void @empty_38, i32 0, i32 0, i32 0, i32 0, void @empty_38, void @empty_38, i32 4294967295, i32 0"   --->   Operation 114 'specinterface' 'specinterface_ln0' <Predicate = true> <Delay = 0.00>
ST_1 : Operation 115 [1/1] (0.00ns)   --->   "%specbitsmap_ln0 = specbitsmap void @_ssdm_op_SpecBitsMap, i32 %K31"   --->   Operation 115 'specbitsmap' 'specbitsmap_ln0' <Predicate = true> <Delay = 0.00>
ST_1 : Operation 116 [1/1] (0.00ns)   --->   "%specinterface_ln0 = specinterface void @_ssdm_op_SpecInterface, i32 %K31, void @empty_34, i32 0, i32 0, void @empty_38, i32 0, i32 0, void @empty_38, void @empty_38, void @empty_38, i32 0, i32 0, i32 0, i32 0, void @empty_38, void @empty_38, i32 4294967295, i32 0"   --->   Operation 116 'specinterface' 'specinterface_ln0' <Predicate = true> <Delay = 0.00>
ST_1 : Operation 117 [1/1] (0.00ns)   --->   "%specbitsmap_ln0 = specbitsmap void @_ssdm_op_SpecBitsMap, i32 %K32"   --->   Operation 117 'specbitsmap' 'specbitsmap_ln0' <Predicate = true> <Delay = 0.00>
ST_1 : Operation 118 [1/1] (0.00ns)   --->   "%specinterface_ln0 = specinterface void @_ssdm_op_SpecInterface, i32 %K32, void @empty_34, i32 0, i32 0, void @empty_38, i32 0, i32 0, void @empty_38, void @empty_38, void @empty_38, i32 0, i32 0, i32 0, i32 0, void @empty_38, void @empty_38, i32 4294967295, i32 0"   --->   Operation 118 'specinterface' 'specinterface_ln0' <Predicate = true> <Delay = 0.00>
ST_1 : Operation 119 [1/1] (0.00ns)   --->   "%specbitsmap_ln0 = specbitsmap void @_ssdm_op_SpecBitsMap, i32 %K33"   --->   Operation 119 'specbitsmap' 'specbitsmap_ln0' <Predicate = true> <Delay = 0.00>
ST_1 : Operation 120 [1/1] (0.00ns)   --->   "%specinterface_ln0 = specinterface void @_ssdm_op_SpecInterface, i32 %K33, void @empty_34, i32 0, i32 0, void @empty_38, i32 0, i32 0, void @empty_38, void @empty_38, void @empty_38, i32 0, i32 0, i32 0, i32 0, void @empty_38, void @empty_38, i32 4294967295, i32 0"   --->   Operation 120 'specinterface' 'specinterface_ln0' <Predicate = true> <Delay = 0.00>
ST_1 : Operation 121 [1/1] (0.00ns)   --->   "%specbitsmap_ln0 = specbitsmap void @_ssdm_op_SpecBitsMap, i32 %ROffset"   --->   Operation 121 'specbitsmap' 'specbitsmap_ln0' <Predicate = true> <Delay = 0.00>
ST_1 : Operation 122 [1/1] (0.00ns)   --->   "%specinterface_ln0 = specinterface void @_ssdm_op_SpecInterface, i32 %ROffset, void @empty_34, i32 0, i32 0, void @empty_38, i32 0, i32 0, void @empty_38, void @empty_38, void @empty_38, i32 0, i32 0, i32 0, i32 0, void @empty_38, void @empty_38, i32 4294967295, i32 0"   --->   Operation 122 'specinterface' 'specinterface_ln0' <Predicate = true> <Delay = 0.00>
ST_1 : Operation 123 [1/1] (0.00ns)   --->   "%specbitsmap_ln0 = specbitsmap void @_ssdm_op_SpecBitsMap, i32 %GOffset"   --->   Operation 123 'specbitsmap' 'specbitsmap_ln0' <Predicate = true> <Delay = 0.00>
ST_1 : Operation 124 [1/1] (0.00ns)   --->   "%specinterface_ln0 = specinterface void @_ssdm_op_SpecInterface, i32 %GOffset, void @empty_34, i32 0, i32 0, void @empty_38, i32 0, i32 0, void @empty_38, void @empty_38, void @empty_38, i32 0, i32 0, i32 0, i32 0, void @empty_38, void @empty_38, i32 4294967295, i32 0"   --->   Operation 124 'specinterface' 'specinterface_ln0' <Predicate = true> <Delay = 0.00>
ST_1 : Operation 125 [1/1] (0.00ns)   --->   "%specbitsmap_ln0 = specbitsmap void @_ssdm_op_SpecBitsMap, i32 %BOffset"   --->   Operation 125 'specbitsmap' 'specbitsmap_ln0' <Predicate = true> <Delay = 0.00>
ST_1 : Operation 126 [1/1] (0.00ns)   --->   "%specinterface_ln0 = specinterface void @_ssdm_op_SpecInterface, i32 %BOffset, void @empty_34, i32 0, i32 0, void @empty_38, i32 0, i32 0, void @empty_38, void @empty_38, void @empty_38, i32 0, i32 0, i32 0, i32 0, void @empty_38, void @empty_38, i32 4294967295, i32 0"   --->   Operation 126 'specinterface' 'specinterface_ln0' <Predicate = true> <Delay = 0.00>
ST_1 : Operation 127 [1/1] (0.00ns)   --->   "%specbitsmap_ln0 = specbitsmap void @_ssdm_op_SpecBitsMap, i32 %K11_2"   --->   Operation 127 'specbitsmap' 'specbitsmap_ln0' <Predicate = true> <Delay = 0.00>
ST_1 : Operation 128 [1/1] (0.00ns)   --->   "%specinterface_ln0 = specinterface void @_ssdm_op_SpecInterface, i32 %K11_2, void @empty_34, i32 0, i32 0, void @empty_38, i32 0, i32 0, void @empty_38, void @empty_38, void @empty_38, i32 0, i32 0, i32 0, i32 0, void @empty_38, void @empty_38, i32 4294967295, i32 0"   --->   Operation 128 'specinterface' 'specinterface_ln0' <Predicate = true> <Delay = 0.00>
ST_1 : Operation 129 [1/1] (0.00ns)   --->   "%specbitsmap_ln0 = specbitsmap void @_ssdm_op_SpecBitsMap, i32 %K12_2"   --->   Operation 129 'specbitsmap' 'specbitsmap_ln0' <Predicate = true> <Delay = 0.00>
ST_1 : Operation 130 [1/1] (0.00ns)   --->   "%specinterface_ln0 = specinterface void @_ssdm_op_SpecInterface, i32 %K12_2, void @empty_34, i32 0, i32 0, void @empty_38, i32 0, i32 0, void @empty_38, void @empty_38, void @empty_38, i32 0, i32 0, i32 0, i32 0, void @empty_38, void @empty_38, i32 4294967295, i32 0"   --->   Operation 130 'specinterface' 'specinterface_ln0' <Predicate = true> <Delay = 0.00>
ST_1 : Operation 131 [1/1] (0.00ns)   --->   "%specbitsmap_ln0 = specbitsmap void @_ssdm_op_SpecBitsMap, i32 %K13_2"   --->   Operation 131 'specbitsmap' 'specbitsmap_ln0' <Predicate = true> <Delay = 0.00>
ST_1 : Operation 132 [1/1] (0.00ns)   --->   "%specinterface_ln0 = specinterface void @_ssdm_op_SpecInterface, i32 %K13_2, void @empty_34, i32 0, i32 0, void @empty_38, i32 0, i32 0, void @empty_38, void @empty_38, void @empty_38, i32 0, i32 0, i32 0, i32 0, void @empty_38, void @empty_38, i32 4294967295, i32 0"   --->   Operation 132 'specinterface' 'specinterface_ln0' <Predicate = true> <Delay = 0.00>
ST_1 : Operation 133 [1/1] (0.00ns)   --->   "%specbitsmap_ln0 = specbitsmap void @_ssdm_op_SpecBitsMap, i32 %K21_2"   --->   Operation 133 'specbitsmap' 'specbitsmap_ln0' <Predicate = true> <Delay = 0.00>
ST_1 : Operation 134 [1/1] (0.00ns)   --->   "%specinterface_ln0 = specinterface void @_ssdm_op_SpecInterface, i32 %K21_2, void @empty_34, i32 0, i32 0, void @empty_38, i32 0, i32 0, void @empty_38, void @empty_38, void @empty_38, i32 0, i32 0, i32 0, i32 0, void @empty_38, void @empty_38, i32 4294967295, i32 0"   --->   Operation 134 'specinterface' 'specinterface_ln0' <Predicate = true> <Delay = 0.00>
ST_1 : Operation 135 [1/1] (0.00ns)   --->   "%specbitsmap_ln0 = specbitsmap void @_ssdm_op_SpecBitsMap, i32 %K22_2"   --->   Operation 135 'specbitsmap' 'specbitsmap_ln0' <Predicate = true> <Delay = 0.00>
ST_1 : Operation 136 [1/1] (0.00ns)   --->   "%specinterface_ln0 = specinterface void @_ssdm_op_SpecInterface, i32 %K22_2, void @empty_34, i32 0, i32 0, void @empty_38, i32 0, i32 0, void @empty_38, void @empty_38, void @empty_38, i32 0, i32 0, i32 0, i32 0, void @empty_38, void @empty_38, i32 4294967295, i32 0"   --->   Operation 136 'specinterface' 'specinterface_ln0' <Predicate = true> <Delay = 0.00>
ST_1 : Operation 137 [1/1] (0.00ns)   --->   "%specbitsmap_ln0 = specbitsmap void @_ssdm_op_SpecBitsMap, i32 %K23_2"   --->   Operation 137 'specbitsmap' 'specbitsmap_ln0' <Predicate = true> <Delay = 0.00>
ST_1 : Operation 138 [1/1] (0.00ns)   --->   "%specinterface_ln0 = specinterface void @_ssdm_op_SpecInterface, i32 %K23_2, void @empty_34, i32 0, i32 0, void @empty_38, i32 0, i32 0, void @empty_38, void @empty_38, void @empty_38, i32 0, i32 0, i32 0, i32 0, void @empty_38, void @empty_38, i32 4294967295, i32 0"   --->   Operation 138 'specinterface' 'specinterface_ln0' <Predicate = true> <Delay = 0.00>
ST_1 : Operation 139 [1/1] (0.00ns)   --->   "%specbitsmap_ln0 = specbitsmap void @_ssdm_op_SpecBitsMap, i32 %K31_2"   --->   Operation 139 'specbitsmap' 'specbitsmap_ln0' <Predicate = true> <Delay = 0.00>
ST_1 : Operation 140 [1/1] (0.00ns)   --->   "%specinterface_ln0 = specinterface void @_ssdm_op_SpecInterface, i32 %K31_2, void @empty_34, i32 0, i32 0, void @empty_38, i32 0, i32 0, void @empty_38, void @empty_38, void @empty_38, i32 0, i32 0, i32 0, i32 0, void @empty_38, void @empty_38, i32 4294967295, i32 0"   --->   Operation 140 'specinterface' 'specinterface_ln0' <Predicate = true> <Delay = 0.00>
ST_1 : Operation 141 [1/1] (0.00ns)   --->   "%specbitsmap_ln0 = specbitsmap void @_ssdm_op_SpecBitsMap, i32 %K32_2"   --->   Operation 141 'specbitsmap' 'specbitsmap_ln0' <Predicate = true> <Delay = 0.00>
ST_1 : Operation 142 [1/1] (0.00ns)   --->   "%specinterface_ln0 = specinterface void @_ssdm_op_SpecInterface, i32 %K32_2, void @empty_34, i32 0, i32 0, void @empty_38, i32 0, i32 0, void @empty_38, void @empty_38, void @empty_38, i32 0, i32 0, i32 0, i32 0, void @empty_38, void @empty_38, i32 4294967295, i32 0"   --->   Operation 142 'specinterface' 'specinterface_ln0' <Predicate = true> <Delay = 0.00>
ST_1 : Operation 143 [1/1] (0.00ns)   --->   "%specbitsmap_ln0 = specbitsmap void @_ssdm_op_SpecBitsMap, i32 %K33_2"   --->   Operation 143 'specbitsmap' 'specbitsmap_ln0' <Predicate = true> <Delay = 0.00>
ST_1 : Operation 144 [1/1] (0.00ns)   --->   "%specinterface_ln0 = specinterface void @_ssdm_op_SpecInterface, i32 %K33_2, void @empty_34, i32 0, i32 0, void @empty_38, i32 0, i32 0, void @empty_38, void @empty_38, void @empty_38, i32 0, i32 0, i32 0, i32 0, void @empty_38, void @empty_38, i32 4294967295, i32 0"   --->   Operation 144 'specinterface' 'specinterface_ln0' <Predicate = true> <Delay = 0.00>
ST_1 : Operation 145 [1/1] (0.00ns)   --->   "%specbitsmap_ln0 = specbitsmap void @_ssdm_op_SpecBitsMap, i32 %YOffset"   --->   Operation 145 'specbitsmap' 'specbitsmap_ln0' <Predicate = true> <Delay = 0.00>
ST_1 : Operation 146 [1/1] (0.00ns)   --->   "%specinterface_ln0 = specinterface void @_ssdm_op_SpecInterface, i32 %YOffset, void @empty_34, i32 0, i32 0, void @empty_38, i32 0, i32 0, void @empty_38, void @empty_38, void @empty_38, i32 0, i32 0, i32 0, i32 0, void @empty_38, void @empty_38, i32 4294967295, i32 0"   --->   Operation 146 'specinterface' 'specinterface_ln0' <Predicate = true> <Delay = 0.00>
ST_1 : Operation 147 [1/1] (0.00ns)   --->   "%specbitsmap_ln0 = specbitsmap void @_ssdm_op_SpecBitsMap, i32 %UOffset"   --->   Operation 147 'specbitsmap' 'specbitsmap_ln0' <Predicate = true> <Delay = 0.00>
ST_1 : Operation 148 [1/1] (0.00ns)   --->   "%specinterface_ln0 = specinterface void @_ssdm_op_SpecInterface, i32 %UOffset, void @empty_34, i32 0, i32 0, void @empty_38, i32 0, i32 0, void @empty_38, void @empty_38, void @empty_38, i32 0, i32 0, i32 0, i32 0, void @empty_38, void @empty_38, i32 4294967295, i32 0"   --->   Operation 148 'specinterface' 'specinterface_ln0' <Predicate = true> <Delay = 0.00>
ST_1 : Operation 149 [1/1] (0.00ns)   --->   "%specbitsmap_ln0 = specbitsmap void @_ssdm_op_SpecBitsMap, i32 %VOffset"   --->   Operation 149 'specbitsmap' 'specbitsmap_ln0' <Predicate = true> <Delay = 0.00>
ST_1 : Operation 150 [1/1] (0.00ns)   --->   "%specinterface_ln0 = specinterface void @_ssdm_op_SpecInterface, i32 %VOffset, void @empty_34, i32 0, i32 0, void @empty_38, i32 0, i32 0, void @empty_38, void @empty_38, void @empty_38, i32 0, i32 0, i32 0, i32 0, void @empty_38, void @empty_38, i32 4294967295, i32 0"   --->   Operation 150 'specinterface' 'specinterface_ln0' <Predicate = true> <Delay = 0.00>
ST_1 : Operation 151 [1/1] (0.00ns)   --->   "%specinterface_ln0 = specinterface void @_ssdm_op_SpecInterface, i24 %m_axis_video_V_data_V, i3 %m_axis_video_V_keep_V, i3 %m_axis_video_V_strb_V, i1 %m_axis_video_V_user_V, i1 %m_axis_video_V_last_V, i1 %m_axis_video_V_id_V, i1 %m_axis_video_V_dest_V, void @empty_3, i32 1, i32 1, void @empty_29, i32 0, i32 0, void @empty_38, void @empty_38, void @empty_38, i32 0, i32 0, i32 0, i32 0, void @empty_38, void @empty_38, i32 4294967295, i32 0"   --->   Operation 151 'specinterface' 'specinterface_ln0' <Predicate = true> <Delay = 0.00>
ST_1 : Operation 152 [1/1] (0.00ns)   --->   "%specbitsmap_ln0 = specbitsmap void @_ssdm_op_SpecBitsMap, i24 %m_axis_video_V_data_V"   --->   Operation 152 'specbitsmap' 'specbitsmap_ln0' <Predicate = true> <Delay = 0.00>
ST_1 : Operation 153 [1/1] (0.00ns)   --->   "%specbitsmap_ln0 = specbitsmap void @_ssdm_op_SpecBitsMap, i3 %m_axis_video_V_keep_V"   --->   Operation 153 'specbitsmap' 'specbitsmap_ln0' <Predicate = true> <Delay = 0.00>
ST_1 : Operation 154 [1/1] (0.00ns)   --->   "%specbitsmap_ln0 = specbitsmap void @_ssdm_op_SpecBitsMap, i3 %m_axis_video_V_strb_V"   --->   Operation 154 'specbitsmap' 'specbitsmap_ln0' <Predicate = true> <Delay = 0.00>
ST_1 : Operation 155 [1/1] (0.00ns)   --->   "%specbitsmap_ln0 = specbitsmap void @_ssdm_op_SpecBitsMap, i1 %m_axis_video_V_user_V"   --->   Operation 155 'specbitsmap' 'specbitsmap_ln0' <Predicate = true> <Delay = 0.00>
ST_1 : Operation 156 [1/1] (0.00ns)   --->   "%specbitsmap_ln0 = specbitsmap void @_ssdm_op_SpecBitsMap, i1 %m_axis_video_V_last_V"   --->   Operation 156 'specbitsmap' 'specbitsmap_ln0' <Predicate = true> <Delay = 0.00>
ST_1 : Operation 157 [1/1] (0.00ns)   --->   "%specbitsmap_ln0 = specbitsmap void @_ssdm_op_SpecBitsMap, i1 %m_axis_video_V_id_V"   --->   Operation 157 'specbitsmap' 'specbitsmap_ln0' <Predicate = true> <Delay = 0.00>
ST_1 : Operation 158 [1/1] (0.00ns)   --->   "%specbitsmap_ln0 = specbitsmap void @_ssdm_op_SpecBitsMap, i1 %m_axis_video_V_dest_V"   --->   Operation 158 'specbitsmap' 'specbitsmap_ln0' <Predicate = true> <Delay = 0.00>
ST_1 : Operation 159 [1/1] (0.00ns)   --->   "%specinterface_ln0 = specinterface void @_ssdm_op_SpecInterface, i32 0, void @empty_37, i32 0, i32 0, void @empty_38, i32 0, i32 0, void @empty_36, void @empty_38, void @empty_38, i32 0, i32 0, i32 0, i32 0, void @empty_38, void @empty_38, i32 4294967295, i32 0"   --->   Operation 159 'specinterface' 'specinterface_ln0' <Predicate = true> <Delay = 0.00>
ST_1 : Operation 160 [1/1] (0.00ns)   --->   "%specstablecontent_ln2244 = specstablecontent void @_ssdm_op_SpecStableContent, i16 %width, void " [/home/trevor/Documents/xilinx/basys3_pong2/vivado/pong_2/pong_2.runs/design_1_v_mix_0_0_synth_1/prj/sol/.autopilot/db/v_mix.cpp:2244]   --->   Operation 160 'specstablecontent' 'specstablecontent_ln2244' <Predicate = true> <Delay = 0.00>
ST_1 : Operation 161 [1/1] (0.00ns)   --->   "%specstablecontent_ln2246 = specstablecontent void @_ssdm_op_SpecStableContent, i16 %height, void " [/home/trevor/Documents/xilinx/basys3_pong2/vivado/pong_2/pong_2.runs/design_1_v_mix_0_0_synth_1/prj/sol/.autopilot/db/v_mix.cpp:2246]   --->   Operation 161 'specstablecontent' 'specstablecontent_ln2246' <Predicate = true> <Delay = 0.00>
ST_1 : Operation 162 [1/1] (0.00ns)   --->   "%specstablecontent_ln2250 = specstablecontent void @_ssdm_op_SpecStableContent, i16 %background_Y_R, void " [/home/trevor/Documents/xilinx/basys3_pong2/vivado/pong_2/pong_2.runs/design_1_v_mix_0_0_synth_1/prj/sol/.autopilot/db/v_mix.cpp:2250]   --->   Operation 162 'specstablecontent' 'specstablecontent_ln2250' <Predicate = true> <Delay = 0.00>
ST_1 : Operation 163 [1/1] (0.00ns)   --->   "%specstablecontent_ln2252 = specstablecontent void @_ssdm_op_SpecStableContent, i16 %background_U_G, void " [/home/trevor/Documents/xilinx/basys3_pong2/vivado/pong_2/pong_2.runs/design_1_v_mix_0_0_synth_1/prj/sol/.autopilot/db/v_mix.cpp:2252]   --->   Operation 163 'specstablecontent' 'specstablecontent_ln2252' <Predicate = true> <Delay = 0.00>
ST_1 : Operation 164 [1/1] (0.00ns)   --->   "%specstablecontent_ln2254 = specstablecontent void @_ssdm_op_SpecStableContent, i16 %background_V_B, void " [/home/trevor/Documents/xilinx/basys3_pong2/vivado/pong_2/pong_2.runs/design_1_v_mix_0_0_synth_1/prj/sol/.autopilot/db/v_mix.cpp:2254]   --->   Operation 164 'specstablecontent' 'specstablecontent_ln2254' <Predicate = true> <Delay = 0.00>
ST_1 : Operation 165 [1/1] (0.00ns)   --->   "%specstablecontent_ln2309 = specstablecontent void @_ssdm_op_SpecStableContent, i16 %layerAlpha_1, void " [/home/trevor/Documents/xilinx/basys3_pong2/vivado/pong_2/pong_2.runs/design_1_v_mix_0_0_synth_1/prj/sol/.autopilot/db/v_mix.cpp:2309]   --->   Operation 165 'specstablecontent' 'specstablecontent_ln2309' <Predicate = true> <Delay = 0.00>
ST_1 : Operation 166 [1/1] (0.00ns)   --->   "%specstablecontent_ln2309 = specstablecontent void @_ssdm_op_SpecStableContent, i16 %layerAlpha_0, void " [/home/trevor/Documents/xilinx/basys3_pong2/vivado/pong_2/pong_2.runs/design_1_v_mix_0_0_synth_1/prj/sol/.autopilot/db/v_mix.cpp:2309]   --->   Operation 166 'specstablecontent' 'specstablecontent_ln2309' <Predicate = true> <Delay = 0.00>
ST_1 : Operation 167 [1/1] (0.00ns)   --->   "%specstablecontent_ln2313 = specstablecontent void @_ssdm_op_SpecStableContent, i16 %layerWidth_1, void " [/home/trevor/Documents/xilinx/basys3_pong2/vivado/pong_2/pong_2.runs/design_1_v_mix_0_0_synth_1/prj/sol/.autopilot/db/v_mix.cpp:2313]   --->   Operation 167 'specstablecontent' 'specstablecontent_ln2313' <Predicate = true> <Delay = 0.00>
ST_1 : Operation 168 [1/1] (0.00ns)   --->   "%specstablecontent_ln2313 = specstablecontent void @_ssdm_op_SpecStableContent, i16 %layerWidth_0, void " [/home/trevor/Documents/xilinx/basys3_pong2/vivado/pong_2/pong_2.runs/design_1_v_mix_0_0_synth_1/prj/sol/.autopilot/db/v_mix.cpp:2313]   --->   Operation 168 'specstablecontent' 'specstablecontent_ln2313' <Predicate = true> <Delay = 0.00>
ST_1 : Operation 169 [1/1] (0.00ns)   --->   "%specstablecontent_ln2315 = specstablecontent void @_ssdm_op_SpecStableContent, i16 %layerHeight_1, void " [/home/trevor/Documents/xilinx/basys3_pong2/vivado/pong_2/pong_2.runs/design_1_v_mix_0_0_synth_1/prj/sol/.autopilot/db/v_mix.cpp:2315]   --->   Operation 169 'specstablecontent' 'specstablecontent_ln2315' <Predicate = true> <Delay = 0.00>
ST_1 : Operation 170 [1/1] (0.00ns)   --->   "%specstablecontent_ln2315 = specstablecontent void @_ssdm_op_SpecStableContent, i16 %layerHeight_0, void " [/home/trevor/Documents/xilinx/basys3_pong2/vivado/pong_2/pong_2.runs/design_1_v_mix_0_0_synth_1/prj/sol/.autopilot/db/v_mix.cpp:2315]   --->   Operation 170 'specstablecontent' 'specstablecontent_ln2315' <Predicate = true> <Delay = 0.00>
ST_1 : Operation 171 [1/1] (0.00ns)   --->   "%specstablecontent_ln2317 = specstablecontent void @_ssdm_op_SpecStableContent, i16 %layerStride_1, void " [/home/trevor/Documents/xilinx/basys3_pong2/vivado/pong_2/pong_2.runs/design_1_v_mix_0_0_synth_1/prj/sol/.autopilot/db/v_mix.cpp:2317]   --->   Operation 171 'specstablecontent' 'specstablecontent_ln2317' <Predicate = true> <Delay = 0.00>
ST_1 : Operation 172 [1/1] (0.00ns)   --->   "%specstablecontent_ln2317 = specstablecontent void @_ssdm_op_SpecStableContent, i16 %layerStride_0, void " [/home/trevor/Documents/xilinx/basys3_pong2/vivado/pong_2/pong_2.runs/design_1_v_mix_0_0_synth_1/prj/sol/.autopilot/db/v_mix.cpp:2317]   --->   Operation 172 'specstablecontent' 'specstablecontent_ln2317' <Predicate = true> <Delay = 0.00>
ST_1 : Operation 173 [1/1] (0.00ns)   --->   "%specstablecontent_ln2319 = specstablecontent void @_ssdm_op_SpecStableContent, i8 %layerScaleFactor_1, void " [/home/trevor/Documents/xilinx/basys3_pong2/vivado/pong_2/pong_2.runs/design_1_v_mix_0_0_synth_1/prj/sol/.autopilot/db/v_mix.cpp:2319]   --->   Operation 173 'specstablecontent' 'specstablecontent_ln2319' <Predicate = true> <Delay = 0.00>
ST_1 : Operation 174 [1/1] (0.00ns)   --->   "%specstablecontent_ln2319 = specstablecontent void @_ssdm_op_SpecStableContent, i8 %layerScaleFactor_0, void " [/home/trevor/Documents/xilinx/basys3_pong2/vivado/pong_2/pong_2.runs/design_1_v_mix_0_0_synth_1/prj/sol/.autopilot/db/v_mix.cpp:2319]   --->   Operation 174 'specstablecontent' 'specstablecontent_ln2319' <Predicate = true> <Delay = 0.00>
ST_1 : Operation 175 [1/1] (0.00ns)   --->   "%layerAlpha_0_read = read i16 @_ssdm_op_Read.ap_auto.i16P0A, i16 %layerAlpha_0"   --->   Operation 175 'read' 'layerAlpha_0_read' <Predicate = true> <Delay = 0.00>
ST_1 : Operation 176 [1/1] (1.00ns)   --->   "%layerAlpha_1_read = read i16 @_ssdm_op_Read.s_axilite.i16P0A, i16 %layerAlpha_1"   --->   Operation 176 'read' 'layerAlpha_1_read' <Predicate = true> <Delay = 1.00> <CoreInst = "s_axilite">   --->   Core 114 's_axilite' <Latency = 0> <II = 1> <Delay = 1.00> <Adapter> <Opcode : 'read' 'write'>
ST_1 : Operation 177 [1/1] (0.00ns)   --->   "%layerStartX_0_read = read i16 @_ssdm_op_Read.ap_auto.i16P0A, i16 %layerStartX_0"   --->   Operation 177 'read' 'layerStartX_0_read' <Predicate = true> <Delay = 0.00>
ST_1 : Operation 178 [1/1] (1.00ns)   --->   "%layerStartX_1_read = read i16 @_ssdm_op_Read.s_axilite.i16P0A, i16 %layerStartX_1"   --->   Operation 178 'read' 'layerStartX_1_read' <Predicate = true> <Delay = 1.00> <CoreInst = "s_axilite">   --->   Core 114 's_axilite' <Latency = 0> <II = 1> <Delay = 1.00> <Adapter> <Opcode : 'read' 'write'>
ST_1 : Operation 179 [1/1] (0.00ns)   --->   "%layerStartY_0_read = read i16 @_ssdm_op_Read.ap_auto.i16P0A, i16 %layerStartY_0"   --->   Operation 179 'read' 'layerStartY_0_read' <Predicate = true> <Delay = 0.00>
ST_1 : Operation 180 [1/1] (1.00ns)   --->   "%layerStartY_1_read = read i16 @_ssdm_op_Read.s_axilite.i16P0A, i16 %layerStartY_1"   --->   Operation 180 'read' 'layerStartY_1_read' <Predicate = true> <Delay = 1.00> <CoreInst = "s_axilite">   --->   Core 114 's_axilite' <Latency = 0> <II = 1> <Delay = 1.00> <Adapter> <Opcode : 'read' 'write'>
ST_1 : Operation 181 [1/1] (0.00ns)   --->   "%layerWidth_0_read = read i16 @_ssdm_op_Read.ap_auto.i16P0A, i16 %layerWidth_0"   --->   Operation 181 'read' 'layerWidth_0_read' <Predicate = true> <Delay = 0.00>
ST_1 : Operation 182 [1/1] (1.00ns)   --->   "%layerWidth_1_read = read i16 @_ssdm_op_Read.s_axilite.i16P0A, i16 %layerWidth_1"   --->   Operation 182 'read' 'layerWidth_1_read' <Predicate = true> <Delay = 1.00> <CoreInst = "s_axilite">   --->   Core 114 's_axilite' <Latency = 0> <II = 1> <Delay = 1.00> <Adapter> <Opcode : 'read' 'write'>
ST_1 : Operation 183 [1/1] (0.00ns)   --->   "%layerHeight_0_read = read i16 @_ssdm_op_Read.ap_auto.i16P0A, i16 %layerHeight_0"   --->   Operation 183 'read' 'layerHeight_0_read' <Predicate = true> <Delay = 0.00>
ST_1 : Operation 184 [1/1] (1.00ns)   --->   "%layerHeight_1_read = read i16 @_ssdm_op_Read.s_axilite.i16P0A, i16 %layerHeight_1"   --->   Operation 184 'read' 'layerHeight_1_read' <Predicate = true> <Delay = 1.00> <CoreInst = "s_axilite">   --->   Core 114 's_axilite' <Latency = 0> <II = 1> <Delay = 1.00> <Adapter> <Opcode : 'read' 'write'>
ST_1 : Operation 185 [1/1] (0.00ns)   --->   "%layerScaleFactor_0_read = read i8 @_ssdm_op_Read.ap_auto.i8P0A, i8 %layerScaleFactor_0"   --->   Operation 185 'read' 'layerScaleFactor_0_read' <Predicate = true> <Delay = 0.00>
ST_1 : Operation 186 [1/1] (1.00ns)   --->   "%layerScaleFactor_1_read = read i8 @_ssdm_op_Read.s_axilite.i8P0A, i8 %layerScaleFactor_1"   --->   Operation 186 'read' 'layerScaleFactor_1_read' <Predicate = true> <Delay = 1.00> <CoreInst = "s_axilite">   --->   Core 114 's_axilite' <Latency = 0> <II = 1> <Delay = 1.00> <Adapter> <Opcode : 'read' 'write'>
ST_1 : Operation 187 [1/1] (1.61ns)   --->   "%store_ln2581 = store i2 0, i2 %i" [/home/trevor/Documents/xilinx/basys3_pong2/vivado/pong_2/pong_2.runs/design_1_v_mix_0_0_synth_1/prj/sol/.autopilot/db/v_mix.cpp:2581]   --->   Operation 187 'store' 'store_ln2581' <Predicate = true> <Delay = 1.61>
ST_1 : Operation 188 [1/1] (0.00ns)   --->   "%br_ln2581 = br void %for.inc" [/home/trevor/Documents/xilinx/basys3_pong2/vivado/pong_2/pong_2.runs/design_1_v_mix_0_0_synth_1/prj/sol/.autopilot/db/v_mix.cpp:2581]   --->   Operation 188 'br' 'br_ln2581' <Predicate = true> <Delay = 0.00>

State 2 <SV = 1> <Delay = 3.19>
ST_2 : Operation 189 [1/1] (0.00ns)   --->   "%HwReg_layerEnableFlag_1 = phi i1 %select_ln2583, void %for.inc.split, i1 0, void %entry" [/home/trevor/Documents/xilinx/basys3_pong2/vivado/pong_2/pong_2.runs/design_1_v_mix_0_0_synth_1/prj/sol/.autopilot/db/v_mix.cpp:2583]   --->   Operation 189 'phi' 'HwReg_layerEnableFlag_1' <Predicate = true> <Delay = 0.00>
ST_2 : Operation 190 [1/1] (0.00ns)   --->   "%HwReg_layerEnableFlag = phi i1 %select_ln2583_1, void %for.inc.split, i1 0, void %entry" [/home/trevor/Documents/xilinx/basys3_pong2/vivado/pong_2/pong_2.runs/design_1_v_mix_0_0_synth_1/prj/sol/.autopilot/db/v_mix.cpp:2583]   --->   Operation 190 'phi' 'HwReg_layerEnableFlag' <Predicate = true> <Delay = 0.00>
ST_2 : Operation 191 [1/1] (0.00ns)   --->   "%i_1 = load i2 %i" [/home/trevor/Documents/xilinx/basys3_pong2/vivado/pong_2/pong_2.runs/design_1_v_mix_0_0_synth_1/prj/sol/.autopilot/db/v_mix.cpp:2583]   --->   Operation 191 'load' 'i_1' <Predicate = true> <Delay = 0.00>
ST_2 : Operation 192 [1/1] (0.00ns)   --->   "%specpipeline_ln0 = specpipeline void @_ssdm_op_SpecPipeline, i32 4294967295, i32 0, i32 1, i32 0, void @p_str"   --->   Operation 192 'specpipeline' 'specpipeline_ln0' <Predicate = true> <Delay = 0.00>
ST_2 : Operation 193 [1/1] (0.93ns)   --->   "%icmp_ln2581 = icmp_eq  i2 %i_1, i2 2" [/home/trevor/Documents/xilinx/basys3_pong2/vivado/pong_2/pong_2.runs/design_1_v_mix_0_0_synth_1/prj/sol/.autopilot/db/v_mix.cpp:2581]   --->   Operation 193 'icmp' 'icmp_ln2581' <Predicate = true> <Delay = 0.93> <CoreInst = "Cmp">   --->   Core 9 'Cmp' <Latency = 0> <II = 1> <Delay = 0.93> <FuncUnit> <Opcode : 'icmp'> <InPorts = 2> <OutPorts = 1>
ST_2 : Operation 194 [1/1] (0.00ns)   --->   "%speclooptripcount_ln0 = speclooptripcount void @_ssdm_op_SpecLoopTripCount, i64 2, i64 2, i64 2"   --->   Operation 194 'speclooptripcount' 'speclooptripcount_ln0' <Predicate = true> <Delay = 0.00>
ST_2 : Operation 195 [1/1] (1.58ns)   --->   "%add_ln2581 = add i2 %i_1, i2 1" [/home/trevor/Documents/xilinx/basys3_pong2/vivado/pong_2/pong_2.runs/design_1_v_mix_0_0_synth_1/prj/sol/.autopilot/db/v_mix.cpp:2581]   --->   Operation 195 'add' 'add_ln2581' <Predicate = true> <Delay = 1.58> <CoreInst = "Adder">   --->   Core 1 'Adder' <Latency = 0> <II = 1> <Delay = 1.58> <FuncUnit> <Opcode : 'add' 'sub'> <InPorts = 2> <OutPorts = 1>
ST_2 : Operation 196 [1/1] (0.00ns)   --->   "%br_ln2581 = br i1 %icmp_ln2581, void %for.inc.split, void %for.end" [/home/trevor/Documents/xilinx/basys3_pong2/vivado/pong_2/pong_2.runs/design_1_v_mix_0_0_synth_1/prj/sol/.autopilot/db/v_mix.cpp:2581]   --->   Operation 196 'br' 'br_ln2581' <Predicate = true> <Delay = 0.00>
ST_2 : Operation 197 [1/1] (0.00ns)   --->   "%HwReg_layerAlpha_load_1 = load i16 %HwReg_layerAlpha" [/home/trevor/Documents/xilinx/basys3_pong2/vivado/pong_2/pong_2.runs/design_1_v_mix_0_0_synth_1/prj/sol/.autopilot/db/v_mix.cpp:2583]   --->   Operation 197 'load' 'HwReg_layerAlpha_load_1' <Predicate = (!icmp_ln2581)> <Delay = 0.00>
ST_2 : Operation 198 [1/1] (0.00ns)   --->   "%HwReg_layerStartX_load_1 = load i16 %HwReg_layerStartX" [/home/trevor/Documents/xilinx/basys3_pong2/vivado/pong_2/pong_2.runs/design_1_v_mix_0_0_synth_1/prj/sol/.autopilot/db/v_mix.cpp:2583]   --->   Operation 198 'load' 'HwReg_layerStartX_load_1' <Predicate = (!icmp_ln2581)> <Delay = 0.00>
ST_2 : Operation 199 [1/1] (0.00ns)   --->   "%HwReg_layerStartY_load_1 = load i16 %HwReg_layerStartY" [/home/trevor/Documents/xilinx/basys3_pong2/vivado/pong_2/pong_2.runs/design_1_v_mix_0_0_synth_1/prj/sol/.autopilot/db/v_mix.cpp:2583]   --->   Operation 199 'load' 'HwReg_layerStartY_load_1' <Predicate = (!icmp_ln2581)> <Delay = 0.00>
ST_2 : Operation 200 [1/1] (0.00ns)   --->   "%HwReg_layerWidth_load_1 = load i16 %HwReg_layerWidth" [/home/trevor/Documents/xilinx/basys3_pong2/vivado/pong_2/pong_2.runs/design_1_v_mix_0_0_synth_1/prj/sol/.autopilot/db/v_mix.cpp:2583]   --->   Operation 200 'load' 'HwReg_layerWidth_load_1' <Predicate = (!icmp_ln2581)> <Delay = 0.00>
ST_2 : Operation 201 [1/1] (0.00ns)   --->   "%HwReg_layerHeight_load_1 = load i16 %HwReg_layerHeight" [/home/trevor/Documents/xilinx/basys3_pong2/vivado/pong_2/pong_2.runs/design_1_v_mix_0_0_synth_1/prj/sol/.autopilot/db/v_mix.cpp:2583]   --->   Operation 201 'load' 'HwReg_layerHeight_load_1' <Predicate = (!icmp_ln2581)> <Delay = 0.00>
ST_2 : Operation 202 [1/1] (0.00ns)   --->   "%HwReg_layerScaleFactor_load_1 = load i8 %HwReg_layerScaleFactor" [/home/trevor/Documents/xilinx/basys3_pong2/vivado/pong_2/pong_2.runs/design_1_v_mix_0_0_synth_1/prj/sol/.autopilot/db/v_mix.cpp:2583]   --->   Operation 202 'load' 'HwReg_layerScaleFactor_load_1' <Predicate = (!icmp_ln2581)> <Delay = 0.00>
ST_2 : Operation 203 [1/1] (0.00ns)   --->   "%specloopname_ln2581 = specloopname void @_ssdm_op_SpecLoopName, void @empty_19" [/home/trevor/Documents/xilinx/basys3_pong2/vivado/pong_2/pong_2.runs/design_1_v_mix_0_0_synth_1/prj/sol/.autopilot/db/v_mix.cpp:2581]   --->   Operation 203 'specloopname' 'specloopname_ln2581' <Predicate = (!icmp_ln2581)> <Delay = 0.00>
ST_2 : Operation 204 [1/1] (1.61ns)   --->   "%tmp = mux i16 @_ssdm_op_Mux.ap_auto.2i16.i2, i16 %layerAlpha_0_read, i16 %layerAlpha_1_read, i2 %i_1" [/home/trevor/Documents/xilinx/basys3_pong2/vivado/pong_2/pong_2.runs/design_1_v_mix_0_0_synth_1/prj/sol/.autopilot/db/v_mix.cpp:2583]   --->   Operation 204 'mux' 'tmp' <Predicate = (!icmp_ln2581)> <Delay = 1.61> <CoreInst = "Multiplexer">   --->   Core 76 'Multiplexer' <Latency = 0> <II = 1> <Delay = 1.61> <FuncUnit> <Opcode : 'mux'> <InPorts = 2> <OutPorts = 1>
ST_2 : Operation 205 [1/1] (0.00ns)   --->   "%trunc_ln2583 = trunc i2 %i_1" [/home/trevor/Documents/xilinx/basys3_pong2/vivado/pong_2/pong_2.runs/design_1_v_mix_0_0_synth_1/prj/sol/.autopilot/db/v_mix.cpp:2583]   --->   Operation 205 'trunc' 'trunc_ln2583' <Predicate = (!icmp_ln2581)> <Delay = 0.00>
ST_2 : Operation 206 [1/1] (0.00ns) (grouped into LUT with out node icmp_ln2591)   --->   "%zext_ln2591 = zext i1 %trunc_ln2583" [/home/trevor/Documents/xilinx/basys3_pong2/vivado/pong_2/pong_2.runs/design_1_v_mix_0_0_synth_1/prj/sol/.autopilot/db/v_mix.cpp:2591]   --->   Operation 206 'zext' 'zext_ln2591' <Predicate = (!icmp_ln2581)> <Delay = 0.00>
ST_2 : Operation 207 [1/1] (0.00ns) (grouped into LUT with out node icmp_ln2591)   --->   "%shl_ln2591 = shl i2 1, i2 %zext_ln2591" [/home/trevor/Documents/xilinx/basys3_pong2/vivado/pong_2/pong_2.runs/design_1_v_mix_0_0_synth_1/prj/sol/.autopilot/db/v_mix.cpp:2591]   --->   Operation 207 'shl' 'shl_ln2591' <Predicate = (!icmp_ln2581)> <Delay = 0.00> <CoreInst = "Shifter">   --->   Core 75 'Shifter' <Latency = 0> <II = 1> <Delay = 1.85> <FuncUnit> <Opcode : 'shl' 'lshr' 'ashr'> <InPorts = 2> <OutPorts = 1>
ST_2 : Operation 208 [1/1] (0.00ns) (grouped into LUT with out node icmp_ln2591)   --->   "%and_ln2591 = and i2 %shl_ln2591, i2 %HwReg_layerEnable" [/home/trevor/Documents/xilinx/basys3_pong2/vivado/pong_2/pong_2.runs/design_1_v_mix_0_0_synth_1/prj/sol/.autopilot/db/v_mix.cpp:2591]   --->   Operation 208 'and' 'and_ln2591' <Predicate = (!icmp_ln2581)> <Delay = 0.00> <CoreInst = "LogicGate">   --->   Core 74 'LogicGate' <Latency = 0> <II = 1> <Delay = 0.97> <FuncUnit> <Opcode : 'and' 'or' 'xor'> <InPorts = 2> <OutPorts = 1>
ST_2 : Operation 209 [1/1] (1.85ns) (out node of the LUT)   --->   "%icmp_ln2591 = icmp_ne  i2 %and_ln2591, i2 0" [/home/trevor/Documents/xilinx/basys3_pong2/vivado/pong_2/pong_2.runs/design_1_v_mix_0_0_synth_1/prj/sol/.autopilot/db/v_mix.cpp:2591]   --->   Operation 209 'icmp' 'icmp_ln2591' <Predicate = (!icmp_ln2581)> <Delay = 1.85> <CoreInst = "Cmp">   --->   Core 9 'Cmp' <Latency = 0> <II = 1> <Delay = 0.93> <FuncUnit> <Opcode : 'icmp'> <InPorts = 2> <OutPorts = 1>
ST_2 : Operation 210 [1/1] (1.61ns)   --->   "%tmp_9 = mux i16 @_ssdm_op_Mux.ap_auto.2i16.i2, i16 %layerStartX_0_read, i16 %layerStartX_1_read, i2 %i_1" [/home/trevor/Documents/xilinx/basys3_pong2/vivado/pong_2/pong_2.runs/design_1_v_mix_0_0_synth_1/prj/sol/.autopilot/db/v_mix.cpp:2584]   --->   Operation 210 'mux' 'tmp_9' <Predicate = (!icmp_ln2581)> <Delay = 1.61> <CoreInst = "Multiplexer">   --->   Core 76 'Multiplexer' <Latency = 0> <II = 1> <Delay = 1.61> <FuncUnit> <Opcode : 'mux'> <InPorts = 2> <OutPorts = 1>
ST_2 : Operation 211 [1/1] (1.61ns)   --->   "%tmp_s = mux i16 @_ssdm_op_Mux.ap_auto.2i16.i2, i16 %layerStartY_0_read, i16 %layerStartY_1_read, i2 %i_1" [/home/trevor/Documents/xilinx/basys3_pong2/vivado/pong_2/pong_2.runs/design_1_v_mix_0_0_synth_1/prj/sol/.autopilot/db/v_mix.cpp:2585]   --->   Operation 211 'mux' 'tmp_s' <Predicate = (!icmp_ln2581)> <Delay = 1.61> <CoreInst = "Multiplexer">   --->   Core 76 'Multiplexer' <Latency = 0> <II = 1> <Delay = 1.61> <FuncUnit> <Opcode : 'mux'> <InPorts = 2> <OutPorts = 1>
ST_2 : Operation 212 [1/1] (1.61ns)   --->   "%tmp_1 = mux i16 @_ssdm_op_Mux.ap_auto.2i16.i2, i16 %layerWidth_0_read, i16 %layerWidth_1_read, i2 %i_1" [/home/trevor/Documents/xilinx/basys3_pong2/vivado/pong_2/pong_2.runs/design_1_v_mix_0_0_synth_1/prj/sol/.autopilot/db/v_mix.cpp:2586]   --->   Operation 212 'mux' 'tmp_1' <Predicate = (!icmp_ln2581)> <Delay = 1.61> <CoreInst = "Multiplexer">   --->   Core 76 'Multiplexer' <Latency = 0> <II = 1> <Delay = 1.61> <FuncUnit> <Opcode : 'mux'> <InPorts = 2> <OutPorts = 1>
ST_2 : Operation 213 [1/1] (1.61ns)   --->   "%tmp_2 = mux i16 @_ssdm_op_Mux.ap_auto.2i16.i2, i16 %layerHeight_0_read, i16 %layerHeight_1_read, i2 %i_1" [/home/trevor/Documents/xilinx/basys3_pong2/vivado/pong_2/pong_2.runs/design_1_v_mix_0_0_synth_1/prj/sol/.autopilot/db/v_mix.cpp:2587]   --->   Operation 213 'mux' 'tmp_2' <Predicate = (!icmp_ln2581)> <Delay = 1.61> <CoreInst = "Multiplexer">   --->   Core 76 'Multiplexer' <Latency = 0> <II = 1> <Delay = 1.61> <FuncUnit> <Opcode : 'mux'> <InPorts = 2> <OutPorts = 1>
ST_2 : Operation 214 [1/1] (1.61ns)   --->   "%tmp_3 = mux i8 @_ssdm_op_Mux.ap_auto.2i8.i2, i8 %layerScaleFactor_0_read, i8 %layerScaleFactor_1_read, i2 %i_1" [/home/trevor/Documents/xilinx/basys3_pong2/vivado/pong_2/pong_2.runs/design_1_v_mix_0_0_synth_1/prj/sol/.autopilot/db/v_mix.cpp:2588]   --->   Operation 214 'mux' 'tmp_3' <Predicate = (!icmp_ln2581)> <Delay = 1.61> <CoreInst = "Multiplexer">   --->   Core 76 'Multiplexer' <Latency = 0> <II = 1> <Delay = 1.61> <FuncUnit> <Opcode : 'mux'> <InPorts = 2> <OutPorts = 1>
ST_2 : Operation 215 [1/1] (0.99ns)   --->   "%select_ln2583 = select i1 %trunc_ln2583, i1 %HwReg_layerEnableFlag_1, i1 %icmp_ln2591" [/home/trevor/Documents/xilinx/basys3_pong2/vivado/pong_2/pong_2.runs/design_1_v_mix_0_0_synth_1/prj/sol/.autopilot/db/v_mix.cpp:2583]   --->   Operation 215 'select' 'select_ln2583' <Predicate = (!icmp_ln2581)> <Delay = 0.99> <CoreInst = "Sel">   --->   Core 73 'Sel' <Latency = 0> <II = 1> <Delay = 0.99> <FuncUnit> <Opcode : 'select'> <InPorts = 3> <OutPorts = 1>
ST_2 : Operation 216 [1/1] (0.99ns)   --->   "%select_ln2583_1 = select i1 %trunc_ln2583, i1 %icmp_ln2591, i1 %HwReg_layerEnableFlag" [/home/trevor/Documents/xilinx/basys3_pong2/vivado/pong_2/pong_2.runs/design_1_v_mix_0_0_synth_1/prj/sol/.autopilot/db/v_mix.cpp:2583]   --->   Operation 216 'select' 'select_ln2583_1' <Predicate = (!icmp_ln2581)> <Delay = 0.99> <CoreInst = "Sel">   --->   Core 73 'Sel' <Latency = 0> <II = 1> <Delay = 0.99> <FuncUnit> <Opcode : 'select'> <InPorts = 3> <OutPorts = 1>
ST_2 : Operation 217 [1/1] (1.04ns)   --->   "%select_ln2583_2 = select i1 %trunc_ln2583, i8 %tmp_3, i8 %HwReg_layerScaleFactor_load_1" [/home/trevor/Documents/xilinx/basys3_pong2/vivado/pong_2/pong_2.runs/design_1_v_mix_0_0_synth_1/prj/sol/.autopilot/db/v_mix.cpp:2583]   --->   Operation 217 'select' 'select_ln2583_2' <Predicate = (!icmp_ln2581)> <Delay = 1.04> <CoreInst = "Sel">   --->   Core 73 'Sel' <Latency = 0> <II = 1> <Delay = 1.04> <FuncUnit> <Opcode : 'select'> <InPorts = 3> <OutPorts = 1>
ST_2 : Operation 218 [1/1] (1.29ns)   --->   "%select_ln2583_3 = select i1 %trunc_ln2583, i16 %tmp_2, i16 %HwReg_layerHeight_load_1" [/home/trevor/Documents/xilinx/basys3_pong2/vivado/pong_2/pong_2.runs/design_1_v_mix_0_0_synth_1/prj/sol/.autopilot/db/v_mix.cpp:2583]   --->   Operation 218 'select' 'select_ln2583_3' <Predicate = (!icmp_ln2581)> <Delay = 1.29> <CoreInst = "Sel">   --->   Core 73 'Sel' <Latency = 0> <II = 1> <Delay = 1.29> <FuncUnit> <Opcode : 'select'> <InPorts = 3> <OutPorts = 1>
ST_2 : Operation 219 [1/1] (1.29ns)   --->   "%select_ln2583_4 = select i1 %trunc_ln2583, i16 %tmp_1, i16 %HwReg_layerWidth_load_1" [/home/trevor/Documents/xilinx/basys3_pong2/vivado/pong_2/pong_2.runs/design_1_v_mix_0_0_synth_1/prj/sol/.autopilot/db/v_mix.cpp:2583]   --->   Operation 219 'select' 'select_ln2583_4' <Predicate = (!icmp_ln2581)> <Delay = 1.29> <CoreInst = "Sel">   --->   Core 73 'Sel' <Latency = 0> <II = 1> <Delay = 1.29> <FuncUnit> <Opcode : 'select'> <InPorts = 3> <OutPorts = 1>
ST_2 : Operation 220 [1/1] (1.29ns)   --->   "%select_ln2583_5 = select i1 %trunc_ln2583, i16 %tmp_s, i16 %HwReg_layerStartY_load_1" [/home/trevor/Documents/xilinx/basys3_pong2/vivado/pong_2/pong_2.runs/design_1_v_mix_0_0_synth_1/prj/sol/.autopilot/db/v_mix.cpp:2583]   --->   Operation 220 'select' 'select_ln2583_5' <Predicate = (!icmp_ln2581)> <Delay = 1.29> <CoreInst = "Sel">   --->   Core 73 'Sel' <Latency = 0> <II = 1> <Delay = 1.29> <FuncUnit> <Opcode : 'select'> <InPorts = 3> <OutPorts = 1>
ST_2 : Operation 221 [1/1] (1.29ns)   --->   "%select_ln2583_6 = select i1 %trunc_ln2583, i16 %tmp_9, i16 %HwReg_layerStartX_load_1" [/home/trevor/Documents/xilinx/basys3_pong2/vivado/pong_2/pong_2.runs/design_1_v_mix_0_0_synth_1/prj/sol/.autopilot/db/v_mix.cpp:2583]   --->   Operation 221 'select' 'select_ln2583_6' <Predicate = (!icmp_ln2581)> <Delay = 1.29> <CoreInst = "Sel">   --->   Core 73 'Sel' <Latency = 0> <II = 1> <Delay = 1.29> <FuncUnit> <Opcode : 'select'> <InPorts = 3> <OutPorts = 1>
ST_2 : Operation 222 [1/1] (1.29ns)   --->   "%select_ln2583_7 = select i1 %trunc_ln2583, i16 %tmp, i16 %HwReg_layerAlpha_load_1" [/home/trevor/Documents/xilinx/basys3_pong2/vivado/pong_2/pong_2.runs/design_1_v_mix_0_0_synth_1/prj/sol/.autopilot/db/v_mix.cpp:2583]   --->   Operation 222 'select' 'select_ln2583_7' <Predicate = (!icmp_ln2581)> <Delay = 1.29> <CoreInst = "Sel">   --->   Core 73 'Sel' <Latency = 0> <II = 1> <Delay = 1.29> <FuncUnit> <Opcode : 'select'> <InPorts = 3> <OutPorts = 1>
ST_2 : Operation 223 [1/1] (0.00ns)   --->   "%store_ln2581 = store i8 %select_ln2583_2, i8 %HwReg_layerScaleFactor" [/home/trevor/Documents/xilinx/basys3_pong2/vivado/pong_2/pong_2.runs/design_1_v_mix_0_0_synth_1/prj/sol/.autopilot/db/v_mix.cpp:2581]   --->   Operation 223 'store' 'store_ln2581' <Predicate = (!icmp_ln2581)> <Delay = 0.00>
ST_2 : Operation 224 [1/1] (0.00ns)   --->   "%store_ln2581 = store i16 %select_ln2583_3, i16 %HwReg_layerHeight" [/home/trevor/Documents/xilinx/basys3_pong2/vivado/pong_2/pong_2.runs/design_1_v_mix_0_0_synth_1/prj/sol/.autopilot/db/v_mix.cpp:2581]   --->   Operation 224 'store' 'store_ln2581' <Predicate = (!icmp_ln2581)> <Delay = 0.00>
ST_2 : Operation 225 [1/1] (0.00ns)   --->   "%store_ln2581 = store i16 %select_ln2583_4, i16 %HwReg_layerWidth" [/home/trevor/Documents/xilinx/basys3_pong2/vivado/pong_2/pong_2.runs/design_1_v_mix_0_0_synth_1/prj/sol/.autopilot/db/v_mix.cpp:2581]   --->   Operation 225 'store' 'store_ln2581' <Predicate = (!icmp_ln2581)> <Delay = 0.00>
ST_2 : Operation 226 [1/1] (0.00ns)   --->   "%store_ln2581 = store i16 %select_ln2583_5, i16 %HwReg_layerStartY" [/home/trevor/Documents/xilinx/basys3_pong2/vivado/pong_2/pong_2.runs/design_1_v_mix_0_0_synth_1/prj/sol/.autopilot/db/v_mix.cpp:2581]   --->   Operation 226 'store' 'store_ln2581' <Predicate = (!icmp_ln2581)> <Delay = 0.00>
ST_2 : Operation 227 [1/1] (0.00ns)   --->   "%store_ln2581 = store i16 %select_ln2583_6, i16 %HwReg_layerStartX" [/home/trevor/Documents/xilinx/basys3_pong2/vivado/pong_2/pong_2.runs/design_1_v_mix_0_0_synth_1/prj/sol/.autopilot/db/v_mix.cpp:2581]   --->   Operation 227 'store' 'store_ln2581' <Predicate = (!icmp_ln2581)> <Delay = 0.00>
ST_2 : Operation 228 [1/1] (0.00ns)   --->   "%store_ln2581 = store i16 %select_ln2583_7, i16 %HwReg_layerAlpha" [/home/trevor/Documents/xilinx/basys3_pong2/vivado/pong_2/pong_2.runs/design_1_v_mix_0_0_synth_1/prj/sol/.autopilot/db/v_mix.cpp:2581]   --->   Operation 228 'store' 'store_ln2581' <Predicate = (!icmp_ln2581)> <Delay = 0.00>
ST_2 : Operation 229 [1/1] (1.61ns)   --->   "%store_ln2581 = store i2 %add_ln2581, i2 %i" [/home/trevor/Documents/xilinx/basys3_pong2/vivado/pong_2/pong_2.runs/design_1_v_mix_0_0_synth_1/prj/sol/.autopilot/db/v_mix.cpp:2581]   --->   Operation 229 'store' 'store_ln2581' <Predicate = (!icmp_ln2581)> <Delay = 1.61>
ST_2 : Operation 230 [1/1] (0.00ns)   --->   "%br_ln2581 = br void %for.inc" [/home/trevor/Documents/xilinx/basys3_pong2/vivado/pong_2/pong_2.runs/design_1_v_mix_0_0_synth_1/prj/sol/.autopilot/db/v_mix.cpp:2581]   --->   Operation 230 'br' 'br_ln2581' <Predicate = (!icmp_ln2581)> <Delay = 0.00>

State 3 <SV = 2> <Delay = 3.90>
ST_3 : Operation 231 [1/1] (0.00ns)   --->   "%HwReg_layerAlpha_load = load i16 %HwReg_layerAlpha"   --->   Operation 231 'load' 'HwReg_layerAlpha_load' <Predicate = true> <Delay = 0.00>
ST_3 : Operation 232 [1/1] (0.00ns)   --->   "%HwReg_layerStartX_load = load i16 %HwReg_layerStartX" [/home/trevor/Documents/xilinx/basys3_pong2/vivado/pong_2/pong_2.runs/design_1_v_mix_0_0_synth_1/prj/sol/.autopilot/db/v_mix.cpp:2655]   --->   Operation 232 'load' 'HwReg_layerStartX_load' <Predicate = true> <Delay = 0.00>
ST_3 : Operation 233 [1/1] (0.00ns)   --->   "%HwReg_layerStartY_load = load i16 %HwReg_layerStartY" [/home/trevor/Documents/xilinx/basys3_pong2/vivado/pong_2/pong_2.runs/design_1_v_mix_0_0_synth_1/prj/sol/.autopilot/db/v_mix.cpp:2655]   --->   Operation 233 'load' 'HwReg_layerStartY_load' <Predicate = true> <Delay = 0.00>
ST_3 : Operation 234 [1/1] (0.00ns)   --->   "%HwReg_layerWidth_load = load i16 %HwReg_layerWidth" [/home/trevor/Documents/xilinx/basys3_pong2/vivado/pong_2/pong_2.runs/design_1_v_mix_0_0_synth_1/prj/sol/.autopilot/db/v_mix.cpp:2655]   --->   Operation 234 'load' 'HwReg_layerWidth_load' <Predicate = true> <Delay = 0.00>
ST_3 : Operation 235 [1/1] (0.00ns)   --->   "%HwReg_layerHeight_load = load i16 %HwReg_layerHeight" [/home/trevor/Documents/xilinx/basys3_pong2/vivado/pong_2/pong_2.runs/design_1_v_mix_0_0_synth_1/prj/sol/.autopilot/db/v_mix.cpp:2655]   --->   Operation 235 'load' 'HwReg_layerHeight_load' <Predicate = true> <Delay = 0.00>
ST_3 : Operation 236 [1/1] (0.00ns)   --->   "%HwReg_layerScaleFactor_load = load i8 %HwReg_layerScaleFactor" [/home/trevor/Documents/xilinx/basys3_pong2/vivado/pong_2/pong_2.runs/design_1_v_mix_0_0_synth_1/prj/sol/.autopilot/db/v_mix.cpp:2655]   --->   Operation 236 'load' 'HwReg_layerScaleFactor_load' <Predicate = true> <Delay = 0.00>
ST_3 : Operation 237 [1/1] (0.00ns)   --->   "%HwReg_layerAlpha_1 = trunc i16 %HwReg_layerAlpha_load"   --->   Operation 237 'trunc' 'HwReg_layerAlpha_1' <Predicate = true> <Delay = 0.00>
ST_3 : Operation 238 [2/2] (3.90ns)   --->   "%call_ln2655 = call void @VMixHlsDataFlowFunction, i10 %HwReg_width, i10 %HwReg_height, i8 %HwReg_background_Y_R, i8 %HwReg_background_U_G, i8 %HwReg_background_V_B, i2 %HwReg_layerEnable, i1 %HwReg_layerEnableFlag_1, i1 %HwReg_layerEnableFlag, i10 %HwReg_layerAlpha_1, i16 %HwReg_layerStartX_load, i16 %HwReg_layerStartY_load, i10 %HwReg_width, i16 %HwReg_layerWidth_load, i10 %HwReg_height, i16 %HwReg_layerHeight_load, i8 %HwReg_layerScaleFactor_load, i24 %s_axis_video_V_data_V, i3 %s_axis_video_V_keep_V, i3 %s_axis_video_V_strb_V, i1 %s_axis_video_V_user_V, i1 %s_axis_video_V_last_V, i1 %s_axis_video_V_id_V, i1 %s_axis_video_V_dest_V, i32 %s_axis_video1_V_data_V, i4 %s_axis_video1_V_keep_V, i4 %s_axis_video1_V_strb_V, i1 %s_axis_video1_V_user_V, i1 %s_axis_video1_V_last_V, i1 %s_axis_video1_V_id_V, i1 %s_axis_video1_V_dest_V, i24 %m_axis_video_V_data_V, i3 %m_axis_video_V_keep_V, i3 %m_axis_video_V_strb_V, i1 %m_axis_video_V_user_V, i1 %m_axis_video_V_last_V, i1 %m_axis_video_V_id_V, i1 %m_axis_video_V_dest_V" [/home/trevor/Documents/xilinx/basys3_pong2/vivado/pong_2/pong_2.runs/design_1_v_mix_0_0_synth_1/prj/sol/.autopilot/db/v_mix.cpp:2655]   --->   Operation 238 'call' 'call_ln2655' <Predicate = true> <Delay = 3.90> <CoreType = "Generic">   --->   Core 0 '' <Latency = 0> <II = 1> <Delay = 1.00> <Generic> <Opcode : >

State 4 <SV = 3> <Delay = 0.00>
ST_4 : Operation 239 [1/2] (0.00ns)   --->   "%call_ln2655 = call void @VMixHlsDataFlowFunction, i10 %HwReg_width, i10 %HwReg_height, i8 %HwReg_background_Y_R, i8 %HwReg_background_U_G, i8 %HwReg_background_V_B, i2 %HwReg_layerEnable, i1 %HwReg_layerEnableFlag_1, i1 %HwReg_layerEnableFlag, i10 %HwReg_layerAlpha_1, i16 %HwReg_layerStartX_load, i16 %HwReg_layerStartY_load, i10 %HwReg_width, i16 %HwReg_layerWidth_load, i10 %HwReg_height, i16 %HwReg_layerHeight_load, i8 %HwReg_layerScaleFactor_load, i24 %s_axis_video_V_data_V, i3 %s_axis_video_V_keep_V, i3 %s_axis_video_V_strb_V, i1 %s_axis_video_V_user_V, i1 %s_axis_video_V_last_V, i1 %s_axis_video_V_id_V, i1 %s_axis_video_V_dest_V, i32 %s_axis_video1_V_data_V, i4 %s_axis_video1_V_keep_V, i4 %s_axis_video1_V_strb_V, i1 %s_axis_video1_V_user_V, i1 %s_axis_video1_V_last_V, i1 %s_axis_video1_V_id_V, i1 %s_axis_video1_V_dest_V, i24 %m_axis_video_V_data_V, i3 %m_axis_video_V_keep_V, i3 %m_axis_video_V_strb_V, i1 %m_axis_video_V_user_V, i1 %m_axis_video_V_last_V, i1 %m_axis_video_V_id_V, i1 %m_axis_video_V_dest_V" [/home/trevor/Documents/xilinx/basys3_pong2/vivado/pong_2/pong_2.runs/design_1_v_mix_0_0_synth_1/prj/sol/.autopilot/db/v_mix.cpp:2655]   --->   Operation 239 'call' 'call_ln2655' <Predicate = true> <Delay = 0.00> <CoreType = "Generic">   --->   Core 0 '' <Latency = 0> <II = 1> <Delay = 1.00> <Generic> <Opcode : >

State 5 <SV = 4> <Delay = 0.00>
ST_5 : Operation 240 [1/1] (0.00ns)   --->   "%ret_ln2769 = ret" [/home/trevor/Documents/xilinx/basys3_pong2/vivado/pong_2/pong_2.runs/design_1_v_mix_0_0_synth_1/prj/sol/.autopilot/db/v_mix.cpp:2769]   --->   Operation 240 'ret' 'ret_ln2769' <Predicate = true> <Delay = 0.00>


============================================================
+ Verbose Summary: Timing violations
============================================================
Target clock period: 20ns, clock uncertainty: 5.4ns.

 <State 1>: 1.61ns
The critical path consists of the following:
	'alloca' operation ('i') [69]  (0 ns)
	'store' operation ('store_ln2581', /home/trevor/Documents/xilinx/basys3_pong2/vivado/pong_2/pong_2.runs/design_1_v_mix_0_0_synth_1/prj/sol/.autopilot/db/v_mix.cpp:2581) of constant 0 on local variable 'i' [250]  (1.61 ns)

 <State 2>: 3.19ns
The critical path consists of the following:
	'load' operation ('i', /home/trevor/Documents/xilinx/basys3_pong2/vivado/pong_2/pong_2.runs/design_1_v_mix_0_0_synth_1/prj/sol/.autopilot/db/v_mix.cpp:2583) on local variable 'i' [255]  (0 ns)
	'add' operation ('add_ln2581', /home/trevor/Documents/xilinx/basys3_pong2/vivado/pong_2/pong_2.runs/design_1_v_mix_0_0_synth_1/prj/sol/.autopilot/db/v_mix.cpp:2581) [259]  (1.58 ns)
	'store' operation ('store_ln2581', /home/trevor/Documents/xilinx/basys3_pong2/vivado/pong_2/pong_2.runs/design_1_v_mix_0_0_synth_1/prj/sol/.autopilot/db/v_mix.cpp:2581) of variable 'add_ln2581', /home/trevor/Documents/xilinx/basys3_pong2/vivado/pong_2/pong_2.runs/design_1_v_mix_0_0_synth_1/prj/sol/.autopilot/db/v_mix.cpp:2581 on local variable 'i' [294]  (1.61 ns)

 <State 3>: 3.91ns
The critical path consists of the following:
	'load' operation ('HwReg_layerAlpha_load') on local variable 'HwReg.layerAlpha' [297]  (0 ns)
	'call' operation ('call_ln2655', /home/trevor/Documents/xilinx/basys3_pong2/vivado/pong_2/pong_2.runs/design_1_v_mix_0_0_synth_1/prj/sol/.autopilot/db/v_mix.cpp:2655) to 'VMixHlsDataFlowFunction' [304]  (3.91 ns)

 <State 4>: 0ns
The critical path consists of the following:

 <State 5>: 0ns
The critical path consists of the following:


============================================================
+ Verbose Summary: Binding
============================================================
N/A
* FSMD analyzer results:
  - Output states:
 - Input state : 
  - Chain level:
	State 1
	State 2
	State 3
	State 4
	State 5


============================================================
+ Verbose Summary: Datapath Resource usage 
============================================================
N/A
