

================================================================
== Vitis HLS Report for 'v_mix'
================================================================
* Date:           Tue Sep  6 19:47:01 2022

* Version:        2022.1 (Build 3526262 on Mon Apr 18 15:47:01 MDT 2022)
* Project:        prj
* Solution:       sol (Vivado IP Flow Target)
* Product family: artix7
* Target device:  xc7a35t-cpg236-1


================================================================
== Performance Estimates
================================================================
+ Timing: 
    * Summary: 
    +--------+----------+----------+------------+
    |  Clock |  Target  | Estimated| Uncertainty|
    +--------+----------+----------+------------+
    |ap_clk  |  20.00 ns|  8.469 ns|     5.40 ns|
    +--------+----------+----------+------------+

+ Latency: 
    * Summary: 
    +---------+---------+----------+----------+-----+-----+---------+
    |  Latency (cycles) |  Latency (absolute) |  Interval | Pipeline|
    |   min   |   max   |    min   |    max   | min | max |   Type  |
    +---------+---------+----------+----------+-----+-----+---------+
    |        ?|        ?|         ?|         ?|    ?|    ?|       no|
    +---------+---------+----------+----------+-----+-----+---------+

    + Detail: 
        * Instance: 
        +------------------------------------+-------------------------+---------+---------+----------+----------+-----+-----+----------+
        |                                    |                         |  Latency (cycles) |  Latency (absolute) |  Interval | Pipeline |
        |              Instance              |          Module         |   min   |   max   |    min   |    max   | min | max |   Type   |
        +------------------------------------+-------------------------+---------+---------+----------+----------+-----+-----+----------+
        |grp_VMixHlsDataFlowFunction_fu_398  |VMixHlsDataFlowFunction  |        ?|        ?|         ?|         ?|    ?|    ?|  dataflow|
        +------------------------------------+-------------------------+---------+---------+----------+----------+-----+-----+----------+

        * Loop: 
        +---------------------+---------+---------+----------+-----------+-----------+------+----------+
        |                     |  Latency (cycles) | Iteration|  Initiation Interval  | Trip |          |
        |      Loop Name      |   min   |   max   |  Latency |  achieved |   target  | Count| Pipelined|
        +---------------------+---------+---------+----------+-----------+-----------+------+----------+
        |- VITIS_LOOP_2581_1  |        2|        2|         1|          1|          1|     2|       yes|
        +---------------------+---------+---------+----------+-----------+-----------+------+----------+



================================================================
== Utilization Estimates
================================================================
* Summary: 
+-----------------+---------+----+-------+-------+-----+
|       Name      | BRAM_18K| DSP|   FF  |  LUT  | URAM|
+-----------------+---------+----+-------+-------+-----+
|DSP              |        -|   -|      -|      -|    -|
|Expression       |        -|   -|      0|    132|    -|
|FIFO             |        -|   -|      -|      -|    -|
|Instance         |        0|   3|   6909|   8728|    -|
|Memory           |        -|   -|      -|      -|    -|
|Multiplexer      |        -|   -|      -|     52|    -|
|Register         |        -|   -|    316|      -|    -|
+-----------------+---------+----+-------+-------+-----+
|Total            |        0|   3|   7225|   8912|    0|
+-----------------+---------+----+-------+-------+-----+
|Available        |      100|  90|  41600|  20800|    0|
+-----------------+---------+----+-------+-------+-----+
|Utilization (%)  |        0|   3|     17|     42|    0|
+-----------------+---------+----+-------+-------+-----+

+ Detail: 
    * Instance: 
    +------------------------------------+-------------------------+---------+----+------+------+-----+
    |              Instance              |          Module         | BRAM_18K| DSP|  FF  |  LUT | URAM|
    +------------------------------------+-------------------------+---------+----+------+------+-----+
    |CTRL_s_axi_U                        |CTRL_s_axi               |        0|   0|   374|   536|    0|
    |grp_VMixHlsDataFlowFunction_fu_398  |VMixHlsDataFlowFunction  |        0|   3|  6535|  8138|    0|
    |mux_22_16_1_1_U393                  |mux_22_16_1_1            |        0|   0|     0|     9|    0|
    |mux_22_16_1_1_U394                  |mux_22_16_1_1            |        0|   0|     0|     9|    0|
    |mux_22_16_1_1_U395                  |mux_22_16_1_1            |        0|   0|     0|     9|    0|
    |mux_22_16_1_1_U396                  |mux_22_16_1_1            |        0|   0|     0|     9|    0|
    |mux_22_16_1_1_U397                  |mux_22_16_1_1            |        0|   0|     0|     9|    0|
    |mux_22_8_1_1_U398                   |mux_22_8_1_1             |        0|   0|     0|     9|    0|
    +------------------------------------+-------------------------+---------+----+------+------+-----+
    |Total                               |                         |        0|   3|  6909|  8728|    0|
    +------------------------------------+-------------------------+---------+----+------+------+-----+

    * DSP: 
    N/A

    * Memory: 
    N/A

    * FIFO: 
    N/A

    * Expression: 
    +--------------------------------------------------------+----------+----+---+----+------------+------------+
    |                      Variable Name                     | Operation| DSP| FF| LUT| Bitwidth P0| Bitwidth P1|
    +--------------------------------------------------------+----------+----+---+----+------------+------------+
    |add_ln2581_fu_523_p2                                    |         +|   0|  0|  10|           2|           1|
    |and_ln2591_fu_551_p2                                    |       and|   0|  0|   2|           2|           2|
    |grp_VMixHlsDataFlowFunction_fu_398_m_axis_video_TREADY  |       and|   0|  0|   2|           1|           1|
    |icmp_ln2581_fu_517_p2                                   |      icmp|   0|  0|   8|           2|           3|
    |icmp_ln2591_fu_556_p2                                   |      icmp|   0|  0|   8|           2|           1|
    |ap_sync_grp_VMixHlsDataFlowFunction_fu_398_ap_done      |        or|   0|  0|   2|           1|           1|
    |ap_sync_grp_VMixHlsDataFlowFunction_fu_398_ap_ready     |        or|   0|  0|   2|           1|           1|
    |select_ln2583_1_fu_610_p3                               |    select|   0|  0|   2|           1|           1|
    |select_ln2583_2_fu_618_p3                               |    select|   0|  0|   8|           1|           8|
    |select_ln2583_3_fu_626_p3                               |    select|   0|  0|  16|           1|          16|
    |select_ln2583_4_fu_634_p3                               |    select|   0|  0|  16|           1|          16|
    |select_ln2583_5_fu_642_p3                               |    select|   0|  0|  16|           1|          16|
    |select_ln2583_6_fu_650_p3                               |    select|   0|  0|  16|           1|          16|
    |select_ln2583_7_fu_658_p3                               |    select|   0|  0|  16|           1|          16|
    |select_ln2583_fu_602_p3                                 |    select|   0|  0|   2|           1|           1|
    |shl_ln2591_fu_545_p2                                    |       shl|   0|  0|   6|           1|           2|
    +--------------------------------------------------------+----------+----+---+----+------------+------------+
    |Total                                                   |          |   0|  0| 132|          20|         102|
    +--------------------------------------------------------+----------+----+---+----+------------+------------+

    * Multiplexer: 
    +-----------------------------------+----+-----------+-----+-----------+
    |                Name               | LUT| Input Size| Bits| Total Bits|
    +-----------------------------------+----+-----------+-----+-----------+
    |ap_NS_fsm                          |  25|          6|    1|          6|
    |i_fu_238                           |   9|          2|    2|          4|
    |s_axis_video1_TREADY_int_regslice  |   9|          2|    1|          2|
    |s_axis_video_TREADY_int_regslice   |   9|          2|    1|          2|
    +-----------------------------------+----+-----------+-----+-----------+
    |Total                              |  52|         12|    5|         14|
    +-----------------------------------+----+-----------+-----+-----------+

    * Register: 
    +---------------------------------------------------------+----+----+-----+-----------+
    |                           Name                          | FF | LUT| Bits| Const Bits|
    +---------------------------------------------------------+----+----+-----+-----------+
    |HwReg_background_U_G_reg_760                             |   8|   0|    8|          0|
    |HwReg_background_V_B_reg_755                             |   8|   0|    8|          0|
    |HwReg_background_Y_R_reg_765                             |   8|   0|    8|          0|
    |HwReg_height_reg_770                                     |  10|   0|   10|          0|
    |HwReg_layerAlpha_1_reg_880                               |  10|   0|   10|          0|
    |HwReg_layerAlpha_fu_242                                  |  16|   0|   16|          0|
    |HwReg_layerEnableFlag_1_reg_374                          |   1|   0|    1|          0|
    |HwReg_layerEnableFlag_reg_386                            |   1|   0|    1|          0|
    |HwReg_layerEnable_reg_749                                |   2|   0|    2|          0|
    |HwReg_layerHeight_fu_258                                 |  16|   0|   16|          0|
    |HwReg_layerHeight_load_reg_870                           |  16|   0|   16|          0|
    |HwReg_layerScaleFactor_fu_262                            |   8|   0|    8|          0|
    |HwReg_layerScaleFactor_load_reg_875                      |   8|   0|    8|          0|
    |HwReg_layerStartX_fu_246                                 |  16|   0|   16|          0|
    |HwReg_layerStartX_load_reg_855                           |  16|   0|   16|          0|
    |HwReg_layerStartY_fu_250                                 |  16|   0|   16|          0|
    |HwReg_layerStartY_load_reg_860                           |  16|   0|   16|          0|
    |HwReg_layerWidth_fu_254                                  |  16|   0|   16|          0|
    |HwReg_layerWidth_load_reg_865                            |  16|   0|   16|          0|
    |HwReg_width_reg_776                                      |  10|   0|   10|          0|
    |ap_CS_fsm                                                |   5|   0|    5|          0|
    |ap_sync_reg_grp_VMixHlsDataFlowFunction_fu_398_ap_done   |   1|   0|    1|          0|
    |ap_sync_reg_grp_VMixHlsDataFlowFunction_fu_398_ap_ready  |   1|   0|    1|          0|
    |grp_VMixHlsDataFlowFunction_fu_398_ap_start_reg          |   1|   0|    1|          0|
    |i_fu_238                                                 |   2|   0|    2|          0|
    |layerAlpha_1_read_reg_787                                |  16|   0|   16|          0|
    |layerHeight_1_read_reg_827                               |  16|   0|   16|          0|
    |layerScaleFactor_1_read_reg_837                          |   8|   0|    8|          0|
    |layerStartX_1_read_reg_797                               |  16|   0|   16|          0|
    |layerStartY_1_read_reg_807                               |  16|   0|   16|          0|
    |layerWidth_1_read_reg_817                                |  16|   0|   16|          0|
    +---------------------------------------------------------+----+----+-----+-----------+
    |Total                                                    | 316|   0|  316|          0|
    +---------------------------------------------------------+----+----+-----+-----------+



================================================================
== Interface
================================================================
* Summary: 
+---------------------------+-----+-----+------------+------------------------+--------------+
|         RTL Ports         | Dir | Bits|  Protocol  |      Source Object     |    C Type    |
+---------------------------+-----+-----+------------+------------------------+--------------+
|s_axi_CTRL_AWVALID         |   in|    1|       s_axi|                    CTRL|        scalar|
|s_axi_CTRL_AWREADY         |  out|    1|       s_axi|                    CTRL|        scalar|
|s_axi_CTRL_AWADDR          |   in|   12|       s_axi|                    CTRL|        scalar|
|s_axi_CTRL_WVALID          |   in|    1|       s_axi|                    CTRL|        scalar|
|s_axi_CTRL_WREADY          |  out|    1|       s_axi|                    CTRL|        scalar|
|s_axi_CTRL_WDATA           |   in|   32|       s_axi|                    CTRL|        scalar|
|s_axi_CTRL_WSTRB           |   in|    4|       s_axi|                    CTRL|        scalar|
|s_axi_CTRL_ARVALID         |   in|    1|       s_axi|                    CTRL|        scalar|
|s_axi_CTRL_ARREADY         |  out|    1|       s_axi|                    CTRL|        scalar|
|s_axi_CTRL_ARADDR          |   in|   12|       s_axi|                    CTRL|        scalar|
|s_axi_CTRL_RVALID          |  out|    1|       s_axi|                    CTRL|        scalar|
|s_axi_CTRL_RREADY          |   in|    1|       s_axi|                    CTRL|        scalar|
|s_axi_CTRL_RDATA           |  out|   32|       s_axi|                    CTRL|        scalar|
|s_axi_CTRL_RRESP           |  out|    2|       s_axi|                    CTRL|        scalar|
|s_axi_CTRL_BVALID          |  out|    1|       s_axi|                    CTRL|        scalar|
|s_axi_CTRL_BREADY          |   in|    1|       s_axi|                    CTRL|        scalar|
|s_axi_CTRL_BRESP           |  out|    2|       s_axi|                    CTRL|        scalar|
|ap_clk                     |   in|    1|  ap_ctrl_hs|                   v_mix|  return value|
|ap_rst_n                   |   in|    1|  ap_ctrl_hs|                   v_mix|  return value|
|interrupt                  |  out|    1|  ap_ctrl_hs|                   v_mix|  return value|
|s_axis_video_TDATA         |   in|   24|        axis|   s_axis_video_V_data_V|       pointer|
|s_axis_video_TVALID        |   in|    1|        axis|   s_axis_video_V_dest_V|       pointer|
|s_axis_video_TREADY        |  out|    1|        axis|   s_axis_video_V_dest_V|       pointer|
|s_axis_video_TDEST         |   in|    1|        axis|   s_axis_video_V_dest_V|       pointer|
|s_axis_video_TKEEP         |   in|    3|        axis|   s_axis_video_V_keep_V|       pointer|
|s_axis_video_TSTRB         |   in|    3|        axis|   s_axis_video_V_strb_V|       pointer|
|s_axis_video_TUSER         |   in|    1|        axis|   s_axis_video_V_user_V|       pointer|
|s_axis_video_TLAST         |   in|    1|        axis|   s_axis_video_V_last_V|       pointer|
|s_axis_video_TID           |   in|    1|        axis|     s_axis_video_V_id_V|       pointer|
|s_axis_video1_TDATA        |   in|   32|        axis|  s_axis_video1_V_data_V|       pointer|
|s_axis_video1_TVALID       |   in|    1|        axis|  s_axis_video1_V_dest_V|       pointer|
|s_axis_video1_TREADY       |  out|    1|        axis|  s_axis_video1_V_dest_V|       pointer|
|s_axis_video1_TDEST        |   in|    1|        axis|  s_axis_video1_V_dest_V|       pointer|
|s_axis_video1_TKEEP        |   in|    4|        axis|  s_axis_video1_V_keep_V|       pointer|
|s_axis_video1_TSTRB        |   in|    4|        axis|  s_axis_video1_V_strb_V|       pointer|
|s_axis_video1_TUSER        |   in|    1|        axis|  s_axis_video1_V_user_V|       pointer|
|s_axis_video1_TLAST        |   in|    1|        axis|  s_axis_video1_V_last_V|       pointer|
|s_axis_video1_TID          |   in|    1|        axis|    s_axis_video1_V_id_V|       pointer|
|layerAlpha_0               |   in|   16|     ap_none|            layerAlpha_0|       pointer|
|layerStartX_0              |   in|   16|     ap_none|           layerStartX_0|       pointer|
|layerStartY_0              |   in|   16|     ap_none|           layerStartY_0|       pointer|
|layerWidth_0               |   in|   16|     ap_none|            layerWidth_0|       pointer|
|layerHeight_0              |   in|   16|     ap_none|           layerHeight_0|       pointer|
|layerScaleFactor_0         |   in|    8|     ap_none|      layerScaleFactor_0|       pointer|
|layerVideoFormat_address0  |  out|    1|   ap_memory|        layerVideoFormat|         array|
|layerVideoFormat_ce0       |  out|    1|   ap_memory|        layerVideoFormat|         array|
|layerVideoFormat_we0       |  out|    1|   ap_memory|        layerVideoFormat|         array|
|layerVideoFormat_d0        |  out|    8|   ap_memory|        layerVideoFormat|         array|
|layerVideoFormat_q0        |   in|    8|   ap_memory|        layerVideoFormat|         array|
|layerVideoFormat_address1  |  out|    1|   ap_memory|        layerVideoFormat|         array|
|layerVideoFormat_ce1       |  out|    1|   ap_memory|        layerVideoFormat|         array|
|layerVideoFormat_we1       |  out|    1|   ap_memory|        layerVideoFormat|         array|
|layerVideoFormat_d1        |  out|    8|   ap_memory|        layerVideoFormat|         array|
|layerVideoFormat_q1        |   in|    8|   ap_memory|        layerVideoFormat|         array|
|layerStride_0              |   in|   16|     ap_none|           layerStride_0|       pointer|
|K11                        |   in|   32|     ap_none|                     K11|        scalar|
|K12                        |   in|   32|     ap_none|                     K12|        scalar|
|K13                        |   in|   32|     ap_none|                     K13|        scalar|
|K21                        |   in|   32|     ap_none|                     K21|        scalar|
|K22                        |   in|   32|     ap_none|                     K22|        scalar|
|K23                        |   in|   32|     ap_none|                     K23|        scalar|
|K31                        |   in|   32|     ap_none|                     K31|        scalar|
|K32                        |   in|   32|     ap_none|                     K32|        scalar|
|K33                        |   in|   32|     ap_none|                     K33|        scalar|
|ROffset                    |   in|   32|     ap_none|                 ROffset|        scalar|
|GOffset                    |   in|   32|     ap_none|                 GOffset|        scalar|
|BOffset                    |   in|   32|     ap_none|                 BOffset|        scalar|
|K11_2                      |   in|   32|     ap_none|                   K11_2|        scalar|
|K12_2                      |   in|   32|     ap_none|                   K12_2|        scalar|
|K13_2                      |   in|   32|     ap_none|                   K13_2|        scalar|
|K21_2                      |   in|   32|     ap_none|                   K21_2|        scalar|
|K22_2                      |   in|   32|     ap_none|                   K22_2|        scalar|
|K23_2                      |   in|   32|     ap_none|                   K23_2|        scalar|
|K31_2                      |   in|   32|     ap_none|                   K31_2|        scalar|
|K32_2                      |   in|   32|     ap_none|                   K32_2|        scalar|
|K33_2                      |   in|   32|     ap_none|                   K33_2|        scalar|
|YOffset                    |   in|   32|     ap_none|                 YOffset|        scalar|
|UOffset                    |   in|   32|     ap_none|                 UOffset|        scalar|
|VOffset                    |   in|   32|     ap_none|                 VOffset|        scalar|
|m_axis_video_TDATA         |  out|   24|        axis|   m_axis_video_V_data_V|       pointer|
|m_axis_video_TVALID        |  out|    1|        axis|   m_axis_video_V_dest_V|       pointer|
|m_axis_video_TREADY        |   in|    1|        axis|   m_axis_video_V_dest_V|       pointer|
|m_axis_video_TDEST         |  out|    1|        axis|   m_axis_video_V_dest_V|       pointer|
|m_axis_video_TKEEP         |  out|    3|        axis|   m_axis_video_V_keep_V|       pointer|
|m_axis_video_TSTRB         |  out|    3|        axis|   m_axis_video_V_strb_V|       pointer|
|m_axis_video_TUSER         |  out|    1|        axis|   m_axis_video_V_user_V|       pointer|
|m_axis_video_TLAST         |  out|    1|        axis|   m_axis_video_V_last_V|       pointer|
|m_axis_video_TID           |  out|    1|        axis|     m_axis_video_V_id_V|       pointer|
+---------------------------+-----+-----+------------+------------------------+--------------+

